+ Rscript -e 'Sys.setenv(BIOCONDUCTOR_USE_CONTAINER_REPOSITORY=FALSE); p <- .libPaths(); p <- c('\''/tmp/tmp/built'\'', p); .libPaths(p); if(BiocManager::install('\''CancerSubtypes'\'', INSTALL_opts = '\''--build'\'', update = TRUE, quiet = FALSE, dependencies=TRUE, force = TRUE, keep_outputs = TRUE) %in% rownames(installed.packages())) q(status = 0) else q(status = 1)'
'getOption("repos")' replaces Bioconductor standard repositories, see
'help("repositories", package = "BiocManager")' for details.
Replacement repositories:
    CRAN: https://cloud.r-project.org
Bioconductor version 3.19 (BiocManager 1.30.22), R Under development (unstable)
  (2024-01-03 r85769)
Installing package(s) 'CancerSubtypes'
also installing the dependencies ‘rematch2’, ‘pkgload’, ‘waldo’, ‘testthat’, ‘numDeriv’, ‘SparseM’, ‘MatrixModels’, ‘minqa’, ‘nloptr’, ‘RcppEigen’, ‘carData’, ‘pbkrtest’, ‘quantreg’, ‘lme4’, ‘corrplot’, ‘car’, ‘markdown’, ‘jpeg’, ‘ggrepel’, ‘ggsci’, ‘cowplot’, ‘ggsignif’, ‘polynom’, ‘rstatix’, ‘exactRankTests’, ‘mvtnorm’, ‘backports’, ‘KMsurv’, ‘zoo’, ‘km.ci’, ‘gridtext’, ‘pillar’, ‘selectr’, ‘tidyselect’, ‘ggpubr’, ‘gridExtra’, ‘maxstat’, ‘broom’, ‘tidyr’, ‘survMisc’, ‘ggtext’, ‘lifecycle’, ‘rlang’, ‘vctrs’, ‘gtable’, ‘scales’, ‘tibble’, ‘plyr’, ‘Rcpp’, ‘assertthat’, ‘rvest’, ‘xml2’, ‘dplyr’, ‘purrr’, ‘survminer’, ‘ggthemes’, ‘viridis’, ‘cachem’, ‘memoise’, ‘sass’, ‘ellipsis’, ‘registry’, ‘rngtools’, ‘stringr’, ‘gridBase’, ‘ggplot2’, ‘reshape2’, ‘RTCGA’, ‘bslib’, ‘fontawesome’, ‘htmltools’, ‘jquerylib’, ‘sigclust’, ‘NMF’, ‘RTCGA.mRNA’, ‘rmarkdown’

trying URL 'https://cloud.r-project.org/src/contrib/rematch2_2.1.2.tar.gz'
Content type 'application/x-gzip' length 13366 bytes (13 KB)
==================================================
downloaded 13 KB

trying URL 'https://cloud.r-project.org/src/contrib/pkgload_1.3.3.tar.gz'
Content type 'application/x-gzip' length 77929 bytes (76 KB)
==================================================
downloaded 76 KB

trying URL 'https://cloud.r-project.org/src/contrib/waldo_0.5.2.tar.gz'
Content type 'application/x-gzip' length 39711 bytes (38 KB)
==================================================
downloaded 38 KB

trying URL 'https://cloud.r-project.org/src/contrib/testthat_3.2.1.tar.gz'
Content type 'application/x-gzip' length 739745 bytes (722 KB)
==================================================
downloaded 722 KB

trying URL 'https://cloud.r-project.org/src/contrib/numDeriv_2016.8-1.1.tar.gz'
Content type 'application/x-gzip' length 76053 bytes (74 KB)
==================================================
downloaded 74 KB

trying URL 'https://cloud.r-project.org/src/contrib/SparseM_1.81.tar.gz'
Content type 'application/x-gzip' length 735100 bytes (717 KB)
==================================================
downloaded 717 KB

trying URL 'https://cloud.r-project.org/src/contrib/MatrixModels_0.5-3.tar.gz'
Content type 'application/x-gzip' length 24822 bytes (24 KB)
==================================================
downloaded 24 KB

trying URL 'https://cloud.r-project.org/src/contrib/minqa_1.2.6.tar.gz'
Content type 'application/x-gzip' length 54493 bytes (53 KB)
==================================================
downloaded 53 KB

trying URL 'https://cloud.r-project.org/src/contrib/nloptr_2.0.3.tar.gz'
Content type 'application/x-gzip' length 2219877 bytes (2.1 MB)
==================================================
downloaded 2.1 MB

trying URL 'https://cloud.r-project.org/src/contrib/RcppEigen_0.3.3.9.4.tar.gz'
Content type 'application/x-gzip' length 1451521 bytes (1.4 MB)
==================================================
downloaded 1.4 MB

trying URL 'https://cloud.r-project.org/src/contrib/carData_3.0-5.tar.gz'
Content type 'application/x-gzip' length 1004201 bytes (980 KB)
==================================================
downloaded 980 KB

trying URL 'https://cloud.r-project.org/src/contrib/pbkrtest_0.5.2.tar.gz'
Content type 'application/x-gzip' length 75295 bytes (73 KB)
==================================================
downloaded 73 KB

trying URL 'https://cloud.r-project.org/src/contrib/quantreg_5.97.tar.gz'
Content type 'application/x-gzip' length 1026052 bytes (1002 KB)
==================================================
downloaded 1002 KB

trying URL 'https://cloud.r-project.org/src/contrib/lme4_1.1-35.1.tar.gz'
Content type 'application/x-gzip' length 2942848 bytes (2.8 MB)
==================================================
downloaded 2.8 MB

trying URL 'https://cloud.r-project.org/src/contrib/corrplot_0.92.tar.gz'
Content type 'application/x-gzip' length 3765850 bytes (3.6 MB)
==================================================
downloaded 3.6 MB

trying URL 'https://cloud.r-project.org/src/contrib/car_3.1-2.tar.gz'
Content type 'application/x-gzip' length 579829 bytes (566 KB)
==================================================
downloaded 566 KB

trying URL 'https://cloud.r-project.org/src/contrib/markdown_1.12.tar.gz'
Content type 'application/x-gzip' length 113037 bytes (110 KB)
==================================================
downloaded 110 KB

trying URL 'https://cloud.r-project.org/src/contrib/jpeg_0.1-10.tar.gz'
Content type 'application/x-gzip' length 18667 bytes (18 KB)
==================================================
downloaded 18 KB

trying URL 'https://cloud.r-project.org/src/contrib/ggrepel_0.9.4.tar.gz'
Content type 'application/x-gzip' length 149991 bytes (146 KB)
==================================================
downloaded 146 KB

trying URL 'https://cloud.r-project.org/src/contrib/ggsci_3.0.0.tar.gz'
Content type 'application/x-gzip' length 2312683 bytes (2.2 MB)
==================================================
downloaded 2.2 MB

trying URL 'https://cloud.r-project.org/src/contrib/cowplot_1.1.2.tar.gz'
Content type 'application/x-gzip' length 1350042 bytes (1.3 MB)
==================================================
downloaded 1.3 MB

trying URL 'https://cloud.r-project.org/src/contrib/ggsignif_0.6.4.tar.gz'
Content type 'application/x-gzip' length 587393 bytes (573 KB)
==================================================
downloaded 573 KB

trying URL 'https://cloud.r-project.org/src/contrib/polynom_1.4-1.tar.gz'
Content type 'application/x-gzip' length 334803 bytes (326 KB)
==================================================
downloaded 326 KB

trying URL 'https://cloud.r-project.org/src/contrib/rstatix_0.7.2.tar.gz'
Content type 'application/x-gzip' length 405256 bytes (395 KB)
==================================================
downloaded 395 KB

trying URL 'https://cloud.r-project.org/src/contrib/exactRankTests_0.8-35.tar.gz'
Content type 'application/x-gzip' length 46876 bytes (45 KB)
==================================================
downloaded 45 KB

trying URL 'https://cloud.r-project.org/src/contrib/mvtnorm_1.2-4.tar.gz'
Content type 'application/x-gzip' length 663517 bytes (647 KB)
==================================================
downloaded 647 KB

trying URL 'https://cloud.r-project.org/src/contrib/backports_1.4.1.tar.gz'
Content type 'application/x-gzip' length 26201 bytes (25 KB)
==================================================
downloaded 25 KB

trying URL 'https://cloud.r-project.org/src/contrib/KMsurv_0.1-5.tar.gz'
Content type 'application/x-gzip' length 70896 bytes (69 KB)
==================================================
downloaded 69 KB

trying URL 'https://cloud.r-project.org/src/contrib/zoo_1.8-12.tar.gz'
Content type 'application/x-gzip' length 782344 bytes (764 KB)
==================================================
downloaded 764 KB

trying URL 'https://cloud.r-project.org/src/contrib/km.ci_0.5-6.tar.gz'
Content type 'application/x-gzip' length 29270 bytes (28 KB)
==================================================
downloaded 28 KB

trying URL 'https://cloud.r-project.org/src/contrib/gridtext_0.1.5.tar.gz'
Content type 'application/x-gzip' length 386571 bytes (377 KB)
==================================================
downloaded 377 KB

trying URL 'https://cloud.r-project.org/src/contrib/pillar_1.9.0.tar.gz'
Content type 'application/x-gzip' length 444528 bytes (434 KB)
==================================================
downloaded 434 KB

trying URL 'https://cloud.r-project.org/src/contrib/selectr_0.4-2.tar.gz'
Content type 'application/x-gzip' length 41371 bytes (40 KB)
==================================================
downloaded 40 KB

trying URL 'https://cloud.r-project.org/src/contrib/tidyselect_1.2.0.tar.gz'
Content type 'application/x-gzip' length 101498 bytes (99 KB)
==================================================
downloaded 99 KB

trying URL 'https://cloud.r-project.org/src/contrib/ggpubr_0.6.0.tar.gz'
Content type 'application/x-gzip' length 1941659 bytes (1.9 MB)
==================================================
downloaded 1.9 MB

trying URL 'https://cloud.r-project.org/src/contrib/gridExtra_2.3.tar.gz'
Content type 'application/x-gzip' length 1062844 bytes (1.0 MB)
==================================================
downloaded 1.0 MB

trying URL 'https://cloud.r-project.org/src/contrib/maxstat_0.7-25.tar.gz'
Content type 'application/x-gzip' length 110733 bytes (108 KB)
==================================================
downloaded 108 KB

trying URL 'https://cloud.r-project.org/src/contrib/broom_1.0.5.tar.gz'
Content type 'application/x-gzip' length 641849 bytes (626 KB)
==================================================
downloaded 626 KB

trying URL 'https://cloud.r-project.org/src/contrib/tidyr_1.3.0.tar.gz'
Content type 'application/x-gzip' length 823546 bytes (804 KB)
==================================================
downloaded 804 KB

trying URL 'https://cloud.r-project.org/src/contrib/survMisc_0.5.6.tar.gz'
Content type 'application/x-gzip' length 159191 bytes (155 KB)
==================================================
downloaded 155 KB

trying URL 'https://cloud.r-project.org/src/contrib/ggtext_0.1.2.tar.gz'
Content type 'application/x-gzip' length 1211771 bytes (1.2 MB)
==================================================
downloaded 1.2 MB

trying URL 'https://cloud.r-project.org/src/contrib/lifecycle_1.0.4.tar.gz'
Content type 'application/x-gzip' length 107656 bytes (105 KB)
==================================================
downloaded 105 KB

trying URL 'https://cloud.r-project.org/src/contrib/rlang_1.1.2.tar.gz'
Content type 'application/x-gzip' length 763521 bytes (745 KB)
==================================================
downloaded 745 KB

trying URL 'https://cloud.r-project.org/src/contrib/vctrs_0.6.5.tar.gz'
Content type 'application/x-gzip' length 969066 bytes (946 KB)
==================================================
downloaded 946 KB

trying URL 'https://cloud.r-project.org/src/contrib/gtable_0.3.4.tar.gz'
Content type 'application/x-gzip' length 130100 bytes (127 KB)
==================================================
downloaded 127 KB

trying URL 'https://cloud.r-project.org/src/contrib/scales_1.3.0.tar.gz'
Content type 'application/x-gzip' length 302544 bytes (295 KB)
==================================================
downloaded 295 KB

trying URL 'https://cloud.r-project.org/src/contrib/tibble_3.2.1.tar.gz'
Content type 'application/x-gzip' length 565982 bytes (552 KB)
==================================================
downloaded 552 KB

trying URL 'https://cloud.r-project.org/src/contrib/plyr_1.8.9.tar.gz'
Content type 'application/x-gzip' length 401488 bytes (392 KB)
==================================================
downloaded 392 KB

trying URL 'https://cloud.r-project.org/src/contrib/Rcpp_1.0.11.tar.gz'
Content type 'application/x-gzip' length 2994004 bytes (2.9 MB)
==================================================
downloaded 2.9 MB

trying URL 'https://cloud.r-project.org/src/contrib/assertthat_0.2.1.tar.gz'
Content type 'application/x-gzip' length 12742 bytes (12 KB)
==================================================
downloaded 12 KB

trying URL 'https://cloud.r-project.org/src/contrib/rvest_1.0.3.tar.gz'
Content type 'application/x-gzip' length 94659 bytes (92 KB)
==================================================
downloaded 92 KB

trying URL 'https://cloud.r-project.org/src/contrib/xml2_1.3.6.tar.gz'
Content type 'application/x-gzip' length 294715 bytes (287 KB)
==================================================
downloaded 287 KB

trying URL 'https://cloud.r-project.org/src/contrib/dplyr_1.1.4.tar.gz'
Content type 'application/x-gzip' length 1207521 bytes (1.2 MB)
==================================================
downloaded 1.2 MB

trying URL 'https://cloud.r-project.org/src/contrib/purrr_1.0.2.tar.gz'
Content type 'application/x-gzip' length 220868 bytes (215 KB)
==================================================
downloaded 215 KB

trying URL 'https://cloud.r-project.org/src/contrib/survminer_0.4.9.tar.gz'
Content type 'application/x-gzip' length 3599577 bytes (3.4 MB)
==================================================
downloaded 3.4 MB

trying URL 'https://cloud.r-project.org/src/contrib/ggthemes_5.0.0.tar.gz'
Content type 'application/x-gzip' length 143863 bytes (140 KB)
==================================================
downloaded 140 KB

trying URL 'https://cloud.r-project.org/src/contrib/viridis_0.6.4.tar.gz'
Content type 'application/x-gzip' length 3061184 bytes (2.9 MB)
==================================================
downloaded 2.9 MB

trying URL 'https://cloud.r-project.org/src/contrib/cachem_1.0.8.tar.gz'
Content type 'application/x-gzip' length 26510 bytes (25 KB)
==================================================
downloaded 25 KB

trying URL 'https://cloud.r-project.org/src/contrib/memoise_2.0.1.tar.gz'
Content type 'application/x-gzip' length 17852 bytes (17 KB)
==================================================
downloaded 17 KB

trying URL 'https://cloud.r-project.org/src/contrib/sass_0.4.8.tar.gz'
Content type 'application/x-gzip' length 3025474 bytes (2.9 MB)
==================================================
downloaded 2.9 MB

trying URL 'https://cloud.r-project.org/src/contrib/ellipsis_0.3.2.tar.gz'
Content type 'application/x-gzip' length 8066 bytes
==================================================
downloaded 8066 bytes

trying URL 'https://cloud.r-project.org/src/contrib/registry_0.5-1.tar.gz'
Content type 'application/x-gzip' length 170969 bytes (166 KB)
==================================================
downloaded 166 KB

trying URL 'https://cloud.r-project.org/src/contrib/rngtools_1.5.2.tar.gz'
Content type 'application/x-gzip' length 22753 bytes (22 KB)
==================================================
downloaded 22 KB

trying URL 'https://cloud.r-project.org/src/contrib/stringr_1.5.1.tar.gz'
Content type 'application/x-gzip' length 176599 bytes (172 KB)
==================================================
downloaded 172 KB

trying URL 'https://cloud.r-project.org/src/contrib/gridBase_0.4-7.tar.gz'
Content type 'application/x-gzip' length 153373 bytes (149 KB)
==================================================
downloaded 149 KB

trying URL 'https://cloud.r-project.org/src/contrib/ggplot2_3.4.4.tar.gz'
Content type 'application/x-gzip' length 3159578 bytes (3.0 MB)
==================================================
downloaded 3.0 MB

trying URL 'https://cloud.r-project.org/src/contrib/reshape2_1.4.4.tar.gz'
Content type 'application/x-gzip' length 37307 bytes (36 KB)
==================================================
downloaded 36 KB

trying URL 'https://bioconductor.org/packages/3.19/bioc/src/contrib/RTCGA_1.33.0.tar.gz'
Content type 'application/x-gzip' length 2447830 bytes (2.3 MB)
==================================================
downloaded 2.3 MB

trying URL 'https://cloud.r-project.org/src/contrib/bslib_0.6.1.tar.gz'
Content type 'application/x-gzip' length 6059587 bytes (5.8 MB)
==================================================
downloaded 5.8 MB

trying URL 'https://cloud.r-project.org/src/contrib/fontawesome_0.5.2.tar.gz'
Content type 'application/x-gzip' length 1281884 bytes (1.2 MB)
==================================================
downloaded 1.2 MB

trying URL 'https://cloud.r-project.org/src/contrib/htmltools_0.5.7.tar.gz'
Content type 'application/x-gzip' length 134681 bytes (131 KB)
==================================================
downloaded 131 KB

trying URL 'https://cloud.r-project.org/src/contrib/jquerylib_0.1.4.tar.gz'
Content type 'application/x-gzip' length 520207 bytes (508 KB)
==================================================
downloaded 508 KB

trying URL 'https://cloud.r-project.org/src/contrib/sigclust_1.1.0.1.tar.gz'
Content type 'application/x-gzip' length 7893 bytes
==================================================
downloaded 7893 bytes

trying URL 'https://cloud.r-project.org/src/contrib/NMF_0.26.tar.gz'
Content type 'application/x-gzip' length 1672812 bytes (1.6 MB)
==================================================
downloaded 1.6 MB

trying URL 'https://bioconductor.org/packages/3.19/data/experiment/src/contrib/RTCGA.mRNA_1.31.0.tar.gz'
Content type 'application/x-gzip' length 89110783 bytes (85.0 MB)
==================================================
downloaded 85.0 MB

trying URL 'https://cloud.r-project.org/src/contrib/rmarkdown_2.25.tar.gz'
Content type 'application/x-gzip' length 2188934 bytes (2.1 MB)
==================================================
downloaded 2.1 MB

trying URL 'https://bioconductor.org/packages/3.19/bioc/src/contrib/CancerSubtypes_1.29.0.tar.gz'
Content type 'application/x-gzip' length 1831818 bytes (1.7 MB)
==================================================
downloaded 1.7 MB

* installing *source* package ‘numDeriv’ ...
** package ‘numDeriv’ successfully unpacked and MD5 sums checked
** using staged installation
** R
** inst
** byte-compile and prepare package for lazy loading
** help
*** installing help indices
** building package indices
** installing vignettes
** testing if installed package can be loaded from temporary location
** testing if installed package can be loaded from final location
** testing if installed package keeps a record of temporary installation path
* creating tarball
packaged installation of ‘numDeriv’ as ‘numDeriv_2016.8-1.1_R_x86_64-pc-linux-gnu.tar.gz’
* DONE (numDeriv)
* installing *source* package ‘SparseM’ ...
** package ‘SparseM’ successfully unpacked and MD5 sums checked
** using staged installation
** libs
using C compiler: ‘gcc (Ubuntu 11.4.0-1ubuntu1~22.04) 11.4.0’
using Fortran compiler: ‘GNU Fortran (Ubuntu 11.4.0-1ubuntu1~22.04) 11.4.0’
gfortran  -fpic  -g -O2  -c bckslv.f -o bckslv.o
gfortran  -fpic  -g -O2  -c chol.f -o chol.o
gfortran  -fpic  -g -O2  -c chol2csr.f -o chol2csr.o
gfortran  -fpic  -g -O2  -c cholesky.f -o cholesky.o
cholesky.f:2948:72:

 2948 |                          IF  ( NODE )  400, 900, 500
      |                                                                        1
Warning: Fortran 2018 deleted feature: Arithmetic IF statement at (1)
cholesky.f:2982:72:

 2982 |                  IF  ( RNODE )  1100, 1800, 1200
      |                                                                        1
Warning: Fortran 2018 deleted feature: Arithmetic IF statement at (1)
cholesky.f:3299:72:

 3299 |                      IF  ( ENODE )  400, 800, 500
      |                                                                        1
Warning: Fortran 2018 deleted feature: Arithmetic IF statement at (1)
cholesky.f:3356:72:

 3356 |                              IF  ( NODE )  1000, 2100, 1100
      |                                                                        1
Warning: Fortran 2018 deleted feature: Arithmetic IF statement at (1)
cholesky.f:3430:72:

 3430 |                                          IF  ( NODE )  1700, 2000, 1800
      |                                                                        1
Warning: Fortran 2018 deleted feature: Arithmetic IF statement at (1)
gfortran  -fpic  -g -O2  -c csr.f -o csr.o
gfortran  -fpic  -g -O2  -c extract.f -o extract.o
gcc -I"/usr/local/lib/R/include" -DNDEBUG   -I/usr/local/include    -fpic  -g -O2 -fstack-protector-strong -Wformat -Werror=format-security -Wdate-time -D_FORTIFY_SOURCE=2 -g  -c init.c -o init.o
gfortran  -fpic  -g -O2  -c sparskit.f -o sparskit.o
gfortran  -fpic  -g -O2  -c subscr.f -o subscr.o
gcc -shared -L/usr/local/lib/R/lib -L/usr/local/lib -o SparseM.so bckslv.o chol.o chol2csr.o cholesky.o csr.o extract.o init.o sparskit.o subscr.o -lgfortran -lm -lquadmath -L/usr/local/lib/R/lib -lR
installing to /tmp/tmp/built/00LOCK-SparseM/00new/SparseM/libs
** R
** data
** demo
** inst
** byte-compile and prepare package for lazy loading
Creating a generic function for ‘diag’ from package ‘base’ in package ‘SparseM’
Creating a generic function for ‘diag<-’ from package ‘base’ in package ‘SparseM’
Creating a generic function for ‘norm’ from package ‘base’ in package ‘SparseM’
Creating a new generic function for ‘backsolve’ in package ‘SparseM’
Creating a generic function for ‘forwardsolve’ from package ‘base’ in package ‘SparseM’
Creating a generic function for ‘model.response’ from package ‘stats’ in package ‘SparseM’
** help
*** installing help indices
** building package indices
** installing vignettes
** testing if installed package can be loaded from temporary location
** checking absolute paths in shared objects and dynamic libraries
** testing if installed package can be loaded from final location
** testing if installed package keeps a record of temporary installation path
* creating tarball
packaged installation of ‘SparseM’ as ‘SparseM_1.81_R_x86_64-pc-linux-gnu.tar.gz’
* DONE (SparseM)
* installing *source* package ‘MatrixModels’ ...
** package ‘MatrixModels’ successfully unpacked and MD5 sums checked
** using staged installation
** R
** byte-compile and prepare package for lazy loading
** help
*** installing help indices
** building package indices
** testing if installed package can be loaded from temporary location
** testing if installed package can be loaded from final location
** testing if installed package keeps a record of temporary installation path
* creating tarball
packaged installation of ‘MatrixModels’ as ‘MatrixModels_0.5-3_R_x86_64-pc-linux-gnu.tar.gz’
* DONE (MatrixModels)
* installing *source* package ‘carData’ ...
** package ‘carData’ successfully unpacked and MD5 sums checked
** using staged installation
** data
*** moving datasets to lazyload DB
** help
*** installing help indices
** building package indices
** testing if installed package can be loaded from temporary location
** testing if installed package can be loaded from final location
** testing if installed package keeps a record of temporary installation path
* creating tarball
packaged installation of ‘carData’ as ‘carData_3.0-5_R_x86_64-pc-linux-gnu.tar.gz’
* DONE (carData)
* installing *source* package ‘corrplot’ ...
** package ‘corrplot’ successfully unpacked and MD5 sums checked
** using staged installation
** R
** inst
** byte-compile and prepare package for lazy loading
** help
*** installing help indices
** building package indices
** installing vignettes
** testing if installed package can be loaded from temporary location
** testing if installed package can be loaded from final location
** testing if installed package keeps a record of temporary installation path
* creating tarball
packaged installation of ‘corrplot’ as ‘corrplot_0.92_R_x86_64-pc-linux-gnu.tar.gz’
* DONE (corrplot)
* installing *source* package ‘markdown’ ...
** package ‘markdown’ successfully unpacked and MD5 sums checked
** using staged installation
** R
** inst
** byte-compile and prepare package for lazy loading
** help
*** installing help indices
** building package indices
** installing vignettes
** testing if installed package can be loaded from temporary location
** testing if installed package can be loaded from final location
** testing if installed package keeps a record of temporary installation path
* creating tarball
packaged installation of ‘markdown’ as ‘markdown_1.12_R_x86_64-pc-linux-gnu.tar.gz’
* DONE (markdown)
* installing *source* package ‘jpeg’ ...
** package ‘jpeg’ successfully unpacked and MD5 sums checked
** using staged installation
** libs
using C compiler: ‘gcc (Ubuntu 11.4.0-1ubuntu1~22.04) 11.4.0’
gcc -I"/usr/local/lib/R/include" -DNDEBUG   -I/usr/local/include    -fpic  -g -O2 -fstack-protector-strong -Wformat -Werror=format-security -Wdate-time -D_FORTIFY_SOURCE=2 -g  -c read.c -o read.o
gcc -I"/usr/local/lib/R/include" -DNDEBUG   -I/usr/local/include    -fpic  -g -O2 -fstack-protector-strong -Wformat -Werror=format-security -Wdate-time -D_FORTIFY_SOURCE=2 -g  -c reg.c -o reg.o
gcc -I"/usr/local/lib/R/include" -DNDEBUG   -I/usr/local/include    -fpic  -g -O2 -fstack-protector-strong -Wformat -Werror=format-security -Wdate-time -D_FORTIFY_SOURCE=2 -g  -c write.c -o write.o
gcc -shared -L/usr/local/lib/R/lib -L/usr/local/lib -o jpeg.so read.o reg.o write.o -ljpeg -L/usr/local/lib/R/lib -lR
installing to /tmp/tmp/built/00LOCK-jpeg/00new/jpeg/libs
** R
** inst
** byte-compile and prepare package for lazy loading
** help
*** installing help indices
** building package indices
** testing if installed package can be loaded from temporary location
** checking absolute paths in shared objects and dynamic libraries
** testing if installed package can be loaded from final location
** testing if installed package keeps a record of temporary installation path
* creating tarball
packaged installation of ‘jpeg’ as ‘jpeg_0.1-10_R_x86_64-pc-linux-gnu.tar.gz’
* DONE (jpeg)
* installing *source* package ‘polynom’ ...
** package ‘polynom’ successfully unpacked and MD5 sums checked
** using staged installation
** R
** inst
** byte-compile and prepare package for lazy loading
** help
*** installing help indices
** building package indices
** installing vignettes
** testing if installed package can be loaded from temporary location
** testing if installed package can be loaded from final location
** testing if installed package keeps a record of temporary installation path
* creating tarball
packaged installation of ‘polynom’ as ‘polynom_1.4-1_R_x86_64-pc-linux-gnu.tar.gz’
* DONE (polynom)
* installing *source* package ‘exactRankTests’ ...
** package ‘exactRankTests’ successfully unpacked and MD5 sums checked
** using staged installation
** libs
using C compiler: ‘gcc (Ubuntu 11.4.0-1ubuntu1~22.04) 11.4.0’
gcc -I"/usr/local/lib/R/include" -DNDEBUG   -I/usr/local/include    -fpic  -g -O2 -fstack-protector-strong -Wformat -Werror=format-security -Wdate-time -D_FORTIFY_SOURCE=2 -g  -c init.c -o init.o
gcc -I"/usr/local/lib/R/include" -DNDEBUG   -I/usr/local/include    -fpic  -g -O2 -fstack-protector-strong -Wformat -Werror=format-security -Wdate-time -D_FORTIFY_SOURCE=2 -g  -c irank.c -o irank.o
gcc -I"/usr/local/lib/R/include" -DNDEBUG   -I/usr/local/include    -fpic  -g -O2 -fstack-protector-strong -Wformat -Werror=format-security -Wdate-time -D_FORTIFY_SOURCE=2 -g  -c permdist.c -o permdist.o
gcc -I"/usr/local/lib/R/include" -DNDEBUG   -I/usr/local/include    -fpic  -g -O2 -fstack-protector-strong -Wformat -Werror=format-security -Wdate-time -D_FORTIFY_SOURCE=2 -g  -c spermdist.c -o spermdist.o
gcc -shared -L/usr/local/lib/R/lib -L/usr/local/lib -o exactRankTests.so init.o irank.o permdist.o spermdist.o -L/usr/local/lib/R/lib -lR
installing to /tmp/tmp/built/00LOCK-exactRankTests/00new/exactRankTests/libs
** R
** data
** inst
** byte-compile and prepare package for lazy loading
** help
*** installing help indices
** building package indices
** testing if installed package can be loaded from temporary location
** checking absolute paths in shared objects and dynamic libraries
** testing if installed package can be loaded from final location
** testing if installed package keeps a record of temporary installation path
* creating tarball
packaged installation of ‘exactRankTests’ as ‘exactRankTests_0.8-35_R_x86_64-pc-linux-gnu.tar.gz’
* DONE (exactRankTests)
* installing *source* package ‘mvtnorm’ ...
** package ‘mvtnorm’ successfully unpacked and MD5 sums checked
** using staged installation
** libs
using C compiler: ‘gcc (Ubuntu 11.4.0-1ubuntu1~22.04) 11.4.0’
using Fortran compiler: ‘GNU Fortran (Ubuntu 11.4.0-1ubuntu1~22.04) 11.4.0’
gcc -I"/usr/local/lib/R/include" -DNDEBUG   -I/usr/local/include   -fvisibility=hidden -fpic  -g -O2 -fstack-protector-strong -Wformat -Werror=format-security -Wdate-time -D_FORTIFY_SOURCE=2 -g  -c C_FORTRAN_interface.c -o C_FORTRAN_interface.o
gcc -I"/usr/local/lib/R/include" -DNDEBUG   -I/usr/local/include   -fvisibility=hidden -fpic  -g -O2 -fstack-protector-strong -Wformat -Werror=format-security -Wdate-time -D_FORTIFY_SOURCE=2 -g  -c lpmvnorm.c -o lpmvnorm.o
gcc -I"/usr/local/lib/R/include" -DNDEBUG   -I/usr/local/include   -fvisibility=hidden -fpic  -g -O2 -fstack-protector-strong -Wformat -Werror=format-security -Wdate-time -D_FORTIFY_SOURCE=2 -g  -c ltMatrices.c -o ltMatrices.o
gcc -I"/usr/local/lib/R/include" -DNDEBUG   -I/usr/local/include   -fvisibility=hidden -fpic  -g -O2 -fstack-protector-strong -Wformat -Werror=format-security -Wdate-time -D_FORTIFY_SOURCE=2 -g  -c miwa.c -o miwa.o
gfortran  -fpic  -g -O2  -c mvt.f -o mvt.o
gcc -I"/usr/local/lib/R/include" -DNDEBUG   -I/usr/local/include   -fvisibility=hidden -fpic  -g -O2 -fstack-protector-strong -Wformat -Werror=format-security -Wdate-time -D_FORTIFY_SOURCE=2 -g  -c mvtnorm-init.c -o mvtnorm-init.o
gfortran  -fpic  -g -O2  -c tvpack.f -o tvpack.o
gcc -shared -L/usr/local/lib/R/lib -L/usr/local/lib -o mvtnorm.so C_FORTRAN_interface.o lpmvnorm.o ltMatrices.o miwa.o mvt.o mvtnorm-init.o tvpack.o -llapack -lblas -lgfortran -lm -lquadmath -lgfortran -lm -lquadmath -L/usr/local/lib/R/lib -lR
installing to /tmp/tmp/built/00LOCK-mvtnorm/00new/mvtnorm/libs
** R
** inst
** byte-compile and prepare package for lazy loading
** help
*** installing help indices
** building package indices
** installing vignettes
** testing if installed package can be loaded from temporary location
** checking absolute paths in shared objects and dynamic libraries
** testing if installed package can be loaded from final location
** testing if installed package keeps a record of temporary installation path
* creating tarball
packaged installation of ‘mvtnorm’ as ‘mvtnorm_1.2-4_R_x86_64-pc-linux-gnu.tar.gz’
* DONE (mvtnorm)
* installing *source* package ‘backports’ ...
** package ‘backports’ successfully unpacked and MD5 sums checked
** using staged installation
** libs
using C compiler: ‘gcc (Ubuntu 11.4.0-1ubuntu1~22.04) 11.4.0’
gcc -I"/usr/local/lib/R/include" -DNDEBUG   -I/usr/local/include    -fpic  -g -O2 -fstack-protector-strong -Wformat -Werror=format-security -Wdate-time -D_FORTIFY_SOURCE=2 -g  -c dotsElt.c -o dotsElt.o
gcc -I"/usr/local/lib/R/include" -DNDEBUG   -I/usr/local/include    -fpic  -g -O2 -fstack-protector-strong -Wformat -Werror=format-security -Wdate-time -D_FORTIFY_SOURCE=2 -g  -c dotsLength.c -o dotsLength.o
gcc -I"/usr/local/lib/R/include" -DNDEBUG   -I/usr/local/include    -fpic  -g -O2 -fstack-protector-strong -Wformat -Werror=format-security -Wdate-time -D_FORTIFY_SOURCE=2 -g  -c dotsNames.c -o dotsNames.o
gcc -I"/usr/local/lib/R/include" -DNDEBUG   -I/usr/local/include    -fpic  -g -O2 -fstack-protector-strong -Wformat -Werror=format-security -Wdate-time -D_FORTIFY_SOURCE=2 -g  -c init.c -o init.o
gcc -shared -L/usr/local/lib/R/lib -L/usr/local/lib -o backports.so dotsElt.o dotsLength.o dotsNames.o init.o -L/usr/local/lib/R/lib -lR
installing to /tmp/tmp/built/00LOCK-backports/00new/backports/libs
** R
** byte-compile and prepare package for lazy loading
** help
*** installing help indices
** building package indices
** testing if installed package can be loaded from temporary location
** checking absolute paths in shared objects and dynamic libraries
** testing if installed package can be loaded from final location
** testing if installed package keeps a record of temporary installation path
* creating tarball
packaged installation of ‘backports’ as ‘backports_1.4.1_R_x86_64-pc-linux-gnu.tar.gz’
* DONE (backports)
* installing *source* package ‘KMsurv’ ...
** package ‘KMsurv’ successfully unpacked and MD5 sums checked
** using staged installation
** R
** data
** byte-compile and prepare package for lazy loading
** help
*** installing help indices
** building package indices
** testing if installed package can be loaded from temporary location
** testing if installed package can be loaded from final location
** testing if installed package keeps a record of temporary installation path
* creating tarball
packaged installation of ‘KMsurv’ as ‘KMsurv_0.1-5_R_x86_64-pc-linux-gnu.tar.gz’
* DONE (KMsurv)
* installing *source* package ‘zoo’ ...
** package ‘zoo’ successfully unpacked and MD5 sums checked
** using staged installation
** libs
using C compiler: ‘gcc (Ubuntu 11.4.0-1ubuntu1~22.04) 11.4.0’
gcc -I"/usr/local/lib/R/include" -DNDEBUG -I../inst/include  -I/usr/local/include    -fpic  -g -O2 -fstack-protector-strong -Wformat -Werror=format-security -Wdate-time -D_FORTIFY_SOURCE=2 -g  -c coredata.c -o coredata.o
gcc -I"/usr/local/lib/R/include" -DNDEBUG -I../inst/include  -I/usr/local/include    -fpic  -g -O2 -fstack-protector-strong -Wformat -Werror=format-security -Wdate-time -D_FORTIFY_SOURCE=2 -g  -c init.c -o init.o
gcc -I"/usr/local/lib/R/include" -DNDEBUG -I../inst/include  -I/usr/local/include    -fpic  -g -O2 -fstack-protector-strong -Wformat -Werror=format-security -Wdate-time -D_FORTIFY_SOURCE=2 -g  -c lag.c -o lag.o
gcc -shared -L/usr/local/lib/R/lib -L/usr/local/lib -o zoo.so coredata.o init.o lag.o -L/usr/local/lib/R/lib -lR
installing to /tmp/tmp/built/00LOCK-zoo/00new/zoo/libs
** R
** demo
** inst
** byte-compile and prepare package for lazy loading
** help
*** installing help indices
** building package indices
** installing vignettes
** testing if installed package can be loaded from temporary location
** checking absolute paths in shared objects and dynamic libraries
** testing if installed package can be loaded from final location
** testing if installed package keeps a record of temporary installation path
* creating tarball
packaged installation of ‘zoo’ as ‘zoo_1.8-12_R_x86_64-pc-linux-gnu.tar.gz’
* DONE (zoo)
* installing *source* package ‘km.ci’ ...
** package ‘km.ci’ successfully unpacked and MD5 sums checked
** using staged installation
** R
** data
** inst
** byte-compile and prepare package for lazy loading
** help
*** installing help indices
** building package indices
** testing if installed package can be loaded from temporary location
** testing if installed package can be loaded from final location
** testing if installed package keeps a record of temporary installation path
* creating tarball
packaged installation of ‘km.ci’ as ‘km.ci_0.5-6_R_x86_64-pc-linux-gnu.tar.gz’
* DONE (km.ci)
* installing *source* package ‘rlang’ ...
** package ‘rlang’ successfully unpacked and MD5 sums checked
** using staged installation
** libs
using C compiler: ‘gcc (Ubuntu 11.4.0-1ubuntu1~22.04) 11.4.0’
gcc -I"/usr/local/lib/R/include" -DNDEBUG -I./rlang/  -I/usr/local/include   -fvisibility=hidden -fpic  -g -O2 -fstack-protector-strong -Wformat -Werror=format-security -Wdate-time -D_FORTIFY_SOURCE=2 -g  -c capture.c -o capture.o
gcc -I"/usr/local/lib/R/include" -DNDEBUG -I./rlang/  -I/usr/local/include   -fvisibility=hidden -fpic  -g -O2 -fstack-protector-strong -Wformat -Werror=format-security -Wdate-time -D_FORTIFY_SOURCE=2 -g  -c internal.c -o internal.o
In file included from internal/internal.c:32,
                 from internal.c:1:
internal/tests.c: In function ‘ffi_test_Rf_warning’:
internal/tests.c:104:3: error: format not a string literal and no format arguments [-Werror=format-security]
  104 |   Rf_warning(r_chr_get_c_string(msg, 0));
      |   ^~~~~~~~~~
internal/tests.c: In function ‘ffi_test_Rf_error’:
internal/tests.c:108:3: error: format not a string literal and no format arguments [-Werror=format-security]
  108 |   Rf_error(r_chr_get_c_string(msg, 0));
      |   ^~~~~~~~
internal/tests.c: In function ‘ffi_test_Rf_warningcall’:
internal/tests.c:113:3: error: format not a string literal and no format arguments [-Werror=format-security]
  113 |   Rf_warningcall(call, r_chr_get_c_string(msg, 0));
      |   ^~~~~~~~~~~~~~
internal/tests.c: In function ‘ffi_test_Rf_errorcall’:
internal/tests.c:117:3: error: format not a string literal and no format arguments [-Werror=format-security]
  117 |   Rf_errorcall(call, r_chr_get_c_string(msg, 0));
      |   ^~~~~~~~~~~~
cc1: some warnings being treated as errors
make: *** [/usr/local/lib/R/etc/Makeconf:191: internal.o] Error 1
ERROR: compilation failed for package ‘rlang’
* removing ‘/tmp/tmp/built/rlang’
* installing *source* package ‘Rcpp’ ...
** package ‘Rcpp’ successfully unpacked and MD5 sums checked
** using staged installation
** libs
using C++ compiler: ‘g++ (Ubuntu 11.4.0-1ubuntu1~22.04) 11.4.0’
g++ -std=gnu++17 -I"/usr/local/lib/R/include" -DNDEBUG -I../inst/include/  -I/usr/local/include    -fpic  -g -O2 -fstack-protector-strong -Wformat -Werror=format-security -Wdate-time -D_FORTIFY_SOURCE=2 -g  -c api.cpp -o api.o
In file included from ../inst/include/Rcpp/routines.h:26,
                 from ../inst/include/RcppCommon.h:128,
                 from ../inst/include/Rcpp.h:27,
                 from api.cpp:26:
../inst/include/Rcpp/iostream/Rstreambuf.h: In member function ‘std::streamsize Rcpp::Rstreambuf<OUTPUT>::xsputn(const char*, std::streamsize) [with bool OUTPUT = true; std::streamsize = long int]’:
../inst/include/Rcpp/iostream/Rstreambuf.h:53:20: warning: field precision specifier ‘.*’ expects argument of type ‘int’, but argument 2 has type ‘std::streamsize’ {aka ‘long int’} [-Wformat=]
   53 |         Rprintf("%.*s", num, s);
      |                  ~~^~   ~~~
      |                    |    |
      |                    int  std::streamsize {aka long int}
../inst/include/Rcpp/iostream/Rstreambuf.h: In member function ‘std::streamsize Rcpp::Rstreambuf<OUTPUT>::xsputn(const char*, std::streamsize) [with bool OUTPUT = false; std::streamsize = long int]’:
../inst/include/Rcpp/iostream/Rstreambuf.h:57:21: warning: field precision specifier ‘.*’ expects argument of type ‘int’, but argument 2 has type ‘std::streamsize’ {aka ‘long int’} [-Wformat=]
   57 |         REprintf("%.*s", num, s);
      |                   ~~^~   ~~~
      |                     |    |
      |                     int  std::streamsize {aka long int}
In file included from ../inst/include/RcppCommon.h:181,
                 from ../inst/include/Rcpp.h:27,
                 from api.cpp:26:
../inst/include/Rcpp/print.h: In function ‘void Rcpp::warningcall(SEXP, const string&)’:
../inst/include/Rcpp/print.h:30:19: error: format not a string literal and no format arguments [-Werror=format-security]
   30 |     Rf_warningcall(call, s.c_str());
      |     ~~~~~~~~~~~~~~^~~~~~~~~~~~~~~~~
cc1plus: some warnings being treated as errors
make: *** [/usr/local/lib/R/etc/Makeconf:200: api.o] Error 1
ERROR: compilation failed for package ‘Rcpp’
* removing ‘/tmp/tmp/built/Rcpp’
* installing *source* package ‘assertthat’ ...
** package ‘assertthat’ successfully unpacked and MD5 sums checked
** using staged installation
** R
** byte-compile and prepare package for lazy loading
** help
*** installing help indices
** building package indices
** testing if installed package can be loaded from temporary location
** testing if installed package can be loaded from final location
** testing if installed package keeps a record of temporary installation path
* creating tarball
packaged installation of ‘assertthat’ as ‘assertthat_0.2.1_R_x86_64-pc-linux-gnu.tar.gz’
* DONE (assertthat)
* installing *source* package ‘registry’ ...
** package ‘registry’ successfully unpacked and MD5 sums checked
** using staged installation
** R
** demo
** inst
** byte-compile and prepare package for lazy loading
** help
*** installing help indices
** building package indices
** installing vignettes
** testing if installed package can be loaded from temporary location
** testing if installed package can be loaded from final location
** testing if installed package keeps a record of temporary installation path
* creating tarball
packaged installation of ‘registry’ as ‘registry_0.5-1_R_x86_64-pc-linux-gnu.tar.gz’
* DONE (registry)
* installing *source* package ‘rngtools’ ...
** package ‘rngtools’ successfully unpacked and MD5 sums checked
** using staged installation
** R
** byte-compile and prepare package for lazy loading
** help
*** installing help indices
** building package indices
** testing if installed package can be loaded from temporary location
** testing if installed package can be loaded from final location
** testing if installed package keeps a record of temporary installation path
* creating tarball
packaged installation of ‘rngtools’ as ‘rngtools_1.5.2_R_x86_64-pc-linux-gnu.tar.gz’
* DONE (rngtools)
* installing *source* package ‘gridBase’ ...
** package ‘gridBase’ successfully unpacked and MD5 sums checked
** using staged installation
** R
** demo
** inst
** byte-compile and prepare package for lazy loading
** help
*** installing help indices
** building package indices
** installing vignettes
** testing if installed package can be loaded from temporary location
** testing if installed package can be loaded from final location
** testing if installed package keeps a record of temporary installation path
* creating tarball
packaged installation of ‘gridBase’ as ‘gridBase_0.4-7_R_x86_64-pc-linux-gnu.tar.gz’
* DONE (gridBase)
* installing *source* package ‘sigclust’ ...
** package ‘sigclust’ successfully unpacked and MD5 sums checked
** using staged installation
** R
** byte-compile and prepare package for lazy loading
** help
*** installing help indices
** building package indices
** testing if installed package can be loaded from temporary location
** testing if installed package can be loaded from final location
** testing if installed package keeps a record of temporary installation path
* creating tarball
packaged installation of ‘sigclust’ as ‘sigclust_1.1.0.1_R_x86_64-pc-linux-gnu.tar.gz’
* DONE (sigclust)
ERROR: dependency ‘rlang’ is not available for package ‘pkgload’
* removing ‘/tmp/tmp/built/pkgload’
ERROR: dependency ‘Rcpp’ is not available for package ‘minqa’
* removing ‘/tmp/tmp/built/minqa’
ERROR: dependency ‘Rcpp’ is not available for package ‘RcppEigen’
* removing ‘/tmp/tmp/built/RcppEigen’
* installing *source* package ‘quantreg’ ...
** package ‘quantreg’ successfully unpacked and MD5 sums checked
** using staged installation
** libs
using C compiler: ‘gcc (Ubuntu 11.4.0-1ubuntu1~22.04) 11.4.0’
using Fortran compiler: ‘GNU Fortran (Ubuntu 11.4.0-1ubuntu1~22.04) 11.4.0’
gfortran  -fpic  -g -O2  -c akj.f -o akj.o
gfortran  -fpic  -g -O2  -c boot.f -o boot.o
gfortran  -fpic  -g -O2  -c bound.f -o bound.o
gfortran  -fpic  -g -O2  -c boundc.f -o boundc.o
gfortran  -fpic  -g -O2  -c brute.f -o brute.o
gfortran  -fpic  -g -O2  -c chlfct.f -o chlfct.o
gfortran  -fpic  -g -O2  -c cholesky.f -o cholesky.o
cholesky.f:2948:72:

 2948 |                          IF  ( NODE )  400, 900, 500
      |                                                                        1
Warning: Fortran 2018 deleted feature: Arithmetic IF statement at (1)
cholesky.f:2982:72:

 2982 |                  IF  ( RNODE )  1100, 1800, 1200
      |                                                                        1
Warning: Fortran 2018 deleted feature: Arithmetic IF statement at (1)
cholesky.f:3299:72:

 3299 |                      IF  ( ENODE )  400, 800, 500
      |                                                                        1
Warning: Fortran 2018 deleted feature: Arithmetic IF statement at (1)
cholesky.f:3356:72:

 3356 |                              IF  ( NODE )  1000, 2100, 1100
      |                                                                        1
Warning: Fortran 2018 deleted feature: Arithmetic IF statement at (1)
cholesky.f:3430:72:

 3430 |                                          IF  ( NODE )  1700, 2000, 1800
      |                                                                        1
Warning: Fortran 2018 deleted feature: Arithmetic IF statement at (1)
gfortran  -fpic  -g -O2  -c combos.f -o combos.o
gfortran  -fpic  -g -O2  -c crqf.f -o crqf.o
crqf.f:98:72:

   98 |         DO 5 J=1,N
      |                                                                        1
Warning: Fortran 2018 deleted feature: Shared DO termination label 5 at (1)
crqf.f:99:72:

   99 |    5    WA(I,J) = X(I,J)
      |                                                                        1
Warning: Fortran 2018 deleted feature: DO termination statement which is not END DO or CONTINUE with label 5 at (1)
crqf.f:140:72:

  140 |   25      WA(L,J) = X(I,J)
      |                                                                        1
Warning: Fortran 2018 deleted feature: DO termination statement which is not END DO or CONTINUE with label 25 at (1)
crqf.f:149:72:

  149 |   50  SOL(J+1,1) = WF(J)
      |                                                                        1
Warning: Fortran 2018 deleted feature: DO termination statement which is not END DO or CONTINUE with label 50 at (1)
crqf.f:165:72:

  165 |   60    XH(K,J) = X(I,J)
      |                                                                        1
Warning: Fortran 2018 deleted feature: DO termination statement which is not END DO or CONTINUE with label 60 at (1)
crqf.f:180:72:

  180 |   80  S = S - WF(J)*X(I,J)
      |                                                                        1
Warning: Fortran 2018 deleted feature: DO termination statement which is not END DO or CONTINUE with label 80 at (1)
crqf.f:181:72:

  181 |   90  WE(I) = S
      |                                                                        1
Warning: Fortran 2018 deleted feature: DO termination statement which is not END DO or CONTINUE with label 90 at (1)
crqf.f:192:72:

  192 |  210  S = DMIN1(WD(J),S)
      |                                                                        1
Warning: Fortran 2018 deleted feature: DO termination statement which is not END DO or CONTINUE with label 210 at (1)
crqf.f:205:72:

  205 |  240    SOL(J+1,LSOL) = WF(J)
      |                                                                        1
Warning: Fortran 2018 deleted feature: DO termination statement which is not END DO or CONTINUE with label 240 at (1)
crqf.f:226:72:

  226 |  250  WD(I) = ZERO
      |                                                                        1
Warning: Fortran 2018 deleted feature: DO termination statement which is not END DO or CONTINUE with label 250 at (1)
crqf.f:228:72:

  228 |  260  WD(H(J)) = ONE
      |                                                                        1
Warning: Fortran 2018 deleted feature: DO termination statement which is not END DO or CONTINUE with label 260 at (1)
crqf.f:236:72:

  236 |  270  S = S + X(I,J)*XH(J,KM)
      |                                                                        1
Warning: Fortran 2018 deleted feature: DO termination statement which is not END DO or CONTINUE with label 270 at (1)
crqf.f:258:72:

  258 |         DO 310 J = 1,N
      |                                                                        1
Warning: Fortran 2018 deleted feature: Shared DO termination label 310 at (1)
crqf.f:259:72:

  259 |  310    XH(K,J) = X(I,J)
      |                                                                        1
Warning: Fortran 2018 deleted feature: DO termination statement which is not END DO or CONTINUE with label 310 at (1)
crqf.f:273:72:

  273 |  330  S = S + XH(K,J)*Y(H(J))
      |                                                                        1
Warning: Fortran 2018 deleted feature: DO termination statement which is not END DO or CONTINUE with label 330 at (1)
crqf.f:274:72:

  274 |  340  WF(K) = S
      |                                                                        1
Warning: Fortran 2018 deleted feature: DO termination statement which is not END DO or CONTINUE with label 340 at (1)
crqf.f:278:72:

  278 |  350  S = S - WF(J)*X(I,J)
      |                                                                        1
Warning: Fortran 2018 deleted feature: DO termination statement which is not END DO or CONTINUE with label 350 at (1)
crqf.f:279:72:

  279 |  360  WE(I) = S
      |                                                                        1
Warning: Fortran 2018 deleted feature: DO termination statement which is not END DO or CONTINUE with label 360 at (1)
crqf.f:287:72:

  287 |  370    SOL(J+1,LSOL) = WF(J)
      |                                                                        1
Warning: Fortran 2018 deleted feature: DO termination statement which is not END DO or CONTINUE with label 370 at (1)
crqf.f:330:72:

  330 | 396       B2 = B2 + X(I,J) * SOL(J+1,LSOL - 1)
      |                                                                        1
Warning: Fortran 2018 deleted feature: DO termination statement which is not END DO or CONTINUE with label 396 at (1)
crqf.f:369:72:

  369 |  506  WF(J) = ZERO
      |                                                                        1
Warning: Fortran 2018 deleted feature: DO termination statement which is not END DO or CONTINUE with label 506 at (1)
crqf.f:376:72:

  376 |  510      WA(L1,J) = X(I,J)
      |                                                                        1
Warning: Fortran 2018 deleted feature: DO termination statement which is not END DO or CONTINUE with label 510 at (1)
crqf.f:379:72:

  379 |  514      WF(J) = WF(J) + X(I,J)
      |                                                                        1
Warning: Fortran 2018 deleted feature: DO termination statement which is not END DO or CONTINUE with label 514 at (1)
crqf.f:389:72:

  389 |  520      WF(J) = WF(J) + (ONE - W) * X(I,J)
      |                                                                        1
Warning: Fortran 2018 deleted feature: DO termination statement which is not END DO or CONTINUE with label 520 at (1)
crqf.f:394:72:

  394 |  534  WA(MAL,J) = WF(J)
      |                                                                        1
Warning: Fortran 2018 deleted feature: DO termination statement which is not END DO or CONTINUE with label 534 at (1)
crqf.f:413:72:

  413 |  540        XH(K,J) = X(I,J)
      |                                                                        1
Warning: Fortran 2018 deleted feature: DO termination statement which is not END DO or CONTINUE with label 540 at (1)
crqf.f:429:72:

  429 |  610  WD(I) = SOL(N+2,I)
      |                                                                        1
Warning: Fortran 2018 deleted feature: DO termination statement which is not END DO or CONTINUE with label 610 at (1)
crqf.f:441:72:

  441 |  650  WF(J) = S/V
      |                                                                        1
Warning: Fortran 2018 deleted feature: DO termination statement which is not END DO or CONTINUE with label 650 at (1)
crqf.f:445:72:

  445 |  660    S = S + WF(J) * SOL(J+1,I)
      |                                                                        1
Warning: Fortran 2018 deleted feature: DO termination statement which is not END DO or CONTINUE with label 660 at (1)
crqf.f:446:72:

  446 |  670  SOL(N+2,I) = S
      |                                                                        1
Warning: Fortran 2018 deleted feature: DO termination statement which is not END DO or CONTINUE with label 670 at (1)
crqf.f:487:72:

  487 |   60    A = A + X(I,K)*XH(K,J)
      |                                                                        1
Warning: Fortran 2018 deleted feature: DO termination statement which is not END DO or CONTINUE with label 60 at (1)
crqf.f:488:72:

  488 |   70  WA(I,J) = A
      |                                                                        1
Warning: Fortran 2018 deleted feature: DO termination statement which is not END DO or CONTINUE with label 70 at (1)
crqf.f:497:72:

  497 |   90  IFLAG(I) = 0
      |                                                                        1
Warning: Fortran 2018 deleted feature: DO termination statement which is not END DO or CONTINUE with label 90 at (1)
crqf.f:499:72:

  499 |   95  IFLAG(H(J)) = 1
      |                                                                        1
Warning: Fortran 2018 deleted feature: DO termination statement which is not END DO or CONTINUE with label 95 at (1)
crqf.f:544:72:

  544 |  130  IFLAG(J) = IFLAG(J+M)
      |                                                                        1
Warning: Fortran 2018 deleted feature: DO termination statement which is not END DO or CONTINUE with label 130 at (1)
gfortran  -fpic  -g -O2  -c crqfnb.f -o crqfnb.o
gfortran  -fpic  -g -O2  -c dsel05.f -o dsel05.o
gfortran  -fpic  -g -O2  -c extract.f -o extract.o
gcc -I"/usr/local/lib/R/include" -DNDEBUG   -I/usr/local/include    -fpic  -g -O2 -fstack-protector-strong -Wformat -Werror=format-security -Wdate-time -D_FORTIFY_SOURCE=2 -g  -c frand.c -o frand.o
gfortran  -fpic  -g -O2  -c grexp.f -o grexp.o
gfortran  -fpic  -g -O2  -c idmin.f -o idmin.o
gfortran  -fpic  -g -O2  -c iswap.f -o iswap.o
iswap.f:40:72:

   40 |       IF (INCX-1) 5,20,60
      |                                                                        1
Warning: Fortran 2018 deleted feature: Arithmetic IF statement at (1)
gfortran  -fpic  -g -O2  -c kuantile.f -o kuantile.o
gfortran  -fpic  -g -O2  -c kuantiles.f -o kuantiles.o
gfortran  -fpic  -g -O2  -c linpack.f -o linpack.o
gcc -I"/usr/local/lib/R/include" -DNDEBUG   -I/usr/local/include    -fpic  -g -O2 -fstack-protector-strong -Wformat -Werror=format-security -Wdate-time -D_FORTIFY_SOURCE=2 -g  -c mcmb.c -o mcmb.o
gfortran  -fpic  -g -O2  -c penalty.f -o penalty.o
gfortran  -fpic  -g -O2  -c pfnb.f -o pfnb.o
gfortran  -fpic  -g -O2  -c powell.f -o powell.o
gfortran  -fpic  -g -O2  -c profnb.f -o profnb.o
gfortran  -fpic  -g -O2  -c pwxy.f -o pwxy.o
gfortran  -fpic  -g -O2  -c qfnb.f -o qfnb.o
gfortran  -fpic  -g -O2  -c qselect.f -o qselect.o
gcc -I"/usr/local/lib/R/include" -DNDEBUG   -I/usr/local/include    -fpic  -g -O2 -fstack-protector-strong -Wformat -Werror=format-security -Wdate-time -D_FORTIFY_SOURCE=2 -g  -c quantreg_init.c -o quantreg_init.o
gfortran  -fpic  -g -O2  -c rls.f -o rls.o
gfortran  -fpic  -g -O2  -c rq0.f -o rq0.o
gfortran  -fpic  -g -O2  -c rq1.f -o rq1.o
gfortran  -fpic  -g -O2  -c rqbr.f -o rqbr.o
gfortran  -fpic  -g -O2  -c rqfn.f -o rqfn.o
gfortran  -fpic  -g -O2  -c rqfnb.f -o rqfnb.o
gfortran  -fpic  -g -O2  -c rqfnc.f -o rqfnc.o
gfortran  -fpic  -g -O2  -c rqs.f -o rqs.o
gfortran  -fpic  -g -O2  -c sakj.f -o sakj.o
gfortran  -fpic  -g -O2  -c sparskit2.f -o sparskit2.o
gfortran  -fpic  -g -O2  -c srqfn.f -o srqfn.o
gfortran  -fpic  -g -O2  -c srqfnc.f -o srqfnc.o
gfortran  -fpic  -g -O2  -c srtpai.f -o srtpai.o
srtpai.f:19:72:

   19 |  10     P(1, I) = I
      |                                                                        1
Warning: Fortran 2018 deleted feature: DO termination statement which is not END DO or CONTINUE with label 10 at (1)
gcc -shared -L/usr/local/lib/R/lib -L/usr/local/lib -o quantreg.so akj.o boot.o bound.o boundc.o brute.o chlfct.o cholesky.o combos.o crqf.o crqfnb.o dsel05.o extract.o frand.o grexp.o idmin.o iswap.o kuantile.o kuantiles.o linpack.o mcmb.o penalty.o pfnb.o powell.o profnb.o pwxy.o qfnb.o qselect.o quantreg_init.o rls.o rq0.o rq1.o rqbr.o rqfn.o rqfnb.o rqfnc.o rqs.o sakj.o sparskit2.o srqfn.o srqfnc.o srtpai.o -llapack -lblas -lgfortran -lm -lquadmath -lgfortran -lm -lquadmath -L/usr/local/lib/R/lib -lR
installing to /tmp/tmp/built/00LOCK-quantreg/00new/quantreg/libs
** R
** data
** demo
** inst
** byte-compile and prepare package for lazy loading
** help
*** installing help indices
** building package indices
** installing vignettes
** testing if installed package can be loaded from temporary location
** checking absolute paths in shared objects and dynamic libraries
** testing if installed package can be loaded from final location
** testing if installed package keeps a record of temporary installation path
* creating tarball
packaged installation of ‘quantreg’ as ‘quantreg_5.97_R_x86_64-pc-linux-gnu.tar.gz’
* DONE (quantreg)
* installing *source* package ‘maxstat’ ...
** package ‘maxstat’ successfully unpacked and MD5 sums checked
** using staged installation
** libs
using C compiler: ‘gcc (Ubuntu 11.4.0-1ubuntu1~22.04) 11.4.0’
gcc -I"/usr/local/lib/R/include" -DNDEBUG   -I/usr/local/include    -fpic  -g -O2 -fstack-protector-strong -Wformat -Werror=format-security -Wdate-time -D_FORTIFY_SOURCE=2 -g  -c init.c -o init.o
gcc -I"/usr/local/lib/R/include" -DNDEBUG   -I/usr/local/include    -fpic  -g -O2 -fstack-protector-strong -Wformat -Werror=format-security -Wdate-time -D_FORTIFY_SOURCE=2 -g  -c maxstatpermdist.c -o maxstatpermdist.o
gcc -I"/usr/local/lib/R/include" -DNDEBUG   -I/usr/local/include    -fpic  -g -O2 -fstack-protector-strong -Wformat -Werror=format-security -Wdate-time -D_FORTIFY_SOURCE=2 -g  -c newcorr.c -o newcorr.o
gcc -I"/usr/local/lib/R/include" -DNDEBUG   -I/usr/local/include    -fpic  -g -O2 -fstack-protector-strong -Wformat -Werror=format-security -Wdate-time -D_FORTIFY_SOURCE=2 -g  -c ptree.c -o ptree.o
gcc -shared -L/usr/local/lib/R/lib -L/usr/local/lib -o maxstat.so init.o maxstatpermdist.o newcorr.o ptree.o -L/usr/local/lib/R/lib -lR
installing to /tmp/tmp/built/00LOCK-maxstat/00new/maxstat/libs
** R
** data
*** moving datasets to lazyload DB
** inst
** byte-compile and prepare package for lazy loading
** help
*** installing help indices
** building package indices
** installing vignettes
** testing if installed package can be loaded from temporary location
** checking absolute paths in shared objects and dynamic libraries
** testing if installed package can be loaded from final location
** testing if installed package keeps a record of temporary installation path
* creating tarball
packaged installation of ‘maxstat’ as ‘maxstat_0.7-25_R_x86_64-pc-linux-gnu.tar.gz’
* DONE (maxstat)
ERROR: dependency ‘rlang’ is not available for package ‘lifecycle’
* removing ‘/tmp/tmp/built/lifecycle’
ERROR: dependency ‘Rcpp’ is not available for package ‘plyr’
* removing ‘/tmp/tmp/built/plyr’
ERROR: dependency ‘rlang’ is not available for package ‘xml2’
* removing ‘/tmp/tmp/built/xml2’
ERROR: dependency ‘rlang’ is not available for package ‘cachem’
* removing ‘/tmp/tmp/built/cachem’
ERROR: dependency ‘rlang’ is not available for package ‘ellipsis’
* removing ‘/tmp/tmp/built/ellipsis’
ERROR: dependencies ‘lifecycle’, ‘rlang’ are not available for package ‘vctrs’
* removing ‘/tmp/tmp/built/vctrs’
ERROR: dependencies ‘lifecycle’, ‘rlang’ are not available for package ‘gtable’
* removing ‘/tmp/tmp/built/gtable’
ERROR: dependencies ‘lifecycle’, ‘rlang’ are not available for package ‘scales’
* removing ‘/tmp/tmp/built/scales’
ERROR: dependencies ‘rlang’, ‘cachem’ are not available for package ‘memoise’
* removing ‘/tmp/tmp/built/memoise’
ERROR: dependencies ‘ellipsis’, ‘rlang’ are not available for package ‘htmltools’
* removing ‘/tmp/tmp/built/htmltools’
ERROR: dependencies ‘lifecycle’, ‘rlang’, ‘vctrs’ are not available for package ‘pillar’
* removing ‘/tmp/tmp/built/pillar’
ERROR: dependencies ‘lifecycle’, ‘rlang’, ‘vctrs’ are not available for package ‘tidyselect’
* removing ‘/tmp/tmp/built/tidyselect’
ERROR: dependency ‘gtable’ is not available for package ‘gridExtra’
* removing ‘/tmp/tmp/built/gridExtra’
ERROR: dependencies ‘lifecycle’, ‘rlang’, ‘vctrs’ are not available for package ‘purrr’
* removing ‘/tmp/tmp/built/purrr’
ERROR: dependencies ‘rlang’, ‘htmltools’ are not available for package ‘sass’
* removing ‘/tmp/tmp/built/sass’
ERROR: dependencies ‘lifecycle’, ‘rlang’, ‘vctrs’ are not available for package ‘stringr’
* removing ‘/tmp/tmp/built/stringr’
ERROR: dependencies ‘rlang’, ‘htmltools’ are not available for package ‘fontawesome’
* removing ‘/tmp/tmp/built/fontawesome’
ERROR: dependency ‘htmltools’ is not available for package ‘jquerylib’
* removing ‘/tmp/tmp/built/jquerylib’
ERROR: dependencies ‘rlang’, ‘Rcpp’, ‘stringr’, ‘xml2’ are not available for package ‘gridtext’
* removing ‘/tmp/tmp/built/gridtext’
ERROR: dependency ‘stringr’ is not available for package ‘selectr’
* removing ‘/tmp/tmp/built/selectr’
ERROR: dependencies ‘lifecycle’, ‘pillar’, ‘rlang’, ‘vctrs’ are not available for package ‘tibble’
* removing ‘/tmp/tmp/built/tibble’
ERROR: dependencies ‘plyr’, ‘Rcpp’, ‘stringr’ are not available for package ‘reshape2’
* removing ‘/tmp/tmp/built/reshape2’
ERROR: dependencies ‘cachem’, ‘htmltools’, ‘jquerylib’, ‘lifecycle’, ‘memoise’, ‘rlang’, ‘sass’ are not available for package ‘bslib’
* removing ‘/tmp/tmp/built/bslib’
ERROR: dependency ‘tibble’ is not available for package ‘rematch2’
* removing ‘/tmp/tmp/built/rematch2’
ERROR: dependencies ‘lifecycle’, ‘rlang’, ‘selectr’, ‘tibble’, ‘xml2’ are not available for package ‘rvest’
* removing ‘/tmp/tmp/built/rvest’
ERROR: dependencies ‘lifecycle’, ‘pillar’, ‘rlang’, ‘tibble’, ‘tidyselect’, ‘vctrs’ are not available for package ‘dplyr’
* removing ‘/tmp/tmp/built/dplyr’
ERROR: dependencies ‘gtable’, ‘lifecycle’, ‘rlang’, ‘scales’, ‘tibble’, ‘vctrs’ are not available for package ‘ggplot2’
* removing ‘/tmp/tmp/built/ggplot2’
ERROR: dependencies ‘bslib’, ‘fontawesome’, ‘htmltools’, ‘jquerylib’, ‘stringr’ are not available for package ‘rmarkdown’
* removing ‘/tmp/tmp/built/rmarkdown’
ERROR: dependencies ‘rematch2’, ‘rlang’, ‘tibble’ are not available for package ‘waldo’
* removing ‘/tmp/tmp/built/waldo’
ERROR: dependencies ‘ggplot2’, ‘Rcpp’, ‘rlang’, ‘scales’ are not available for package ‘ggrepel’
* removing ‘/tmp/tmp/built/ggrepel’
ERROR: dependencies ‘ggplot2’, ‘scales’ are not available for package ‘ggsci’
* removing ‘/tmp/tmp/built/ggsci’
ERROR: dependencies ‘ggplot2’, ‘gtable’, ‘rlang’, ‘scales’ are not available for package ‘cowplot’
* removing ‘/tmp/tmp/built/cowplot’
ERROR: dependency ‘ggplot2’ is not available for package ‘ggsignif’
* removing ‘/tmp/tmp/built/ggsignif’
ERROR: dependencies ‘dplyr’, ‘lifecycle’, ‘purrr’, ‘rlang’, ‘stringr’, ‘tibble’, ‘tidyselect’, ‘vctrs’ are not available for package ‘tidyr’
* removing ‘/tmp/tmp/built/tidyr’
ERROR: dependencies ‘ggplot2’, ‘gridExtra’ are not available for package ‘survMisc’
* removing ‘/tmp/tmp/built/survMisc’
ERROR: dependencies ‘ggplot2’, ‘gridtext’, ‘rlang’, ‘scales’ are not available for package ‘ggtext’
* removing ‘/tmp/tmp/built/ggtext’
ERROR: dependencies ‘ggplot2’, ‘lifecycle’, ‘purrr’, ‘scales’, ‘stringr’, ‘tibble’ are not available for package ‘ggthemes’
* removing ‘/tmp/tmp/built/ggthemes’
ERROR: dependencies ‘ggplot2’, ‘gridExtra’ are not available for package ‘viridis’
* removing ‘/tmp/tmp/built/viridis’
ERROR: dependencies ‘stringr’, ‘ggplot2’, ‘reshape2’ are not available for package ‘NMF’
* removing ‘/tmp/tmp/built/NMF’
ERROR: dependencies ‘lifecycle’, ‘pkgload’, ‘rlang’, ‘waldo’ are not available for package ‘testthat’
* removing ‘/tmp/tmp/built/testthat’
ERROR: dependencies ‘dplyr’, ‘ellipsis’, ‘lifecycle’, ‘purrr’, ‘rlang’, ‘stringr’, ‘tibble’, ‘tidyr’ are not available for package ‘broom’
* removing ‘/tmp/tmp/built/broom’
ERROR: dependency ‘NMF’ is not available for package ‘CancerSubtypes’
* removing ‘/tmp/tmp/built/CancerSubtypes’
ERROR: dependency ‘testthat’ is not available for package ‘nloptr’
* removing ‘/tmp/tmp/built/nloptr’
ERROR: dependencies ‘minqa’, ‘nloptr’, ‘Rcpp’, ‘RcppEigen’ are not available for package ‘lme4’
* removing ‘/tmp/tmp/built/lme4’
ERROR: dependencies ‘lme4’, ‘broom’, ‘dplyr’ are not available for package ‘pbkrtest’
* removing ‘/tmp/tmp/built/pbkrtest’
ERROR: dependencies ‘pbkrtest’, ‘lme4’, ‘scales’ are not available for package ‘car’
* removing ‘/tmp/tmp/built/car’
ERROR: dependencies ‘tidyr’, ‘purrr’, ‘broom’, ‘rlang’, ‘tibble’, ‘dplyr’, ‘tidyselect’, ‘car’ are not available for package ‘rstatix’
* removing ‘/tmp/tmp/built/rstatix’
ERROR: dependencies ‘ggplot2’, ‘ggrepel’, ‘ggsci’, ‘tidyr’, ‘purrr’, ‘dplyr’, ‘cowplot’, ‘ggsignif’, ‘scales’, ‘gridExtra’, ‘rlang’, ‘rstatix’, ‘tibble’ are not available for package ‘ggpubr’
* removing ‘/tmp/tmp/built/ggpubr’
ERROR: dependencies ‘ggplot2’, ‘ggpubr’, ‘gridExtra’, ‘scales’, ‘broom’, ‘dplyr’, ‘tidyr’, ‘survMisc’, ‘purrr’, ‘tibble’, ‘rlang’, ‘ggtext’ are not available for package ‘survminer’
* removing ‘/tmp/tmp/built/survminer’
ERROR: dependencies ‘rvest’, ‘xml2’, ‘dplyr’, ‘purrr’, ‘survminer’, ‘ggplot2’, ‘ggthemes’, ‘viridis’, ‘scales’, ‘rmarkdown’, ‘htmltools’ are not available for package ‘RTCGA’
* removing ‘/tmp/tmp/built/RTCGA’
ERROR: dependency ‘RTCGA’ is not available for package ‘RTCGA.mRNA’
* removing ‘/tmp/tmp/built/RTCGA.mRNA’

The downloaded source packages are in
	‘/tmp/Rtmpg9ZaYy/downloaded_packages’
There were 50 or more warnings (use warnings() to see the first 50)

real	1m36.859s
user	1m14.453s
sys	0m27.520s
* installing *source* package ‘Rcpp’ ...
** package ‘Rcpp’ successfully unpacked and MD5 sums checked
** using staged installation
** libs
using C++ compiler: ‘g++ (Ubuntu 11.4.0-1ubuntu1~22.04) 11.4.0’
g++ -std=gnu++17 -I"/usr/local/lib/R/include" -DNDEBUG -I../inst/include/  -I/usr/local/include    -fpic  -g -O2 -fstack-protector-strong -Wformat -Werror=format-security -Wdate-time -D_FORTIFY_SOURCE=2 -g  -c api.cpp -o api.o
In file included from ../inst/include/Rcpp/routines.h:26,
                 from ../inst/include/RcppCommon.h:128,
                 from ../inst/include/Rcpp.h:27,
                 from api.cpp:26:
../inst/include/Rcpp/iostream/Rstreambuf.h: In member function ‘std::streamsize Rcpp::Rstreambuf<OUTPUT>::xsputn(const char*, std::streamsize) [with bool OUTPUT = true; std::streamsize = long int]’:
../inst/include/Rcpp/iostream/Rstreambuf.h:53:20: warning: field precision specifier ‘.*’ expects argument of type ‘int’, but argument 2 has type ‘std::streamsize’ {aka ‘long int’} [-Wformat=]
   53 |         Rprintf("%.*s", num, s);
      |                  ~~^~   ~~~
      |                    |    |
      |                    int  std::streamsize {aka long int}
../inst/include/Rcpp/iostream/Rstreambuf.h: In member function ‘std::streamsize Rcpp::Rstreambuf<OUTPUT>::xsputn(const char*, std::streamsize) [with bool OUTPUT = false; std::streamsize = long int]’:
../inst/include/Rcpp/iostream/Rstreambuf.h:57:21: warning: field precision specifier ‘.*’ expects argument of type ‘int’, but argument 2 has type ‘std::streamsize’ {aka ‘long int’} [-Wformat=]
   57 |         REprintf("%.*s", num, s);
      |                   ~~^~   ~~~
      |                     |    |
      |                     int  std::streamsize {aka long int}
In file included from ../inst/include/RcppCommon.h:181,
                 from ../inst/include/Rcpp.h:27,
                 from api.cpp:26:
../inst/include/Rcpp/print.h: In function ‘void Rcpp::warningcall(SEXP, const string&)’:
../inst/include/Rcpp/print.h:30:19: error: format not a string literal and no format arguments [-Werror=format-security]
   30 |     Rf_warningcall(call, s.c_str());
      |     ~~~~~~~~~~~~~~^~~~~~~~~~~~~~~~~
cc1plus: some warnings being treated as errors
make: *** [/usr/local/lib/R/etc/Makeconf:200: api.o] Error 1
ERROR: compilation failed for package ‘Rcpp’
* removing ‘/tmp/tmp/built/Rcpp’
* installing *source* package ‘rlang’ ...
** package ‘rlang’ successfully unpacked and MD5 sums checked
** using staged installation
** libs
using C compiler: ‘gcc (Ubuntu 11.4.0-1ubuntu1~22.04) 11.4.0’
gcc -I"/usr/local/lib/R/include" -DNDEBUG -I./rlang/  -I/usr/local/include   -fvisibility=hidden -fpic  -g -O2 -fstack-protector-strong -Wformat -Werror=format-security -Wdate-time -D_FORTIFY_SOURCE=2 -g  -c capture.c -o capture.o
gcc -I"/usr/local/lib/R/include" -DNDEBUG -I./rlang/  -I/usr/local/include   -fvisibility=hidden -fpic  -g -O2 -fstack-protector-strong -Wformat -Werror=format-security -Wdate-time -D_FORTIFY_SOURCE=2 -g  -c internal.c -o internal.o
In file included from internal/internal.c:32,
                 from internal.c:1:
internal/tests.c: In function ‘ffi_test_Rf_warning’:
internal/tests.c:104:3: error: format not a string literal and no format arguments [-Werror=format-security]
  104 |   Rf_warning(r_chr_get_c_string(msg, 0));
      |   ^~~~~~~~~~
internal/tests.c: In function ‘ffi_test_Rf_error’:
internal/tests.c:108:3: error: format not a string literal and no format arguments [-Werror=format-security]
  108 |   Rf_error(r_chr_get_c_string(msg, 0));
      |   ^~~~~~~~
internal/tests.c: In function ‘ffi_test_Rf_warningcall’:
internal/tests.c:113:3: error: format not a string literal and no format arguments [-Werror=format-security]
  113 |   Rf_warningcall(call, r_chr_get_c_string(msg, 0));
      |   ^~~~~~~~~~~~~~
internal/tests.c: In function ‘ffi_test_Rf_errorcall’:
internal/tests.c:117:3: error: format not a string literal and no format arguments [-Werror=format-security]
  117 |   Rf_errorcall(call, r_chr_get_c_string(msg, 0));
      |   ^~~~~~~~~~~~
cc1: some warnings being treated as errors
make: *** [/usr/local/lib/R/etc/Makeconf:191: internal.o] Error 1
ERROR: compilation failed for package ‘rlang’
* removing ‘/tmp/tmp/built/rlang’
ERROR: dependency ‘rlang’ is not available for package ‘pkgload’
* removing ‘/tmp/tmp/built/pkgload’
ERROR: dependency ‘Rcpp’ is not available for package ‘minqa’
* removing ‘/tmp/tmp/built/minqa’
ERROR: dependency ‘Rcpp’ is not available for package ‘RcppEigen’
* removing ‘/tmp/tmp/built/RcppEigen’
ERROR: dependency ‘rlang’ is not available for package ‘lifecycle’
* removing ‘/tmp/tmp/built/lifecycle’
ERROR: dependency ‘rlang’ is not available for package ‘ellipsis’
* removing ‘/tmp/tmp/built/ellipsis’
ERROR: dependency ‘rlang’ is not available for package ‘cachem’
* removing ‘/tmp/tmp/built/cachem’
ERROR: dependency ‘rlang’ is not available for package ‘xml2’
* removing ‘/tmp/tmp/built/xml2’
ERROR: dependencies ‘lifecycle’, ‘rlang’ are not available for package ‘vctrs’
* removing ‘/tmp/tmp/built/vctrs’
ERROR: dependencies ‘lifecycle’, ‘rlang’ are not available for package ‘gtable’
* removing ‘/tmp/tmp/built/gtable’
ERROR: dependencies ‘rlang’, ‘cachem’ are not available for package ‘memoise’
* removing ‘/tmp/tmp/built/memoise’
ERROR: dependencies ‘lifecycle’, ‘rlang’ are not available for package ‘scales’
* removing ‘/tmp/tmp/built/scales’
ERROR: dependencies ‘ellipsis’, ‘rlang’ are not available for package ‘htmltools’
* removing ‘/tmp/tmp/built/htmltools’
ERROR: dependencies ‘lifecycle’, ‘rlang’, ‘vctrs’ are not available for package ‘pillar’
* removing ‘/tmp/tmp/built/pillar’
ERROR: dependencies ‘lifecycle’, ‘rlang’, ‘vctrs’ are not available for package ‘tidyselect’
* removing ‘/tmp/tmp/built/tidyselect’
ERROR: dependency ‘gtable’ is not available for package ‘gridExtra’
* removing ‘/tmp/tmp/built/gridExtra’
ERROR: dependencies ‘rlang’, ‘htmltools’ are not available for package ‘sass’
* removing ‘/tmp/tmp/built/sass’
ERROR: dependencies ‘lifecycle’, ‘rlang’, ‘vctrs’ are not available for package ‘purrr’
* removing ‘/tmp/tmp/built/purrr’
ERROR: dependencies ‘rlang’, ‘htmltools’ are not available for package ‘fontawesome’
* removing ‘/tmp/tmp/built/fontawesome’
ERROR: dependency ‘htmltools’ is not available for package ‘jquerylib’
* removing ‘/tmp/tmp/built/jquerylib’
ERROR: dependencies ‘lifecycle’, ‘rlang’, ‘vctrs’ are not available for package ‘stringr’
* removing ‘/tmp/tmp/built/stringr’
ERROR: dependencies ‘rlang’, ‘Rcpp’, ‘stringr’, ‘xml2’ are not available for package ‘gridtext’
* removing ‘/tmp/tmp/built/gridtext’
ERROR: dependency ‘stringr’ is not available for package ‘selectr’
* removing ‘/tmp/tmp/built/selectr’
ERROR: dependencies ‘lifecycle’, ‘pillar’, ‘rlang’, ‘vctrs’ are not available for package ‘tibble’
* removing ‘/tmp/tmp/built/tibble’
ERROR: dependencies ‘cachem’, ‘htmltools’, ‘jquerylib’, ‘lifecycle’, ‘memoise’, ‘rlang’, ‘sass’ are not available for package ‘bslib’
* removing ‘/tmp/tmp/built/bslib’
ERROR: dependency ‘tibble’ is not available for package ‘rematch2’
* removing ‘/tmp/tmp/built/rematch2’
ERROR: dependencies ‘lifecycle’, ‘rlang’, ‘selectr’, ‘tibble’, ‘xml2’ are not available for package ‘rvest’
* removing ‘/tmp/tmp/built/rvest’
ERROR: dependencies ‘lifecycle’, ‘pillar’, ‘rlang’, ‘tibble’, ‘tidyselect’, ‘vctrs’ are not available for package ‘dplyr’
* removing ‘/tmp/tmp/built/dplyr’
ERROR: dependencies ‘gtable’, ‘lifecycle’, ‘rlang’, ‘scales’, ‘tibble’, ‘vctrs’ are not available for package ‘ggplot2’
* removing ‘/tmp/tmp/built/ggplot2’
ERROR: dependencies ‘bslib’, ‘fontawesome’, ‘htmltools’, ‘jquerylib’, ‘stringr’ are not available for package ‘rmarkdown’
* removing ‘/tmp/tmp/built/rmarkdown’
ERROR: dependencies ‘rematch2’, ‘rlang’, ‘tibble’ are not available for package ‘waldo’
* removing ‘/tmp/tmp/built/waldo’
ERROR: dependencies ‘ggplot2’, ‘Rcpp’, ‘rlang’, ‘scales’ are not available for package ‘ggrepel’
* removing ‘/tmp/tmp/built/ggrepel’
ERROR: dependencies ‘ggplot2’, ‘scales’ are not available for package ‘ggsci’
* removing ‘/tmp/tmp/built/ggsci’
ERROR: dependencies ‘ggplot2’, ‘gtable’, ‘rlang’, ‘scales’ are not available for package ‘cowplot’
* removing ‘/tmp/tmp/built/cowplot’
ERROR: dependency ‘ggplot2’ is not available for package ‘ggsignif’
* removing ‘/tmp/tmp/built/ggsignif’
ERROR: dependencies ‘dplyr’, ‘lifecycle’, ‘purrr’, ‘rlang’, ‘stringr’, ‘tibble’, ‘tidyselect’, ‘vctrs’ are not available for package ‘tidyr’
* removing ‘/tmp/tmp/built/tidyr’
ERROR: dependencies ‘ggplot2’, ‘gridExtra’ are not available for package ‘survMisc’
* removing ‘/tmp/tmp/built/survMisc’
ERROR: dependencies ‘ggplot2’, ‘gridtext’, ‘rlang’, ‘scales’ are not available for package ‘ggtext’
* removing ‘/tmp/tmp/built/ggtext’
ERROR: dependencies ‘ggplot2’, ‘lifecycle’, ‘purrr’, ‘scales’, ‘stringr’, ‘tibble’ are not available for package ‘ggthemes’
* removing ‘/tmp/tmp/built/ggthemes’
ERROR: dependencies ‘ggplot2’, ‘gridExtra’ are not available for package ‘viridis’
* removing ‘/tmp/tmp/built/viridis’
ERROR: dependencies ‘lifecycle’, ‘pkgload’, ‘rlang’, ‘waldo’ are not available for package ‘testthat’
* removing ‘/tmp/tmp/built/testthat’
ERROR: dependencies ‘dplyr’, ‘ellipsis’, ‘lifecycle’, ‘purrr’, ‘rlang’, ‘stringr’, ‘tibble’, ‘tidyr’ are not available for package ‘broom’
* removing ‘/tmp/tmp/built/broom’
ERROR: dependency ‘testthat’ is not available for package ‘nloptr’
* removing ‘/tmp/tmp/built/nloptr’
ERROR: dependencies ‘minqa’, ‘nloptr’, ‘Rcpp’, ‘RcppEigen’ are not available for package ‘lme4’
* removing ‘/tmp/tmp/built/lme4’
ERROR: dependencies ‘lme4’, ‘broom’, ‘dplyr’ are not available for package ‘pbkrtest’
* removing ‘/tmp/tmp/built/pbkrtest’
ERROR: dependencies ‘pbkrtest’, ‘lme4’, ‘scales’ are not available for package ‘car’
* removing ‘/tmp/tmp/built/car’
ERROR: dependencies ‘tidyr’, ‘purrr’, ‘broom’, ‘rlang’, ‘tibble’, ‘dplyr’, ‘tidyselect’, ‘car’ are not available for package ‘rstatix’
* removing ‘/tmp/tmp/built/rstatix’
ERROR: dependencies ‘ggplot2’, ‘ggrepel’, ‘ggsci’, ‘tidyr’, ‘purrr’, ‘dplyr’, ‘cowplot’, ‘ggsignif’, ‘scales’, ‘gridExtra’, ‘rlang’, ‘rstatix’, ‘tibble’ are not available for package ‘ggpubr’
* removing ‘/tmp/tmp/built/ggpubr’
ERROR: dependencies ‘ggplot2’, ‘ggpubr’, ‘gridExtra’, ‘scales’, ‘broom’, ‘dplyr’, ‘tidyr’, ‘survMisc’, ‘purrr’, ‘tibble’, ‘rlang’, ‘ggtext’ are not available for package ‘survminer’
* removing ‘/tmp/tmp/built/survminer’
ERROR: dependencies ‘rvest’, ‘xml2’, ‘dplyr’, ‘purrr’, ‘survminer’, ‘ggplot2’, ‘ggthemes’, ‘viridis’, ‘scales’, ‘rmarkdown’, ‘htmltools’ are not available for package ‘RTCGA’
* removing ‘/tmp/tmp/built/RTCGA’
ERROR: dependency ‘RTCGA’ is not available for package ‘RTCGA.mRNA’
* removing ‘/tmp/tmp/built/RTCGA.mRNA’
