+ Rscript -e 'Sys.setenv(BIOCONDUCTOR_USE_CONTAINER_REPOSITORY=FALSE); p <- .libPaths(); p <- c('\''/tmp/tmp/built'\'', p); .libPaths(p); if(BiocManager::install('\''clstutils'\'', INSTALL_opts = '\''--build'\'', update = TRUE, quiet = FALSE, dependencies=TRUE, force = TRUE, keep_outputs = TRUE) %in% rownames(installed.packages())) q(status = 0) else q(status = 1)'
'getOption("repos")' replaces Bioconductor standard repositories, see
'help("repositories", package = "BiocManager")' for details.
Replacement repositories:
    CRAN: https://cloud.r-project.org
Bioconductor version 3.19 (BiocManager 1.30.22), R Under development (unstable)
  (2024-01-03 r85769)
Installing package(s) 'clstutils'
also installing the dependencies ‘lifecycle’, ‘bit’, ‘vctrs’, ‘cachem’, ‘Rcpp’, ‘bit64’, ‘blob’, ‘DBI’, ‘memoise’, ‘rlang’, ‘plogr’, ‘rjson’, ‘ape’, ‘RSQLite’

trying URL 'https://cloud.r-project.org/src/contrib/lifecycle_1.0.4.tar.gz'
Content type 'application/x-gzip' length 107656 bytes (105 KB)
==================================================
downloaded 105 KB

trying URL 'https://cloud.r-project.org/src/contrib/bit_4.0.5.tar.gz'
Content type 'application/x-gzip' length 827745 bytes (808 KB)
==================================================
downloaded 808 KB

trying URL 'https://cloud.r-project.org/src/contrib/vctrs_0.6.5.tar.gz'
Content type 'application/x-gzip' length 969066 bytes (946 KB)
==================================================
downloaded 946 KB

trying URL 'https://cloud.r-project.org/src/contrib/cachem_1.0.8.tar.gz'
Content type 'application/x-gzip' length 26510 bytes (25 KB)
==================================================
downloaded 25 KB

trying URL 'https://cloud.r-project.org/src/contrib/Rcpp_1.0.11.tar.gz'
Content type 'application/x-gzip' length 2994004 bytes (2.9 MB)
==================================================
downloaded 2.9 MB

trying URL 'https://cloud.r-project.org/src/contrib/bit64_4.0.5.tar.gz'
Content type 'application/x-gzip' length 135091 bytes (131 KB)
==================================================
downloaded 131 KB

trying URL 'https://cloud.r-project.org/src/contrib/blob_1.2.4.tar.gz'
Content type 'application/x-gzip' length 10620 bytes (10 KB)
==================================================
downloaded 10 KB

trying URL 'https://cloud.r-project.org/src/contrib/DBI_1.2.0.tar.gz'
Content type 'application/x-gzip' length 970047 bytes (947 KB)
==================================================
downloaded 947 KB

trying URL 'https://cloud.r-project.org/src/contrib/memoise_2.0.1.tar.gz'
Content type 'application/x-gzip' length 17852 bytes (17 KB)
==================================================
downloaded 17 KB

trying URL 'https://cloud.r-project.org/src/contrib/rlang_1.1.2.tar.gz'
Content type 'application/x-gzip' length 763521 bytes (745 KB)
==================================================
downloaded 745 KB

trying URL 'https://cloud.r-project.org/src/contrib/plogr_0.2.0.tar.gz'
Content type 'application/x-gzip' length 7795 bytes
==================================================
downloaded 7795 bytes

trying URL 'https://cloud.r-project.org/src/contrib/rjson_0.2.21.tar.gz'
Content type 'application/x-gzip' length 116509 bytes (113 KB)
==================================================
downloaded 113 KB

trying URL 'https://cloud.r-project.org/src/contrib/ape_5.7-1.tar.gz'
Content type 'application/x-gzip' length 1577273 bytes (1.5 MB)
==================================================
downloaded 1.5 MB

trying URL 'https://cloud.r-project.org/src/contrib/RSQLite_2.3.4.tar.gz'
Content type 'application/x-gzip' length 4223565 bytes (4.0 MB)
==================================================
downloaded 4.0 MB

trying URL 'https://bioconductor.org/packages/3.19/bioc/src/contrib/clstutils_1.51.0.tar.gz'
Content type 'application/x-gzip' length 2567882 bytes (2.4 MB)
==================================================
downloaded 2.4 MB

* installing *source* package ‘bit’ ...
** package ‘bit’ successfully unpacked and MD5 sums checked
** using staged installation
** libs
using C compiler: ‘gcc (Ubuntu 11.4.0-1ubuntu1~22.04) 11.4.0’
gcc -I"/usr/local/lib/R/include" -DNDEBUG   -I/usr/local/include    -fpic  -g -O2 -fstack-protector-strong -Wformat -Werror=format-security -Wdate-time -D_FORTIFY_SOURCE=2 -g  -c attrutil.c -o attrutil.o
gcc -I"/usr/local/lib/R/include" -DNDEBUG   -I/usr/local/include    -fpic  -g -O2 -fstack-protector-strong -Wformat -Werror=format-security -Wdate-time -D_FORTIFY_SOURCE=2 -g  -c bit.c -o bit.o
gcc -I"/usr/local/lib/R/include" -DNDEBUG   -I/usr/local/include    -fpic  -g -O2 -fstack-protector-strong -Wformat -Werror=format-security -Wdate-time -D_FORTIFY_SOURCE=2 -g  -c chunkutil.c -o chunkutil.o
gcc -I"/usr/local/lib/R/include" -DNDEBUG   -I/usr/local/include    -fpic  -g -O2 -fstack-protector-strong -Wformat -Werror=format-security -Wdate-time -D_FORTIFY_SOURCE=2 -g  -c clone.c -o clone.o
gcc -I"/usr/local/lib/R/include" -DNDEBUG   -I/usr/local/include    -fpic  -g -O2 -fstack-protector-strong -Wformat -Werror=format-security -Wdate-time -D_FORTIFY_SOURCE=2 -g  -c init.c -o init.o
gcc -I"/usr/local/lib/R/include" -DNDEBUG   -I/usr/local/include    -fpic  -g -O2 -fstack-protector-strong -Wformat -Werror=format-security -Wdate-time -D_FORTIFY_SOURCE=2 -g  -c integerutil.c -o integerutil.o
gcc -I"/usr/local/lib/R/include" -DNDEBUG   -I/usr/local/include    -fpic  -g -O2 -fstack-protector-strong -Wformat -Werror=format-security -Wdate-time -D_FORTIFY_SOURCE=2 -g  -c merge.c -o merge.o
gcc -I"/usr/local/lib/R/include" -DNDEBUG   -I/usr/local/include    -fpic  -g -O2 -fstack-protector-strong -Wformat -Werror=format-security -Wdate-time -D_FORTIFY_SOURCE=2 -g  -c rle.c -o rle.o
gcc -I"/usr/local/lib/R/include" -DNDEBUG   -I/usr/local/include    -fpic  -g -O2 -fstack-protector-strong -Wformat -Werror=format-security -Wdate-time -D_FORTIFY_SOURCE=2 -g  -c sort.c -o sort.o
gcc -shared -L/usr/local/lib/R/lib -L/usr/local/lib -o bit.so attrutil.o bit.o chunkutil.o clone.o init.o integerutil.o merge.o rle.o sort.o -L/usr/local/lib/R/lib -lR
installing to /tmp/tmp/built/00LOCK-bit/00new/bit/libs
** R
** inst
** byte-compile and prepare package for lazy loading
** help
*** installing help indices
** building package indices
** installing vignettes
** testing if installed package can be loaded from temporary location
** checking absolute paths in shared objects and dynamic libraries
** testing if installed package can be loaded from final location
** testing if installed package keeps a record of temporary installation path
* creating tarball
packaged installation of ‘bit’ as ‘bit_4.0.5_R_x86_64-pc-linux-gnu.tar.gz’
* DONE (bit)
* installing *source* package ‘Rcpp’ ...
** package ‘Rcpp’ successfully unpacked and MD5 sums checked
** using staged installation
** libs
using C++ compiler: ‘g++ (Ubuntu 11.4.0-1ubuntu1~22.04) 11.4.0’
g++ -std=gnu++17 -I"/usr/local/lib/R/include" -DNDEBUG -I../inst/include/  -I/usr/local/include    -fpic  -g -O2 -fstack-protector-strong -Wformat -Werror=format-security -Wdate-time -D_FORTIFY_SOURCE=2 -g  -c api.cpp -o api.o
In file included from ../inst/include/Rcpp/routines.h:26,
                 from ../inst/include/RcppCommon.h:128,
                 from ../inst/include/Rcpp.h:27,
                 from api.cpp:26:
../inst/include/Rcpp/iostream/Rstreambuf.h: In member function ‘std::streamsize Rcpp::Rstreambuf<OUTPUT>::xsputn(const char*, std::streamsize) [with bool OUTPUT = true; std::streamsize = long int]’:
../inst/include/Rcpp/iostream/Rstreambuf.h:53:20: warning: field precision specifier ‘.*’ expects argument of type ‘int’, but argument 2 has type ‘std::streamsize’ {aka ‘long int’} [-Wformat=]
   53 |         Rprintf("%.*s", num, s);
      |                  ~~^~   ~~~
      |                    |    |
      |                    int  std::streamsize {aka long int}
../inst/include/Rcpp/iostream/Rstreambuf.h: In member function ‘std::streamsize Rcpp::Rstreambuf<OUTPUT>::xsputn(const char*, std::streamsize) [with bool OUTPUT = false; std::streamsize = long int]’:
../inst/include/Rcpp/iostream/Rstreambuf.h:57:21: warning: field precision specifier ‘.*’ expects argument of type ‘int’, but argument 2 has type ‘std::streamsize’ {aka ‘long int’} [-Wformat=]
   57 |         REprintf("%.*s", num, s);
      |                   ~~^~   ~~~
      |                     |    |
      |                     int  std::streamsize {aka long int}
In file included from ../inst/include/RcppCommon.h:181,
                 from ../inst/include/Rcpp.h:27,
                 from api.cpp:26:
../inst/include/Rcpp/print.h: In function ‘void Rcpp::warningcall(SEXP, const string&)’:
../inst/include/Rcpp/print.h:30:19: error: format not a string literal and no format arguments [-Werror=format-security]
   30 |     Rf_warningcall(call, s.c_str());
      |     ~~~~~~~~~~~~~~^~~~~~~~~~~~~~~~~
cc1plus: some warnings being treated as errors
make: *** [/usr/local/lib/R/etc/Makeconf:200: api.o] Error 1
ERROR: compilation failed for package ‘Rcpp’
* removing ‘/tmp/tmp/built/Rcpp’
* installing *source* package ‘DBI’ ...
** package ‘DBI’ successfully unpacked and MD5 sums checked
** using staged installation
** R
** inst
** byte-compile and prepare package for lazy loading
** help
*** installing help indices
** building package indices
** installing vignettes
** testing if installed package can be loaded from temporary location
** testing if installed package can be loaded from final location
** testing if installed package keeps a record of temporary installation path
* creating tarball
packaged installation of ‘DBI’ as ‘DBI_1.2.0_R_x86_64-pc-linux-gnu.tar.gz’
* DONE (DBI)
* installing *source* package ‘rlang’ ...
** package ‘rlang’ successfully unpacked and MD5 sums checked
** using staged installation
** libs
using C compiler: ‘gcc (Ubuntu 11.4.0-1ubuntu1~22.04) 11.4.0’
gcc -I"/usr/local/lib/R/include" -DNDEBUG -I./rlang/  -I/usr/local/include   -fvisibility=hidden -fpic  -g -O2 -fstack-protector-strong -Wformat -Werror=format-security -Wdate-time -D_FORTIFY_SOURCE=2 -g  -c capture.c -o capture.o
gcc -I"/usr/local/lib/R/include" -DNDEBUG -I./rlang/  -I/usr/local/include   -fvisibility=hidden -fpic  -g -O2 -fstack-protector-strong -Wformat -Werror=format-security -Wdate-time -D_FORTIFY_SOURCE=2 -g  -c internal.c -o internal.o
In file included from internal/internal.c:32,
                 from internal.c:1:
internal/tests.c: In function ‘ffi_test_Rf_warning’:
internal/tests.c:104:3: error: format not a string literal and no format arguments [-Werror=format-security]
  104 |   Rf_warning(r_chr_get_c_string(msg, 0));
      |   ^~~~~~~~~~
internal/tests.c: In function ‘ffi_test_Rf_error’:
internal/tests.c:108:3: error: format not a string literal and no format arguments [-Werror=format-security]
  108 |   Rf_error(r_chr_get_c_string(msg, 0));
      |   ^~~~~~~~
internal/tests.c: In function ‘ffi_test_Rf_warningcall’:
internal/tests.c:113:3: error: format not a string literal and no format arguments [-Werror=format-security]
  113 |   Rf_warningcall(call, r_chr_get_c_string(msg, 0));
      |   ^~~~~~~~~~~~~~
internal/tests.c: In function ‘ffi_test_Rf_errorcall’:
internal/tests.c:117:3: error: format not a string literal and no format arguments [-Werror=format-security]
  117 |   Rf_errorcall(call, r_chr_get_c_string(msg, 0));
      |   ^~~~~~~~~~~~
cc1: some warnings being treated as errors
make: *** [/usr/local/lib/R/etc/Makeconf:191: internal.o] Error 1
ERROR: compilation failed for package ‘rlang’
* removing ‘/tmp/tmp/built/rlang’
* installing *source* package ‘plogr’ ...
** package ‘plogr’ successfully unpacked and MD5 sums checked
** using staged installation
** R
** inst
** byte-compile and prepare package for lazy loading
** help
*** installing help indices
** building package indices
** testing if installed package can be loaded from temporary location
** testing if installed package can be loaded from final location
** testing if installed package keeps a record of temporary installation path
* creating tarball
packaged installation of ‘plogr’ as ‘plogr_0.2.0_R_x86_64-pc-linux-gnu.tar.gz’
* DONE (plogr)
* installing *source* package ‘rjson’ ...
** package ‘rjson’ successfully unpacked and MD5 sums checked
** using staged installation
** libs
using C compiler: ‘gcc (Ubuntu 11.4.0-1ubuntu1~22.04) 11.4.0’
using C++ compiler: ‘g++ (Ubuntu 11.4.0-1ubuntu1~22.04) 11.4.0’
g++ -std=gnu++17 -I"/usr/local/lib/R/include" -DNDEBUG   -I/usr/local/include    -fpic  -g -O2 -fstack-protector-strong -Wformat -Werror=format-security -Wdate-time -D_FORTIFY_SOURCE=2 -g  -c dump.cpp -o dump.o
gcc -I"/usr/local/lib/R/include" -DNDEBUG   -I/usr/local/include    -fpic  -g -O2 -fstack-protector-strong -Wformat -Werror=format-security -Wdate-time -D_FORTIFY_SOURCE=2 -g  -c parser.c -o parser.o
gcc -I"/usr/local/lib/R/include" -DNDEBUG   -I/usr/local/include    -fpic  -g -O2 -fstack-protector-strong -Wformat -Werror=format-security -Wdate-time -D_FORTIFY_SOURCE=2 -g  -c register.c -o register.o
g++ -std=gnu++17 -shared -L/usr/local/lib/R/lib -L/usr/local/lib -o rjson.so dump.o parser.o register.o -L/usr/local/lib/R/lib -lR
installing to /tmp/tmp/built/00LOCK-rjson/00new/rjson/libs
** R
** inst
** byte-compile and prepare package for lazy loading
** help
*** installing help indices
** building package indices
** installing vignettes
** testing if installed package can be loaded from temporary location
** checking absolute paths in shared objects and dynamic libraries
** testing if installed package can be loaded from final location
** testing if installed package keeps a record of temporary installation path
* creating tarball
packaged installation of ‘rjson’ as ‘rjson_0.2.21_R_x86_64-pc-linux-gnu.tar.gz’
* DONE (rjson)
ERROR: dependency ‘rlang’ is not available for package ‘lifecycle’
* removing ‘/tmp/tmp/built/lifecycle’
ERROR: dependency ‘rlang’ is not available for package ‘cachem’
* removing ‘/tmp/tmp/built/cachem’
* installing *source* package ‘bit64’ ...
** package ‘bit64’ successfully unpacked and MD5 sums checked
** using staged installation
** libs
using C compiler: ‘gcc (Ubuntu 11.4.0-1ubuntu1~22.04) 11.4.0’
gcc -I"/usr/local/lib/R/include" -DNDEBUG   -I/usr/local/include    -fpic  -g -O2 -fstack-protector-strong -Wformat -Werror=format-security -Wdate-time -D_FORTIFY_SOURCE=2 -g  -c bsearch.c -o bsearch.o
gcc -I"/usr/local/lib/R/include" -DNDEBUG   -I/usr/local/include    -fpic  -g -O2 -fstack-protector-strong -Wformat -Werror=format-security -Wdate-time -D_FORTIFY_SOURCE=2 -g  -c cache.c -o cache.o
gcc -I"/usr/local/lib/R/include" -DNDEBUG   -I/usr/local/include    -fpic  -g -O2 -fstack-protector-strong -Wformat -Werror=format-security -Wdate-time -D_FORTIFY_SOURCE=2 -g  -c hash64.c -o hash64.o
gcc -I"/usr/local/lib/R/include" -DNDEBUG   -I/usr/local/include    -fpic  -g -O2 -fstack-protector-strong -Wformat -Werror=format-security -Wdate-time -D_FORTIFY_SOURCE=2 -g  -c init.c -o init.o
gcc -I"/usr/local/lib/R/include" -DNDEBUG   -I/usr/local/include    -fpic  -g -O2 -fstack-protector-strong -Wformat -Werror=format-security -Wdate-time -D_FORTIFY_SOURCE=2 -g  -c integer64.c -o integer64.o
gcc -I"/usr/local/lib/R/include" -DNDEBUG   -I/usr/local/include    -fpic  -g -O2 -fstack-protector-strong -Wformat -Werror=format-security -Wdate-time -D_FORTIFY_SOURCE=2 -g  -c sort64.c -o sort64.o
gcc -I"/usr/local/lib/R/include" -DNDEBUG   -I/usr/local/include    -fpic  -g -O2 -fstack-protector-strong -Wformat -Werror=format-security -Wdate-time -D_FORTIFY_SOURCE=2 -g  -c sortuse64.c -o sortuse64.o
gcc -shared -L/usr/local/lib/R/lib -L/usr/local/lib -o bit64.so bsearch.o cache.o hash64.o init.o integer64.o sort64.o sortuse64.o -lm -L/usr/local/lib/R/lib -lR
installing to /tmp/tmp/built/00LOCK-bit64/00new/bit64/libs
** R
** data
** exec
** inst
** byte-compile and prepare package for lazy loading
** help
*** installing help indices
** building package indices
** testing if installed package can be loaded from temporary location
** checking absolute paths in shared objects and dynamic libraries
** testing if installed package can be loaded from final location
** testing if installed package keeps a record of temporary installation path
* creating tarball
packaged installation of ‘bit64’ as ‘bit64_4.0.5_R_x86_64-pc-linux-gnu.tar.gz’
* DONE (bit64)
ERROR: dependency ‘Rcpp’ is not available for package ‘ape’
* removing ‘/tmp/tmp/built/ape’
ERROR: dependencies ‘lifecycle’, ‘rlang’ are not available for package ‘vctrs’
* removing ‘/tmp/tmp/built/vctrs’
ERROR: dependencies ‘rlang’, ‘cachem’ are not available for package ‘memoise’
* removing ‘/tmp/tmp/built/memoise’
ERROR: dependencies ‘rlang’, ‘vctrs’ are not available for package ‘blob’
* removing ‘/tmp/tmp/built/blob’
ERROR: dependencies ‘blob’, ‘memoise’, ‘rlang’ are not available for package ‘RSQLite’
* removing ‘/tmp/tmp/built/RSQLite’
ERROR: dependencies ‘ape’, ‘RSQLite’ are not available for package ‘clstutils’
* removing ‘/tmp/tmp/built/clstutils’

The downloaded source packages are in
	‘/tmp/Rtmp6PMGZw/downloaded_packages’
Warning messages:
1: In install.packages(...) :
  installation of package ‘Rcpp’ had non-zero exit status
2: In install.packages(...) :
  installation of package ‘rlang’ had non-zero exit status
3: In install.packages(...) :
  installation of package ‘lifecycle’ had non-zero exit status
4: In install.packages(...) :
  installation of package ‘cachem’ had non-zero exit status
5: In install.packages(...) :
  installation of package ‘ape’ had non-zero exit status
6: In install.packages(...) :
  installation of package ‘vctrs’ had non-zero exit status
7: In install.packages(...) :
  installation of package ‘memoise’ had non-zero exit status
8: In install.packages(...) :
  installation of package ‘blob’ had non-zero exit status
9: In install.packages(...) :
  installation of package ‘RSQLite’ had non-zero exit status
10: In install.packages(...) :
  installation of package ‘clstutils’ had non-zero exit status

real	0m32.519s
user	0m26.048s
sys	0m6.855s
