+ Rscript -e 'Sys.setenv(BIOCONDUCTOR_USE_CONTAINER_REPOSITORY=FALSE); p <- .libPaths(); p <- c('\''/tmp/tmp/built'\'', p); .libPaths(p); if(BiocManager::install('\''deltaGseg'\'', INSTALL_opts = '\''--build'\'', update = TRUE, quiet = FALSE, dependencies=TRUE, force = TRUE, keep_outputs = TRUE) %in% rownames(installed.packages())) q(status = 0) else q(status = 1)'
'getOption("repos")' replaces Bioconductor standard repositories, see
'help("repositories", package = "BiocManager")' for details.
Replacement repositories:
    CRAN: https://cloud.r-project.org
Bioconductor version 3.19 (BiocManager 1.30.22), R Under development (unstable)
  (2024-01-03 r85769)
Installing package(s) 'deltaGseg'
also installing the dependencies ‘pillar’, ‘xts’, ‘TTR’, ‘Rcpp’, ‘colorspace’, ‘gtable’, ‘isoband’, ‘lifecycle’, ‘rlang’, ‘tibble’, ‘vctrs’, ‘zoo’, ‘quadprog’, ‘quantmod’, ‘timeDate’, ‘timeSeries’, ‘gss’, ‘stabledist’, ‘plyr’, ‘farver’, ‘labeling’, ‘munsell’, ‘RColorBrewer’, ‘viridisLite’, ‘ggplot2’, ‘changepoint’, ‘wavethresh’, ‘tseries’, ‘pvclust’, ‘fBasics’, ‘reshape’, ‘scales’

trying URL 'https://cloud.r-project.org/src/contrib/pillar_1.9.0.tar.gz'
Content type 'application/x-gzip' length 444528 bytes (434 KB)
==================================================
downloaded 434 KB

trying URL 'https://cloud.r-project.org/src/contrib/xts_0.13.1.tar.gz'
Content type 'application/x-gzip' length 456115 bytes (445 KB)
==================================================
downloaded 445 KB

trying URL 'https://cloud.r-project.org/src/contrib/TTR_0.24.4.tar.gz'
Content type 'application/x-gzip' length 318965 bytes (311 KB)
==================================================
downloaded 311 KB

trying URL 'https://cloud.r-project.org/src/contrib/Rcpp_1.0.11.tar.gz'
Content type 'application/x-gzip' length 2994004 bytes (2.9 MB)
==================================================
downloaded 2.9 MB

trying URL 'https://cloud.r-project.org/src/contrib/colorspace_2.1-0.tar.gz'
Content type 'application/x-gzip' length 2116339 bytes (2.0 MB)
==================================================
downloaded 2.0 MB

trying URL 'https://cloud.r-project.org/src/contrib/gtable_0.3.4.tar.gz'
Content type 'application/x-gzip' length 130100 bytes (127 KB)
==================================================
downloaded 127 KB

trying URL 'https://cloud.r-project.org/src/contrib/isoband_0.2.7.tar.gz'
Content type 'application/x-gzip' length 1591812 bytes (1.5 MB)
==================================================
downloaded 1.5 MB

trying URL 'https://cloud.r-project.org/src/contrib/lifecycle_1.0.4.tar.gz'
Content type 'application/x-gzip' length 107656 bytes (105 KB)
==================================================
downloaded 105 KB

trying URL 'https://cloud.r-project.org/src/contrib/rlang_1.1.2.tar.gz'
Content type 'application/x-gzip' length 763521 bytes (745 KB)
==================================================
downloaded 745 KB

trying URL 'https://cloud.r-project.org/src/contrib/tibble_3.2.1.tar.gz'
Content type 'application/x-gzip' length 565982 bytes (552 KB)
==================================================
downloaded 552 KB

trying URL 'https://cloud.r-project.org/src/contrib/vctrs_0.6.5.tar.gz'
Content type 'application/x-gzip' length 969066 bytes (946 KB)
==================================================
downloaded 946 KB

trying URL 'https://cloud.r-project.org/src/contrib/zoo_1.8-12.tar.gz'
Content type 'application/x-gzip' length 782344 bytes (764 KB)
==================================================
downloaded 764 KB

trying URL 'https://cloud.r-project.org/src/contrib/quadprog_1.5-8.tar.gz'
Content type 'application/x-gzip' length 36141 bytes (35 KB)
==================================================
downloaded 35 KB

trying URL 'https://cloud.r-project.org/src/contrib/quantmod_0.4.25.tar.gz'
Content type 'application/x-gzip' length 154706 bytes (151 KB)
==================================================
downloaded 151 KB

trying URL 'https://cloud.r-project.org/src/contrib/timeDate_4032.109.tar.gz'
Content type 'application/x-gzip' length 352769 bytes (344 KB)
==================================================
downloaded 344 KB

trying URL 'https://cloud.r-project.org/src/contrib/timeSeries_4032.108.tar.gz'
Content type 'application/x-gzip' length 1457817 bytes (1.4 MB)
==================================================
downloaded 1.4 MB

trying URL 'https://cloud.r-project.org/src/contrib/gss_2.2-7.tar.gz'
Content type 'application/x-gzip' length 544255 bytes (531 KB)
==================================================
downloaded 531 KB

trying URL 'https://cloud.r-project.org/src/contrib/stabledist_0.7-1.tar.gz'
Content type 'application/x-gzip' length 31963 bytes (31 KB)
==================================================
downloaded 31 KB

trying URL 'https://cloud.r-project.org/src/contrib/plyr_1.8.9.tar.gz'
Content type 'application/x-gzip' length 401488 bytes (392 KB)
==================================================
downloaded 392 KB

trying URL 'https://cloud.r-project.org/src/contrib/farver_2.1.1.tar.gz'
Content type 'application/x-gzip' length 1274363 bytes (1.2 MB)
==================================================
downloaded 1.2 MB

trying URL 'https://cloud.r-project.org/src/contrib/labeling_0.4.3.tar.gz'
Content type 'application/x-gzip' length 10167 bytes
==================================================
downloaded 10167 bytes

trying URL 'https://cloud.r-project.org/src/contrib/munsell_0.5.0.tar.gz'
Content type 'application/x-gzip' length 182653 bytes (178 KB)
==================================================
downloaded 178 KB

trying URL 'https://cloud.r-project.org/src/contrib/RColorBrewer_1.1-3.tar.gz'
Content type 'application/x-gzip' length 11638 bytes (11 KB)
==================================================
downloaded 11 KB

trying URL 'https://cloud.r-project.org/src/contrib/viridisLite_0.4.2.tar.gz'
Content type 'application/x-gzip' length 1267121 bytes (1.2 MB)
==================================================
downloaded 1.2 MB

trying URL 'https://cloud.r-project.org/src/contrib/ggplot2_3.4.4.tar.gz'
Content type 'application/x-gzip' length 3159578 bytes (3.0 MB)
==================================================
downloaded 3.0 MB

trying URL 'https://cloud.r-project.org/src/contrib/changepoint_2.2.4.tar.gz'
Content type 'application/x-gzip' length 255422 bytes (249 KB)
==================================================
downloaded 249 KB

trying URL 'https://cloud.r-project.org/src/contrib/wavethresh_4.7.2.tar.gz'
Content type 'application/x-gzip' length 580874 bytes (567 KB)
==================================================
downloaded 567 KB

trying URL 'https://cloud.r-project.org/src/contrib/tseries_0.10-55.tar.gz'
Content type 'application/x-gzip' length 164990 bytes (161 KB)
==================================================
downloaded 161 KB

trying URL 'https://cloud.r-project.org/src/contrib/pvclust_2.2-0.tar.gz'
Content type 'application/x-gzip' length 105190 bytes (102 KB)
==================================================
downloaded 102 KB

trying URL 'https://cloud.r-project.org/src/contrib/fBasics_4032.96.tar.gz'
Content type 'application/x-gzip' length 939877 bytes (917 KB)
==================================================
downloaded 917 KB

trying URL 'https://cloud.r-project.org/src/contrib/reshape_0.8.9.tar.gz'
Content type 'application/x-gzip' length 41843 bytes (40 KB)
==================================================
downloaded 40 KB

trying URL 'https://cloud.r-project.org/src/contrib/scales_1.3.0.tar.gz'
Content type 'application/x-gzip' length 302544 bytes (295 KB)
==================================================
downloaded 295 KB

trying URL 'https://bioconductor.org/packages/3.19/bioc/src/contrib/deltaGseg_1.43.0.tar.gz'
Content type 'application/x-gzip' length 2453887 bytes (2.3 MB)
==================================================
downloaded 2.3 MB

* installing *source* package ‘Rcpp’ ...
** package ‘Rcpp’ successfully unpacked and MD5 sums checked
** using staged installation
** libs
using C++ compiler: ‘g++ (Ubuntu 11.4.0-1ubuntu1~22.04) 11.4.0’
g++ -std=gnu++17 -I"/usr/local/lib/R/include" -DNDEBUG -I../inst/include/  -I/usr/local/include    -fpic  -g -O2 -fstack-protector-strong -Wformat -Werror=format-security -Wdate-time -D_FORTIFY_SOURCE=2 -g  -c api.cpp -o api.o
In file included from ../inst/include/Rcpp/routines.h:26,
                 from ../inst/include/RcppCommon.h:128,
                 from ../inst/include/Rcpp.h:27,
                 from api.cpp:26:
../inst/include/Rcpp/iostream/Rstreambuf.h: In member function ‘std::streamsize Rcpp::Rstreambuf<OUTPUT>::xsputn(const char*, std::streamsize) [with bool OUTPUT = true; std::streamsize = long int]’:
../inst/include/Rcpp/iostream/Rstreambuf.h:53:20: warning: field precision specifier ‘.*’ expects argument of type ‘int’, but argument 2 has type ‘std::streamsize’ {aka ‘long int’} [-Wformat=]
   53 |         Rprintf("%.*s", num, s);
      |                  ~~^~   ~~~
      |                    |    |
      |                    int  std::streamsize {aka long int}
../inst/include/Rcpp/iostream/Rstreambuf.h: In member function ‘std::streamsize Rcpp::Rstreambuf<OUTPUT>::xsputn(const char*, std::streamsize) [with bool OUTPUT = false; std::streamsize = long int]’:
../inst/include/Rcpp/iostream/Rstreambuf.h:57:21: warning: field precision specifier ‘.*’ expects argument of type ‘int’, but argument 2 has type ‘std::streamsize’ {aka ‘long int’} [-Wformat=]
   57 |         REprintf("%.*s", num, s);
      |                   ~~^~   ~~~
      |                     |    |
      |                     int  std::streamsize {aka long int}
In file included from ../inst/include/RcppCommon.h:181,
                 from ../inst/include/Rcpp.h:27,
                 from api.cpp:26:
../inst/include/Rcpp/print.h: In function ‘void Rcpp::warningcall(SEXP, const string&)’:
../inst/include/Rcpp/print.h:30:19: error: format not a string literal and no format arguments [-Werror=format-security]
   30 |     Rf_warningcall(call, s.c_str());
      |     ~~~~~~~~~~~~~~^~~~~~~~~~~~~~~~~
cc1plus: some warnings being treated as errors
make: *** [/usr/local/lib/R/etc/Makeconf:200: api.o] Error 1
ERROR: compilation failed for package ‘Rcpp’
* removing ‘/tmp/tmp/built/Rcpp’
* installing *source* package ‘colorspace’ ...
** package ‘colorspace’ successfully unpacked and MD5 sums checked
** using staged installation
** libs
using C compiler: ‘gcc (Ubuntu 11.4.0-1ubuntu1~22.04) 11.4.0’
gcc -I"/usr/local/lib/R/include" -DNDEBUG   -I/usr/local/include    -fpic  -g -O2 -fstack-protector-strong -Wformat -Werror=format-security -Wdate-time -D_FORTIFY_SOURCE=2 -g  -c colorspace.c -o colorspace.o
gcc -I"/usr/local/lib/R/include" -DNDEBUG   -I/usr/local/include    -fpic  -g -O2 -fstack-protector-strong -Wformat -Werror=format-security -Wdate-time -D_FORTIFY_SOURCE=2 -g  -c init.c -o init.o
gcc -shared -L/usr/local/lib/R/lib -L/usr/local/lib -o colorspace.so colorspace.o init.o -L/usr/local/lib/R/lib -lR
installing to /tmp/tmp/built/00LOCK-colorspace/00new/colorspace/libs
** R
** data
*** moving datasets to lazyload DB
** demo
** inst
** byte-compile and prepare package for lazy loading
** help
*** installing help indices
** building package indices
** installing vignettes
** testing if installed package can be loaded from temporary location
** checking absolute paths in shared objects and dynamic libraries
** testing if installed package can be loaded from final location
** testing if installed package keeps a record of temporary installation path
* creating tarball
packaged installation of ‘colorspace’ as ‘colorspace_2.1-0_R_x86_64-pc-linux-gnu.tar.gz’
* DONE (colorspace)
* installing *source* package ‘isoband’ ...
** package ‘isoband’ successfully unpacked and MD5 sums checked
** using staged installation
** libs
using C++ compiler: ‘g++ (Ubuntu 11.4.0-1ubuntu1~22.04) 11.4.0’
using C++11
g++ -std=gnu++11 -I"/usr/local/lib/R/include" -DNDEBUG   -I/usr/local/include    -fpic  -g -O2 -fstack-protector-strong -Wformat -Werror=format-security -Wdate-time -D_FORTIFY_SOURCE=2 -g  -c clip-lines.cpp -o clip-lines.o
g++ -std=gnu++11 -I"/usr/local/lib/R/include" -DNDEBUG   -I/usr/local/include    -fpic  -g -O2 -fstack-protector-strong -Wformat -Werror=format-security -Wdate-time -D_FORTIFY_SOURCE=2 -g  -c init.cpp -o init.o
g++ -std=gnu++11 -I"/usr/local/lib/R/include" -DNDEBUG   -I/usr/local/include    -fpic  -g -O2 -fstack-protector-strong -Wformat -Werror=format-security -Wdate-time -D_FORTIFY_SOURCE=2 -g  -c isoband.cpp -o isoband.o
g++ -std=gnu++11 -I"/usr/local/lib/R/include" -DNDEBUG   -I/usr/local/include    -fpic  -g -O2 -fstack-protector-strong -Wformat -Werror=format-security -Wdate-time -D_FORTIFY_SOURCE=2 -g  -c polygon.cpp -o polygon.o
g++ -std=gnu++11 -I"/usr/local/lib/R/include" -DNDEBUG   -I/usr/local/include    -fpic  -g -O2 -fstack-protector-strong -Wformat -Werror=format-security -Wdate-time -D_FORTIFY_SOURCE=2 -g  -c separate-polygons.cpp -o separate-polygons.o
g++ -std=gnu++11 -I"/usr/local/lib/R/include" -DNDEBUG   -I/usr/local/include    -fpic  -g -O2 -fstack-protector-strong -Wformat -Werror=format-security -Wdate-time -D_FORTIFY_SOURCE=2 -g  -c test-clip-lines.cpp -o test-clip-lines.o
g++ -std=gnu++11 -I"/usr/local/lib/R/include" -DNDEBUG   -I/usr/local/include    -fpic  -g -O2 -fstack-protector-strong -Wformat -Werror=format-security -Wdate-time -D_FORTIFY_SOURCE=2 -g  -c test-runner.cpp -o test-runner.o
g++ -std=gnu++11 -I"/usr/local/lib/R/include" -DNDEBUG   -I/usr/local/include    -fpic  -g -O2 -fstack-protector-strong -Wformat -Werror=format-security -Wdate-time -D_FORTIFY_SOURCE=2 -g  -c test-separate-polygons.cpp -o test-separate-polygons.o
g++ -std=gnu++11 -shared -L/usr/local/lib/R/lib -L/usr/local/lib -o isoband.so clip-lines.o init.o isoband.o polygon.o separate-polygons.o test-clip-lines.o test-runner.o test-separate-polygons.o -L/usr/local/lib/R/lib -lR
installing to /tmp/tmp/built/00LOCK-isoband/00new/isoband/libs
** R
** inst
** byte-compile and prepare package for lazy loading
** help
*** installing help indices
*** copying figures
** building package indices
** installing vignettes
** testing if installed package can be loaded from temporary location
** checking absolute paths in shared objects and dynamic libraries
** testing if installed package can be loaded from final location
** testing if installed package keeps a record of temporary installation path
* creating tarball
packaged installation of ‘isoband’ as ‘isoband_0.2.7_R_x86_64-pc-linux-gnu.tar.gz’
* DONE (isoband)
* installing *source* package ‘rlang’ ...
** package ‘rlang’ successfully unpacked and MD5 sums checked
** using staged installation
** libs
using C compiler: ‘gcc (Ubuntu 11.4.0-1ubuntu1~22.04) 11.4.0’
gcc -I"/usr/local/lib/R/include" -DNDEBUG -I./rlang/  -I/usr/local/include   -fvisibility=hidden -fpic  -g -O2 -fstack-protector-strong -Wformat -Werror=format-security -Wdate-time -D_FORTIFY_SOURCE=2 -g  -c capture.c -o capture.o
gcc -I"/usr/local/lib/R/include" -DNDEBUG -I./rlang/  -I/usr/local/include   -fvisibility=hidden -fpic  -g -O2 -fstack-protector-strong -Wformat -Werror=format-security -Wdate-time -D_FORTIFY_SOURCE=2 -g  -c internal.c -o internal.o
In file included from internal/internal.c:32,
                 from internal.c:1:
internal/tests.c: In function ‘ffi_test_Rf_warning’:
internal/tests.c:104:3: error: format not a string literal and no format arguments [-Werror=format-security]
  104 |   Rf_warning(r_chr_get_c_string(msg, 0));
      |   ^~~~~~~~~~
internal/tests.c: In function ‘ffi_test_Rf_error’:
internal/tests.c:108:3: error: format not a string literal and no format arguments [-Werror=format-security]
  108 |   Rf_error(r_chr_get_c_string(msg, 0));
      |   ^~~~~~~~
internal/tests.c: In function ‘ffi_test_Rf_warningcall’:
internal/tests.c:113:3: error: format not a string literal and no format arguments [-Werror=format-security]
  113 |   Rf_warningcall(call, r_chr_get_c_string(msg, 0));
      |   ^~~~~~~~~~~~~~
internal/tests.c: In function ‘ffi_test_Rf_errorcall’:
internal/tests.c:117:3: error: format not a string literal and no format arguments [-Werror=format-security]
  117 |   Rf_errorcall(call, r_chr_get_c_string(msg, 0));
      |   ^~~~~~~~~~~~
cc1: some warnings being treated as errors
make: *** [/usr/local/lib/R/etc/Makeconf:191: internal.o] Error 1
ERROR: compilation failed for package ‘rlang’
* removing ‘/tmp/tmp/built/rlang’
* installing *source* package ‘zoo’ ...
** package ‘zoo’ successfully unpacked and MD5 sums checked
** using staged installation
** libs
using C compiler: ‘gcc (Ubuntu 11.4.0-1ubuntu1~22.04) 11.4.0’
gcc -I"/usr/local/lib/R/include" -DNDEBUG -I../inst/include  -I/usr/local/include    -fpic  -g -O2 -fstack-protector-strong -Wformat -Werror=format-security -Wdate-time -D_FORTIFY_SOURCE=2 -g  -c coredata.c -o coredata.o
gcc -I"/usr/local/lib/R/include" -DNDEBUG -I../inst/include  -I/usr/local/include    -fpic  -g -O2 -fstack-protector-strong -Wformat -Werror=format-security -Wdate-time -D_FORTIFY_SOURCE=2 -g  -c init.c -o init.o
gcc -I"/usr/local/lib/R/include" -DNDEBUG -I../inst/include  -I/usr/local/include    -fpic  -g -O2 -fstack-protector-strong -Wformat -Werror=format-security -Wdate-time -D_FORTIFY_SOURCE=2 -g  -c lag.c -o lag.o
gcc -shared -L/usr/local/lib/R/lib -L/usr/local/lib -o zoo.so coredata.o init.o lag.o -L/usr/local/lib/R/lib -lR
installing to /tmp/tmp/built/00LOCK-zoo/00new/zoo/libs
** R
** demo
** inst
** byte-compile and prepare package for lazy loading
** help
*** installing help indices
** building package indices
** installing vignettes
** testing if installed package can be loaded from temporary location
** checking absolute paths in shared objects and dynamic libraries
** testing if installed package can be loaded from final location
** testing if installed package keeps a record of temporary installation path
* creating tarball
packaged installation of ‘zoo’ as ‘zoo_1.8-12_R_x86_64-pc-linux-gnu.tar.gz’
* DONE (zoo)
* installing *source* package ‘quadprog’ ...
** package ‘quadprog’ successfully unpacked and MD5 sums checked
** using staged installation
** libs
using C compiler: ‘gcc (Ubuntu 11.4.0-1ubuntu1~22.04) 11.4.0’
using Fortran compiler: ‘GNU Fortran (Ubuntu 11.4.0-1ubuntu1~22.04) 11.4.0’
gfortran  -fvisibility=hidden -fpic -g -O2 -msse2 -mfpmath=sse   -fpic  -g -O2  -c aind.f -o aind.o
gcc -I"/usr/local/lib/R/include" -DNDEBUG   -I/usr/local/include    -fpic  -g -O2 -fstack-protector-strong -Wformat -Werror=format-security -Wdate-time -D_FORTIFY_SOURCE=2 -g  -c init.c -o init.o
gfortran  -fvisibility=hidden -fpic -g -O2 -msse2 -mfpmath=sse   -fpic  -g -O2  -c solve.QP.compact.f -o solve.QP.compact.o
gfortran  -fvisibility=hidden -fpic -g -O2 -msse2 -mfpmath=sse   -fpic  -g -O2  -c solve.QP.f -o solve.QP.o
gfortran  -fvisibility=hidden -fpic -g -O2 -msse2 -mfpmath=sse   -fpic  -g -O2  -c util.f -o util.o
gcc -shared -L/usr/local/lib/R/lib -L/usr/local/lib -o quadprog.so aind.o init.o solve.QP.compact.o solve.QP.o util.o -lblas -lgfortran -lm -lquadmath -lgfortran -lm -lquadmath -L/usr/local/lib/R/lib -lR
installing to /tmp/tmp/built/00LOCK-quadprog/00new/quadprog/libs
** R
** byte-compile and prepare package for lazy loading
** help
*** installing help indices
** building package indices
** testing if installed package can be loaded from temporary location
** checking absolute paths in shared objects and dynamic libraries
** testing if installed package can be loaded from final location
** testing if installed package keeps a record of temporary installation path
* creating tarball
packaged installation of ‘quadprog’ as ‘quadprog_1.5-8_R_x86_64-pc-linux-gnu.tar.gz’
* DONE (quadprog)
* installing *source* package ‘timeDate’ ...
** package ‘timeDate’ successfully unpacked and MD5 sums checked
** using staged installation
** R
** inst
** byte-compile and prepare package for lazy loading
Creating a generic function for ‘sample’ from package ‘base’ in package ‘timeDate’
Creating a generic function for ‘getDataPart’ from package ‘methods’ in package ‘timeDate’
Creating a generic function for ‘abline’ from package ‘graphics’ in package ‘timeDate’
** help
*** installing help indices
** building package indices
** testing if installed package can be loaded from temporary location
** testing if installed package can be loaded from final location
** testing if installed package keeps a record of temporary installation path
* creating tarball
packaged installation of ‘timeDate’ as ‘timeDate_4032.109_R_x86_64-pc-linux-gnu.tar.gz’
* DONE (timeDate)
* installing *source* package ‘gss’ ...
** package ‘gss’ successfully unpacked and MD5 sums checked
** using staged installation
** libs
using C compiler: ‘gcc (Ubuntu 11.4.0-1ubuntu1~22.04) 11.4.0’
using Fortran compiler: ‘GNU Fortran (Ubuntu 11.4.0-1ubuntu1~22.04) 11.4.0’
gfortran  -fpic  -g -O2  -c cdennewton.f -o cdennewton.o
gfortran  -fpic  -g -O2  -c cdennewton10.f -o cdennewton10.o
gfortran  -fpic  -g -O2  -c copu2newton.f -o copu2newton.o
gfortran  -fpic  -g -O2  -c dchdc0.f -o dchdc0.o
gfortran  -fpic  -g -O2  -c dcoef.f -o dcoef.o
gfortran  -fpic  -g -O2  -c dcore.f -o dcore.o
gfortran  -fpic  -g -O2  -c dcrdr.f -o dcrdr.o
gfortran  -fpic  -g -O2  -c ddeev.f -o ddeev.o
gfortran  -fpic  -g -O2  -c deval.f -o deval.o
gfortran  -fpic  -g -O2  -c dgold.f -o dgold.o
gfortran  -fpic  -g -O2  -c dmcdc.f -o dmcdc.o
gfortran  -fpic  -g -O2  -c dmudr0.f -o dmudr0.o
gfortran  -fpic  -g -O2  -c dmudr1.f -o dmudr1.o
gfortran  -fpic  -g -O2  -c dnewton.f -o dnewton.o
gfortran  -fpic  -g -O2  -c dnewton10.f -o dnewton10.o
gfortran  -fpic  -g -O2  -c dprmut.f -o dprmut.o
gfortran  -fpic  -g -O2  -c dqrslm.f -o dqrslm.o
gfortran  -fpic  -g -O2  -c drkl.f -o drkl.o
gfortran  -fpic  -g -O2  -c dset.f -o dset.o
gfortran  -fpic  -g -O2  -c dsidr0.f -o dsidr0.o
gfortran  -fpic  -g -O2  -c dsms.f -o dsms.o
gfortran  -fpic  -g -O2  -c dstup.f -o dstup.o
gfortran  -fpic  -g -O2  -c dsytr.f -o dsytr.o
gfortran  -fpic  -g -O2  -c dtrev.f -o dtrev.o
gfortran  -fpic  -g -O2  -c gaussq.f -o gaussq.o
gfortran  -fpic  -g -O2  -c hzdaux.f -o hzdaux.o
gfortran  -fpic  -g -O2  -c hzdnewton.f -o hzdnewton.o
gfortran  -fpic  -g -O2  -c hzdnewton10.f -o hzdnewton10.o
gcc -I"/usr/local/lib/R/include" -DNDEBUG   -I/usr/local/include    -fpic  -g -O2 -fstack-protector-strong -Wformat -Werror=format-security -Wdate-time -D_FORTIFY_SOURCE=2 -g  -c init.c -o init.o
gfortran  -fpic  -g -O2  -c llrmnewton.f -o llrmnewton.o
gfortran  -fpic  -g -O2  -c reg.f -o reg.o
gcc -I"/usr/local/lib/R/include" -DNDEBUG   -I/usr/local/include    -fpic  -g -O2 -fstack-protector-strong -Wformat -Werror=format-security -Wdate-time -D_FORTIFY_SOURCE=2 -g  -c smolyak.c -o smolyak.o
gcc -shared -L/usr/local/lib/R/lib -L/usr/local/lib -o gss.so cdennewton.o cdennewton10.o copu2newton.o dchdc0.o dcoef.o dcore.o dcrdr.o ddeev.o deval.o dgold.o dmcdc.o dmudr0.o dmudr1.o dnewton.o dnewton10.o dprmut.o dqrslm.o drkl.o dset.o dsidr0.o dsms.o dstup.o dsytr.o dtrev.o gaussq.o hzdaux.o hzdnewton.o hzdnewton10.o init.o llrmnewton.o reg.o smolyak.o -llapack -lblas -lgfortran -lm -lquadmath -lgfortran -lm -lquadmath -L/usr/local/lib/R/lib -lR
installing to /tmp/tmp/built/00LOCK-gss/00new/gss/libs
** R
** data
** inst
** byte-compile and prepare package for lazy loading
** help
*** installing help indices
** building package indices
** testing if installed package can be loaded from temporary location
** checking absolute paths in shared objects and dynamic libraries
** testing if installed package can be loaded from final location
** testing if installed package keeps a record of temporary installation path
* creating tarball
packaged installation of ‘gss’ as ‘gss_2.2-7_R_x86_64-pc-linux-gnu.tar.gz’
* DONE (gss)
* installing *source* package ‘stabledist’ ...
** package ‘stabledist’ successfully unpacked and MD5 sums checked
** using staged installation
** R
** inst
** byte-compile and prepare package for lazy loading
** help
*** installing help indices
** building package indices
** testing if installed package can be loaded from temporary location
** testing if installed package can be loaded from final location
** testing if installed package keeps a record of temporary installation path
* creating tarball
packaged installation of ‘stabledist’ as ‘stabledist_0.7-1_R_x86_64-pc-linux-gnu.tar.gz’
* DONE (stabledist)
* installing *source* package ‘farver’ ...
** package ‘farver’ successfully unpacked and MD5 sums checked
** using staged installation
** libs
using C++ compiler: ‘g++ (Ubuntu 11.4.0-1ubuntu1~22.04) 11.4.0’
using C++11
g++ -std=gnu++11 -I"/usr/local/lib/R/include" -DNDEBUG   -I/usr/local/include    -fpic  -g -O2 -fstack-protector-strong -Wformat -Werror=format-security -Wdate-time -D_FORTIFY_SOURCE=2 -g  -c ColorSpace.cpp -o ColorSpace.o
g++ -std=gnu++11 -I"/usr/local/lib/R/include" -DNDEBUG   -I/usr/local/include    -fpic  -g -O2 -fstack-protector-strong -Wformat -Werror=format-security -Wdate-time -D_FORTIFY_SOURCE=2 -g  -c Comparison.cpp -o Comparison.o
g++ -std=gnu++11 -I"/usr/local/lib/R/include" -DNDEBUG   -I/usr/local/include    -fpic  -g -O2 -fstack-protector-strong -Wformat -Werror=format-security -Wdate-time -D_FORTIFY_SOURCE=2 -g  -c Conversion.cpp -o Conversion.o
g++ -std=gnu++11 -I"/usr/local/lib/R/include" -DNDEBUG   -I/usr/local/include    -fpic  -g -O2 -fstack-protector-strong -Wformat -Werror=format-security -Wdate-time -D_FORTIFY_SOURCE=2 -g  -c encode.cpp -o encode.o
g++ -std=gnu++11 -I"/usr/local/lib/R/include" -DNDEBUG   -I/usr/local/include    -fpic  -g -O2 -fstack-protector-strong -Wformat -Werror=format-security -Wdate-time -D_FORTIFY_SOURCE=2 -g  -c farver.cpp -o farver.o
g++ -std=gnu++11 -I"/usr/local/lib/R/include" -DNDEBUG   -I/usr/local/include    -fpic  -g -O2 -fstack-protector-strong -Wformat -Werror=format-security -Wdate-time -D_FORTIFY_SOURCE=2 -g  -c init.cpp -o init.o
g++ -std=gnu++11 -shared -L/usr/local/lib/R/lib -L/usr/local/lib -o farver.so ColorSpace.o Comparison.o Conversion.o encode.o farver.o init.o -L/usr/local/lib/R/lib -lR
installing to /tmp/tmp/built/00LOCK-farver/00new/farver/libs
** R
** byte-compile and prepare package for lazy loading
** help
*** installing help indices
*** copying figures
** building package indices
** testing if installed package can be loaded from temporary location
** checking absolute paths in shared objects and dynamic libraries
** testing if installed package can be loaded from final location
** testing if installed package keeps a record of temporary installation path
* creating tarball
packaged installation of ‘farver’ as ‘farver_2.1.1_R_x86_64-pc-linux-gnu.tar.gz’
* DONE (farver)
* installing *source* package ‘labeling’ ...
** package ‘labeling’ successfully unpacked and MD5 sums checked
** using staged installation
** R
** byte-compile and prepare package for lazy loading
** help
*** installing help indices
** building package indices
** testing if installed package can be loaded from temporary location
** testing if installed package can be loaded from final location
** testing if installed package keeps a record of temporary installation path
* creating tarball
packaged installation of ‘labeling’ as ‘labeling_0.4.3_R_x86_64-pc-linux-gnu.tar.gz’
* DONE (labeling)
* installing *source* package ‘RColorBrewer’ ...
** package ‘RColorBrewer’ successfully unpacked and MD5 sums checked
** using staged installation
** R
** inst
** byte-compile and prepare package for lazy loading
** help
*** installing help indices
** building package indices
** testing if installed package can be loaded from temporary location
** testing if installed package can be loaded from final location
** testing if installed package keeps a record of temporary installation path
* creating tarball
packaged installation of ‘RColorBrewer’ as ‘RColorBrewer_1.1-3_R_x86_64-pc-linux-gnu.tar.gz’
* DONE (RColorBrewer)
* installing *source* package ‘viridisLite’ ...
** package ‘viridisLite’ successfully unpacked and MD5 sums checked
** using staged installation
** R
** inst
** byte-compile and prepare package for lazy loading
** help
*** installing help indices
*** copying figures
** building package indices
** testing if installed package can be loaded from temporary location
** testing if installed package can be loaded from final location
** testing if installed package keeps a record of temporary installation path
* creating tarball
packaged installation of ‘viridisLite’ as ‘viridisLite_0.4.2_R_x86_64-pc-linux-gnu.tar.gz’
* DONE (viridisLite)
* installing *source* package ‘wavethresh’ ...
** package ‘wavethresh’ successfully unpacked and MD5 sums checked
** using staged installation
** libs
using C compiler: ‘gcc (Ubuntu 11.4.0-1ubuntu1~22.04) 11.4.0’
gcc -I"/usr/local/lib/R/include" -DNDEBUG   -I/usr/local/include    -fpic  -g -O2 -fstack-protector-strong -Wformat -Werror=format-security -Wdate-time -D_FORTIFY_SOURCE=2 -g  -c WAVDE.c -o WAVDE.o
gcc -I"/usr/local/lib/R/include" -DNDEBUG   -I/usr/local/include    -fpic  -g -O2 -fstack-protector-strong -Wformat -Werror=format-security -Wdate-time -D_FORTIFY_SOURCE=2 -g  -c cthreb.c -o cthreb.o
gcc -I"/usr/local/lib/R/include" -DNDEBUG   -I/usr/local/include    -fpic  -g -O2 -fstack-protector-strong -Wformat -Werror=format-security -Wdate-time -D_FORTIFY_SOURCE=2 -g  -c functions.c -o functions.o
gcc -I"/usr/local/lib/R/include" -DNDEBUG   -I/usr/local/include    -fpic  -g -O2 -fstack-protector-strong -Wformat -Werror=format-security -Wdate-time -D_FORTIFY_SOURCE=2 -g  -c wavethresh_init.c -o wavethresh_init.o
gcc -shared -L/usr/local/lib/R/lib -L/usr/local/lib -o wavethresh.so WAVDE.o cthreb.o functions.o wavethresh_init.o -L/usr/local/lib/R/lib -lR
installing to /tmp/tmp/built/00LOCK-wavethresh/00new/wavethresh/libs
** R
** data
** inst
** byte-compile and prepare package for lazy loading
** help
*** installing help indices
** building package indices
** testing if installed package can be loaded from temporary location
** checking absolute paths in shared objects and dynamic libraries
** testing if installed package can be loaded from final location
** testing if installed package keeps a record of temporary installation path
* creating tarball
packaged installation of ‘wavethresh’ as ‘wavethresh_4.7.2_R_x86_64-pc-linux-gnu.tar.gz’
* DONE (wavethresh)
* installing *source* package ‘pvclust’ ...
** package ‘pvclust’ successfully unpacked and MD5 sums checked
** using staged installation
** R
** data
** byte-compile and prepare package for lazy loading
** help
*** installing help indices
** building package indices
** testing if installed package can be loaded from temporary location
** testing if installed package can be loaded from final location
** testing if installed package keeps a record of temporary installation path
* creating tarball
packaged installation of ‘pvclust’ as ‘pvclust_2.2-0_R_x86_64-pc-linux-gnu.tar.gz’
* DONE (pvclust)
* installing *source* package ‘xts’ ...
** package ‘xts’ successfully unpacked and MD5 sums checked
** using staged installation
** libs
using C compiler: ‘gcc (Ubuntu 11.4.0-1ubuntu1~22.04) 11.4.0’
gcc -I"/usr/local/lib/R/include" -DNDEBUG -I../inst/include -I'/tmp/tmp/built/zoo/include' -I/usr/local/include    -fpic  -g -O2 -fstack-protector-strong -Wformat -Werror=format-security -Wdate-time -D_FORTIFY_SOURCE=2 -g  -c add_class.c -o add_class.o
gcc -I"/usr/local/lib/R/include" -DNDEBUG -I../inst/include -I'/tmp/tmp/built/zoo/include' -I/usr/local/include    -fpic  -g -O2 -fstack-protector-strong -Wformat -Werror=format-security -Wdate-time -D_FORTIFY_SOURCE=2 -g  -c any.c -o any.o
gcc -I"/usr/local/lib/R/include" -DNDEBUG -I../inst/include -I'/tmp/tmp/built/zoo/include' -I/usr/local/include    -fpic  -g -O2 -fstack-protector-strong -Wformat -Werror=format-security -Wdate-time -D_FORTIFY_SOURCE=2 -g  -c attr.c -o attr.o
gcc -I"/usr/local/lib/R/include" -DNDEBUG -I../inst/include -I'/tmp/tmp/built/zoo/include' -I/usr/local/include    -fpic  -g -O2 -fstack-protector-strong -Wformat -Werror=format-security -Wdate-time -D_FORTIFY_SOURCE=2 -g  -c binsearch.c -o binsearch.o
gcc -I"/usr/local/lib/R/include" -DNDEBUG -I../inst/include -I'/tmp/tmp/built/zoo/include' -I/usr/local/include    -fpic  -g -O2 -fstack-protector-strong -Wformat -Werror=format-security -Wdate-time -D_FORTIFY_SOURCE=2 -g  -c coredata.c -o coredata.o
gcc -I"/usr/local/lib/R/include" -DNDEBUG -I../inst/include -I'/tmp/tmp/built/zoo/include' -I/usr/local/include    -fpic  -g -O2 -fstack-protector-strong -Wformat -Werror=format-security -Wdate-time -D_FORTIFY_SOURCE=2 -g  -c dimnames.c -o dimnames.o
gcc -I"/usr/local/lib/R/include" -DNDEBUG -I../inst/include -I'/tmp/tmp/built/zoo/include' -I/usr/local/include    -fpic  -g -O2 -fstack-protector-strong -Wformat -Werror=format-security -Wdate-time -D_FORTIFY_SOURCE=2 -g  -c endpoints.c -o endpoints.o
gcc -I"/usr/local/lib/R/include" -DNDEBUG -I../inst/include -I'/tmp/tmp/built/zoo/include' -I/usr/local/include    -fpic  -g -O2 -fstack-protector-strong -Wformat -Werror=format-security -Wdate-time -D_FORTIFY_SOURCE=2 -g  -c extract_col.c -o extract_col.o
gcc -I"/usr/local/lib/R/include" -DNDEBUG -I../inst/include -I'/tmp/tmp/built/zoo/include' -I/usr/local/include    -fpic  -g -O2 -fstack-protector-strong -Wformat -Werror=format-security -Wdate-time -D_FORTIFY_SOURCE=2 -g  -c init.c -o init.o
gcc -I"/usr/local/lib/R/include" -DNDEBUG -I../inst/include -I'/tmp/tmp/built/zoo/include' -I/usr/local/include    -fpic  -g -O2 -fstack-protector-strong -Wformat -Werror=format-security -Wdate-time -D_FORTIFY_SOURCE=2 -g  -c isOrdered.c -o isOrdered.o
gcc -I"/usr/local/lib/R/include" -DNDEBUG -I../inst/include -I'/tmp/tmp/built/zoo/include' -I/usr/local/include    -fpic  -g -O2 -fstack-protector-strong -Wformat -Werror=format-security -Wdate-time -D_FORTIFY_SOURCE=2 -g  -c isXts.c -o isXts.o
gcc -I"/usr/local/lib/R/include" -DNDEBUG -I../inst/include -I'/tmp/tmp/built/zoo/include' -I/usr/local/include    -fpic  -g -O2 -fstack-protector-strong -Wformat -Werror=format-security -Wdate-time -D_FORTIFY_SOURCE=2 -g  -c lag.c -o lag.o
gcc -I"/usr/local/lib/R/include" -DNDEBUG -I../inst/include -I'/tmp/tmp/built/zoo/include' -I/usr/local/include    -fpic  -g -O2 -fstack-protector-strong -Wformat -Werror=format-security -Wdate-time -D_FORTIFY_SOURCE=2 -g  -c merge.c -o merge.o
gcc -I"/usr/local/lib/R/include" -DNDEBUG -I../inst/include -I'/tmp/tmp/built/zoo/include' -I/usr/local/include    -fpic  -g -O2 -fstack-protector-strong -Wformat -Werror=format-security -Wdate-time -D_FORTIFY_SOURCE=2 -g  -c na.c -o na.o
gcc -I"/usr/local/lib/R/include" -DNDEBUG -I../inst/include -I'/tmp/tmp/built/zoo/include' -I/usr/local/include    -fpic  -g -O2 -fstack-protector-strong -Wformat -Werror=format-security -Wdate-time -D_FORTIFY_SOURCE=2 -g  -c period_apply.c -o period_apply.o
gcc -I"/usr/local/lib/R/include" -DNDEBUG -I../inst/include -I'/tmp/tmp/built/zoo/include' -I/usr/local/include    -fpic  -g -O2 -fstack-protector-strong -Wformat -Werror=format-security -Wdate-time -D_FORTIFY_SOURCE=2 -g  -c period_arithmetic.c -o period_arithmetic.o
gcc -I"/usr/local/lib/R/include" -DNDEBUG -I../inst/include -I'/tmp/tmp/built/zoo/include' -I/usr/local/include    -fpic  -g -O2 -fstack-protector-strong -Wformat -Werror=format-security -Wdate-time -D_FORTIFY_SOURCE=2 -g  -c period_quantile.c -o period_quantile.o
gcc -I"/usr/local/lib/R/include" -DNDEBUG -I../inst/include -I'/tmp/tmp/built/zoo/include' -I/usr/local/include    -fpic  -g -O2 -fstack-protector-strong -Wformat -Werror=format-security -Wdate-time -D_FORTIFY_SOURCE=2 -g  -c rbind.c -o rbind.o
gcc -I"/usr/local/lib/R/include" -DNDEBUG -I../inst/include -I'/tmp/tmp/built/zoo/include' -I/usr/local/include    -fpic  -g -O2 -fstack-protector-strong -Wformat -Werror=format-security -Wdate-time -D_FORTIFY_SOURCE=2 -g  -c rollfun.c -o rollfun.o
gcc -I"/usr/local/lib/R/include" -DNDEBUG -I../inst/include -I'/tmp/tmp/built/zoo/include' -I/usr/local/include    -fpic  -g -O2 -fstack-protector-strong -Wformat -Werror=format-security -Wdate-time -D_FORTIFY_SOURCE=2 -g  -c runSum.c -o runSum.o
gcc -I"/usr/local/lib/R/include" -DNDEBUG -I../inst/include -I'/tmp/tmp/built/zoo/include' -I/usr/local/include    -fpic  -g -O2 -fstack-protector-strong -Wformat -Werror=format-security -Wdate-time -D_FORTIFY_SOURCE=2 -g  -c startofyear.c -o startofyear.o
gcc -I"/usr/local/lib/R/include" -DNDEBUG -I../inst/include -I'/tmp/tmp/built/zoo/include' -I/usr/local/include    -fpic  -g -O2 -fstack-protector-strong -Wformat -Werror=format-security -Wdate-time -D_FORTIFY_SOURCE=2 -g  -c subset.c -o subset.o
gcc -I"/usr/local/lib/R/include" -DNDEBUG -I../inst/include -I'/tmp/tmp/built/zoo/include' -I/usr/local/include    -fpic  -g -O2 -fstack-protector-strong -Wformat -Werror=format-security -Wdate-time -D_FORTIFY_SOURCE=2 -g  -c subset.old.c -o subset.old.o
gcc -I"/usr/local/lib/R/include" -DNDEBUG -I../inst/include -I'/tmp/tmp/built/zoo/include' -I/usr/local/include    -fpic  -g -O2 -fstack-protector-strong -Wformat -Werror=format-security -Wdate-time -D_FORTIFY_SOURCE=2 -g  -c toperiod.c -o toperiod.o
gcc -I"/usr/local/lib/R/include" -DNDEBUG -I../inst/include -I'/tmp/tmp/built/zoo/include' -I/usr/local/include    -fpic  -g -O2 -fstack-protector-strong -Wformat -Werror=format-security -Wdate-time -D_FORTIFY_SOURCE=2 -g  -c totalcols.c -o totalcols.o
gcc -I"/usr/local/lib/R/include" -DNDEBUG -I../inst/include -I'/tmp/tmp/built/zoo/include' -I/usr/local/include    -fpic  -g -O2 -fstack-protector-strong -Wformat -Werror=format-security -Wdate-time -D_FORTIFY_SOURCE=2 -g  -c tryXts.c -o tryXts.o
gcc -I"/usr/local/lib/R/include" -DNDEBUG -I../inst/include -I'/tmp/tmp/built/zoo/include' -I/usr/local/include    -fpic  -g -O2 -fstack-protector-strong -Wformat -Werror=format-security -Wdate-time -D_FORTIFY_SOURCE=2 -g  -c unique.time.c -o unique.time.o
gcc -shared -L/usr/local/lib/R/lib -L/usr/local/lib -o xts.so add_class.o any.o attr.o binsearch.o coredata.o dimnames.o endpoints.o extract_col.o init.o isOrdered.o isXts.o lag.o merge.o na.o period_apply.o period_arithmetic.o period_quantile.o rbind.o rollfun.o runSum.o startofyear.o subset.o subset.old.o toperiod.o totalcols.o tryXts.o unique.time.o -L/usr/local/lib/R/lib -lR
installing to /tmp/tmp/built/00LOCK-xts/00new/xts/libs
** R
** data
** inst
** byte-compile and prepare package for lazy loading
** help
*** installing help indices
** building package indices
** installing vignettes
** testing if installed package can be loaded from temporary location
** checking absolute paths in shared objects and dynamic libraries
** testing if installed package can be loaded from final location
** testing if installed package keeps a record of temporary installation path
* creating tarball
packaged installation of ‘xts’ as ‘xts_0.13.1_R_x86_64-pc-linux-gnu.tar.gz’
* DONE (xts)
ERROR: dependency ‘rlang’ is not available for package ‘lifecycle’
* removing ‘/tmp/tmp/built/lifecycle’
* installing *source* package ‘timeSeries’ ...
** package ‘timeSeries’ successfully unpacked and MD5 sums checked
** using staged installation
** R
** data
*** moving datasets to lazyload DB
** inst
** byte-compile and prepare package for lazy loading
Creating a generic function for ‘apply’ from package ‘base’ in package ‘timeSeries’
Creating a generic function for ‘attach’ from package ‘base’ in package ‘timeSeries’
Creating a generic function for ‘colnames’ from package ‘base’ in package ‘timeSeries’
Creating a generic function for ‘rownames’ from package ‘base’ in package ‘timeSeries’
Creating a generic function for ‘colnames<-’ from package ‘base’ in package ‘timeSeries’
Creating a generic function for ‘rownames<-’ from package ‘base’ in package ‘timeSeries’
Creating a generic function for ‘rank’ from package ‘base’ in package ‘timeSeries’
Creating a generic function for ‘comment’ from package ‘base’ in package ‘timeSeries’
Creating a generic function for ‘comment<-’ from package ‘base’ in package ‘timeSeries’
Creating a generic function for ‘is.unsorted’ from package ‘base’ in package ‘timeSeries’
Creating a generic function for ‘colSums’ from package ‘base’ in package ‘timeSeries’
Creating a generic function for ‘colMeans’ from package ‘base’ in package ‘timeSeries’
Creating a generic function for ‘filter’ from package ‘stats’ in package ‘timeSeries’
Creating a generic function for ‘setDataPart’ from package ‘methods’ in package ‘timeSeries’
** help
*** installing help indices
** building package indices
** installing vignettes
** testing if installed package can be loaded from temporary location
** testing if installed package can be loaded from final location
** testing if installed package keeps a record of temporary installation path
* creating tarball
packaged installation of ‘timeSeries’ as ‘timeSeries_4032.108_R_x86_64-pc-linux-gnu.tar.gz’
* DONE (timeSeries)
ERROR: dependency ‘Rcpp’ is not available for package ‘plyr’
* removing ‘/tmp/tmp/built/plyr’
* installing *source* package ‘munsell’ ...
** package ‘munsell’ successfully unpacked and MD5 sums checked
** using staged installation
** R
** inst
** byte-compile and prepare package for lazy loading
** help
*** installing help indices
*** copying figures
** building package indices
** testing if installed package can be loaded from temporary location
** testing if installed package can be loaded from final location
** testing if installed package keeps a record of temporary installation path
* creating tarball
packaged installation of ‘munsell’ as ‘munsell_0.5.0_R_x86_64-pc-linux-gnu.tar.gz’
* DONE (munsell)
* installing *source* package ‘changepoint’ ...
** package ‘changepoint’ successfully unpacked and MD5 sums checked
** using staged installation
** libs
using C compiler: ‘gcc (Ubuntu 11.4.0-1ubuntu1~22.04) 11.4.0’
gcc -I"/usr/local/lib/R/include" -DNDEBUG   -I/usr/local/include    -fpic  -g -O2 -fstack-protector-strong -Wformat -Werror=format-security -Wdate-time -D_FORTIFY_SOURCE=2 -g  -c BinSeg_one_func_minseglen.c -o BinSeg_one_func_minseglen.o
gcc -I"/usr/local/lib/R/include" -DNDEBUG   -I/usr/local/include    -fpic  -g -O2 -fstack-protector-strong -Wformat -Werror=format-security -Wdate-time -D_FORTIFY_SOURCE=2 -g  -c PELT_one_func_minseglen.c -o PELT_one_func_minseglen.o
gcc -I"/usr/local/lib/R/include" -DNDEBUG   -I/usr/local/include    -fpic  -g -O2 -fstack-protector-strong -Wformat -Werror=format-security -Wdate-time -D_FORTIFY_SOURCE=2 -g  -c changepoint_init.c -o changepoint_init.o
gcc -I"/usr/local/lib/R/include" -DNDEBUG   -I/usr/local/include    -fpic  -g -O2 -fstack-protector-strong -Wformat -Werror=format-security -Wdate-time -D_FORTIFY_SOURCE=2 -g  -c cost_general_functions.c -o cost_general_functions.o
gcc -shared -L/usr/local/lib/R/lib -L/usr/local/lib -o changepoint.so BinSeg_one_func_minseglen.o PELT_one_func_minseglen.o changepoint_init.o cost_general_functions.o -L/usr/local/lib/R/lib -lR
installing to /tmp/tmp/built/00LOCK-changepoint/00new/changepoint/libs
** R
** data
*** moving datasets to lazyload DB
** inst
** byte-compile and prepare package for lazy loading
Creating a new generic function for ‘acf’ in package ‘changepoint’
** help
*** installing help indices
** building package indices
** testing if installed package can be loaded from temporary location
** checking absolute paths in shared objects and dynamic libraries
** testing if installed package can be loaded from final location
** testing if installed package keeps a record of temporary installation path
* creating tarball
packaged installation of ‘changepoint’ as ‘changepoint_2.2.4_R_x86_64-pc-linux-gnu.tar.gz’
* DONE (changepoint)
* installing *source* package ‘TTR’ ...
** package ‘TTR’ successfully unpacked and MD5 sums checked
** using staged installation
** libs
using C compiler: ‘gcc (Ubuntu 11.4.0-1ubuntu1~22.04) 11.4.0’
gcc -I"/usr/local/lib/R/include" -DNDEBUG  -I'/tmp/tmp/built/xts/include' -I/usr/local/include    -fpic  -g -O2 -fstack-protector-strong -Wformat -Werror=format-security -Wdate-time -D_FORTIFY_SOURCE=2 -g  -c adjRatios.c -o adjRatios.o
gcc -I"/usr/local/lib/R/include" -DNDEBUG  -I'/tmp/tmp/built/xts/include' -I/usr/local/include    -fpic  -g -O2 -fstack-protector-strong -Wformat -Werror=format-security -Wdate-time -D_FORTIFY_SOURCE=2 -g  -c aroon.c -o aroon.o
gcc -I"/usr/local/lib/R/include" -DNDEBUG  -I'/tmp/tmp/built/xts/include' -I/usr/local/include    -fpic  -g -O2 -fstack-protector-strong -Wformat -Werror=format-security -Wdate-time -D_FORTIFY_SOURCE=2 -g  -c init.c -o init.o
gcc -I"/usr/local/lib/R/include" -DNDEBUG  -I'/tmp/tmp/built/xts/include' -I/usr/local/include    -fpic  -g -O2 -fstack-protector-strong -Wformat -Werror=format-security -Wdate-time -D_FORTIFY_SOURCE=2 -g  -c moving_averages.c -o moving_averages.o
gcc -I"/usr/local/lib/R/include" -DNDEBUG  -I'/tmp/tmp/built/xts/include' -I/usr/local/include    -fpic  -g -O2 -fstack-protector-strong -Wformat -Werror=format-security -Wdate-time -D_FORTIFY_SOURCE=2 -g  -c percent_rank.c -o percent_rank.o
gcc -I"/usr/local/lib/R/include" -DNDEBUG  -I'/tmp/tmp/built/xts/include' -I/usr/local/include    -fpic  -g -O2 -fstack-protector-strong -Wformat -Werror=format-security -Wdate-time -D_FORTIFY_SOURCE=2 -g  -c runfun.c -o runfun.o
gcc -I"/usr/local/lib/R/include" -DNDEBUG  -I'/tmp/tmp/built/xts/include' -I/usr/local/include    -fpic  -g -O2 -fstack-protector-strong -Wformat -Werror=format-security -Wdate-time -D_FORTIFY_SOURCE=2 -g  -c sar.c -o sar.o
gcc -I"/usr/local/lib/R/include" -DNDEBUG  -I'/tmp/tmp/built/xts/include' -I/usr/local/include    -fpic  -g -O2 -fstack-protector-strong -Wformat -Werror=format-security -Wdate-time -D_FORTIFY_SOURCE=2 -g  -c wilderSum.c -o wilderSum.o
gcc -I"/usr/local/lib/R/include" -DNDEBUG  -I'/tmp/tmp/built/xts/include' -I/usr/local/include    -fpic  -g -O2 -fstack-protector-strong -Wformat -Werror=format-security -Wdate-time -D_FORTIFY_SOURCE=2 -g  -c zigzag.c -o zigzag.o
gcc -shared -L/usr/local/lib/R/lib -L/usr/local/lib -o TTR.so adjRatios.o aroon.o init.o moving_averages.o percent_rank.o runfun.o sar.o wilderSum.o zigzag.o -L/usr/local/lib/R/lib -lR
installing to /tmp/tmp/built/00LOCK-TTR/00new/TTR/libs
** R
** data
** inst
** byte-compile and prepare package for lazy loading
** help
*** installing help indices
** building package indices
** testing if installed package can be loaded from temporary location
** checking absolute paths in shared objects and dynamic libraries
** testing if installed package can be loaded from final location
** testing if installed package keeps a record of temporary installation path
* creating tarball
packaged installation of ‘TTR’ as ‘TTR_0.24.4_R_x86_64-pc-linux-gnu.tar.gz’
* DONE (TTR)
ERROR: dependencies ‘lifecycle’, ‘rlang’ are not available for package ‘gtable’
* removing ‘/tmp/tmp/built/gtable’
ERROR: dependencies ‘lifecycle’, ‘rlang’ are not available for package ‘vctrs’
* removing ‘/tmp/tmp/built/vctrs’
* installing *source* package ‘fBasics’ ...
** package ‘fBasics’ successfully unpacked and MD5 sums checked
** using staged installation
** libs
using C compiler: ‘gcc (Ubuntu 11.4.0-1ubuntu1~22.04) 11.4.0’
gcc -I"/usr/local/lib/R/include" -DNDEBUG   -I/usr/local/include    -fpic  -g -O2 -fstack-protector-strong -Wformat -Werror=format-security -Wdate-time -D_FORTIFY_SOURCE=2 -g  -c gld.c -o gld.o
gcc -I"/usr/local/lib/R/include" -DNDEBUG   -I/usr/local/include    -fpic  -g -O2 -fstack-protector-strong -Wformat -Werror=format-security -Wdate-time -D_FORTIFY_SOURCE=2 -g  -c init.c -o init.o
gcc -I"/usr/local/lib/R/include" -DNDEBUG   -I/usr/local/include    -fpic  -g -O2 -fstack-protector-strong -Wformat -Werror=format-security -Wdate-time -D_FORTIFY_SOURCE=2 -g  -c nig.c -o nig.o
gcc -shared -L/usr/local/lib/R/lib -L/usr/local/lib -o fBasics.so gld.o init.o nig.o -lblas -lgfortran -lm -lquadmath -L/usr/local/lib/R/lib -lR
installing to /tmp/tmp/built/00LOCK-fBasics/00new/fBasics/libs
** R
** data
*** moving datasets to lazyload DB
** inst
** byte-compile and prepare package for lazy loading
** help
*** installing help indices
** building package indices
** testing if installed package can be loaded from temporary location
** checking absolute paths in shared objects and dynamic libraries
** testing if installed package can be loaded from final location
** testing if installed package keeps a record of temporary installation path
* creating tarball
packaged installation of ‘fBasics’ as ‘fBasics_4032.96_R_x86_64-pc-linux-gnu.tar.gz’
* DONE (fBasics)
ERROR: dependency ‘plyr’ is not available for package ‘reshape’
* removing ‘/tmp/tmp/built/reshape’
ERROR: dependencies ‘lifecycle’, ‘rlang’ are not available for package ‘scales’
* removing ‘/tmp/tmp/built/scales’
ERROR: dependencies ‘lifecycle’, ‘rlang’, ‘vctrs’ are not available for package ‘pillar’
* removing ‘/tmp/tmp/built/pillar’
* installing *source* package ‘quantmod’ ...
** package ‘quantmod’ successfully unpacked and MD5 sums checked
** using staged installation
** R
** demo
** byte-compile and prepare package for lazy loading
** help
*** installing help indices
** building package indices
** testing if installed package can be loaded from temporary location
** testing if installed package can be loaded from final location
** testing if installed package keeps a record of temporary installation path
* creating tarball
packaged installation of ‘quantmod’ as ‘quantmod_0.4.25_R_x86_64-pc-linux-gnu.tar.gz’
* DONE (quantmod)
ERROR: dependencies ‘lifecycle’, ‘pillar’, ‘rlang’, ‘vctrs’ are not available for package ‘tibble’
* removing ‘/tmp/tmp/built/tibble’
* installing *source* package ‘tseries’ ...
** package ‘tseries’ successfully unpacked and MD5 sums checked
** using staged installation
** libs
using C compiler: ‘gcc (Ubuntu 11.4.0-1ubuntu1~22.04) 11.4.0’
using Fortran compiler: ‘GNU Fortran (Ubuntu 11.4.0-1ubuntu1~22.04) 11.4.0’
gcc -I"/usr/local/lib/R/include" -DNDEBUG   -I/usr/local/include    -fpic  -g -O2 -fstack-protector-strong -Wformat -Werror=format-security -Wdate-time -D_FORTIFY_SOURCE=2 -g  -c arma.c -o arma.o
gcc -I"/usr/local/lib/R/include" -DNDEBUG   -I/usr/local/include    -fpic  -g -O2 -fstack-protector-strong -Wformat -Werror=format-security -Wdate-time -D_FORTIFY_SOURCE=2 -g  -c bdstest.c -o bdstest.o
gcc -I"/usr/local/lib/R/include" -DNDEBUG   -I/usr/local/include    -fpic  -g -O2 -fstack-protector-strong -Wformat -Werror=format-security -Wdate-time -D_FORTIFY_SOURCE=2 -g  -c boot.c -o boot.o
gfortran  -fpic  -g -O2  -c  cfuncs.f90 -o cfuncs.o
gfortran  -fpic  -g -O2  -c dsumsl.f -o dsumsl.o
dsumsl.f:1004:72:

 1004 |  10      W(I) = A*X(I) + Y(I)
      |                                                                        1
Warning: Fortran 2018 deleted feature: DO termination statement which is not END DO or CONTINUE with label 10 at (1)
dsumsl.f:1123:72:

 1123 |  10      Y(I) = S
      |                                                                        1
Warning: Fortran 2018 deleted feature: DO termination statement which is not END DO or CONTINUE with label 10 at (1)
dsumsl.f:1137:72:

 1137 |  10      X(I) = Y(I) / Z(I)
      |                                                                        1
Warning: Fortran 2018 deleted feature: DO termination statement which is not END DO or CONTINUE with label 10 at (1)
dsumsl.f:1141:72:

 1141 |  30      X(I) = Y(I) * Z(I)
      |                                                                        1
Warning: Fortran 2018 deleted feature: DO termination statement which is not END DO or CONTINUE with label 30 at (1)
dsumsl.f:1224:72:

 1224 |  30      Z(I) = CY * Z(I)  -  CS * W(I)
      |                                                                        1
Warning: Fortran 2018 deleted feature: DO termination statement which is not END DO or CONTINUE with label 30 at (1)
dsumsl.f:1908:72:

 1908 |  10      STEP(I) = G(I) / GNORM
      |                                                                        1
Warning: Fortran 2018 deleted feature: DO termination statement which is not END DO or CONTINUE with label 10 at (1)
dsumsl.f:1923:72:

 1923 |  20           STEP(I) = -NWTSTP(I)
      |                                                                        1
Warning: Fortran 2018 deleted feature: DO termination statement which is not END DO or CONTINUE with label 20 at (1)
dsumsl.f:1941:72:

 1941 |  40           STEP(I) = T * NWTSTP(I)
      |                                                                        1
Warning: Fortran 2018 deleted feature: DO termination statement which is not END DO or CONTINUE with label 40 at (1)
dsumsl.f:1955:72:

 1955 |  60           STEP(I) = T * DIG(I)
      |                                                                        1
Warning: Fortran 2018 deleted feature: DO termination statement which is not END DO or CONTINUE with label 60 at (1)
dsumsl.f:1982:72:

 1982 |  80      STEP(I) = T1*DIG(I) + T2*NWTSTP(I)
      |                                                                        1
Warning: Fortran 2018 deleted feature: DO termination statement which is not END DO or CONTINUE with label 80 at (1)
dsumsl.f:2226:72:

 2226 |  10      X(I) = Y(I)
      |                                                                        1
Warning: Fortran 2018 deleted feature: DO termination statement which is not END DO or CONTINUE with label 10 at (1)
gcc -I"/usr/local/lib/R/include" -DNDEBUG   -I/usr/local/include    -fpic  -g -O2 -fstack-protector-strong -Wformat -Werror=format-security -Wdate-time -D_FORTIFY_SOURCE=2 -g  -c formats.c -o formats.o
gcc -I"/usr/local/lib/R/include" -DNDEBUG   -I/usr/local/include    -fpic  -g -O2 -fstack-protector-strong -Wformat -Werror=format-security -Wdate-time -D_FORTIFY_SOURCE=2 -g  -c garch.c -o garch.o
gcc -I"/usr/local/lib/R/include" -DNDEBUG   -I/usr/local/include    -fpic  -g -O2 -fstack-protector-strong -Wformat -Werror=format-security -Wdate-time -D_FORTIFY_SOURCE=2 -g  -c init.c -o init.o
gcc -I"/usr/local/lib/R/include" -DNDEBUG   -I/usr/local/include    -fpic  -g -O2 -fstack-protector-strong -Wformat -Werror=format-security -Wdate-time -D_FORTIFY_SOURCE=2 -g  -c ppsum.c -o ppsum.o
gcc -I"/usr/local/lib/R/include" -DNDEBUG   -I/usr/local/include    -fpic  -g -O2 -fstack-protector-strong -Wformat -Werror=format-security -Wdate-time -D_FORTIFY_SOURCE=2 -g  -c tsutils.c -o tsutils.o
gcc -shared -L/usr/local/lib/R/lib -L/usr/local/lib -o tseries.so arma.o bdstest.o boot.o cfuncs.o dsumsl.o formats.o garch.o init.o ppsum.o tsutils.o -lblas -lgfortran -lm -lquadmath -lgfortran -lm -lquadmath -L/usr/local/lib/R/lib -lR
installing to /tmp/tmp/built/00LOCK-tseries/00new/tseries/libs
** R
** data
** byte-compile and prepare package for lazy loading
** help
*** installing help indices
** building package indices
** testing if installed package can be loaded from temporary location
** checking absolute paths in shared objects and dynamic libraries
** testing if installed package can be loaded from final location
** testing if installed package keeps a record of temporary installation path
* creating tarball
packaged installation of ‘tseries’ as ‘tseries_0.10-55_R_x86_64-pc-linux-gnu.tar.gz’
* DONE (tseries)
ERROR: dependencies ‘gtable’, ‘lifecycle’, ‘rlang’, ‘scales’, ‘tibble’, ‘vctrs’ are not available for package ‘ggplot2’
* removing ‘/tmp/tmp/built/ggplot2’
ERROR: dependencies ‘ggplot2’, ‘reshape’, ‘scales’ are not available for package ‘deltaGseg’
* removing ‘/tmp/tmp/built/deltaGseg’

The downloaded source packages are in
	‘/tmp/RtmpifXbBL/downloaded_packages’
There were 12 warnings (use warnings() to see them)

real	2m37.966s
user	2m24.514s
sys	0m21.617s
