+ Rscript -e 'Sys.setenv(BIOCONDUCTOR_USE_CONTAINER_REPOSITORY=FALSE); p <- .libPaths(); p <- c('\''/tmp/tmp/built'\'', p); .libPaths(p); if(BiocManager::install('\''GeneGA'\'', INSTALL_opts = '\''--build'\'', update = TRUE, quiet = FALSE, dependencies=TRUE, force = TRUE, keep_outputs = TRUE) %in% rownames(installed.packages())) q(status = 0) else q(status = 1)'
'getOption("repos")' replaces Bioconductor standard repositories, see
'help("repositories", package = "BiocManager")' for details.
Replacement repositories:
    CRAN: https://cloud.r-project.org
Bioconductor version 3.19 (BiocManager 1.30.22), R Under development (unstable)
  (2024-01-03 r85769)
Installing package(s) 'GeneGA'
also installing the dependencies ‘pixmap’, ‘sp’, ‘Rcpp’, ‘RcppArmadillo’, ‘ade4’, ‘segmented’, ‘seqinr’, ‘hash’

trying URL 'https://cloud.r-project.org/src/contrib/pixmap_0.4-12.tar.gz'
Content type 'application/x-gzip' length 34637 bytes (33 KB)
==================================================
downloaded 33 KB

trying URL 'https://cloud.r-project.org/src/contrib/sp_2.1-2.tar.gz'
Content type 'application/x-gzip' length 1244662 bytes (1.2 MB)
==================================================
downloaded 1.2 MB

trying URL 'https://cloud.r-project.org/src/contrib/Rcpp_1.0.11.tar.gz'
Content type 'application/x-gzip' length 2994004 bytes (2.9 MB)
==================================================
downloaded 2.9 MB

trying URL 'https://cloud.r-project.org/src/contrib/RcppArmadillo_0.12.6.6.1.tar.gz'
Content type 'application/x-gzip' length 1403301 bytes (1.3 MB)
==================================================
downloaded 1.3 MB

trying URL 'https://cloud.r-project.org/src/contrib/ade4_1.7-22.tar.gz'
Content type 'application/x-gzip' length 3365194 bytes (3.2 MB)
==================================================
downloaded 3.2 MB

trying URL 'https://cloud.r-project.org/src/contrib/segmented_2.0-1.tar.gz'
Content type 'application/x-gzip' length 255922 bytes (249 KB)
==================================================
downloaded 249 KB

trying URL 'https://cloud.r-project.org/src/contrib/seqinr_4.2-36.tar.gz'
Content type 'application/x-gzip' length 3539927 bytes (3.4 MB)
==================================================
downloaded 3.4 MB

trying URL 'https://cloud.r-project.org/src/contrib/hash_2.2.6.3.tar.gz'
Content type 'application/x-gzip' length 17257 bytes (16 KB)
==================================================
downloaded 16 KB

trying URL 'https://bioconductor.org/packages/3.19/bioc/src/contrib/GeneGA_1.53.0.tar.gz'
Content type 'application/x-gzip' length 232417 bytes (226 KB)
==================================================
downloaded 226 KB

* installing *source* package ‘pixmap’ ...
** package ‘pixmap’ successfully unpacked and MD5 sums checked
** using staged installation
** R
** inst
** byte-compile and prepare package for lazy loading
** help
*** installing help indices
** building package indices
** testing if installed package can be loaded from temporary location
** testing if installed package can be loaded from final location
** testing if installed package keeps a record of temporary installation path
* creating tarball
packaged installation of ‘pixmap’ as ‘pixmap_0.4-12_R_x86_64-pc-linux-gnu.tar.gz’
* DONE (pixmap)
* installing *source* package ‘sp’ ...
** package ‘sp’ successfully unpacked and MD5 sums checked
** using staged installation
** libs
using C compiler: ‘gcc (Ubuntu 11.4.0-1ubuntu1~22.04) 11.4.0’
gcc -I"/usr/local/lib/R/include" -DNDEBUG   -I/usr/local/include    -fpic  -g -O2 -fstack-protector-strong -Wformat -Werror=format-security -Wdate-time -D_FORTIFY_SOURCE=2 -g  -c Rcentroid.c -o Rcentroid.o
gcc -I"/usr/local/lib/R/include" -DNDEBUG   -I/usr/local/include    -fpic  -g -O2 -fstack-protector-strong -Wformat -Werror=format-security -Wdate-time -D_FORTIFY_SOURCE=2 -g  -c gcdist.c -o gcdist.o
gcc -I"/usr/local/lib/R/include" -DNDEBUG   -I/usr/local/include    -fpic  -g -O2 -fstack-protector-strong -Wformat -Werror=format-security -Wdate-time -D_FORTIFY_SOURCE=2 -g  -c init.c -o init.o
gcc -I"/usr/local/lib/R/include" -DNDEBUG   -I/usr/local/include    -fpic  -g -O2 -fstack-protector-strong -Wformat -Werror=format-security -Wdate-time -D_FORTIFY_SOURCE=2 -g  -c pip.c -o pip.o
gcc -I"/usr/local/lib/R/include" -DNDEBUG   -I/usr/local/include    -fpic  -g -O2 -fstack-protector-strong -Wformat -Werror=format-security -Wdate-time -D_FORTIFY_SOURCE=2 -g  -c pip2.c -o pip2.o
gcc -I"/usr/local/lib/R/include" -DNDEBUG   -I/usr/local/include    -fpic  -g -O2 -fstack-protector-strong -Wformat -Werror=format-security -Wdate-time -D_FORTIFY_SOURCE=2 -g  -c sp_xports.c -o sp_xports.o
gcc -I"/usr/local/lib/R/include" -DNDEBUG   -I/usr/local/include    -fpic  -g -O2 -fstack-protector-strong -Wformat -Werror=format-security -Wdate-time -D_FORTIFY_SOURCE=2 -g  -c surfaceArea.c -o surfaceArea.o
gcc -I"/usr/local/lib/R/include" -DNDEBUG   -I/usr/local/include    -fpic  -g -O2 -fstack-protector-strong -Wformat -Werror=format-security -Wdate-time -D_FORTIFY_SOURCE=2 -g  -c zerodist.c -o zerodist.o
gcc -shared -L/usr/local/lib/R/lib -L/usr/local/lib -o sp.so Rcentroid.o gcdist.o init.o pip.o pip2.o sp_xports.o surfaceArea.o zerodist.o -L/usr/local/lib/R/lib -lR
installing to /tmp/tmp/built/00LOCK-sp/00new/sp/libs
** R
** data
** demo
** inst
** byte-compile and prepare package for lazy loading
** help
*** installing help indices
** building package indices
** installing vignettes
** testing if installed package can be loaded from temporary location
** checking absolute paths in shared objects and dynamic libraries
** testing if installed package can be loaded from final location
** testing if installed package keeps a record of temporary installation path
* creating tarball
packaged installation of ‘sp’ as ‘sp_2.1-2_R_x86_64-pc-linux-gnu.tar.gz’
* DONE (sp)
* installing *source* package ‘Rcpp’ ...
** package ‘Rcpp’ successfully unpacked and MD5 sums checked
** using staged installation
** libs
using C++ compiler: ‘g++ (Ubuntu 11.4.0-1ubuntu1~22.04) 11.4.0’
g++ -std=gnu++17 -I"/usr/local/lib/R/include" -DNDEBUG -I../inst/include/  -I/usr/local/include    -fpic  -g -O2 -fstack-protector-strong -Wformat -Werror=format-security -Wdate-time -D_FORTIFY_SOURCE=2 -g  -c api.cpp -o api.o
In file included from ../inst/include/Rcpp/routines.h:26,
                 from ../inst/include/RcppCommon.h:128,
                 from ../inst/include/Rcpp.h:27,
                 from api.cpp:26:
../inst/include/Rcpp/iostream/Rstreambuf.h: In member function ‘std::streamsize Rcpp::Rstreambuf<OUTPUT>::xsputn(const char*, std::streamsize) [with bool OUTPUT = true; std::streamsize = long int]’:
../inst/include/Rcpp/iostream/Rstreambuf.h:53:20: warning: field precision specifier ‘.*’ expects argument of type ‘int’, but argument 2 has type ‘std::streamsize’ {aka ‘long int’} [-Wformat=]
   53 |         Rprintf("%.*s", num, s);
      |                  ~~^~   ~~~
      |                    |    |
      |                    int  std::streamsize {aka long int}
../inst/include/Rcpp/iostream/Rstreambuf.h: In member function ‘std::streamsize Rcpp::Rstreambuf<OUTPUT>::xsputn(const char*, std::streamsize) [with bool OUTPUT = false; std::streamsize = long int]’:
../inst/include/Rcpp/iostream/Rstreambuf.h:57:21: warning: field precision specifier ‘.*’ expects argument of type ‘int’, but argument 2 has type ‘std::streamsize’ {aka ‘long int’} [-Wformat=]
   57 |         REprintf("%.*s", num, s);
      |                   ~~^~   ~~~
      |                     |    |
      |                     int  std::streamsize {aka long int}
In file included from ../inst/include/RcppCommon.h:181,
                 from ../inst/include/Rcpp.h:27,
                 from api.cpp:26:
../inst/include/Rcpp/print.h: In function ‘void Rcpp::warningcall(SEXP, const string&)’:
../inst/include/Rcpp/print.h:30:19: error: format not a string literal and no format arguments [-Werror=format-security]
   30 |     Rf_warningcall(call, s.c_str());
      |     ~~~~~~~~~~~~~~^~~~~~~~~~~~~~~~~
cc1plus: some warnings being treated as errors
make: *** [/usr/local/lib/R/etc/Makeconf:200: api.o] Error 1
ERROR: compilation failed for package ‘Rcpp’
* removing ‘/tmp/tmp/built/Rcpp’
* installing *source* package ‘segmented’ ...
** package ‘segmented’ successfully unpacked and MD5 sums checked
** using staged installation
** R
** data
** inst
** byte-compile and prepare package for lazy loading
** help
*** installing help indices
** building package indices
** testing if installed package can be loaded from temporary location
** testing if installed package can be loaded from final location
** testing if installed package keeps a record of temporary installation path
* creating tarball
packaged installation of ‘segmented’ as ‘segmented_2.0-1_R_x86_64-pc-linux-gnu.tar.gz’
* DONE (segmented)
* installing *source* package ‘hash’ ...
** package ‘hash’ successfully unpacked and MD5 sums checked
** using staged installation
** R
** demo
** byte-compile and prepare package for lazy loading
** help
*** installing help indices
** building package indices
** testing if installed package can be loaded from temporary location
** testing if installed package can be loaded from final location
** testing if installed package keeps a record of temporary installation path
* creating tarball
packaged installation of ‘hash’ as ‘hash_2.2.6.3_R_x86_64-pc-linux-gnu.tar.gz’
* DONE (hash)
ERROR: dependency ‘Rcpp’ is not available for package ‘RcppArmadillo’
* removing ‘/tmp/tmp/built/RcppArmadillo’
ERROR: dependencies ‘Rcpp’, ‘RcppArmadillo’ are not available for package ‘ade4’
* removing ‘/tmp/tmp/built/ade4’
ERROR: dependency ‘ade4’ is not available for package ‘seqinr’
* removing ‘/tmp/tmp/built/seqinr’
ERROR: dependency ‘seqinr’ is not available for package ‘GeneGA’
* removing ‘/tmp/tmp/built/GeneGA’

The downloaded source packages are in
	‘/tmp/Rtmpay9fXu/downloaded_packages’
Warning messages:
1: In install.packages(...) :
  installation of package ‘Rcpp’ had non-zero exit status
2: In install.packages(...) :
  installation of package ‘RcppArmadillo’ had non-zero exit status
3: In install.packages(...) :
  installation of package ‘ade4’ had non-zero exit status
4: In install.packages(...) :
  installation of package ‘seqinr’ had non-zero exit status
5: In install.packages(...) :
  installation of package ‘GeneGA’ had non-zero exit status

real	0m31.746s
user	0m26.808s
sys	0m4.874s
