+ Rscript -e 'Sys.setenv(BIOCONDUCTOR_USE_CONTAINER_REPOSITORY=FALSE); p <- .libPaths(); p <- c('\''/tmp/tmp/built'\'', p); .libPaths(p); if(BiocManager::install('\''hierinf'\'', INSTALL_opts = '\''--build'\'', update = TRUE, quiet = FALSE, dependencies=TRUE, force = TRUE, keep_outputs = TRUE) %in% rownames(installed.packages())) q(status = 0) else q(status = 1)'
'getOption("repos")' replaces Bioconductor standard repositories, see
'help("repositories", package = "BiocManager")' for details.
Replacement repositories:
    CRAN: https://cloud.r-project.org
Bioconductor version 3.19 (BiocManager 1.30.22), R Under development (unstable)
  (2024-01-03 r85769)
Installing package(s) 'hierinf'
also installing the dependencies ‘pillar’, ‘vctrs’, ‘iterators’, ‘rematch2’, ‘tibble’, ‘foreach’, ‘shape’, ‘Rcpp’, ‘RcppEigen’, ‘lifecycle’, ‘pkgload’, ‘rlang’, ‘waldo’, ‘fmsb’, ‘glmnet’, ‘testthat’

trying URL 'https://cloud.r-project.org/src/contrib/pillar_1.9.0.tar.gz'
Content type 'application/x-gzip' length 444528 bytes (434 KB)
==================================================
downloaded 434 KB

trying URL 'https://cloud.r-project.org/src/contrib/vctrs_0.6.5.tar.gz'
Content type 'application/x-gzip' length 969066 bytes (946 KB)
==================================================
downloaded 946 KB

trying URL 'https://cloud.r-project.org/src/contrib/iterators_1.0.14.tar.gz'
Content type 'application/x-gzip' length 300266 bytes (293 KB)
==================================================
downloaded 293 KB

trying URL 'https://cloud.r-project.org/src/contrib/rematch2_2.1.2.tar.gz'
Content type 'application/x-gzip' length 13366 bytes (13 KB)
==================================================
downloaded 13 KB

trying URL 'https://cloud.r-project.org/src/contrib/tibble_3.2.1.tar.gz'
Content type 'application/x-gzip' length 565982 bytes (552 KB)
==================================================
downloaded 552 KB

trying URL 'https://cloud.r-project.org/src/contrib/foreach_1.5.2.tar.gz'
Content type 'application/x-gzip' length 89758 bytes (87 KB)
==================================================
downloaded 87 KB

trying URL 'https://cloud.r-project.org/src/contrib/shape_1.4.6.tar.gz'
Content type 'application/x-gzip' length 677262 bytes (661 KB)
==================================================
downloaded 661 KB

trying URL 'https://cloud.r-project.org/src/contrib/Rcpp_1.0.11.tar.gz'
Content type 'application/x-gzip' length 2994004 bytes (2.9 MB)
==================================================
downloaded 2.9 MB

trying URL 'https://cloud.r-project.org/src/contrib/RcppEigen_0.3.3.9.4.tar.gz'
Content type 'application/x-gzip' length 1451521 bytes (1.4 MB)
==================================================
downloaded 1.4 MB

trying URL 'https://cloud.r-project.org/src/contrib/lifecycle_1.0.4.tar.gz'
Content type 'application/x-gzip' length 107656 bytes (105 KB)
==================================================
downloaded 105 KB

trying URL 'https://cloud.r-project.org/src/contrib/pkgload_1.3.3.tar.gz'
Content type 'application/x-gzip' length 77929 bytes (76 KB)
==================================================
downloaded 76 KB

trying URL 'https://cloud.r-project.org/src/contrib/rlang_1.1.2.tar.gz'
Content type 'application/x-gzip' length 763521 bytes (745 KB)
==================================================
downloaded 745 KB

trying URL 'https://cloud.r-project.org/src/contrib/waldo_0.5.2.tar.gz'
Content type 'application/x-gzip' length 39711 bytes (38 KB)
==================================================
downloaded 38 KB

trying URL 'https://cloud.r-project.org/src/contrib/fmsb_0.7.5.tar.gz'
Content type 'application/x-gzip' length 134450 bytes (131 KB)
==================================================
downloaded 131 KB

trying URL 'https://cloud.r-project.org/src/contrib/glmnet_4.1-8.tar.gz'
Content type 'application/x-gzip' length 2439515 bytes (2.3 MB)
==================================================
downloaded 2.3 MB

trying URL 'https://cloud.r-project.org/src/contrib/testthat_3.2.1.tar.gz'
Content type 'application/x-gzip' length 739745 bytes (722 KB)
==================================================
downloaded 722 KB

trying URL 'https://bioconductor.org/packages/3.19/bioc/src/contrib/hierinf_1.21.0.tar.gz'
Content type 'application/x-gzip' length 435376 bytes (425 KB)
==================================================
downloaded 425 KB

* installing *source* package ‘iterators’ ...
** package ‘iterators’ successfully unpacked and MD5 sums checked
** using staged installation
** R
** inst
** byte-compile and prepare package for lazy loading
** help
*** installing help indices
** building package indices
** installing vignettes
** testing if installed package can be loaded from temporary location
** testing if installed package can be loaded from final location
** testing if installed package keeps a record of temporary installation path
* creating tarball
packaged installation of ‘iterators’ as ‘iterators_1.0.14_R_x86_64-pc-linux-gnu.tar.gz’
* DONE (iterators)
* installing *source* package ‘shape’ ...
** package ‘shape’ successfully unpacked and MD5 sums checked
** using staged installation
** R
** demo
** inst
** byte-compile and prepare package for lazy loading
** help
*** installing help indices
** building package indices
** installing vignettes
** testing if installed package can be loaded from temporary location
** testing if installed package can be loaded from final location
** testing if installed package keeps a record of temporary installation path
* creating tarball
packaged installation of ‘shape’ as ‘shape_1.4.6_R_x86_64-pc-linux-gnu.tar.gz’
* DONE (shape)
* installing *source* package ‘Rcpp’ ...
** package ‘Rcpp’ successfully unpacked and MD5 sums checked
** using staged installation
** libs
using C++ compiler: ‘g++ (Ubuntu 11.4.0-1ubuntu1~22.04) 11.4.0’
g++ -std=gnu++17 -I"/usr/local/lib/R/include" -DNDEBUG -I../inst/include/  -I/usr/local/include    -fpic  -g -O2 -fstack-protector-strong -Wformat -Werror=format-security -Wdate-time -D_FORTIFY_SOURCE=2 -g  -c api.cpp -o api.o
In file included from ../inst/include/Rcpp/routines.h:26,
                 from ../inst/include/RcppCommon.h:128,
                 from ../inst/include/Rcpp.h:27,
                 from api.cpp:26:
../inst/include/Rcpp/iostream/Rstreambuf.h: In member function ‘std::streamsize Rcpp::Rstreambuf<OUTPUT>::xsputn(const char*, std::streamsize) [with bool OUTPUT = true; std::streamsize = long int]’:
../inst/include/Rcpp/iostream/Rstreambuf.h:53:20: warning: field precision specifier ‘.*’ expects argument of type ‘int’, but argument 2 has type ‘std::streamsize’ {aka ‘long int’} [-Wformat=]
   53 |         Rprintf("%.*s", num, s);
      |                  ~~^~   ~~~
      |                    |    |
      |                    int  std::streamsize {aka long int}
../inst/include/Rcpp/iostream/Rstreambuf.h: In member function ‘std::streamsize Rcpp::Rstreambuf<OUTPUT>::xsputn(const char*, std::streamsize) [with bool OUTPUT = false; std::streamsize = long int]’:
../inst/include/Rcpp/iostream/Rstreambuf.h:57:21: warning: field precision specifier ‘.*’ expects argument of type ‘int’, but argument 2 has type ‘std::streamsize’ {aka ‘long int’} [-Wformat=]
   57 |         REprintf("%.*s", num, s);
      |                   ~~^~   ~~~
      |                     |    |
      |                     int  std::streamsize {aka long int}
In file included from ../inst/include/RcppCommon.h:181,
                 from ../inst/include/Rcpp.h:27,
                 from api.cpp:26:
../inst/include/Rcpp/print.h: In function ‘void Rcpp::warningcall(SEXP, const string&)’:
../inst/include/Rcpp/print.h:30:19: error: format not a string literal and no format arguments [-Werror=format-security]
   30 |     Rf_warningcall(call, s.c_str());
      |     ~~~~~~~~~~~~~~^~~~~~~~~~~~~~~~~
cc1plus: some warnings being treated as errors
make: *** [/usr/local/lib/R/etc/Makeconf:200: api.o] Error 1
ERROR: compilation failed for package ‘Rcpp’
* removing ‘/tmp/tmp/built/Rcpp’
* installing *source* package ‘rlang’ ...
** package ‘rlang’ successfully unpacked and MD5 sums checked
** using staged installation
** libs
using C compiler: ‘gcc (Ubuntu 11.4.0-1ubuntu1~22.04) 11.4.0’
gcc -I"/usr/local/lib/R/include" -DNDEBUG -I./rlang/  -I/usr/local/include   -fvisibility=hidden -fpic  -g -O2 -fstack-protector-strong -Wformat -Werror=format-security -Wdate-time -D_FORTIFY_SOURCE=2 -g  -c capture.c -o capture.o
gcc -I"/usr/local/lib/R/include" -DNDEBUG -I./rlang/  -I/usr/local/include   -fvisibility=hidden -fpic  -g -O2 -fstack-protector-strong -Wformat -Werror=format-security -Wdate-time -D_FORTIFY_SOURCE=2 -g  -c internal.c -o internal.o
In file included from internal/internal.c:32,
                 from internal.c:1:
internal/tests.c: In function ‘ffi_test_Rf_warning’:
internal/tests.c:104:3: error: format not a string literal and no format arguments [-Werror=format-security]
  104 |   Rf_warning(r_chr_get_c_string(msg, 0));
      |   ^~~~~~~~~~
internal/tests.c: In function ‘ffi_test_Rf_error’:
internal/tests.c:108:3: error: format not a string literal and no format arguments [-Werror=format-security]
  108 |   Rf_error(r_chr_get_c_string(msg, 0));
      |   ^~~~~~~~
internal/tests.c: In function ‘ffi_test_Rf_warningcall’:
internal/tests.c:113:3: error: format not a string literal and no format arguments [-Werror=format-security]
  113 |   Rf_warningcall(call, r_chr_get_c_string(msg, 0));
      |   ^~~~~~~~~~~~~~
internal/tests.c: In function ‘ffi_test_Rf_errorcall’:
internal/tests.c:117:3: error: format not a string literal and no format arguments [-Werror=format-security]
  117 |   Rf_errorcall(call, r_chr_get_c_string(msg, 0));
      |   ^~~~~~~~~~~~
cc1: some warnings being treated as errors
make: *** [/usr/local/lib/R/etc/Makeconf:191: internal.o] Error 1
ERROR: compilation failed for package ‘rlang’
* removing ‘/tmp/tmp/built/rlang’
* installing *source* package ‘fmsb’ ...
** package ‘fmsb’ successfully unpacked and MD5 sums checked
** using staged installation
** R
** byte-compile and prepare package for lazy loading
** help
*** installing help indices
** building package indices
** testing if installed package can be loaded from temporary location
** testing if installed package can be loaded from final location
** testing if installed package keeps a record of temporary installation path
* creating tarball
packaged installation of ‘fmsb’ as ‘fmsb_0.7.5_R_x86_64-pc-linux-gnu.tar.gz’
* DONE (fmsb)
* installing *source* package ‘foreach’ ...
** package ‘foreach’ successfully unpacked and MD5 sums checked
** using staged installation
** R
** demo
** inst
** byte-compile and prepare package for lazy loading
** help
*** installing help indices
** building package indices
** installing vignettes
** testing if installed package can be loaded from temporary location
** testing if installed package can be loaded from final location
** testing if installed package keeps a record of temporary installation path
* creating tarball
packaged installation of ‘foreach’ as ‘foreach_1.5.2_R_x86_64-pc-linux-gnu.tar.gz’
* DONE (foreach)
ERROR: dependency ‘Rcpp’ is not available for package ‘RcppEigen’
* removing ‘/tmp/tmp/built/RcppEigen’
ERROR: dependency ‘rlang’ is not available for package ‘lifecycle’
* removing ‘/tmp/tmp/built/lifecycle’
ERROR: dependency ‘rlang’ is not available for package ‘pkgload’
* removing ‘/tmp/tmp/built/pkgload’
ERROR: dependencies ‘lifecycle’, ‘rlang’ are not available for package ‘vctrs’
* removing ‘/tmp/tmp/built/vctrs’
ERROR: dependencies ‘Rcpp’, ‘RcppEigen’ are not available for package ‘glmnet’
* removing ‘/tmp/tmp/built/glmnet’
ERROR: dependencies ‘lifecycle’, ‘rlang’, ‘vctrs’ are not available for package ‘pillar’
* removing ‘/tmp/tmp/built/pillar’
ERROR: dependency ‘glmnet’ is not available for package ‘hierinf’
* removing ‘/tmp/tmp/built/hierinf’
ERROR: dependencies ‘lifecycle’, ‘pillar’, ‘rlang’, ‘vctrs’ are not available for package ‘tibble’
* removing ‘/tmp/tmp/built/tibble’
ERROR: dependency ‘tibble’ is not available for package ‘rematch2’
* removing ‘/tmp/tmp/built/rematch2’
ERROR: dependencies ‘rematch2’, ‘rlang’, ‘tibble’ are not available for package ‘waldo’
* removing ‘/tmp/tmp/built/waldo’
ERROR: dependencies ‘lifecycle’, ‘pkgload’, ‘rlang’, ‘waldo’ are not available for package ‘testthat’
* removing ‘/tmp/tmp/built/testthat’

The downloaded source packages are in
	‘/tmp/Rtmp5bLjIs/downloaded_packages’
There were 13 warnings (use warnings() to see them)

real	0m22.422s
user	0m16.518s
sys	0m5.913s
