+ Rscript -e 'Sys.setenv(BIOCONDUCTOR_USE_CONTAINER_REPOSITORY=FALSE); p <- .libPaths(); p <- c('\''/tmp/tmp/built'\'', p); .libPaths(p); if(BiocManager::install('\''mfa'\'', INSTALL_opts = '\''--build'\'', update = TRUE, quiet = FALSE, dependencies=TRUE, force = TRUE, keep_outputs = TRUE) %in% rownames(installed.packages())) q(status = 0) else q(status = 1)'
'getOption("repos")' replaces Bioconductor standard repositories, see
'help("repositories", package = "BiocManager")' for details.
Replacement repositories:
    CRAN: https://cloud.r-project.org
Bioconductor version 3.19 (BiocManager 1.30.22), R Under development (unstable)
  (2024-01-03 r85769)
Installing package(s) 'mfa'
also installing the dependencies ‘vroom’, ‘tzdb’, ‘readr’, ‘backports’, ‘haven’, ‘broom’, ‘labelled’, ‘broom.helpers’, ‘forcats’, ‘patchwork’, ‘hms’, ‘purrr’, ‘ggstats’, ‘plyr’, ‘progress’, ‘SparseM’, ‘MatrixModels’, ‘cachem’, ‘memoise’, ‘sass’, ‘ellipsis’, ‘rematch2’, ‘gtable’, ‘lifecycle’, ‘rlang’, ‘scales’, ‘vctrs’, ‘pillar’, ‘tidyselect’, ‘tidyr’, ‘GGally’, ‘mcmc’, ‘quantreg’, ‘ape’, ‘corpcor’, ‘tensorA’, ‘cubature’, ‘bslib’, ‘fontawesome’, ‘htmltools’, ‘jquerylib’, ‘stringr’, ‘bookdown’, ‘pkgload’, ‘waldo’, ‘ggplot2’, ‘Rcpp’, ‘dplyr’, ‘ggmcmc’, ‘MCMCpack’, ‘MCMCglmm’, ‘coda’, ‘tibble’, ‘rmarkdown’, ‘BiocStyle’, ‘testthat’

trying URL 'https://cloud.r-project.org/src/contrib/vroom_1.6.5.tar.gz'
Content type 'application/x-gzip' length 750416 bytes (732 KB)
==================================================
downloaded 732 KB

trying URL 'https://cloud.r-project.org/src/contrib/tzdb_0.4.0.tar.gz'
Content type 'application/x-gzip' length 586327 bytes (572 KB)
==================================================
downloaded 572 KB

trying URL 'https://cloud.r-project.org/src/contrib/readr_2.1.4.tar.gz'
Content type 'application/x-gzip' length 298083 bytes (291 KB)
==================================================
downloaded 291 KB

trying URL 'https://cloud.r-project.org/src/contrib/backports_1.4.1.tar.gz'
Content type 'application/x-gzip' length 26201 bytes (25 KB)
==================================================
downloaded 25 KB

trying URL 'https://cloud.r-project.org/src/contrib/haven_2.5.4.tar.gz'
Content type 'application/x-gzip' length 313332 bytes (305 KB)
==================================================
downloaded 305 KB

trying URL 'https://cloud.r-project.org/src/contrib/broom_1.0.5.tar.gz'
Content type 'application/x-gzip' length 641849 bytes (626 KB)
==================================================
downloaded 626 KB

trying URL 'https://cloud.r-project.org/src/contrib/labelled_2.12.0.tar.gz'
Content type 'application/x-gzip' length 238618 bytes (233 KB)
==================================================
downloaded 233 KB

trying URL 'https://cloud.r-project.org/src/contrib/broom.helpers_1.14.0.tar.gz'
Content type 'application/x-gzip' length 197041 bytes (192 KB)
==================================================
downloaded 192 KB

trying URL 'https://cloud.r-project.org/src/contrib/forcats_1.0.0.tar.gz'
Content type 'application/x-gzip' length 294183 bytes (287 KB)
==================================================
downloaded 287 KB

trying URL 'https://cloud.r-project.org/src/contrib/patchwork_1.1.3.tar.gz'
Content type 'application/x-gzip' length 3275540 bytes (3.1 MB)
==================================================
downloaded 3.1 MB

trying URL 'https://cloud.r-project.org/src/contrib/hms_1.1.3.tar.gz'
Content type 'application/x-gzip' length 43379 bytes (42 KB)
==================================================
downloaded 42 KB

trying URL 'https://cloud.r-project.org/src/contrib/purrr_1.0.2.tar.gz'
Content type 'application/x-gzip' length 220868 bytes (215 KB)
==================================================
downloaded 215 KB

trying URL 'https://cloud.r-project.org/src/contrib/ggstats_0.5.1.tar.gz'
Content type 'application/x-gzip' length 708478 bytes (691 KB)
==================================================
downloaded 691 KB

trying URL 'https://cloud.r-project.org/src/contrib/plyr_1.8.9.tar.gz'
Content type 'application/x-gzip' length 401488 bytes (392 KB)
==================================================
downloaded 392 KB

trying URL 'https://cloud.r-project.org/src/contrib/progress_1.2.3.tar.gz'
Content type 'application/x-gzip' length 30499 bytes (29 KB)
==================================================
downloaded 29 KB

trying URL 'https://cloud.r-project.org/src/contrib/SparseM_1.81.tar.gz'
Content type 'application/x-gzip' length 735100 bytes (717 KB)
==================================================
downloaded 717 KB

trying URL 'https://cloud.r-project.org/src/contrib/MatrixModels_0.5-3.tar.gz'
Content type 'application/x-gzip' length 24822 bytes (24 KB)
==================================================
downloaded 24 KB

trying URL 'https://cloud.r-project.org/src/contrib/cachem_1.0.8.tar.gz'
Content type 'application/x-gzip' length 26510 bytes (25 KB)
==================================================
downloaded 25 KB

trying URL 'https://cloud.r-project.org/src/contrib/memoise_2.0.1.tar.gz'
Content type 'application/x-gzip' length 17852 bytes (17 KB)
==================================================
downloaded 17 KB

trying URL 'https://cloud.r-project.org/src/contrib/sass_0.4.8.tar.gz'
Content type 'application/x-gzip' length 3025474 bytes (2.9 MB)
==================================================
downloaded 2.9 MB

trying URL 'https://cloud.r-project.org/src/contrib/ellipsis_0.3.2.tar.gz'
Content type 'application/x-gzip' length 8066 bytes
==================================================
downloaded 8066 bytes

trying URL 'https://cloud.r-project.org/src/contrib/rematch2_2.1.2.tar.gz'
Content type 'application/x-gzip' length 13366 bytes (13 KB)
==================================================
downloaded 13 KB

trying URL 'https://cloud.r-project.org/src/contrib/gtable_0.3.4.tar.gz'
Content type 'application/x-gzip' length 130100 bytes (127 KB)
==================================================
downloaded 127 KB

trying URL 'https://cloud.r-project.org/src/contrib/lifecycle_1.0.4.tar.gz'
Content type 'application/x-gzip' length 107656 bytes (105 KB)
==================================================
downloaded 105 KB

trying URL 'https://cloud.r-project.org/src/contrib/rlang_1.1.2.tar.gz'
Content type 'application/x-gzip' length 763521 bytes (745 KB)
==================================================
downloaded 745 KB

trying URL 'https://cloud.r-project.org/src/contrib/scales_1.3.0.tar.gz'
Content type 'application/x-gzip' length 302544 bytes (295 KB)
==================================================
downloaded 295 KB

trying URL 'https://cloud.r-project.org/src/contrib/vctrs_0.6.5.tar.gz'
Content type 'application/x-gzip' length 969066 bytes (946 KB)
==================================================
downloaded 946 KB

trying URL 'https://cloud.r-project.org/src/contrib/pillar_1.9.0.tar.gz'
Content type 'application/x-gzip' length 444528 bytes (434 KB)
==================================================
downloaded 434 KB

trying URL 'https://cloud.r-project.org/src/contrib/tidyselect_1.2.0.tar.gz'
Content type 'application/x-gzip' length 101498 bytes (99 KB)
==================================================
downloaded 99 KB

trying URL 'https://cloud.r-project.org/src/contrib/tidyr_1.3.0.tar.gz'
Content type 'application/x-gzip' length 823546 bytes (804 KB)
==================================================
downloaded 804 KB

trying URL 'https://cloud.r-project.org/src/contrib/GGally_2.2.0.tar.gz'
Content type 'application/x-gzip' length 1729260 bytes (1.6 MB)
==================================================
downloaded 1.6 MB

trying URL 'https://cloud.r-project.org/src/contrib/mcmc_0.9-8.tar.gz'
Content type 'application/x-gzip' length 1541963 bytes (1.5 MB)
==================================================
downloaded 1.5 MB

trying URL 'https://cloud.r-project.org/src/contrib/quantreg_5.97.tar.gz'
Content type 'application/x-gzip' length 1026052 bytes (1002 KB)
==================================================
downloaded 1002 KB

trying URL 'https://cloud.r-project.org/src/contrib/ape_5.7-1.tar.gz'
Content type 'application/x-gzip' length 1577273 bytes (1.5 MB)
==================================================
downloaded 1.5 MB

trying URL 'https://cloud.r-project.org/src/contrib/corpcor_1.6.10.tar.gz'
Content type 'application/x-gzip' length 22678 bytes (22 KB)
==================================================
downloaded 22 KB

trying URL 'https://cloud.r-project.org/src/contrib/tensorA_0.36.2.1.tar.gz'
Content type 'application/x-gzip' length 47335 bytes (46 KB)
==================================================
downloaded 46 KB

trying URL 'https://cloud.r-project.org/src/contrib/cubature_2.1.0.tar.gz'
Content type 'application/x-gzip' length 3297646 bytes (3.1 MB)
==================================================
downloaded 3.1 MB

trying URL 'https://cloud.r-project.org/src/contrib/bslib_0.6.1.tar.gz'
Content type 'application/x-gzip' length 6059587 bytes (5.8 MB)
==================================================
downloaded 5.8 MB

trying URL 'https://cloud.r-project.org/src/contrib/fontawesome_0.5.2.tar.gz'
Content type 'application/x-gzip' length 1281884 bytes (1.2 MB)
==================================================
downloaded 1.2 MB

trying URL 'https://cloud.r-project.org/src/contrib/htmltools_0.5.7.tar.gz'
Content type 'application/x-gzip' length 134681 bytes (131 KB)
==================================================
downloaded 131 KB

trying URL 'https://cloud.r-project.org/src/contrib/jquerylib_0.1.4.tar.gz'
Content type 'application/x-gzip' length 520207 bytes (508 KB)
==================================================
downloaded 508 KB

trying URL 'https://cloud.r-project.org/src/contrib/stringr_1.5.1.tar.gz'
Content type 'application/x-gzip' length 176599 bytes (172 KB)
==================================================
downloaded 172 KB

trying URL 'https://cloud.r-project.org/src/contrib/bookdown_0.37.tar.gz'
Content type 'application/x-gzip' length 858915 bytes (838 KB)
==================================================
downloaded 838 KB

trying URL 'https://cloud.r-project.org/src/contrib/pkgload_1.3.3.tar.gz'
Content type 'application/x-gzip' length 77929 bytes (76 KB)
==================================================
downloaded 76 KB

trying URL 'https://cloud.r-project.org/src/contrib/waldo_0.5.2.tar.gz'
Content type 'application/x-gzip' length 39711 bytes (38 KB)
==================================================
downloaded 38 KB

trying URL 'https://cloud.r-project.org/src/contrib/ggplot2_3.4.4.tar.gz'
Content type 'application/x-gzip' length 3159578 bytes (3.0 MB)
==================================================
downloaded 3.0 MB

trying URL 'https://cloud.r-project.org/src/contrib/Rcpp_1.0.11.tar.gz'
Content type 'application/x-gzip' length 2994004 bytes (2.9 MB)
==================================================
downloaded 2.9 MB

trying URL 'https://cloud.r-project.org/src/contrib/dplyr_1.1.4.tar.gz'
Content type 'application/x-gzip' length 1207521 bytes (1.2 MB)
==================================================
downloaded 1.2 MB

trying URL 'https://cloud.r-project.org/src/contrib/ggmcmc_1.5.1.1.tar.gz'
Content type 'application/x-gzip' length 2818514 bytes (2.7 MB)
==================================================
downloaded 2.7 MB

trying URL 'https://cloud.r-project.org/src/contrib/MCMCpack_1.6-3.tar.gz'
Content type 'application/x-gzip' length 1030533 bytes (1006 KB)
==================================================
downloaded 1006 KB

trying URL 'https://cloud.r-project.org/src/contrib/MCMCglmm_2.35.tar.gz'
Content type 'application/x-gzip' length 168227 bytes (164 KB)
==================================================
downloaded 164 KB

trying URL 'https://cloud.r-project.org/src/contrib/coda_0.19-4.tar.gz'
Content type 'application/x-gzip' length 74239 bytes (72 KB)
==================================================
downloaded 72 KB

trying URL 'https://cloud.r-project.org/src/contrib/tibble_3.2.1.tar.gz'
Content type 'application/x-gzip' length 565982 bytes (552 KB)
==================================================
downloaded 552 KB

trying URL 'https://cloud.r-project.org/src/contrib/rmarkdown_2.25.tar.gz'
Content type 'application/x-gzip' length 2188934 bytes (2.1 MB)
==================================================
downloaded 2.1 MB

trying URL 'https://bioconductor.org/packages/3.19/bioc/src/contrib/BiocStyle_2.31.0.tar.gz'
Content type 'application/x-gzip' length 788268 bytes (769 KB)
==================================================
downloaded 769 KB

trying URL 'https://cloud.r-project.org/src/contrib/testthat_3.2.1.tar.gz'
Content type 'application/x-gzip' length 739745 bytes (722 KB)
==================================================
downloaded 722 KB

trying URL 'https://bioconductor.org/packages/3.19/bioc/src/contrib/mfa_1.25.0.tar.gz'
Content type 'application/x-gzip' length 543820 bytes (531 KB)
==================================================
downloaded 531 KB

* installing *source* package ‘tzdb’ ...
** package ‘tzdb’ successfully unpacked and MD5 sums checked
** using staged installation
** libs
using C++ compiler: ‘g++ (Ubuntu 11.4.0-1ubuntu1~22.04) 11.4.0’
g++ -std=gnu++17 -I"/usr/local/lib/R/include" -DNDEBUG  -I'/usr/local/lib/R/site-library/cpp11/include' -I/usr/local/include   -I../inst/include -DINSTALL=dummy -DAUTO_DOWNLOAD=0 -DHAS_REMOTE_API=0 -DUSE_OS_TZDB=0 -DONLY_C_LOCALE=1 -fpic  -g -O2 -fstack-protector-strong -Wformat -Werror=format-security -Wdate-time -D_FORTIFY_SOURCE=2 -g  -c api.cpp -o api.o
g++ -std=gnu++17 -I"/usr/local/lib/R/include" -DNDEBUG  -I'/usr/local/lib/R/site-library/cpp11/include' -I/usr/local/include   -I../inst/include -DINSTALL=dummy -DAUTO_DOWNLOAD=0 -DHAS_REMOTE_API=0 -DUSE_OS_TZDB=0 -DONLY_C_LOCALE=1 -fpic  -g -O2 -fstack-protector-strong -Wformat -Werror=format-security -Wdate-time -D_FORTIFY_SOURCE=2 -g  -c cpp11.cpp -o cpp11.o
g++ -std=gnu++17 -I"/usr/local/lib/R/include" -DNDEBUG  -I'/usr/local/lib/R/site-library/cpp11/include' -I/usr/local/include   -I../inst/include -DINSTALL=dummy -DAUTO_DOWNLOAD=0 -DHAS_REMOTE_API=0 -DUSE_OS_TZDB=0 -DONLY_C_LOCALE=1 -fpic  -g -O2 -fstack-protector-strong -Wformat -Werror=format-security -Wdate-time -D_FORTIFY_SOURCE=2 -g  -c names.cpp -o names.o
g++ -std=gnu++17 -I"/usr/local/lib/R/include" -DNDEBUG  -I'/usr/local/lib/R/site-library/cpp11/include' -I/usr/local/include   -I../inst/include -DINSTALL=dummy -DAUTO_DOWNLOAD=0 -DHAS_REMOTE_API=0 -DUSE_OS_TZDB=0 -DONLY_C_LOCALE=1 -fpic  -g -O2 -fstack-protector-strong -Wformat -Werror=format-security -Wdate-time -D_FORTIFY_SOURCE=2 -g  -c path.cpp -o path.o
g++ -std=gnu++17 -I"/usr/local/lib/R/include" -DNDEBUG  -I'/usr/local/lib/R/site-library/cpp11/include' -I/usr/local/include   -I../inst/include -DINSTALL=dummy -DAUTO_DOWNLOAD=0 -DHAS_REMOTE_API=0 -DUSE_OS_TZDB=0 -DONLY_C_LOCALE=1 -fpic  -g -O2 -fstack-protector-strong -Wformat -Werror=format-security -Wdate-time -D_FORTIFY_SOURCE=2 -g  -c tz.cpp -o tz.o
g++ -std=gnu++17 -I"/usr/local/lib/R/include" -DNDEBUG  -I'/usr/local/lib/R/site-library/cpp11/include' -I/usr/local/include   -I../inst/include -DINSTALL=dummy -DAUTO_DOWNLOAD=0 -DHAS_REMOTE_API=0 -DUSE_OS_TZDB=0 -DONLY_C_LOCALE=1 -fpic  -g -O2 -fstack-protector-strong -Wformat -Werror=format-security -Wdate-time -D_FORTIFY_SOURCE=2 -g  -c version.cpp -o version.o
g++ -std=gnu++17 -shared -L/usr/local/lib/R/lib -L/usr/local/lib -o tzdb.so api.o cpp11.o names.o path.o tz.o version.o -L/usr/local/lib/R/lib -lR
installing to /tmp/tmp/built/00LOCK-tzdb/00new/tzdb/libs
** R
** inst
** byte-compile and prepare package for lazy loading
** help
*** installing help indices
** building package indices
** testing if installed package can be loaded from temporary location
** checking absolute paths in shared objects and dynamic libraries
** testing if installed package can be loaded from final location
** testing if installed package keeps a record of temporary installation path
* creating tarball
packaged installation of ‘tzdb’ as ‘tzdb_0.4.0_R_x86_64-pc-linux-gnu.tar.gz’
* DONE (tzdb)
* installing *source* package ‘backports’ ...
** package ‘backports’ successfully unpacked and MD5 sums checked
** using staged installation
** libs
using C compiler: ‘gcc (Ubuntu 11.4.0-1ubuntu1~22.04) 11.4.0’
gcc -I"/usr/local/lib/R/include" -DNDEBUG   -I/usr/local/include    -fpic  -g -O2 -fstack-protector-strong -Wformat -Werror=format-security -Wdate-time -D_FORTIFY_SOURCE=2 -g  -c dotsElt.c -o dotsElt.o
gcc -I"/usr/local/lib/R/include" -DNDEBUG   -I/usr/local/include    -fpic  -g -O2 -fstack-protector-strong -Wformat -Werror=format-security -Wdate-time -D_FORTIFY_SOURCE=2 -g  -c dotsLength.c -o dotsLength.o
gcc -I"/usr/local/lib/R/include" -DNDEBUG   -I/usr/local/include    -fpic  -g -O2 -fstack-protector-strong -Wformat -Werror=format-security -Wdate-time -D_FORTIFY_SOURCE=2 -g  -c dotsNames.c -o dotsNames.o
gcc -I"/usr/local/lib/R/include" -DNDEBUG   -I/usr/local/include    -fpic  -g -O2 -fstack-protector-strong -Wformat -Werror=format-security -Wdate-time -D_FORTIFY_SOURCE=2 -g  -c init.c -o init.o
gcc -shared -L/usr/local/lib/R/lib -L/usr/local/lib -o backports.so dotsElt.o dotsLength.o dotsNames.o init.o -L/usr/local/lib/R/lib -lR
installing to /tmp/tmp/built/00LOCK-backports/00new/backports/libs
** R
** byte-compile and prepare package for lazy loading
** help
*** installing help indices
** building package indices
** testing if installed package can be loaded from temporary location
** checking absolute paths in shared objects and dynamic libraries
** testing if installed package can be loaded from final location
** testing if installed package keeps a record of temporary installation path
* creating tarball
packaged installation of ‘backports’ as ‘backports_1.4.1_R_x86_64-pc-linux-gnu.tar.gz’
* DONE (backports)
* installing *source* package ‘SparseM’ ...
** package ‘SparseM’ successfully unpacked and MD5 sums checked
** using staged installation
** libs
using C compiler: ‘gcc (Ubuntu 11.4.0-1ubuntu1~22.04) 11.4.0’
using Fortran compiler: ‘GNU Fortran (Ubuntu 11.4.0-1ubuntu1~22.04) 11.4.0’
gfortran  -fpic  -g -O2  -c bckslv.f -o bckslv.o
gfortran  -fpic  -g -O2  -c chol.f -o chol.o
gfortran  -fpic  -g -O2  -c chol2csr.f -o chol2csr.o
gfortran  -fpic  -g -O2  -c cholesky.f -o cholesky.o
cholesky.f:2948:72:

 2948 |                          IF  ( NODE )  400, 900, 500
      |                                                                        1
Warning: Fortran 2018 deleted feature: Arithmetic IF statement at (1)
cholesky.f:2982:72:

 2982 |                  IF  ( RNODE )  1100, 1800, 1200
      |                                                                        1
Warning: Fortran 2018 deleted feature: Arithmetic IF statement at (1)
cholesky.f:3299:72:

 3299 |                      IF  ( ENODE )  400, 800, 500
      |                                                                        1
Warning: Fortran 2018 deleted feature: Arithmetic IF statement at (1)
cholesky.f:3356:72:

 3356 |                              IF  ( NODE )  1000, 2100, 1100
      |                                                                        1
Warning: Fortran 2018 deleted feature: Arithmetic IF statement at (1)
cholesky.f:3430:72:

 3430 |                                          IF  ( NODE )  1700, 2000, 1800
      |                                                                        1
Warning: Fortran 2018 deleted feature: Arithmetic IF statement at (1)
gfortran  -fpic  -g -O2  -c csr.f -o csr.o
gfortran  -fpic  -g -O2  -c extract.f -o extract.o
gcc -I"/usr/local/lib/R/include" -DNDEBUG   -I/usr/local/include    -fpic  -g -O2 -fstack-protector-strong -Wformat -Werror=format-security -Wdate-time -D_FORTIFY_SOURCE=2 -g  -c init.c -o init.o
gfortran  -fpic  -g -O2  -c sparskit.f -o sparskit.o
gfortran  -fpic  -g -O2  -c subscr.f -o subscr.o
gcc -shared -L/usr/local/lib/R/lib -L/usr/local/lib -o SparseM.so bckslv.o chol.o chol2csr.o cholesky.o csr.o extract.o init.o sparskit.o subscr.o -lgfortran -lm -lquadmath -L/usr/local/lib/R/lib -lR
installing to /tmp/tmp/built/00LOCK-SparseM/00new/SparseM/libs
** R
** data
** demo
** inst
** byte-compile and prepare package for lazy loading
Creating a generic function for ‘diag’ from package ‘base’ in package ‘SparseM’
Creating a generic function for ‘diag<-’ from package ‘base’ in package ‘SparseM’
Creating a generic function for ‘norm’ from package ‘base’ in package ‘SparseM’
Creating a new generic function for ‘backsolve’ in package ‘SparseM’
Creating a generic function for ‘forwardsolve’ from package ‘base’ in package ‘SparseM’
Creating a generic function for ‘model.response’ from package ‘stats’ in package ‘SparseM’
** help
*** installing help indices
** building package indices
** installing vignettes
** testing if installed package can be loaded from temporary location
** checking absolute paths in shared objects and dynamic libraries
** testing if installed package can be loaded from final location
** testing if installed package keeps a record of temporary installation path
* creating tarball
packaged installation of ‘SparseM’ as ‘SparseM_1.81_R_x86_64-pc-linux-gnu.tar.gz’
* DONE (SparseM)
* installing *source* package ‘MatrixModels’ ...
** package ‘MatrixModels’ successfully unpacked and MD5 sums checked
** using staged installation
** R
** byte-compile and prepare package for lazy loading
** help
*** installing help indices
** building package indices
** testing if installed package can be loaded from temporary location
** testing if installed package can be loaded from final location
** testing if installed package keeps a record of temporary installation path
* creating tarball
packaged installation of ‘MatrixModels’ as ‘MatrixModels_0.5-3_R_x86_64-pc-linux-gnu.tar.gz’
* DONE (MatrixModels)
* installing *source* package ‘rlang’ ...
** package ‘rlang’ successfully unpacked and MD5 sums checked
** using staged installation
** libs
using C compiler: ‘gcc (Ubuntu 11.4.0-1ubuntu1~22.04) 11.4.0’
gcc -I"/usr/local/lib/R/include" -DNDEBUG -I./rlang/  -I/usr/local/include   -fvisibility=hidden -fpic  -g -O2 -fstack-protector-strong -Wformat -Werror=format-security -Wdate-time -D_FORTIFY_SOURCE=2 -g  -c capture.c -o capture.o
gcc -I"/usr/local/lib/R/include" -DNDEBUG -I./rlang/  -I/usr/local/include   -fvisibility=hidden -fpic  -g -O2 -fstack-protector-strong -Wformat -Werror=format-security -Wdate-time -D_FORTIFY_SOURCE=2 -g  -c internal.c -o internal.o
In file included from internal/internal.c:32,
                 from internal.c:1:
internal/tests.c: In function ‘ffi_test_Rf_warning’:
internal/tests.c:104:3: error: format not a string literal and no format arguments [-Werror=format-security]
  104 |   Rf_warning(r_chr_get_c_string(msg, 0));
      |   ^~~~~~~~~~
internal/tests.c: In function ‘ffi_test_Rf_error’:
internal/tests.c:108:3: error: format not a string literal and no format arguments [-Werror=format-security]
  108 |   Rf_error(r_chr_get_c_string(msg, 0));
      |   ^~~~~~~~
internal/tests.c: In function ‘ffi_test_Rf_warningcall’:
internal/tests.c:113:3: error: format not a string literal and no format arguments [-Werror=format-security]
  113 |   Rf_warningcall(call, r_chr_get_c_string(msg, 0));
      |   ^~~~~~~~~~~~~~
internal/tests.c: In function ‘ffi_test_Rf_errorcall’:
internal/tests.c:117:3: error: format not a string literal and no format arguments [-Werror=format-security]
  117 |   Rf_errorcall(call, r_chr_get_c_string(msg, 0));
      |   ^~~~~~~~~~~~
cc1: some warnings being treated as errors
make: *** [/usr/local/lib/R/etc/Makeconf:191: internal.o] Error 1
ERROR: compilation failed for package ‘rlang’
* removing ‘/tmp/tmp/built/rlang’
* installing *source* package ‘mcmc’ ...
** package ‘mcmc’ successfully unpacked and MD5 sums checked
** using staged installation
** libs
using C compiler: ‘gcc (Ubuntu 11.4.0-1ubuntu1~22.04) 11.4.0’
gcc -I"/usr/local/lib/R/include" -DNDEBUG   -I/usr/local/include   -fvisibility=hidden -fpic  -g -O2 -fstack-protector-strong -Wformat -Werror=format-security -Wdate-time -D_FORTIFY_SOURCE=2 -g  -c getListElement.c -o getListElement.o
gcc -I"/usr/local/lib/R/include" -DNDEBUG   -I/usr/local/include   -fvisibility=hidden -fpic  -g -O2 -fstack-protector-strong -Wformat -Werror=format-security -Wdate-time -D_FORTIFY_SOURCE=2 -g  -c getScalarInteger.c -o getScalarInteger.o
gcc -I"/usr/local/lib/R/include" -DNDEBUG   -I/usr/local/include   -fvisibility=hidden -fpic  -g -O2 -fstack-protector-strong -Wformat -Werror=format-security -Wdate-time -D_FORTIFY_SOURCE=2 -g  -c getScalarLogical.c -o getScalarLogical.o
gcc -I"/usr/local/lib/R/include" -DNDEBUG   -I/usr/local/include   -fvisibility=hidden -fpic  -g -O2 -fstack-protector-strong -Wformat -Werror=format-security -Wdate-time -D_FORTIFY_SOURCE=2 -g  -c init.c -o init.o
gcc -I"/usr/local/lib/R/include" -DNDEBUG   -I/usr/local/include   -fvisibility=hidden -fpic  -g -O2 -fstack-protector-strong -Wformat -Werror=format-security -Wdate-time -D_FORTIFY_SOURCE=2 -g  -c initseq.c -o initseq.o
gcc -I"/usr/local/lib/R/include" -DNDEBUG   -I/usr/local/include   -fvisibility=hidden -fpic  -g -O2 -fstack-protector-strong -Wformat -Werror=format-security -Wdate-time -D_FORTIFY_SOURCE=2 -g  -c isAllFinite.c -o isAllFinite.o
gcc -I"/usr/local/lib/R/include" -DNDEBUG   -I/usr/local/include   -fvisibility=hidden -fpic  -g -O2 -fstack-protector-strong -Wformat -Werror=format-security -Wdate-time -D_FORTIFY_SOURCE=2 -g  -c metrop.c -o metrop.o
gcc -I"/usr/local/lib/R/include" -DNDEBUG   -I/usr/local/include   -fvisibility=hidden -fpic  -g -O2 -fstack-protector-strong -Wformat -Werror=format-security -Wdate-time -D_FORTIFY_SOURCE=2 -g  -c olbm.c -o olbm.o
gcc -I"/usr/local/lib/R/include" -DNDEBUG   -I/usr/local/include   -fvisibility=hidden -fpic  -g -O2 -fstack-protector-strong -Wformat -Werror=format-security -Wdate-time -D_FORTIFY_SOURCE=2 -g  -c temper.c -o temper.o
gcc -shared -L/usr/local/lib/R/lib -L/usr/local/lib -o mcmc.so getListElement.o getScalarInteger.o getScalarLogical.o init.o initseq.o isAllFinite.o metrop.o olbm.o temper.o -L/usr/local/lib/R/lib -lR
installing to /tmp/tmp/built/00LOCK-mcmc/00new/mcmc/libs
** R
** data
** inst
** byte-compile and prepare package for lazy loading
** help
*** installing help indices
** building package indices
** installing vignettes
** testing if installed package can be loaded from temporary location
** checking absolute paths in shared objects and dynamic libraries
** testing if installed package can be loaded from final location
** testing if installed package keeps a record of temporary installation path
* creating tarball
packaged installation of ‘mcmc’ as ‘mcmc_0.9-8_R_x86_64-pc-linux-gnu.tar.gz’
* DONE (mcmc)
* installing *source* package ‘corpcor’ ...
** package ‘corpcor’ successfully unpacked and MD5 sums checked
** using staged installation
** R
** byte-compile and prepare package for lazy loading
** help
*** installing help indices
** building package indices
** testing if installed package can be loaded from temporary location
** testing if installed package can be loaded from final location
** testing if installed package keeps a record of temporary installation path
* creating tarball
packaged installation of ‘corpcor’ as ‘corpcor_1.6.10_R_x86_64-pc-linux-gnu.tar.gz’
* DONE (corpcor)
* installing *source* package ‘tensorA’ ...
** package ‘tensorA’ successfully unpacked and MD5 sums checked
** using staged installation
** libs
using C compiler: ‘gcc (Ubuntu 11.4.0-1ubuntu1~22.04) 11.4.0’
gcc -I"/usr/local/lib/R/include" -DNDEBUG   -I/usr/local/include    -fpic  -g -O2 -fstack-protector-strong -Wformat -Werror=format-security -Wdate-time -D_FORTIFY_SOURCE=2 -g  -c tensora.c -o tensora.o
gcc -shared -L/usr/local/lib/R/lib -L/usr/local/lib -o tensorA.so tensora.o -L/usr/local/lib/R/lib -lR
installing to /tmp/tmp/built/00LOCK-tensorA/00new/tensorA/libs
** R
** byte-compile and prepare package for lazy loading
** help
*** installing help indices
** building package indices
** testing if installed package can be loaded from temporary location
** checking absolute paths in shared objects and dynamic libraries
** testing if installed package can be loaded from final location
** testing if installed package keeps a record of temporary installation path
* creating tarball
packaged installation of ‘tensorA’ as ‘tensorA_0.36.2.1_R_x86_64-pc-linux-gnu.tar.gz’
* DONE (tensorA)
* installing *source* package ‘Rcpp’ ...
** package ‘Rcpp’ successfully unpacked and MD5 sums checked
** using staged installation
** libs
using C++ compiler: ‘g++ (Ubuntu 11.4.0-1ubuntu1~22.04) 11.4.0’
g++ -std=gnu++17 -I"/usr/local/lib/R/include" -DNDEBUG -I../inst/include/  -I/usr/local/include    -fpic  -g -O2 -fstack-protector-strong -Wformat -Werror=format-security -Wdate-time -D_FORTIFY_SOURCE=2 -g  -c api.cpp -o api.o
In file included from ../inst/include/Rcpp/routines.h:26,
                 from ../inst/include/RcppCommon.h:128,
                 from ../inst/include/Rcpp.h:27,
                 from api.cpp:26:
../inst/include/Rcpp/iostream/Rstreambuf.h: In member function ‘std::streamsize Rcpp::Rstreambuf<OUTPUT>::xsputn(const char*, std::streamsize) [with bool OUTPUT = true; std::streamsize = long int]’:
../inst/include/Rcpp/iostream/Rstreambuf.h:53:20: warning: field precision specifier ‘.*’ expects argument of type ‘int’, but argument 2 has type ‘std::streamsize’ {aka ‘long int’} [-Wformat=]
   53 |         Rprintf("%.*s", num, s);
      |                  ~~^~   ~~~
      |                    |    |
      |                    int  std::streamsize {aka long int}
../inst/include/Rcpp/iostream/Rstreambuf.h: In member function ‘std::streamsize Rcpp::Rstreambuf<OUTPUT>::xsputn(const char*, std::streamsize) [with bool OUTPUT = false; std::streamsize = long int]’:
../inst/include/Rcpp/iostream/Rstreambuf.h:57:21: warning: field precision specifier ‘.*’ expects argument of type ‘int’, but argument 2 has type ‘std::streamsize’ {aka ‘long int’} [-Wformat=]
   57 |         REprintf("%.*s", num, s);
      |                   ~~^~   ~~~
      |                     |    |
      |                     int  std::streamsize {aka long int}
In file included from ../inst/include/RcppCommon.h:181,
                 from ../inst/include/Rcpp.h:27,
                 from api.cpp:26:
../inst/include/Rcpp/print.h: In function ‘void Rcpp::warningcall(SEXP, const string&)’:
../inst/include/Rcpp/print.h:30:19: error: format not a string literal and no format arguments [-Werror=format-security]
   30 |     Rf_warningcall(call, s.c_str());
      |     ~~~~~~~~~~~~~~^~~~~~~~~~~~~~~~~
cc1plus: some warnings being treated as errors
make: *** [/usr/local/lib/R/etc/Makeconf:200: api.o] Error 1
ERROR: compilation failed for package ‘Rcpp’
* removing ‘/tmp/tmp/built/Rcpp’
* installing *source* package ‘coda’ ...
** package ‘coda’ successfully unpacked and MD5 sums checked
** using staged installation
** R
** data
** inst
** byte-compile and prepare package for lazy loading
** help
*** installing help indices
** building package indices
** testing if installed package can be loaded from temporary location
** testing if installed package can be loaded from final location
** testing if installed package keeps a record of temporary installation path
* creating tarball
packaged installation of ‘coda’ as ‘coda_0.19-4_R_x86_64-pc-linux-gnu.tar.gz’
* DONE (coda)
ERROR: dependency ‘Rcpp’ is not available for package ‘plyr’
* removing ‘/tmp/tmp/built/plyr’
ERROR: dependency ‘rlang’ is not available for package ‘cachem’
* removing ‘/tmp/tmp/built/cachem’
ERROR: dependency ‘rlang’ is not available for package ‘ellipsis’
* removing ‘/tmp/tmp/built/ellipsis’
ERROR: dependency ‘rlang’ is not available for package ‘lifecycle’
* removing ‘/tmp/tmp/built/lifecycle’
* installing *source* package ‘quantreg’ ...
** package ‘quantreg’ successfully unpacked and MD5 sums checked
** using staged installation
** libs
using C compiler: ‘gcc (Ubuntu 11.4.0-1ubuntu1~22.04) 11.4.0’
using Fortran compiler: ‘GNU Fortran (Ubuntu 11.4.0-1ubuntu1~22.04) 11.4.0’
gfortran  -fpic  -g -O2  -c akj.f -o akj.o
gfortran  -fpic  -g -O2  -c boot.f -o boot.o
gfortran  -fpic  -g -O2  -c bound.f -o bound.o
gfortran  -fpic  -g -O2  -c boundc.f -o boundc.o
gfortran  -fpic  -g -O2  -c brute.f -o brute.o
gfortran  -fpic  -g -O2  -c chlfct.f -o chlfct.o
gfortran  -fpic  -g -O2  -c cholesky.f -o cholesky.o
cholesky.f:2948:72:

 2948 |                          IF  ( NODE )  400, 900, 500
      |                                                                        1
Warning: Fortran 2018 deleted feature: Arithmetic IF statement at (1)
cholesky.f:2982:72:

 2982 |                  IF  ( RNODE )  1100, 1800, 1200
      |                                                                        1
Warning: Fortran 2018 deleted feature: Arithmetic IF statement at (1)
cholesky.f:3299:72:

 3299 |                      IF  ( ENODE )  400, 800, 500
      |                                                                        1
Warning: Fortran 2018 deleted feature: Arithmetic IF statement at (1)
cholesky.f:3356:72:

 3356 |                              IF  ( NODE )  1000, 2100, 1100
      |                                                                        1
Warning: Fortran 2018 deleted feature: Arithmetic IF statement at (1)
cholesky.f:3430:72:

 3430 |                                          IF  ( NODE )  1700, 2000, 1800
      |                                                                        1
Warning: Fortran 2018 deleted feature: Arithmetic IF statement at (1)
gfortran  -fpic  -g -O2  -c combos.f -o combos.o
gfortran  -fpic  -g -O2  -c crqf.f -o crqf.o
crqf.f:98:72:

   98 |         DO 5 J=1,N
      |                                                                        1
Warning: Fortran 2018 deleted feature: Shared DO termination label 5 at (1)
crqf.f:99:72:

   99 |    5    WA(I,J) = X(I,J)
      |                                                                        1
Warning: Fortran 2018 deleted feature: DO termination statement which is not END DO or CONTINUE with label 5 at (1)
crqf.f:140:72:

  140 |   25      WA(L,J) = X(I,J)
      |                                                                        1
Warning: Fortran 2018 deleted feature: DO termination statement which is not END DO or CONTINUE with label 25 at (1)
crqf.f:149:72:

  149 |   50  SOL(J+1,1) = WF(J)
      |                                                                        1
Warning: Fortran 2018 deleted feature: DO termination statement which is not END DO or CONTINUE with label 50 at (1)
crqf.f:165:72:

  165 |   60    XH(K,J) = X(I,J)
      |                                                                        1
Warning: Fortran 2018 deleted feature: DO termination statement which is not END DO or CONTINUE with label 60 at (1)
crqf.f:180:72:

  180 |   80  S = S - WF(J)*X(I,J)
      |                                                                        1
Warning: Fortran 2018 deleted feature: DO termination statement which is not END DO or CONTINUE with label 80 at (1)
crqf.f:181:72:

  181 |   90  WE(I) = S
      |                                                                        1
Warning: Fortran 2018 deleted feature: DO termination statement which is not END DO or CONTINUE with label 90 at (1)
crqf.f:192:72:

  192 |  210  S = DMIN1(WD(J),S)
      |                                                                        1
Warning: Fortran 2018 deleted feature: DO termination statement which is not END DO or CONTINUE with label 210 at (1)
crqf.f:205:72:

  205 |  240    SOL(J+1,LSOL) = WF(J)
      |                                                                        1
Warning: Fortran 2018 deleted feature: DO termination statement which is not END DO or CONTINUE with label 240 at (1)
crqf.f:226:72:

  226 |  250  WD(I) = ZERO
      |                                                                        1
Warning: Fortran 2018 deleted feature: DO termination statement which is not END DO or CONTINUE with label 250 at (1)
crqf.f:228:72:

  228 |  260  WD(H(J)) = ONE
      |                                                                        1
Warning: Fortran 2018 deleted feature: DO termination statement which is not END DO or CONTINUE with label 260 at (1)
crqf.f:236:72:

  236 |  270  S = S + X(I,J)*XH(J,KM)
      |                                                                        1
Warning: Fortran 2018 deleted feature: DO termination statement which is not END DO or CONTINUE with label 270 at (1)
crqf.f:258:72:

  258 |         DO 310 J = 1,N
      |                                                                        1
Warning: Fortran 2018 deleted feature: Shared DO termination label 310 at (1)
crqf.f:259:72:

  259 |  310    XH(K,J) = X(I,J)
      |                                                                        1
Warning: Fortran 2018 deleted feature: DO termination statement which is not END DO or CONTINUE with label 310 at (1)
crqf.f:273:72:

  273 |  330  S = S + XH(K,J)*Y(H(J))
      |                                                                        1
Warning: Fortran 2018 deleted feature: DO termination statement which is not END DO or CONTINUE with label 330 at (1)
crqf.f:274:72:

  274 |  340  WF(K) = S
      |                                                                        1
Warning: Fortran 2018 deleted feature: DO termination statement which is not END DO or CONTINUE with label 340 at (1)
crqf.f:278:72:

  278 |  350  S = S - WF(J)*X(I,J)
      |                                                                        1
Warning: Fortran 2018 deleted feature: DO termination statement which is not END DO or CONTINUE with label 350 at (1)
crqf.f:279:72:

  279 |  360  WE(I) = S
      |                                                                        1
Warning: Fortran 2018 deleted feature: DO termination statement which is not END DO or CONTINUE with label 360 at (1)
crqf.f:287:72:

  287 |  370    SOL(J+1,LSOL) = WF(J)
      |                                                                        1
Warning: Fortran 2018 deleted feature: DO termination statement which is not END DO or CONTINUE with label 370 at (1)
crqf.f:330:72:

  330 | 396       B2 = B2 + X(I,J) * SOL(J+1,LSOL - 1)
      |                                                                        1
Warning: Fortran 2018 deleted feature: DO termination statement which is not END DO or CONTINUE with label 396 at (1)
crqf.f:369:72:

  369 |  506  WF(J) = ZERO
      |                                                                        1
Warning: Fortran 2018 deleted feature: DO termination statement which is not END DO or CONTINUE with label 506 at (1)
crqf.f:376:72:

  376 |  510      WA(L1,J) = X(I,J)
      |                                                                        1
Warning: Fortran 2018 deleted feature: DO termination statement which is not END DO or CONTINUE with label 510 at (1)
crqf.f:379:72:

  379 |  514      WF(J) = WF(J) + X(I,J)
      |                                                                        1
Warning: Fortran 2018 deleted feature: DO termination statement which is not END DO or CONTINUE with label 514 at (1)
crqf.f:389:72:

  389 |  520      WF(J) = WF(J) + (ONE - W) * X(I,J)
      |                                                                        1
Warning: Fortran 2018 deleted feature: DO termination statement which is not END DO or CONTINUE with label 520 at (1)
crqf.f:394:72:

  394 |  534  WA(MAL,J) = WF(J)
      |                                                                        1
Warning: Fortran 2018 deleted feature: DO termination statement which is not END DO or CONTINUE with label 534 at (1)
crqf.f:413:72:

  413 |  540        XH(K,J) = X(I,J)
      |                                                                        1
Warning: Fortran 2018 deleted feature: DO termination statement which is not END DO or CONTINUE with label 540 at (1)
crqf.f:429:72:

  429 |  610  WD(I) = SOL(N+2,I)
      |                                                                        1
Warning: Fortran 2018 deleted feature: DO termination statement which is not END DO or CONTINUE with label 610 at (1)
crqf.f:441:72:

  441 |  650  WF(J) = S/V
      |                                                                        1
Warning: Fortran 2018 deleted feature: DO termination statement which is not END DO or CONTINUE with label 650 at (1)
crqf.f:445:72:

  445 |  660    S = S + WF(J) * SOL(J+1,I)
      |                                                                        1
Warning: Fortran 2018 deleted feature: DO termination statement which is not END DO or CONTINUE with label 660 at (1)
crqf.f:446:72:

  446 |  670  SOL(N+2,I) = S
      |                                                                        1
Warning: Fortran 2018 deleted feature: DO termination statement which is not END DO or CONTINUE with label 670 at (1)
crqf.f:487:72:

  487 |   60    A = A + X(I,K)*XH(K,J)
      |                                                                        1
Warning: Fortran 2018 deleted feature: DO termination statement which is not END DO or CONTINUE with label 60 at (1)
crqf.f:488:72:

  488 |   70  WA(I,J) = A
      |                                                                        1
Warning: Fortran 2018 deleted feature: DO termination statement which is not END DO or CONTINUE with label 70 at (1)
crqf.f:497:72:

  497 |   90  IFLAG(I) = 0
      |                                                                        1
Warning: Fortran 2018 deleted feature: DO termination statement which is not END DO or CONTINUE with label 90 at (1)
crqf.f:499:72:

  499 |   95  IFLAG(H(J)) = 1
      |                                                                        1
Warning: Fortran 2018 deleted feature: DO termination statement which is not END DO or CONTINUE with label 95 at (1)
crqf.f:544:72:

  544 |  130  IFLAG(J) = IFLAG(J+M)
      |                                                                        1
Warning: Fortran 2018 deleted feature: DO termination statement which is not END DO or CONTINUE with label 130 at (1)
gfortran  -fpic  -g -O2  -c crqfnb.f -o crqfnb.o
gfortran  -fpic  -g -O2  -c dsel05.f -o dsel05.o
gfortran  -fpic  -g -O2  -c extract.f -o extract.o
gcc -I"/usr/local/lib/R/include" -DNDEBUG   -I/usr/local/include    -fpic  -g -O2 -fstack-protector-strong -Wformat -Werror=format-security -Wdate-time -D_FORTIFY_SOURCE=2 -g  -c frand.c -o frand.o
gfortran  -fpic  -g -O2  -c grexp.f -o grexp.o
gfortran  -fpic  -g -O2  -c idmin.f -o idmin.o
gfortran  -fpic  -g -O2  -c iswap.f -o iswap.o
iswap.f:40:72:

   40 |       IF (INCX-1) 5,20,60
      |                                                                        1
Warning: Fortran 2018 deleted feature: Arithmetic IF statement at (1)
gfortran  -fpic  -g -O2  -c kuantile.f -o kuantile.o
gfortran  -fpic  -g -O2  -c kuantiles.f -o kuantiles.o
gfortran  -fpic  -g -O2  -c linpack.f -o linpack.o
gcc -I"/usr/local/lib/R/include" -DNDEBUG   -I/usr/local/include    -fpic  -g -O2 -fstack-protector-strong -Wformat -Werror=format-security -Wdate-time -D_FORTIFY_SOURCE=2 -g  -c mcmb.c -o mcmb.o
gfortran  -fpic  -g -O2  -c penalty.f -o penalty.o
gfortran  -fpic  -g -O2  -c pfnb.f -o pfnb.o
gfortran  -fpic  -g -O2  -c powell.f -o powell.o
gfortran  -fpic  -g -O2  -c profnb.f -o profnb.o
gfortran  -fpic  -g -O2  -c pwxy.f -o pwxy.o
gfortran  -fpic  -g -O2  -c qfnb.f -o qfnb.o
gfortran  -fpic  -g -O2  -c qselect.f -o qselect.o
gcc -I"/usr/local/lib/R/include" -DNDEBUG   -I/usr/local/include    -fpic  -g -O2 -fstack-protector-strong -Wformat -Werror=format-security -Wdate-time -D_FORTIFY_SOURCE=2 -g  -c quantreg_init.c -o quantreg_init.o
gfortran  -fpic  -g -O2  -c rls.f -o rls.o
gfortran  -fpic  -g -O2  -c rq0.f -o rq0.o
gfortran  -fpic  -g -O2  -c rq1.f -o rq1.o
gfortran  -fpic  -g -O2  -c rqbr.f -o rqbr.o
gfortran  -fpic  -g -O2  -c rqfn.f -o rqfn.o
gfortran  -fpic  -g -O2  -c rqfnb.f -o rqfnb.o
gfortran  -fpic  -g -O2  -c rqfnc.f -o rqfnc.o
gfortran  -fpic  -g -O2  -c rqs.f -o rqs.o
gfortran  -fpic  -g -O2  -c sakj.f -o sakj.o
gfortran  -fpic  -g -O2  -c sparskit2.f -o sparskit2.o
gfortran  -fpic  -g -O2  -c srqfn.f -o srqfn.o
gfortran  -fpic  -g -O2  -c srqfnc.f -o srqfnc.o
gfortran  -fpic  -g -O2  -c srtpai.f -o srtpai.o
srtpai.f:19:72:

   19 |  10     P(1, I) = I
      |                                                                        1
Warning: Fortran 2018 deleted feature: DO termination statement which is not END DO or CONTINUE with label 10 at (1)
gcc -shared -L/usr/local/lib/R/lib -L/usr/local/lib -o quantreg.so akj.o boot.o bound.o boundc.o brute.o chlfct.o cholesky.o combos.o crqf.o crqfnb.o dsel05.o extract.o frand.o grexp.o idmin.o iswap.o kuantile.o kuantiles.o linpack.o mcmb.o penalty.o pfnb.o powell.o profnb.o pwxy.o qfnb.o qselect.o quantreg_init.o rls.o rq0.o rq1.o rqbr.o rqfn.o rqfnb.o rqfnc.o rqs.o sakj.o sparskit2.o srqfn.o srqfnc.o srtpai.o -llapack -lblas -lgfortran -lm -lquadmath -lgfortran -lm -lquadmath -L/usr/local/lib/R/lib -lR
installing to /tmp/tmp/built/00LOCK-quantreg/00new/quantreg/libs
** R
** data
** demo
** inst
** byte-compile and prepare package for lazy loading
** help
*** installing help indices
** building package indices
** installing vignettes
** testing if installed package can be loaded from temporary location
** checking absolute paths in shared objects and dynamic libraries
** testing if installed package can be loaded from final location
** testing if installed package keeps a record of temporary installation path
* creating tarball
packaged installation of ‘quantreg’ as ‘quantreg_5.97_R_x86_64-pc-linux-gnu.tar.gz’
* DONE (quantreg)
ERROR: dependency ‘Rcpp’ is not available for package ‘ape’
* removing ‘/tmp/tmp/built/ape’
ERROR: dependency ‘Rcpp’ is not available for package ‘cubature’
* removing ‘/tmp/tmp/built/cubature’
ERROR: dependency ‘rlang’ is not available for package ‘pkgload’
* removing ‘/tmp/tmp/built/pkgload’
ERROR: dependencies ‘rlang’, ‘cachem’ are not available for package ‘memoise’
* removing ‘/tmp/tmp/built/memoise’
ERROR: dependencies ‘lifecycle’, ‘rlang’ are not available for package ‘gtable’
* removing ‘/tmp/tmp/built/gtable’
ERROR: dependencies ‘lifecycle’, ‘rlang’ are not available for package ‘scales’
* removing ‘/tmp/tmp/built/scales’
ERROR: dependencies ‘lifecycle’, ‘rlang’ are not available for package ‘vctrs’
* removing ‘/tmp/tmp/built/vctrs’
ERROR: dependencies ‘ellipsis’, ‘rlang’ are not available for package ‘htmltools’
* removing ‘/tmp/tmp/built/htmltools’
* installing *source* package ‘MCMCpack’ ...
** package ‘MCMCpack’ successfully unpacked and MD5 sums checked
** using staged installation
checking whether the C++ compiler works... yes
checking for C++ compiler default output file name... a.out
checking for suffix of executables... 
checking whether we are cross compiling... no
checking for suffix of object files... o
checking whether we are using the GNU C++ compiler... yes
checking whether g++ -std=gnu++17 accepts -g... yes
checking for gcc... gcc
checking whether we are using the GNU C compiler... yes
checking whether gcc accepts -g... yes
checking for gcc option to accept ISO C89... none needed
checking how to run the C preprocessor... gcc -E
checking for grep that handles long lines and -e... /usr/bin/grep
checking for egrep... /usr/bin/grep -E
checking for ANSI C header files... yes
checking for sys/types.h... yes
checking for sys/stat.h... yes
checking for stdlib.h... yes
checking for string.h... yes
checking for memory.h... yes
checking for strings.h... yes
checking for inttypes.h... yes
checking for stdint.h... yes
checking for unistd.h... yes
checking ieeefp.h usability... no
checking ieeefp.h presence... no
checking for ieeefp.h... no
checking for trunc... no
configure: creating ./config.status
config.status: creating src/Makevars
** libs
using C compiler: ‘gcc (Ubuntu 11.4.0-1ubuntu1~22.04) 11.4.0’
using C++ compiler: ‘g++ (Ubuntu 11.4.0-1ubuntu1~22.04) 11.4.0’
using C++11
g++ -std=gnu++11 -I"/usr/local/lib/R/include" -DNDEBUG -DSCYTHE_COMPILE_DIRECT -DSCYTHE_DEBUG=0 -DSCYTHE_RPACK -DHAVE_TRUNC     -I/usr/local/include    -fpic  -g -O2 -fstack-protector-strong -Wformat -Werror=format-security -Wdate-time -D_FORTIFY_SOURCE=2 -g  -c HMMmultivariateGaussian.cc -o HMMmultivariateGaussian.o
In file included from matrix_random_access_iterator.h:42,
                 from algorithm.h:41,
                 from matrix.h:61,
                 from rng.h:47,
                 from mersenne.h:76,
                 from MCMCrng.h:29,
                 from HMMmultivariateGaussian.cc:22:
error.h: In function ‘void scythe::scythe_terminate()’:
error.h:628:12: error: format not a string literal and no format arguments [-Werror=format-security]
  628 |     Rprintf(serr->what());
      |     ~~~~~~~^~~~~~~~~~~~~~
cc1plus: some warnings being treated as errors
make: *** [/usr/local/lib/R/etc/Makeconf:198: HMMmultivariateGaussian.o] Error 1
ERROR: compilation failed for package ‘MCMCpack’
* removing ‘/tmp/tmp/built/MCMCpack’
ERROR: dependencies ‘ape’, ‘cubature’ are not available for package ‘MCMCglmm’
* removing ‘/tmp/tmp/built/MCMCglmm’
ERROR: dependencies ‘lifecycle’, ‘rlang’, ‘vctrs’ are not available for package ‘hms’
* removing ‘/tmp/tmp/built/hms’
ERROR: dependencies ‘lifecycle’, ‘rlang’, ‘vctrs’ are not available for package ‘purrr’
* removing ‘/tmp/tmp/built/purrr’
ERROR: dependencies ‘rlang’, ‘htmltools’ are not available for package ‘sass’
* removing ‘/tmp/tmp/built/sass’
ERROR: dependencies ‘lifecycle’, ‘rlang’, ‘vctrs’ are not available for package ‘pillar’
* removing ‘/tmp/tmp/built/pillar’
ERROR: dependencies ‘lifecycle’, ‘rlang’, ‘vctrs’ are not available for package ‘tidyselect’
* removing ‘/tmp/tmp/built/tidyselect’
ERROR: dependencies ‘rlang’, ‘htmltools’ are not available for package ‘fontawesome’
* removing ‘/tmp/tmp/built/fontawesome’
ERROR: dependency ‘htmltools’ is not available for package ‘jquerylib’
* removing ‘/tmp/tmp/built/jquerylib’
ERROR: dependencies ‘lifecycle’, ‘rlang’, ‘vctrs’ are not available for package ‘stringr’
* removing ‘/tmp/tmp/built/stringr’
ERROR: dependency ‘hms’ is not available for package ‘progress’
* removing ‘/tmp/tmp/built/progress’
ERROR: dependencies ‘cachem’, ‘htmltools’, ‘jquerylib’, ‘lifecycle’, ‘memoise’, ‘rlang’, ‘sass’ are not available for package ‘bslib’
* removing ‘/tmp/tmp/built/bslib’
ERROR: dependencies ‘lifecycle’, ‘pillar’, ‘rlang’, ‘vctrs’ are not available for package ‘tibble’
* removing ‘/tmp/tmp/built/tibble’
ERROR: dependencies ‘hms’, ‘lifecycle’, ‘rlang’, ‘tibble’, ‘tidyselect’, ‘vctrs’, ‘progress’ are not available for package ‘vroom’
* removing ‘/tmp/tmp/built/vroom’
ERROR: dependencies ‘lifecycle’, ‘rlang’, ‘tibble’ are not available for package ‘forcats’
* removing ‘/tmp/tmp/built/forcats’
ERROR: dependency ‘tibble’ is not available for package ‘rematch2’
* removing ‘/tmp/tmp/built/rematch2’
ERROR: dependencies ‘gtable’, ‘lifecycle’, ‘rlang’, ‘scales’, ‘tibble’, ‘vctrs’ are not available for package ‘ggplot2’
* removing ‘/tmp/tmp/built/ggplot2’
ERROR: dependencies ‘lifecycle’, ‘pillar’, ‘rlang’, ‘tibble’, ‘tidyselect’, ‘vctrs’ are not available for package ‘dplyr’
* removing ‘/tmp/tmp/built/dplyr’
ERROR: dependencies ‘bslib’, ‘fontawesome’, ‘htmltools’, ‘jquerylib’, ‘stringr’ are not available for package ‘rmarkdown’
* removing ‘/tmp/tmp/built/rmarkdown’
ERROR: dependencies ‘hms’, ‘lifecycle’, ‘rlang’, ‘tibble’, ‘vroom’ are not available for package ‘readr’
* removing ‘/tmp/tmp/built/readr’
ERROR: dependencies ‘ggplot2’, ‘gtable’, ‘rlang’ are not available for package ‘patchwork’
* removing ‘/tmp/tmp/built/patchwork’
ERROR: dependencies ‘dplyr’, ‘lifecycle’, ‘purrr’, ‘rlang’, ‘stringr’, ‘tibble’, ‘tidyselect’, ‘vctrs’ are not available for package ‘tidyr’
* removing ‘/tmp/tmp/built/tidyr’
ERROR: dependencies ‘htmltools’, ‘rmarkdown’, ‘jquerylib’ are not available for package ‘bookdown’
* removing ‘/tmp/tmp/built/bookdown’
ERROR: dependencies ‘rematch2’, ‘rlang’, ‘tibble’ are not available for package ‘waldo’
* removing ‘/tmp/tmp/built/waldo’
ERROR: dependencies ‘forcats’, ‘hms’, ‘lifecycle’, ‘readr’, ‘rlang’, ‘tibble’, ‘tidyselect’, ‘vctrs’ are not available for package ‘haven’
* removing ‘/tmp/tmp/built/haven’
ERROR: dependencies ‘dplyr’, ‘ellipsis’, ‘lifecycle’, ‘purrr’, ‘rlang’, ‘stringr’, ‘tibble’, ‘tidyr’ are not available for package ‘broom’
* removing ‘/tmp/tmp/built/broom’
ERROR: dependencies ‘bookdown’, ‘rmarkdown’ are not available for package ‘BiocStyle’
* removing ‘/tmp/tmp/built/BiocStyle’
ERROR: dependencies ‘lifecycle’, ‘pkgload’, ‘rlang’, ‘waldo’ are not available for package ‘testthat’
* removing ‘/tmp/tmp/built/testthat’
ERROR: dependencies ‘haven’, ‘dplyr’, ‘lifecycle’, ‘rlang’, ‘vctrs’, ‘stringr’, ‘tidyr’ are not available for package ‘labelled’
* removing ‘/tmp/tmp/built/labelled’
ERROR: dependencies ‘broom’, ‘dplyr’, ‘labelled’, ‘lifecycle’, ‘purrr’, ‘rlang’, ‘stringr’, ‘tibble’, ‘tidyr’ are not available for package ‘broom.helpers’
* removing ‘/tmp/tmp/built/broom.helpers’
ERROR: dependencies ‘broom.helpers’, ‘dplyr’, ‘forcats’, ‘ggplot2’, ‘lifecycle’, ‘patchwork’, ‘purrr’, ‘rlang’, ‘scales’, ‘stringr’, ‘tidyr’ are not available for package ‘ggstats’
* removing ‘/tmp/tmp/built/ggstats’
ERROR: dependencies ‘ggplot2’, ‘dplyr’, ‘tidyr’, ‘ggstats’, ‘gtable’, ‘lifecycle’, ‘plyr’, ‘progress’, ‘rlang’, ‘scales’ are not available for package ‘GGally’
* removing ‘/tmp/tmp/built/GGally’
ERROR: dependencies ‘dplyr’, ‘tidyr’, ‘ggplot2’, ‘GGally’ are not available for package ‘ggmcmc’
* removing ‘/tmp/tmp/built/ggmcmc’
ERROR: dependencies ‘ggplot2’, ‘Rcpp’, ‘dplyr’, ‘ggmcmc’, ‘MCMCpack’, ‘MCMCglmm’, ‘tibble’ are not available for package ‘mfa’
* removing ‘/tmp/tmp/built/mfa’

The downloaded source packages are in
	‘/tmp/RtmpkusXBe/downloaded_packages’
There were 48 warnings (use warnings() to see them)

real	1m23.344s
user	1m6.536s
sys	0m18.379s
