+ Rscript -e 'Sys.setenv(BIOCONDUCTOR_USE_CONTAINER_REPOSITORY=FALSE); p <- .libPaths(); p <- c('\''/tmp/tmp/built'\'', p); .libPaths(p); if(BiocManager::install('\''oppti'\'', INSTALL_opts = '\''--build'\'', update = TRUE, quiet = FALSE, dependencies=TRUE, force = TRUE, keep_outputs = TRUE) %in% rownames(installed.packages())) q(status = 0) else q(status = 1)'
'getOption("repos")' replaces Bioconductor standard repositories, see
'help("repositories", package = "BiocManager")' for details.
Replacement repositories:
    CRAN: https://cloud.r-project.org
Bioconductor version 3.19 (BiocManager 1.30.22), R Under development (unstable)
  (2024-01-03 r85769)
Installing package(s) 'oppti'
also installing the dependencies ‘httr2’, ‘httpuv’, ‘fontawesome’, ‘later’, ‘promises’, ‘jquerylib’, ‘sass’, ‘rematch2’, ‘pillar’, ‘gh’, ‘purrr’, ‘cachem’, ‘shiny’, ‘htmltools’, ‘bslib’, ‘downlit’, ‘rmarkdown’, ‘xml2’, ‘htmlwidgets’, ‘stringr’, ‘waldo’, ‘plyr’, ‘gtable’, ‘lifecycle’, ‘rlang’, ‘scales’, ‘tibble’, ‘vctrs’, ‘usethis’, ‘ellipsis’, ‘memoise’, ‘miniUI’, ‘pkgdown’, ‘pkgload’, ‘profvis’, ‘roxygen2’, ‘rversions’, ‘testthat’, ‘urlchecker’, ‘Rcpp’, ‘RcppParallel’, ‘RcppArmadillo’, ‘reshape’, ‘ggplot2’, ‘pheatmap’, ‘devtools’, ‘parallelDist’, ‘markdown’

trying URL 'https://cloud.r-project.org/src/contrib/httr2_1.0.0.tar.gz'
Content type 'application/x-gzip' length 212032 bytes (207 KB)
==================================================
downloaded 207 KB

trying URL 'https://cloud.r-project.org/src/contrib/httpuv_1.6.13.tar.gz'
Content type 'application/x-gzip' length 1879156 bytes (1.8 MB)
==================================================
downloaded 1.8 MB

trying URL 'https://cloud.r-project.org/src/contrib/fontawesome_0.5.2.tar.gz'
Content type 'application/x-gzip' length 1281884 bytes (1.2 MB)
==================================================
downloaded 1.2 MB

trying URL 'https://cloud.r-project.org/src/contrib/later_1.3.2.tar.gz'
Content type 'application/x-gzip' length 63597 bytes (62 KB)
==================================================
downloaded 62 KB

trying URL 'https://cloud.r-project.org/src/contrib/promises_1.2.1.tar.gz'
Content type 'application/x-gzip' length 3151071 bytes (3.0 MB)
==================================================
downloaded 3.0 MB

trying URL 'https://cloud.r-project.org/src/contrib/jquerylib_0.1.4.tar.gz'
Content type 'application/x-gzip' length 520207 bytes (508 KB)
==================================================
downloaded 508 KB

trying URL 'https://cloud.r-project.org/src/contrib/sass_0.4.8.tar.gz'
Content type 'application/x-gzip' length 3025474 bytes (2.9 MB)
==================================================
downloaded 2.9 MB

trying URL 'https://cloud.r-project.org/src/contrib/rematch2_2.1.2.tar.gz'
Content type 'application/x-gzip' length 13366 bytes (13 KB)
==================================================
downloaded 13 KB

trying URL 'https://cloud.r-project.org/src/contrib/pillar_1.9.0.tar.gz'
Content type 'application/x-gzip' length 444528 bytes (434 KB)
==================================================
downloaded 434 KB

trying URL 'https://cloud.r-project.org/src/contrib/gh_1.4.0.tar.gz'
Content type 'application/x-gzip' length 41214 bytes (40 KB)
==================================================
downloaded 40 KB

trying URL 'https://cloud.r-project.org/src/contrib/purrr_1.0.2.tar.gz'
Content type 'application/x-gzip' length 220868 bytes (215 KB)
==================================================
downloaded 215 KB

trying URL 'https://cloud.r-project.org/src/contrib/cachem_1.0.8.tar.gz'
Content type 'application/x-gzip' length 26510 bytes (25 KB)
==================================================
downloaded 25 KB

trying URL 'https://cloud.r-project.org/src/contrib/shiny_1.8.0.tar.gz'
Content type 'application/x-gzip' length 2826485 bytes (2.7 MB)
==================================================
downloaded 2.7 MB

trying URL 'https://cloud.r-project.org/src/contrib/htmltools_0.5.7.tar.gz'
Content type 'application/x-gzip' length 134681 bytes (131 KB)
==================================================
downloaded 131 KB

trying URL 'https://cloud.r-project.org/src/contrib/bslib_0.6.1.tar.gz'
Content type 'application/x-gzip' length 6059587 bytes (5.8 MB)
==================================================
downloaded 5.8 MB

trying URL 'https://cloud.r-project.org/src/contrib/downlit_0.4.3.tar.gz'
Content type 'application/x-gzip' length 36888 bytes (36 KB)
==================================================
downloaded 36 KB

trying URL 'https://cloud.r-project.org/src/contrib/rmarkdown_2.25.tar.gz'
Content type 'application/x-gzip' length 2188934 bytes (2.1 MB)
==================================================
downloaded 2.1 MB

trying URL 'https://cloud.r-project.org/src/contrib/xml2_1.3.6.tar.gz'
Content type 'application/x-gzip' length 294715 bytes (287 KB)
==================================================
downloaded 287 KB

trying URL 'https://cloud.r-project.org/src/contrib/htmlwidgets_1.6.4.tar.gz'
Content type 'application/x-gzip' length 868895 bytes (848 KB)
==================================================
downloaded 848 KB

trying URL 'https://cloud.r-project.org/src/contrib/stringr_1.5.1.tar.gz'
Content type 'application/x-gzip' length 176599 bytes (172 KB)
==================================================
downloaded 172 KB

trying URL 'https://cloud.r-project.org/src/contrib/waldo_0.5.2.tar.gz'
Content type 'application/x-gzip' length 39711 bytes (38 KB)
==================================================
downloaded 38 KB

trying URL 'https://cloud.r-project.org/src/contrib/plyr_1.8.9.tar.gz'
Content type 'application/x-gzip' length 401488 bytes (392 KB)
==================================================
downloaded 392 KB

trying URL 'https://cloud.r-project.org/src/contrib/gtable_0.3.4.tar.gz'
Content type 'application/x-gzip' length 130100 bytes (127 KB)
==================================================
downloaded 127 KB

trying URL 'https://cloud.r-project.org/src/contrib/lifecycle_1.0.4.tar.gz'
Content type 'application/x-gzip' length 107656 bytes (105 KB)
==================================================
downloaded 105 KB

trying URL 'https://cloud.r-project.org/src/contrib/rlang_1.1.2.tar.gz'
Content type 'application/x-gzip' length 763521 bytes (745 KB)
==================================================
downloaded 745 KB

trying URL 'https://cloud.r-project.org/src/contrib/scales_1.3.0.tar.gz'
Content type 'application/x-gzip' length 302544 bytes (295 KB)
==================================================
downloaded 295 KB

trying URL 'https://cloud.r-project.org/src/contrib/tibble_3.2.1.tar.gz'
Content type 'application/x-gzip' length 565982 bytes (552 KB)
==================================================
downloaded 552 KB

trying URL 'https://cloud.r-project.org/src/contrib/vctrs_0.6.5.tar.gz'
Content type 'application/x-gzip' length 969066 bytes (946 KB)
==================================================
downloaded 946 KB

trying URL 'https://cloud.r-project.org/src/contrib/usethis_2.2.2.tar.gz'
Content type 'application/x-gzip' length 371065 bytes (362 KB)
==================================================
downloaded 362 KB

trying URL 'https://cloud.r-project.org/src/contrib/ellipsis_0.3.2.tar.gz'
Content type 'application/x-gzip' length 8066 bytes
==================================================
downloaded 8066 bytes

trying URL 'https://cloud.r-project.org/src/contrib/memoise_2.0.1.tar.gz'
Content type 'application/x-gzip' length 17852 bytes (17 KB)
==================================================
downloaded 17 KB

trying URL 'https://cloud.r-project.org/src/contrib/miniUI_0.1.1.1.tar.gz'
Content type 'application/x-gzip' length 97958 bytes (95 KB)
==================================================
downloaded 95 KB

trying URL 'https://cloud.r-project.org/src/contrib/pkgdown_2.0.7.tar.gz'
Content type 'application/x-gzip' length 871465 bytes (851 KB)
==================================================
downloaded 851 KB

trying URL 'https://cloud.r-project.org/src/contrib/pkgload_1.3.3.tar.gz'
Content type 'application/x-gzip' length 77929 bytes (76 KB)
==================================================
downloaded 76 KB

trying URL 'https://cloud.r-project.org/src/contrib/profvis_0.3.8.tar.gz'
Content type 'application/x-gzip' length 149012 bytes (145 KB)
==================================================
downloaded 145 KB

trying URL 'https://cloud.r-project.org/src/contrib/roxygen2_7.2.3.tar.gz'
Content type 'application/x-gzip' length 279442 bytes (272 KB)
==================================================
downloaded 272 KB

trying URL 'https://cloud.r-project.org/src/contrib/rversions_2.1.2.tar.gz'
Content type 'application/x-gzip' length 42135 bytes (41 KB)
==================================================
downloaded 41 KB

trying URL 'https://cloud.r-project.org/src/contrib/testthat_3.2.1.tar.gz'
Content type 'application/x-gzip' length 739745 bytes (722 KB)
==================================================
downloaded 722 KB

trying URL 'https://cloud.r-project.org/src/contrib/urlchecker_1.0.1.tar.gz'
Content type 'application/x-gzip' length 13340 bytes (13 KB)
==================================================
downloaded 13 KB

trying URL 'https://cloud.r-project.org/src/contrib/Rcpp_1.0.11.tar.gz'
Content type 'application/x-gzip' length 2994004 bytes (2.9 MB)
==================================================
downloaded 2.9 MB

trying URL 'https://cloud.r-project.org/src/contrib/RcppParallel_5.1.7.tar.gz'
Content type 'application/x-gzip' length 1629119 bytes (1.6 MB)
==================================================
downloaded 1.6 MB

trying URL 'https://cloud.r-project.org/src/contrib/RcppArmadillo_0.12.6.6.1.tar.gz'
Content type 'application/x-gzip' length 1403301 bytes (1.3 MB)
==================================================
downloaded 1.3 MB

trying URL 'https://cloud.r-project.org/src/contrib/reshape_0.8.9.tar.gz'
Content type 'application/x-gzip' length 41843 bytes (40 KB)
==================================================
downloaded 40 KB

trying URL 'https://cloud.r-project.org/src/contrib/ggplot2_3.4.4.tar.gz'
Content type 'application/x-gzip' length 3159578 bytes (3.0 MB)
==================================================
downloaded 3.0 MB

trying URL 'https://cloud.r-project.org/src/contrib/pheatmap_1.0.12.tar.gz'
Content type 'application/x-gzip' length 15071 bytes (14 KB)
==================================================
downloaded 14 KB

trying URL 'https://cloud.r-project.org/src/contrib/devtools_2.4.5.tar.gz'
Content type 'application/x-gzip' length 374718 bytes (365 KB)
==================================================
downloaded 365 KB

trying URL 'https://cloud.r-project.org/src/contrib/parallelDist_0.2.6.tar.gz'
Content type 'application/x-gzip' length 201463 bytes (196 KB)
==================================================
downloaded 196 KB

trying URL 'https://cloud.r-project.org/src/contrib/markdown_1.12.tar.gz'
Content type 'application/x-gzip' length 113037 bytes (110 KB)
==================================================
downloaded 110 KB

trying URL 'https://bioconductor.org/packages/3.19/bioc/src/contrib/oppti_1.17.0.tar.gz'
Content type 'application/x-gzip' length 75181 bytes (73 KB)
==================================================
downloaded 73 KB

* installing *source* package ‘rlang’ ...
** package ‘rlang’ successfully unpacked and MD5 sums checked
** using staged installation
** libs
using C compiler: ‘gcc (Ubuntu 11.4.0-1ubuntu1~22.04) 11.4.0’
gcc -I"/usr/local/lib/R/include" -DNDEBUG -I./rlang/  -I/usr/local/include   -fvisibility=hidden -fpic  -g -O2 -fstack-protector-strong -Wformat -Werror=format-security -Wdate-time -D_FORTIFY_SOURCE=2 -g  -c capture.c -o capture.o
gcc -I"/usr/local/lib/R/include" -DNDEBUG -I./rlang/  -I/usr/local/include   -fvisibility=hidden -fpic  -g -O2 -fstack-protector-strong -Wformat -Werror=format-security -Wdate-time -D_FORTIFY_SOURCE=2 -g  -c internal.c -o internal.o
In file included from internal/internal.c:32,
                 from internal.c:1:
internal/tests.c: In function ‘ffi_test_Rf_warning’:
internal/tests.c:104:3: error: format not a string literal and no format arguments [-Werror=format-security]
  104 |   Rf_warning(r_chr_get_c_string(msg, 0));
      |   ^~~~~~~~~~
internal/tests.c: In function ‘ffi_test_Rf_error’:
internal/tests.c:108:3: error: format not a string literal and no format arguments [-Werror=format-security]
  108 |   Rf_error(r_chr_get_c_string(msg, 0));
      |   ^~~~~~~~
internal/tests.c: In function ‘ffi_test_Rf_warningcall’:
internal/tests.c:113:3: error: format not a string literal and no format arguments [-Werror=format-security]
  113 |   Rf_warningcall(call, r_chr_get_c_string(msg, 0));
      |   ^~~~~~~~~~~~~~
internal/tests.c: In function ‘ffi_test_Rf_errorcall’:
internal/tests.c:117:3: error: format not a string literal and no format arguments [-Werror=format-security]
  117 |   Rf_errorcall(call, r_chr_get_c_string(msg, 0));
      |   ^~~~~~~~~~~~
cc1: some warnings being treated as errors
make: *** [/usr/local/lib/R/etc/Makeconf:191: internal.o] Error 1
ERROR: compilation failed for package ‘rlang’
* removing ‘/tmp/tmp/built/rlang’
* installing *source* package ‘Rcpp’ ...
** package ‘Rcpp’ successfully unpacked and MD5 sums checked
** using staged installation
** libs
using C++ compiler: ‘g++ (Ubuntu 11.4.0-1ubuntu1~22.04) 11.4.0’
g++ -std=gnu++17 -I"/usr/local/lib/R/include" -DNDEBUG -I../inst/include/  -I/usr/local/include    -fpic  -g -O2 -fstack-protector-strong -Wformat -Werror=format-security -Wdate-time -D_FORTIFY_SOURCE=2 -g  -c api.cpp -o api.o
In file included from ../inst/include/Rcpp/routines.h:26,
                 from ../inst/include/RcppCommon.h:128,
                 from ../inst/include/Rcpp.h:27,
                 from api.cpp:26:
../inst/include/Rcpp/iostream/Rstreambuf.h: In member function ‘std::streamsize Rcpp::Rstreambuf<OUTPUT>::xsputn(const char*, std::streamsize) [with bool OUTPUT = true; std::streamsize = long int]’:
../inst/include/Rcpp/iostream/Rstreambuf.h:53:20: warning: field precision specifier ‘.*’ expects argument of type ‘int’, but argument 2 has type ‘std::streamsize’ {aka ‘long int’} [-Wformat=]
   53 |         Rprintf("%.*s", num, s);
      |                  ~~^~   ~~~
      |                    |    |
      |                    int  std::streamsize {aka long int}
../inst/include/Rcpp/iostream/Rstreambuf.h: In member function ‘std::streamsize Rcpp::Rstreambuf<OUTPUT>::xsputn(const char*, std::streamsize) [with bool OUTPUT = false; std::streamsize = long int]’:
../inst/include/Rcpp/iostream/Rstreambuf.h:57:21: warning: field precision specifier ‘.*’ expects argument of type ‘int’, but argument 2 has type ‘std::streamsize’ {aka ‘long int’} [-Wformat=]
   57 |         REprintf("%.*s", num, s);
      |                   ~~^~   ~~~
      |                     |    |
      |                     int  std::streamsize {aka long int}
In file included from ../inst/include/RcppCommon.h:181,
                 from ../inst/include/Rcpp.h:27,
                 from api.cpp:26:
../inst/include/Rcpp/print.h: In function ‘void Rcpp::warningcall(SEXP, const string&)’:
../inst/include/Rcpp/print.h:30:19: error: format not a string literal and no format arguments [-Werror=format-security]
   30 |     Rf_warningcall(call, s.c_str());
      |     ~~~~~~~~~~~~~~^~~~~~~~~~~~~~~~~
cc1plus: some warnings being treated as errors
make: *** [/usr/local/lib/R/etc/Makeconf:200: api.o] Error 1
ERROR: compilation failed for package ‘Rcpp’
* removing ‘/tmp/tmp/built/Rcpp’
* installing *source* package ‘RcppParallel’ ...
** package ‘RcppParallel’ successfully unpacked and MD5 sums checked
** using staged installation
** preparing to configure package 'RcppParallel' ...
*** configured file: 'R/tbb-autodetected.R.in' => 'R/tbb-autodetected.R'
*** configured file: 'src/Makevars.in' => 'src/Makevars'
*** configured file: 'src/install.libs.R.in' => 'src/install.libs.R'
** finished configure for package 'RcppParallel'
** libs
using C++ compiler: ‘g++ (Ubuntu 11.4.0-1ubuntu1~22.04) 11.4.0’
(tbb) Building TBB using bundled sources ...
make[1]: Entering directory '/tmp/RtmpvuSBvs/R.INSTALLac47d1c785/RcppParallel/src/tbb/src'
OS: linux
arch=intel64
compiler=gcc
runtime=cc11.4.0_libc2.35_kernel6.2.0
tbb_build_prefix=linux_intel64_gcc_cc11.4.0_libc2.35_kernel6.2.0
work_dir=/tmp/RtmpvuSBvs/R.INSTALLac47d1c785/RcppParallel/src/build/linux_intel64_gcc_cc11.4.0_libc2.35_kernel6.2.0_release
make[1]: Leaving directory '/tmp/RtmpvuSBvs/R.INSTALLac47d1c785/RcppParallel/src/tbb/src'
(tbb) TBB compilation finished successfully.
g++ -std=gnu++17 -I"/usr/local/lib/R/include" -DNDEBUG -I../inst/include  -I/usr/local/include   -std=gnu++11 -DRCPP_PARALLEL_USE_TBB=1 -DTBB_SUPPRESS_DEPRECATED_MESSAGES=1 -fpic  -g -O2 -fstack-protector-strong -Wformat -Werror=format-security -Wdate-time -D_FORTIFY_SOURCE=2 -g  -c init.cpp -o init.o
g++ -std=gnu++17 -I"/usr/local/lib/R/include" -DNDEBUG -I../inst/include  -I/usr/local/include   -std=gnu++11 -DRCPP_PARALLEL_USE_TBB=1 -DTBB_SUPPRESS_DEPRECATED_MESSAGES=1 -fpic  -g -O2 -fstack-protector-strong -Wformat -Werror=format-security -Wdate-time -D_FORTIFY_SOURCE=2 -g  -c options.cpp -o options.o
g++ -std=gnu++17 -shared -L/usr/local/lib/R/lib -L/usr/local/lib -o RcppParallel.so init.o options.o -L/usr/local/lib/R/lib -lR
installing via 'install.libs.R' to /tmp/tmp/built/00LOCK-RcppParallel/00new/RcppParallel
** R
** inst
** byte-compile and prepare package for lazy loading
** help
*** installing help indices
** building package indices
** testing if installed package can be loaded from temporary location
** checking absolute paths in shared objects and dynamic libraries
** testing if installed package can be loaded from final location
** testing if installed package keeps a record of temporary installation path
* creating tarball
packaged installation of ‘RcppParallel’ as ‘RcppParallel_5.1.7_R_x86_64-pc-linux-gnu.tar.gz’
* DONE (RcppParallel)
* installing *source* package ‘markdown’ ...
** package ‘markdown’ successfully unpacked and MD5 sums checked
** using staged installation
** R
** inst
** byte-compile and prepare package for lazy loading
** help
*** installing help indices
** building package indices
** installing vignettes
** testing if installed package can be loaded from temporary location
** testing if installed package can be loaded from final location
** testing if installed package keeps a record of temporary installation path
* creating tarball
packaged installation of ‘markdown’ as ‘markdown_1.12_R_x86_64-pc-linux-gnu.tar.gz’
* DONE (markdown)
ERROR: dependencies ‘Rcpp’, ‘rlang’ are not available for package ‘later’
* removing ‘/tmp/tmp/built/later’
ERROR: dependency ‘rlang’ is not available for package ‘cachem’
* removing ‘/tmp/tmp/built/cachem’
ERROR: dependency ‘rlang’ is not available for package ‘xml2’
* removing ‘/tmp/tmp/built/xml2’
ERROR: dependency ‘Rcpp’ is not available for package ‘plyr’
* removing ‘/tmp/tmp/built/plyr’
ERROR: dependency ‘rlang’ is not available for package ‘lifecycle’
* removing ‘/tmp/tmp/built/lifecycle’
ERROR: dependency ‘rlang’ is not available for package ‘ellipsis’
* removing ‘/tmp/tmp/built/ellipsis’
ERROR: dependency ‘rlang’ is not available for package ‘pkgload’
* removing ‘/tmp/tmp/built/pkgload’
ERROR: dependency ‘Rcpp’ is not available for package ‘RcppArmadillo’
* removing ‘/tmp/tmp/built/RcppArmadillo’
ERROR: dependencies ‘later’, ‘Rcpp’, ‘rlang’ are not available for package ‘promises’
* removing ‘/tmp/tmp/built/promises’
ERROR: dependencies ‘ellipsis’, ‘rlang’ are not available for package ‘htmltools’
* removing ‘/tmp/tmp/built/htmltools’
ERROR: dependencies ‘lifecycle’, ‘rlang’ are not available for package ‘gtable’
* removing ‘/tmp/tmp/built/gtable’
ERROR: dependencies ‘lifecycle’, ‘rlang’ are not available for package ‘scales’
* removing ‘/tmp/tmp/built/scales’
ERROR: dependencies ‘lifecycle’, ‘rlang’ are not available for package ‘vctrs’
* removing ‘/tmp/tmp/built/vctrs’
ERROR: dependencies ‘rlang’, ‘cachem’ are not available for package ‘memoise’
* removing ‘/tmp/tmp/built/memoise’
ERROR: dependency ‘xml2’ is not available for package ‘rversions’
* removing ‘/tmp/tmp/built/rversions’
ERROR: dependency ‘xml2’ is not available for package ‘urlchecker’
* removing ‘/tmp/tmp/built/urlchecker’
ERROR: dependency ‘plyr’ is not available for package ‘reshape’
* removing ‘/tmp/tmp/built/reshape’
ERROR: dependencies ‘Rcpp’, ‘RcppArmadillo’ are not available for package ‘parallelDist’
* removing ‘/tmp/tmp/built/parallelDist’
ERROR: dependencies ‘lifecycle’, ‘rlang’, ‘vctrs’ are not available for package ‘httr2’
* removing ‘/tmp/tmp/built/httr2’
ERROR: dependencies ‘later’, ‘promises’, ‘Rcpp’ are not available for package ‘httpuv’
* removing ‘/tmp/tmp/built/httpuv’
ERROR: dependencies ‘rlang’, ‘htmltools’ are not available for package ‘fontawesome’
* removing ‘/tmp/tmp/built/fontawesome’
ERROR: dependency ‘htmltools’ is not available for package ‘jquerylib’
* removing ‘/tmp/tmp/built/jquerylib’
ERROR: dependencies ‘rlang’, ‘htmltools’ are not available for package ‘sass’
* removing ‘/tmp/tmp/built/sass’
ERROR: dependencies ‘lifecycle’, ‘rlang’, ‘vctrs’ are not available for package ‘pillar’
* removing ‘/tmp/tmp/built/pillar’
ERROR: dependencies ‘lifecycle’, ‘rlang’, ‘vctrs’ are not available for package ‘purrr’
* removing ‘/tmp/tmp/built/purrr’
ERROR: dependencies ‘memoise’, ‘rlang’, ‘vctrs’ are not available for package ‘downlit’
* removing ‘/tmp/tmp/built/downlit’
ERROR: dependencies ‘lifecycle’, ‘rlang’, ‘vctrs’ are not available for package ‘stringr’
* removing ‘/tmp/tmp/built/stringr’
ERROR: dependencies ‘scales’, ‘gtable’ are not available for package ‘pheatmap’
* removing ‘/tmp/tmp/built/pheatmap’
ERROR: dependencies ‘httr2’, ‘rlang’ are not available for package ‘gh’
* removing ‘/tmp/tmp/built/gh’
ERROR: dependencies ‘cachem’, ‘htmltools’, ‘jquerylib’, ‘lifecycle’, ‘memoise’, ‘rlang’, ‘sass’ are not available for package ‘bslib’
* removing ‘/tmp/tmp/built/bslib’
ERROR: dependencies ‘lifecycle’, ‘pillar’, ‘rlang’, ‘vctrs’ are not available for package ‘tibble’
* removing ‘/tmp/tmp/built/tibble’
ERROR: dependencies ‘pkgload’, ‘purrr’, ‘rlang’, ‘stringr’, ‘xml2’ are not available for package ‘roxygen2’
* removing ‘/tmp/tmp/built/roxygen2’
ERROR: dependency ‘tibble’ is not available for package ‘rematch2’
* removing ‘/tmp/tmp/built/rematch2’
ERROR: dependencies ‘httpuv’, ‘fontawesome’, ‘htmltools’, ‘later’, ‘promises’, ‘rlang’, ‘bslib’, ‘cachem’, ‘ellipsis’, ‘lifecycle’ are not available for package ‘shiny’
* removing ‘/tmp/tmp/built/shiny’
ERROR: dependencies ‘bslib’, ‘fontawesome’, ‘htmltools’, ‘jquerylib’, ‘stringr’ are not available for package ‘rmarkdown’
* removing ‘/tmp/tmp/built/rmarkdown’
ERROR: dependencies ‘gh’, ‘lifecycle’, ‘purrr’, ‘rlang’ are not available for package ‘usethis’
* removing ‘/tmp/tmp/built/usethis’
ERROR: dependencies ‘gtable’, ‘lifecycle’, ‘rlang’, ‘scales’, ‘tibble’, ‘vctrs’ are not available for package ‘ggplot2’
* removing ‘/tmp/tmp/built/ggplot2’
ERROR: dependencies ‘htmltools’, ‘rmarkdown’ are not available for package ‘htmlwidgets’
* removing ‘/tmp/tmp/built/htmlwidgets’
ERROR: dependencies ‘rematch2’, ‘rlang’, ‘tibble’ are not available for package ‘waldo’
* removing ‘/tmp/tmp/built/waldo’
ERROR: dependencies ‘shiny’, ‘htmltools’ are not available for package ‘miniUI’
* removing ‘/tmp/tmp/built/miniUI’
ERROR: dependencies ‘bslib’, ‘downlit’, ‘memoise’, ‘purrr’, ‘rlang’, ‘rmarkdown’, ‘tibble’, ‘xml2’ are not available for package ‘pkgdown’
* removing ‘/tmp/tmp/built/pkgdown’
ERROR: dependencies ‘htmlwidgets’, ‘purrr’, ‘rlang’, ‘stringr’, ‘vctrs’ are not available for package ‘profvis’
* removing ‘/tmp/tmp/built/profvis’
ERROR: dependencies ‘lifecycle’, ‘pkgload’, ‘rlang’, ‘waldo’ are not available for package ‘testthat’
* removing ‘/tmp/tmp/built/testthat’
ERROR: dependencies ‘usethis’, ‘ellipsis’, ‘lifecycle’, ‘memoise’, ‘miniUI’, ‘pkgdown’, ‘pkgload’, ‘profvis’, ‘rlang’, ‘roxygen2’, ‘rversions’, ‘testthat’, ‘urlchecker’ are not available for package ‘devtools’
* removing ‘/tmp/tmp/built/devtools’
ERROR: dependencies ‘reshape’, ‘ggplot2’, ‘pheatmap’, ‘devtools’, ‘parallelDist’ are not available for package ‘oppti’
* removing ‘/tmp/tmp/built/oppti’

The downloaded source packages are in
	‘/tmp/Rtmpg2wU19/downloaded_packages’
There were 47 warnings (use warnings() to see them)

real	0m51.412s
user	0m40.030s
sys	0m13.335s
