+ Rscript -e 'Sys.setenv(BIOCONDUCTOR_USE_CONTAINER_REPOSITORY=FALSE); p <- .libPaths(); p <- c('\''/tmp/tmp/built'\'', p); .libPaths(p); if(BiocManager::install('\''qcmetrics'\'', INSTALL_opts = '\''--build'\'', update = TRUE, quiet = FALSE, dependencies=TRUE, force = TRUE, keep_outputs = TRUE) %in% rownames(installed.packages())) q(status = 0) else q(status = 1)'
'getOption("repos")' replaces Bioconductor standard repositories, see
'help("repositories", package = "BiocManager")' for details.
Replacement repositories:
    CRAN: https://cloud.r-project.org
Bioconductor version 3.19 (BiocManager 1.30.22), R Under development (unstable)
  (2024-01-03 r85769)
Installing package(s) 'qcmetrics'
also installing the dependencies ‘XVector’, ‘SparseArray’, ‘tidyselect’, ‘later’, ‘GenomicRanges’, ‘DelayedArray’, ‘tidyr’, ‘S4Arrays’, ‘htmlwidgets’, ‘dplyr’, ‘crosstalk’, ‘purrr’, ‘promises’, ‘MultiAssayExperiment’, ‘SummarizedExperiment’, ‘AnnotationFilter’, ‘plotly’, ‘igraph’, ‘QFeatures’, ‘pillar’, ‘cachem’, ‘memoise’, ‘sass’, ‘ellipsis’, ‘Rcpp’, ‘MsCoreUtils’, ‘PSMatch’, ‘plyr’, ‘vsn’, ‘pcaMethods’, ‘mzID’, ‘scales’, ‘gtable’, ‘lifecycle’, ‘rlang’, ‘tibble’, ‘vctrs’, ‘bookdown’, ‘bslib’, ‘fontawesome’, ‘htmltools’, ‘jquerylib’, ‘stringr’, ‘pander’, ‘MSnbase’, ‘ggplot2’, ‘mzR’, ‘BiocStyle’, ‘rmarkdown’

trying URL 'https://bioconductor.org/packages/3.19/bioc/src/contrib/XVector_0.43.0.tar.gz'
Content type 'application/x-gzip' length 67799 bytes (66 KB)
==================================================
downloaded 66 KB

trying URL 'https://bioconductor.org/packages/3.19/bioc/src/contrib/SparseArray_1.3.2.tar.gz'
Content type 'application/x-gzip' length 367708 bytes (359 KB)
==================================================
downloaded 359 KB

trying URL 'https://cloud.r-project.org/src/contrib/tidyselect_1.2.0.tar.gz'
Content type 'application/x-gzip' length 101498 bytes (99 KB)
==================================================
downloaded 99 KB

trying URL 'https://cloud.r-project.org/src/contrib/later_1.3.2.tar.gz'
Content type 'application/x-gzip' length 63597 bytes (62 KB)
==================================================
downloaded 62 KB

trying URL 'https://bioconductor.org/packages/3.19/bioc/src/contrib/GenomicRanges_1.55.1.tar.gz'
Content type 'application/x-gzip' length 1140363 bytes (1.1 MB)
==================================================
downloaded 1.1 MB

trying URL 'https://bioconductor.org/packages/3.19/bioc/src/contrib/DelayedArray_0.29.0.tar.gz'
Content type 'application/x-gzip' length 615068 bytes (600 KB)
==================================================
downloaded 600 KB

trying URL 'https://cloud.r-project.org/src/contrib/tidyr_1.3.0.tar.gz'
Content type 'application/x-gzip' length 823546 bytes (804 KB)
==================================================
downloaded 804 KB

trying URL 'https://bioconductor.org/packages/3.19/bioc/src/contrib/S4Arrays_1.3.1.tar.gz'
Content type 'application/x-gzip' length 281076 bytes (274 KB)
==================================================
downloaded 274 KB

trying URL 'https://cloud.r-project.org/src/contrib/htmlwidgets_1.6.4.tar.gz'
Content type 'application/x-gzip' length 868895 bytes (848 KB)
==================================================
downloaded 848 KB

trying URL 'https://cloud.r-project.org/src/contrib/dplyr_1.1.4.tar.gz'
Content type 'application/x-gzip' length 1207521 bytes (1.2 MB)
==================================================
downloaded 1.2 MB

trying URL 'https://cloud.r-project.org/src/contrib/crosstalk_1.2.1.tar.gz'
Content type 'application/x-gzip' length 297970 bytes (290 KB)
==================================================
downloaded 290 KB

trying URL 'https://cloud.r-project.org/src/contrib/purrr_1.0.2.tar.gz'
Content type 'application/x-gzip' length 220868 bytes (215 KB)
==================================================
downloaded 215 KB

trying URL 'https://cloud.r-project.org/src/contrib/promises_1.2.1.tar.gz'
Content type 'application/x-gzip' length 3151071 bytes (3.0 MB)
==================================================
downloaded 3.0 MB

trying URL 'https://bioconductor.org/packages/3.19/bioc/src/contrib/MultiAssayExperiment_1.29.0.tar.gz'
Content type 'application/x-gzip' length 1173798 bytes (1.1 MB)
==================================================
downloaded 1.1 MB

trying URL 'https://bioconductor.org/packages/3.19/bioc/src/contrib/SummarizedExperiment_1.33.1.tar.gz'
Content type 'application/x-gzip' length 686061 bytes (669 KB)
==================================================
downloaded 669 KB

trying URL 'https://bioconductor.org/packages/3.19/bioc/src/contrib/AnnotationFilter_1.27.0.tar.gz'
Content type 'application/x-gzip' length 323784 bytes (316 KB)
==================================================
downloaded 316 KB

trying URL 'https://cloud.r-project.org/src/contrib/plotly_4.10.3.tar.gz'
Content type 'application/x-gzip' length 3903037 bytes (3.7 MB)
==================================================
downloaded 3.7 MB

trying URL 'https://cloud.r-project.org/src/contrib/igraph_1.6.0.tar.gz'
Content type 'application/x-gzip' length 3510416 bytes (3.3 MB)
==================================================
downloaded 3.3 MB

trying URL 'https://bioconductor.org/packages/3.19/bioc/src/contrib/QFeatures_1.13.1.tar.gz'
Content type 'application/x-gzip' length 2761196 bytes (2.6 MB)
==================================================
downloaded 2.6 MB

trying URL 'https://cloud.r-project.org/src/contrib/pillar_1.9.0.tar.gz'
Content type 'application/x-gzip' length 444528 bytes (434 KB)
==================================================
downloaded 434 KB

trying URL 'https://cloud.r-project.org/src/contrib/cachem_1.0.8.tar.gz'
Content type 'application/x-gzip' length 26510 bytes (25 KB)
==================================================
downloaded 25 KB

trying URL 'https://cloud.r-project.org/src/contrib/memoise_2.0.1.tar.gz'
Content type 'application/x-gzip' length 17852 bytes (17 KB)
==================================================
downloaded 17 KB

trying URL 'https://cloud.r-project.org/src/contrib/sass_0.4.8.tar.gz'
Content type 'application/x-gzip' length 3025474 bytes (2.9 MB)
==================================================
downloaded 2.9 MB

trying URL 'https://cloud.r-project.org/src/contrib/ellipsis_0.3.2.tar.gz'
Content type 'application/x-gzip' length 8066 bytes
==================================================
downloaded 8066 bytes

trying URL 'https://cloud.r-project.org/src/contrib/Rcpp_1.0.11.tar.gz'
Content type 'application/x-gzip' length 2994004 bytes (2.9 MB)
==================================================
downloaded 2.9 MB

trying URL 'https://bioconductor.org/packages/3.19/bioc/src/contrib/MsCoreUtils_1.15.2.tar.gz'
Content type 'application/x-gzip' length 416991 bytes (407 KB)
==================================================
downloaded 407 KB

trying URL 'https://bioconductor.org/packages/3.19/bioc/src/contrib/PSMatch_1.7.1.tar.gz'
Content type 'application/x-gzip' length 1399696 bytes (1.3 MB)
==================================================
downloaded 1.3 MB

trying URL 'https://cloud.r-project.org/src/contrib/plyr_1.8.9.tar.gz'
Content type 'application/x-gzip' length 401488 bytes (392 KB)
==================================================
downloaded 392 KB

trying URL 'https://bioconductor.org/packages/3.19/bioc/src/contrib/vsn_3.71.0.tar.gz'
Content type 'application/x-gzip' length 1843327 bytes (1.8 MB)
==================================================
downloaded 1.8 MB

trying URL 'https://bioconductor.org/packages/3.19/bioc/src/contrib/pcaMethods_1.95.0.tar.gz'
Content type 'application/x-gzip' length 610506 bytes (596 KB)
==================================================
downloaded 596 KB

trying URL 'https://bioconductor.org/packages/3.19/bioc/src/contrib/mzID_1.41.0.tar.gz'
Content type 'application/x-gzip' length 589681 bytes (575 KB)
==================================================
downloaded 575 KB

trying URL 'https://cloud.r-project.org/src/contrib/scales_1.3.0.tar.gz'
Content type 'application/x-gzip' length 302544 bytes (295 KB)
==================================================
downloaded 295 KB

trying URL 'https://cloud.r-project.org/src/contrib/gtable_0.3.4.tar.gz'
Content type 'application/x-gzip' length 130100 bytes (127 KB)
==================================================
downloaded 127 KB

trying URL 'https://cloud.r-project.org/src/contrib/lifecycle_1.0.4.tar.gz'
Content type 'application/x-gzip' length 107656 bytes (105 KB)
==================================================
downloaded 105 KB

trying URL 'https://cloud.r-project.org/src/contrib/rlang_1.1.2.tar.gz'
Content type 'application/x-gzip' length 763521 bytes (745 KB)
==================================================
downloaded 745 KB

trying URL 'https://cloud.r-project.org/src/contrib/tibble_3.2.1.tar.gz'
Content type 'application/x-gzip' length 565982 bytes (552 KB)
==================================================
downloaded 552 KB

trying URL 'https://cloud.r-project.org/src/contrib/vctrs_0.6.5.tar.gz'
Content type 'application/x-gzip' length 969066 bytes (946 KB)
==================================================
downloaded 946 KB

trying URL 'https://cloud.r-project.org/src/contrib/bookdown_0.37.tar.gz'
Content type 'application/x-gzip' length 858915 bytes (838 KB)
==================================================
downloaded 838 KB

trying URL 'https://cloud.r-project.org/src/contrib/bslib_0.6.1.tar.gz'
Content type 'application/x-gzip' length 6059587 bytes (5.8 MB)
==================================================
downloaded 5.8 MB

trying URL 'https://cloud.r-project.org/src/contrib/fontawesome_0.5.2.tar.gz'
Content type 'application/x-gzip' length 1281884 bytes (1.2 MB)
==================================================
downloaded 1.2 MB

trying URL 'https://cloud.r-project.org/src/contrib/htmltools_0.5.7.tar.gz'
Content type 'application/x-gzip' length 134681 bytes (131 KB)
==================================================
downloaded 131 KB

trying URL 'https://cloud.r-project.org/src/contrib/jquerylib_0.1.4.tar.gz'
Content type 'application/x-gzip' length 520207 bytes (508 KB)
==================================================
downloaded 508 KB

trying URL 'https://cloud.r-project.org/src/contrib/stringr_1.5.1.tar.gz'
Content type 'application/x-gzip' length 176599 bytes (172 KB)
==================================================
downloaded 172 KB

trying URL 'https://cloud.r-project.org/src/contrib/pander_0.6.5.tar.gz'
Content type 'application/x-gzip' length 393677 bytes (384 KB)
==================================================
downloaded 384 KB

trying URL 'https://bioconductor.org/packages/3.19/bioc/src/contrib/MSnbase_2.29.2.tar.gz'
Content type 'application/x-gzip' length 5936769 bytes (5.7 MB)
==================================================
downloaded 5.7 MB

trying URL 'https://cloud.r-project.org/src/contrib/ggplot2_3.4.4.tar.gz'
Content type 'application/x-gzip' length 3159578 bytes (3.0 MB)
==================================================
downloaded 3.0 MB

trying URL 'https://bioconductor.org/packages/3.19/bioc/src/contrib/mzR_2.37.0.tar.gz'
Content type 'application/x-gzip' length 7675633 bytes (7.3 MB)
==================================================
downloaded 7.3 MB

trying URL 'https://bioconductor.org/packages/3.19/bioc/src/contrib/BiocStyle_2.31.0.tar.gz'
Content type 'application/x-gzip' length 788268 bytes (769 KB)
==================================================
downloaded 769 KB

trying URL 'https://cloud.r-project.org/src/contrib/rmarkdown_2.25.tar.gz'
Content type 'application/x-gzip' length 2188934 bytes (2.1 MB)
==================================================
downloaded 2.1 MB

trying URL 'https://bioconductor.org/packages/3.19/bioc/src/contrib/qcmetrics_1.41.0.tar.gz'
Content type 'application/x-gzip' length 4419910 bytes (4.2 MB)
==================================================
downloaded 4.2 MB

* installing *source* package ‘XVector’ ...
** using staged installation
** libs
using C compiler: ‘gcc (Ubuntu 11.4.0-1ubuntu1~22.04) 11.4.0’
gcc -I"/usr/local/lib/R/include" -DNDEBUG  -I'/tmp/tmp/built/S4Vectors/include' -I'/tmp/tmp/built/IRanges/include' -I/usr/local/include    -fpic  -g -O2 -fstack-protector-strong -Wformat -Werror=format-security -Wdate-time -D_FORTIFY_SOURCE=2 -g  -c IRanges_stubs.c -o IRanges_stubs.o
gcc -I"/usr/local/lib/R/include" -DNDEBUG  -I'/tmp/tmp/built/S4Vectors/include' -I'/tmp/tmp/built/IRanges/include' -I/usr/local/include    -fpic  -g -O2 -fstack-protector-strong -Wformat -Werror=format-security -Wdate-time -D_FORTIFY_SOURCE=2 -g  -c Ocopy_byteblocks.c -o Ocopy_byteblocks.o
gcc -I"/usr/local/lib/R/include" -DNDEBUG  -I'/tmp/tmp/built/S4Vectors/include' -I'/tmp/tmp/built/IRanges/include' -I/usr/local/include    -fpic  -g -O2 -fstack-protector-strong -Wformat -Werror=format-security -Wdate-time -D_FORTIFY_SOURCE=2 -g  -c RDS_random_access.c -o RDS_random_access.o
RDS_random_access.c: In function ‘RDS_read_chars’:
RDS_random_access.c:136:17: error: format not a string literal and no format arguments [-Werror=format-security]
  136 |                 error(errmsg);
      |                 ^~~~~
RDS_random_access.c: In function ‘RDS_read_vector_length’:
RDS_random_access.c:218:17: error: format not a string literal and no format arguments [-Werror=format-security]
  218 |                 error(errmsg);
      |                 ^~~~~
RDS_random_access.c:226:17: error: format not a string literal and no format arguments [-Werror=format-security]
  226 |                 error(errmsg);
      |                 ^~~~~
RDS_random_access.c: In function ‘RDS_read_string’:
RDS_random_access.c:277:17: error: format not a string literal and no format arguments [-Werror=format-security]
  277 |                 error(errmsg);
      |                 ^~~~~
RDS_random_access.c:283:25: error: format not a string literal and no format arguments [-Werror=format-security]
  283 |                         error(errmsg);
      |                         ^~~~~
RDS_random_access.c: In function ‘RDS_read_atomic_vector’:
RDS_random_access.c:360:17: error: format not a string literal and no format arguments [-Werror=format-security]
  360 |                 error(errmsg);
      |                 ^~~~~
RDS_random_access.c: In function ‘RDS_read_attrib_separator’:
RDS_random_access.c:406:17: error: format not a string literal and no format arguments [-Werror=format-security]
  406 |                 error(errmsg);
      |                 ^~~~~
RDS_random_access.c: In function ‘RDS_read_symbol’:
RDS_random_access.c:428:17: error: format not a string literal and no format arguments [-Werror=format-security]
  428 |                 error(errmsg);
      |                 ^~~~~
RDS_random_access.c: In function ‘RDS_read_object’:
RDS_random_access.c:497:17: error: format not a string literal and no format arguments [-Werror=format-security]
  497 |                 error(errmsg);
      |                 ^~~~~
RDS_random_access.c: In function ‘RDS_read_file_header’:
RDS_random_access.c:559:17: error: format not a string literal and no format arguments [-Werror=format-security]
  559 |                 error(errmsg);
      |                 ^~~~~
RDS_random_access.c: In function ‘extract_top_level_object_type’:
RDS_random_access.c:618:17: error: format not a string literal and no format arguments [-Werror=format-security]
  618 |                 error(errmsg);
      |                 ^~~~~
RDS_random_access.c: In function ‘RDS_read_atom_at_offset’:
RDS_random_access.c:675:17: error: format not a string literal and no format arguments [-Werror=format-security]
  675 |                 error(errmsg);
      |                 ^~~~~
RDS_random_access.c:698:17: error: format not a string literal and no format arguments [-Werror=format-security]
  698 |                 error(errmsg);
      |                 ^~~~~
RDS_random_access.c: In function ‘RDS_extract_subvector’:
RDS_random_access.c:772:17: error: format not a string literal and no format arguments [-Werror=format-security]
  772 |                 error(errmsg);
      |                 ^~~~~
cc1: some warnings being treated as errors
make: *** [/usr/local/lib/R/etc/Makeconf:191: RDS_random_access.o] Error 1
ERROR: compilation failed for package ‘XVector’
* removing ‘/tmp/tmp/built/XVector’
* installing *source* package ‘S4Arrays’ ...
** using staged installation
** libs
using C compiler: ‘gcc (Ubuntu 11.4.0-1ubuntu1~22.04) 11.4.0’
gcc -I"/usr/local/lib/R/include" -DNDEBUG  -I'/tmp/tmp/built/S4Vectors/include' -I/usr/local/include    -fpic  -g -O2 -fstack-protector-strong -Wformat -Werror=format-security -Wdate-time -D_FORTIFY_SOURCE=2 -g  -c R_init_S4Arrays.c -o R_init_S4Arrays.o
gcc -I"/usr/local/lib/R/include" -DNDEBUG  -I'/tmp/tmp/built/S4Vectors/include' -I/usr/local/include    -fpic  -g -O2 -fstack-protector-strong -Wformat -Werror=format-security -Wdate-time -D_FORTIFY_SOURCE=2 -g  -c S4Vectors_stubs.c -o S4Vectors_stubs.o
gcc -I"/usr/local/lib/R/include" -DNDEBUG  -I'/tmp/tmp/built/S4Vectors/include' -I/usr/local/include    -fpic  -g -O2 -fstack-protector-strong -Wformat -Werror=format-security -Wdate-time -D_FORTIFY_SOURCE=2 -g  -c abind.c -o abind.o
gcc -I"/usr/local/lib/R/include" -DNDEBUG  -I'/tmp/tmp/built/S4Vectors/include' -I/usr/local/include    -fpic  -g -O2 -fstack-protector-strong -Wformat -Werror=format-security -Wdate-time -D_FORTIFY_SOURCE=2 -g  -c array_selection.c -o array_selection.o
array_selection.c: In function ‘C_Lindex2Mindex’:
array_selection.c:352:17: error: format not a string literal and no format arguments [-Werror=format-security]
  352 |                 error(errmsg_buf());
      |                 ^~~~~
array_selection.c: In function ‘C_Mindex2Lindex’:
array_selection.c:416:17: error: format not a string literal and no format arguments [-Werror=format-security]
  416 |                 error(errmsg_buf());
      |                 ^~~~~
cc1: some warnings being treated as errors
make: *** [/usr/local/lib/R/etc/Makeconf:191: array_selection.o] Error 1
ERROR: compilation failed for package ‘S4Arrays’
* removing ‘/tmp/tmp/built/S4Arrays’
* installing *source* package ‘Rcpp’ ...
** package ‘Rcpp’ successfully unpacked and MD5 sums checked
** using staged installation
** libs
using C++ compiler: ‘g++ (Ubuntu 11.4.0-1ubuntu1~22.04) 11.4.0’
g++ -std=gnu++17 -I"/usr/local/lib/R/include" -DNDEBUG -I../inst/include/  -I/usr/local/include    -fpic  -g -O2 -fstack-protector-strong -Wformat -Werror=format-security -Wdate-time -D_FORTIFY_SOURCE=2 -g  -c api.cpp -o api.o
In file included from ../inst/include/Rcpp/routines.h:26,
                 from ../inst/include/RcppCommon.h:128,
                 from ../inst/include/Rcpp.h:27,
                 from api.cpp:26:
../inst/include/Rcpp/iostream/Rstreambuf.h: In member function ‘std::streamsize Rcpp::Rstreambuf<OUTPUT>::xsputn(const char*, std::streamsize) [with bool OUTPUT = true; std::streamsize = long int]’:
../inst/include/Rcpp/iostream/Rstreambuf.h:53:20: warning: field precision specifier ‘.*’ expects argument of type ‘int’, but argument 2 has type ‘std::streamsize’ {aka ‘long int’} [-Wformat=]
   53 |         Rprintf("%.*s", num, s);
      |                  ~~^~   ~~~
      |                    |    |
      |                    int  std::streamsize {aka long int}
../inst/include/Rcpp/iostream/Rstreambuf.h: In member function ‘std::streamsize Rcpp::Rstreambuf<OUTPUT>::xsputn(const char*, std::streamsize) [with bool OUTPUT = false; std::streamsize = long int]’:
../inst/include/Rcpp/iostream/Rstreambuf.h:57:21: warning: field precision specifier ‘.*’ expects argument of type ‘int’, but argument 2 has type ‘std::streamsize’ {aka ‘long int’} [-Wformat=]
   57 |         REprintf("%.*s", num, s);
      |                   ~~^~   ~~~
      |                     |    |
      |                     int  std::streamsize {aka long int}
In file included from ../inst/include/RcppCommon.h:181,
                 from ../inst/include/Rcpp.h:27,
                 from api.cpp:26:
../inst/include/Rcpp/print.h: In function ‘void Rcpp::warningcall(SEXP, const string&)’:
../inst/include/Rcpp/print.h:30:19: error: format not a string literal and no format arguments [-Werror=format-security]
   30 |     Rf_warningcall(call, s.c_str());
      |     ~~~~~~~~~~~~~~^~~~~~~~~~~~~~~~~
cc1plus: some warnings being treated as errors
make: *** [/usr/local/lib/R/etc/Makeconf:200: api.o] Error 1
ERROR: compilation failed for package ‘Rcpp’
* removing ‘/tmp/tmp/built/Rcpp’
* installing *source* package ‘rlang’ ...
** package ‘rlang’ successfully unpacked and MD5 sums checked
** using staged installation
** libs
using C compiler: ‘gcc (Ubuntu 11.4.0-1ubuntu1~22.04) 11.4.0’
gcc -I"/usr/local/lib/R/include" -DNDEBUG -I./rlang/  -I/usr/local/include   -fvisibility=hidden -fpic  -g -O2 -fstack-protector-strong -Wformat -Werror=format-security -Wdate-time -D_FORTIFY_SOURCE=2 -g  -c capture.c -o capture.o
gcc -I"/usr/local/lib/R/include" -DNDEBUG -I./rlang/  -I/usr/local/include   -fvisibility=hidden -fpic  -g -O2 -fstack-protector-strong -Wformat -Werror=format-security -Wdate-time -D_FORTIFY_SOURCE=2 -g  -c internal.c -o internal.o
In file included from internal/internal.c:32,
                 from internal.c:1:
internal/tests.c: In function ‘ffi_test_Rf_warning’:
internal/tests.c:104:3: error: format not a string literal and no format arguments [-Werror=format-security]
  104 |   Rf_warning(r_chr_get_c_string(msg, 0));
      |   ^~~~~~~~~~
internal/tests.c: In function ‘ffi_test_Rf_error’:
internal/tests.c:108:3: error: format not a string literal and no format arguments [-Werror=format-security]
  108 |   Rf_error(r_chr_get_c_string(msg, 0));
      |   ^~~~~~~~
internal/tests.c: In function ‘ffi_test_Rf_warningcall’:
internal/tests.c:113:3: error: format not a string literal and no format arguments [-Werror=format-security]
  113 |   Rf_warningcall(call, r_chr_get_c_string(msg, 0));
      |   ^~~~~~~~~~~~~~
internal/tests.c: In function ‘ffi_test_Rf_errorcall’:
internal/tests.c:117:3: error: format not a string literal and no format arguments [-Werror=format-security]
  117 |   Rf_errorcall(call, r_chr_get_c_string(msg, 0));
      |   ^~~~~~~~~~~~
cc1: some warnings being treated as errors
make: *** [/usr/local/lib/R/etc/Makeconf:191: internal.o] Error 1
ERROR: compilation failed for package ‘rlang’
* removing ‘/tmp/tmp/built/rlang’
ERROR: dependencies ‘S4Arrays’, ‘XVector’ are not available for package ‘SparseArray’
* removing ‘/tmp/tmp/built/SparseArray’
ERROR: dependencies ‘Rcpp’, ‘rlang’ are not available for package ‘later’
* removing ‘/tmp/tmp/built/later’
ERROR: dependency ‘XVector’ is not available for package ‘GenomicRanges’
* removing ‘/tmp/tmp/built/GenomicRanges’
ERROR: dependency ‘rlang’ is not available for package ‘cachem’
* removing ‘/tmp/tmp/built/cachem’
ERROR: dependency ‘rlang’ is not available for package ‘ellipsis’
* removing ‘/tmp/tmp/built/ellipsis’
ERROR: dependency ‘Rcpp’ is not available for package ‘MsCoreUtils’
* removing ‘/tmp/tmp/built/MsCoreUtils’
ERROR: dependency ‘Rcpp’ is not available for package ‘plyr’
* removing ‘/tmp/tmp/built/plyr’
ERROR: dependency ‘Rcpp’ is not available for package ‘pcaMethods’
* removing ‘/tmp/tmp/built/pcaMethods’
ERROR: dependency ‘rlang’ is not available for package ‘lifecycle’
* removing ‘/tmp/tmp/built/lifecycle’
ERROR: dependency ‘Rcpp’ is not available for package ‘pander’
* removing ‘/tmp/tmp/built/pander’
ERROR: dependency ‘Rcpp’ is not available for package ‘mzR’
* removing ‘/tmp/tmp/built/mzR’
ERROR: dependencies ‘S4Arrays’, ‘SparseArray’ are not available for package ‘DelayedArray’
* removing ‘/tmp/tmp/built/DelayedArray’
ERROR: dependencies ‘later’, ‘Rcpp’, ‘rlang’ are not available for package ‘promises’
* removing ‘/tmp/tmp/built/promises’
ERROR: dependency ‘GenomicRanges’ is not available for package ‘AnnotationFilter’
* removing ‘/tmp/tmp/built/AnnotationFilter’
ERROR: dependencies ‘lifecycle’, ‘rlang’ are not available for package ‘igraph’
* removing ‘/tmp/tmp/built/igraph’
ERROR: dependencies ‘rlang’, ‘cachem’ are not available for package ‘memoise’
* removing ‘/tmp/tmp/built/memoise’
ERROR: dependency ‘plyr’ is not available for package ‘mzID’
* removing ‘/tmp/tmp/built/mzID’
ERROR: dependencies ‘lifecycle’, ‘rlang’ are not available for package ‘scales’
* removing ‘/tmp/tmp/built/scales’
ERROR: dependencies ‘lifecycle’, ‘rlang’ are not available for package ‘gtable’
* removing ‘/tmp/tmp/built/gtable’
ERROR: dependencies ‘lifecycle’, ‘rlang’ are not available for package ‘vctrs’
* removing ‘/tmp/tmp/built/vctrs’
ERROR: dependencies ‘ellipsis’, ‘rlang’ are not available for package ‘htmltools’
* removing ‘/tmp/tmp/built/htmltools’
ERROR: dependency ‘pander’ is not available for package ‘qcmetrics’
* removing ‘/tmp/tmp/built/qcmetrics’
ERROR: dependencies ‘lifecycle’, ‘rlang’, ‘vctrs’ are not available for package ‘tidyselect’
* removing ‘/tmp/tmp/built/tidyselect’
ERROR: dependency ‘htmltools’ is not available for package ‘crosstalk’
* removing ‘/tmp/tmp/built/crosstalk’
ERROR: dependencies ‘lifecycle’, ‘rlang’, ‘vctrs’ are not available for package ‘purrr’
* removing ‘/tmp/tmp/built/purrr’
ERROR: dependencies ‘GenomicRanges’, ‘S4Arrays’, ‘DelayedArray’ are not available for package ‘SummarizedExperiment’
* removing ‘/tmp/tmp/built/SummarizedExperiment’
ERROR: dependencies ‘lifecycle’, ‘rlang’, ‘vctrs’ are not available for package ‘pillar’
* removing ‘/tmp/tmp/built/pillar’
ERROR: dependencies ‘rlang’, ‘htmltools’ are not available for package ‘sass’
* removing ‘/tmp/tmp/built/sass’
ERROR: dependencies ‘rlang’, ‘htmltools’ are not available for package ‘fontawesome’
* removing ‘/tmp/tmp/built/fontawesome’
ERROR: dependency ‘htmltools’ is not available for package ‘jquerylib’
* removing ‘/tmp/tmp/built/jquerylib’
ERROR: dependencies ‘lifecycle’, ‘rlang’, ‘vctrs’ are not available for package ‘stringr’
* removing ‘/tmp/tmp/built/stringr’
ERROR: dependencies ‘lifecycle’, ‘pillar’, ‘rlang’, ‘vctrs’ are not available for package ‘tibble’
* removing ‘/tmp/tmp/built/tibble’
ERROR: dependencies ‘cachem’, ‘htmltools’, ‘jquerylib’, ‘lifecycle’, ‘memoise’, ‘rlang’, ‘sass’ are not available for package ‘bslib’
* removing ‘/tmp/tmp/built/bslib’
ERROR: dependencies ‘lifecycle’, ‘pillar’, ‘rlang’, ‘tibble’, ‘tidyselect’, ‘vctrs’ are not available for package ‘dplyr’
* removing ‘/tmp/tmp/built/dplyr’
ERROR: dependencies ‘gtable’, ‘lifecycle’, ‘rlang’, ‘scales’, ‘tibble’, ‘vctrs’ are not available for package ‘ggplot2’
* removing ‘/tmp/tmp/built/ggplot2’
ERROR: dependencies ‘bslib’, ‘fontawesome’, ‘htmltools’, ‘jquerylib’, ‘stringr’ are not available for package ‘rmarkdown’
* removing ‘/tmp/tmp/built/rmarkdown’
ERROR: dependencies ‘dplyr’, ‘lifecycle’, ‘purrr’, ‘rlang’, ‘stringr’, ‘tibble’, ‘tidyselect’, ‘vctrs’ are not available for package ‘tidyr’
* removing ‘/tmp/tmp/built/tidyr’
ERROR: dependencies ‘htmltools’, ‘rmarkdown’ are not available for package ‘htmlwidgets’
* removing ‘/tmp/tmp/built/htmlwidgets’
ERROR: dependency ‘ggplot2’ is not available for package ‘vsn’
* removing ‘/tmp/tmp/built/vsn’
ERROR: dependencies ‘htmltools’, ‘rmarkdown’, ‘jquerylib’ are not available for package ‘bookdown’
* removing ‘/tmp/tmp/built/bookdown’
ERROR: dependencies ‘SummarizedExperiment’, ‘GenomicRanges’, ‘DelayedArray’, ‘tidyr’ are not available for package ‘MultiAssayExperiment’
* removing ‘/tmp/tmp/built/MultiAssayExperiment’
ERROR: dependencies ‘ggplot2’, ‘scales’, ‘htmltools’, ‘htmlwidgets’, ‘tidyr’, ‘dplyr’, ‘vctrs’, ‘tibble’, ‘rlang’, ‘crosstalk’, ‘purrr’, ‘promises’ are not available for package ‘plotly’
* removing ‘/tmp/tmp/built/plotly’
ERROR: dependencies ‘bookdown’, ‘rmarkdown’ are not available for package ‘BiocStyle’
* removing ‘/tmp/tmp/built/BiocStyle’
ERROR: dependencies ‘MultiAssayExperiment’, ‘SummarizedExperiment’, ‘AnnotationFilter’, ‘MsCoreUtils’, ‘igraph’, ‘plotly’ are not available for package ‘QFeatures’
* removing ‘/tmp/tmp/built/QFeatures’
ERROR: dependencies ‘igraph’, ‘QFeatures’, ‘MsCoreUtils’ are not available for package ‘PSMatch’
* removing ‘/tmp/tmp/built/PSMatch’
ERROR: dependencies ‘mzR’, ‘MsCoreUtils’, ‘PSMatch’, ‘plyr’, ‘vsn’, ‘pcaMethods’, ‘mzID’, ‘ggplot2’, ‘scales’, ‘Rcpp’ are not available for package ‘MSnbase’
* removing ‘/tmp/tmp/built/MSnbase’

The downloaded source packages are in
	‘/tmp/RtmpPAqGBN/downloaded_packages’
There were 50 or more warnings (use warnings() to see the first 50)

real	0m40.049s
user	0m27.492s
sys	0m10.423s
