+ Rscript -e 'Sys.setenv(BIOCONDUCTOR_USE_CONTAINER_REPOSITORY=FALSE); p <- .libPaths(); p <- c('\''/tmp/tmp/built'\'', p); .libPaths(p); if(BiocManager::install('\''SQLDataFrame'\'', INSTALL_opts = '\''--build'\'', update = TRUE, quiet = FALSE, dependencies=TRUE, force = TRUE, keep_outputs = TRUE) %in% rownames(installed.packages())) q(status = 0) else q(status = 1)'
'getOption("repos")' replaces Bioconductor standard repositories, see
'help("repositories", package = "BiocManager")' for details.
Replacement repositories:
    CRAN: https://cloud.r-project.org
Bioconductor version 3.19 (BiocManager 1.30.22), R Under development (unstable)
  (2024-01-03 r85769)
Installing package(s) 'SQLDataFrame'
also installing the dependencies ‘cachem’, ‘hms’, ‘rematch2’, ‘sass’, ‘ellipsis’, ‘lifecycle’, ‘pillar’, ‘rlang’, ‘tidyselect’, ‘vctrs’, ‘blob’, ‘purrr’, ‘tidyr’, ‘memoise’, ‘assertthat’, ‘gargle’, ‘progress’, ‘Rcpp’, ‘rapidjsonr’, ‘pkgload’, ‘waldo’, ‘bslib’, ‘fontawesome’, ‘htmltools’, ‘jquerylib’, ‘stringr’, ‘S4Arrays’, ‘SparseArray’, ‘XVector’, ‘dplyr’, ‘dbplyr’, ‘RSQLite’, ‘tibble’, ‘RMySQL’, ‘bigrquery’, ‘testthat’, ‘rmarkdown’, ‘DelayedArray’, ‘GenomicRanges’

trying URL 'https://cloud.r-project.org/src/contrib/cachem_1.0.8.tar.gz'
Content type 'application/x-gzip' length 26510 bytes (25 KB)
==================================================
downloaded 25 KB

trying URL 'https://cloud.r-project.org/src/contrib/hms_1.1.3.tar.gz'
Content type 'application/x-gzip' length 43379 bytes (42 KB)
==================================================
downloaded 42 KB

trying URL 'https://cloud.r-project.org/src/contrib/rematch2_2.1.2.tar.gz'
Content type 'application/x-gzip' length 13366 bytes (13 KB)
==================================================
downloaded 13 KB

trying URL 'https://cloud.r-project.org/src/contrib/sass_0.4.8.tar.gz'
Content type 'application/x-gzip' length 3025474 bytes (2.9 MB)
==================================================
downloaded 2.9 MB

trying URL 'https://cloud.r-project.org/src/contrib/ellipsis_0.3.2.tar.gz'
Content type 'application/x-gzip' length 8066 bytes
==================================================
downloaded 8066 bytes

trying URL 'https://cloud.r-project.org/src/contrib/lifecycle_1.0.4.tar.gz'
Content type 'application/x-gzip' length 107656 bytes (105 KB)
==================================================
downloaded 105 KB

trying URL 'https://cloud.r-project.org/src/contrib/pillar_1.9.0.tar.gz'
Content type 'application/x-gzip' length 444528 bytes (434 KB)
==================================================
downloaded 434 KB

trying URL 'https://cloud.r-project.org/src/contrib/rlang_1.1.2.tar.gz'
Content type 'application/x-gzip' length 763521 bytes (745 KB)
==================================================
downloaded 745 KB

trying URL 'https://cloud.r-project.org/src/contrib/tidyselect_1.2.0.tar.gz'
Content type 'application/x-gzip' length 101498 bytes (99 KB)
==================================================
downloaded 99 KB

trying URL 'https://cloud.r-project.org/src/contrib/vctrs_0.6.5.tar.gz'
Content type 'application/x-gzip' length 969066 bytes (946 KB)
==================================================
downloaded 946 KB

trying URL 'https://cloud.r-project.org/src/contrib/blob_1.2.4.tar.gz'
Content type 'application/x-gzip' length 10620 bytes (10 KB)
==================================================
downloaded 10 KB

trying URL 'https://cloud.r-project.org/src/contrib/purrr_1.0.2.tar.gz'
Content type 'application/x-gzip' length 220868 bytes (215 KB)
==================================================
downloaded 215 KB

trying URL 'https://cloud.r-project.org/src/contrib/tidyr_1.3.0.tar.gz'
Content type 'application/x-gzip' length 823546 bytes (804 KB)
==================================================
downloaded 804 KB

trying URL 'https://cloud.r-project.org/src/contrib/memoise_2.0.1.tar.gz'
Content type 'application/x-gzip' length 17852 bytes (17 KB)
==================================================
downloaded 17 KB

trying URL 'https://cloud.r-project.org/src/contrib/assertthat_0.2.1.tar.gz'
Content type 'application/x-gzip' length 12742 bytes (12 KB)
==================================================
downloaded 12 KB

trying URL 'https://cloud.r-project.org/src/contrib/gargle_1.5.2.tar.gz'
Content type 'application/x-gzip' length 627560 bytes (612 KB)
==================================================
downloaded 612 KB

trying URL 'https://cloud.r-project.org/src/contrib/progress_1.2.3.tar.gz'
Content type 'application/x-gzip' length 30499 bytes (29 KB)
==================================================
downloaded 29 KB

trying URL 'https://cloud.r-project.org/src/contrib/Rcpp_1.0.11.tar.gz'
Content type 'application/x-gzip' length 2994004 bytes (2.9 MB)
==================================================
downloaded 2.9 MB

trying URL 'https://cloud.r-project.org/src/contrib/rapidjsonr_1.2.0.tar.gz'
Content type 'application/x-gzip' length 124478 bytes (121 KB)
==================================================
downloaded 121 KB

trying URL 'https://cloud.r-project.org/src/contrib/pkgload_1.3.3.tar.gz'
Content type 'application/x-gzip' length 77929 bytes (76 KB)
==================================================
downloaded 76 KB

trying URL 'https://cloud.r-project.org/src/contrib/waldo_0.5.2.tar.gz'
Content type 'application/x-gzip' length 39711 bytes (38 KB)
==================================================
downloaded 38 KB

trying URL 'https://cloud.r-project.org/src/contrib/bslib_0.6.1.tar.gz'
Content type 'application/x-gzip' length 6059587 bytes (5.8 MB)
==================================================
downloaded 5.8 MB

trying URL 'https://cloud.r-project.org/src/contrib/fontawesome_0.5.2.tar.gz'
Content type 'application/x-gzip' length 1281884 bytes (1.2 MB)
==================================================
downloaded 1.2 MB

trying URL 'https://cloud.r-project.org/src/contrib/htmltools_0.5.7.tar.gz'
Content type 'application/x-gzip' length 134681 bytes (131 KB)
==================================================
downloaded 131 KB

trying URL 'https://cloud.r-project.org/src/contrib/jquerylib_0.1.4.tar.gz'
Content type 'application/x-gzip' length 520207 bytes (508 KB)
==================================================
downloaded 508 KB

trying URL 'https://cloud.r-project.org/src/contrib/stringr_1.5.1.tar.gz'
Content type 'application/x-gzip' length 176599 bytes (172 KB)
==================================================
downloaded 172 KB

trying URL 'https://bioconductor.org/packages/3.19/bioc/src/contrib/S4Arrays_1.3.1.tar.gz'
Content type 'application/x-gzip' length 281076 bytes (274 KB)
==================================================
downloaded 274 KB

trying URL 'https://bioconductor.org/packages/3.19/bioc/src/contrib/SparseArray_1.3.2.tar.gz'
Content type 'application/x-gzip' length 367708 bytes (359 KB)
==================================================
downloaded 359 KB

trying URL 'https://bioconductor.org/packages/3.19/bioc/src/contrib/XVector_0.43.0.tar.gz'
Content type 'application/x-gzip' length 67799 bytes (66 KB)
==================================================
downloaded 66 KB

trying URL 'https://cloud.r-project.org/src/contrib/dplyr_1.1.4.tar.gz'
Content type 'application/x-gzip' length 1207521 bytes (1.2 MB)
==================================================
downloaded 1.2 MB

trying URL 'https://cloud.r-project.org/src/contrib/dbplyr_2.4.0.tar.gz'
Content type 'application/x-gzip' length 760884 bytes (743 KB)
==================================================
downloaded 743 KB

trying URL 'https://cloud.r-project.org/src/contrib/RSQLite_2.3.4.tar.gz'
Content type 'application/x-gzip' length 4223565 bytes (4.0 MB)
==================================================
downloaded 4.0 MB

trying URL 'https://cloud.r-project.org/src/contrib/tibble_3.2.1.tar.gz'
Content type 'application/x-gzip' length 565982 bytes (552 KB)
==================================================
downloaded 552 KB

trying URL 'https://cloud.r-project.org/src/contrib/RMySQL_0.10.27.tar.gz'
Content type 'application/x-gzip' length 53406 bytes (52 KB)
==================================================
downloaded 52 KB

trying URL 'https://cloud.r-project.org/src/contrib/bigrquery_1.4.2.tar.gz'
Content type 'application/x-gzip' length 96815 bytes (94 KB)
==================================================
downloaded 94 KB

trying URL 'https://cloud.r-project.org/src/contrib/testthat_3.2.1.tar.gz'
Content type 'application/x-gzip' length 739745 bytes (722 KB)
==================================================
downloaded 722 KB

trying URL 'https://cloud.r-project.org/src/contrib/rmarkdown_2.25.tar.gz'
Content type 'application/x-gzip' length 2188934 bytes (2.1 MB)
==================================================
downloaded 2.1 MB

trying URL 'https://bioconductor.org/packages/3.19/bioc/src/contrib/DelayedArray_0.29.0.tar.gz'
Content type 'application/x-gzip' length 615068 bytes (600 KB)
==================================================
downloaded 600 KB

trying URL 'https://bioconductor.org/packages/3.19/bioc/src/contrib/GenomicRanges_1.55.1.tar.gz'
Content type 'application/x-gzip' length 1140363 bytes (1.1 MB)
==================================================
downloaded 1.1 MB

trying URL 'https://bioconductor.org/packages/3.19/bioc/src/contrib/SQLDataFrame_1.17.0.tar.gz'
Content type 'application/x-gzip' length 652102 bytes (636 KB)
==================================================
downloaded 636 KB

* installing *source* package ‘rlang’ ...
** package ‘rlang’ successfully unpacked and MD5 sums checked
** using staged installation
** libs
using C compiler: ‘gcc (Ubuntu 11.4.0-1ubuntu1~22.04) 11.4.0’
gcc -I"/usr/local/lib/R/include" -DNDEBUG -I./rlang/  -I/usr/local/include   -fvisibility=hidden -fpic  -g -O2 -fstack-protector-strong -Wformat -Werror=format-security -Wdate-time -D_FORTIFY_SOURCE=2 -g  -c capture.c -o capture.o
gcc -I"/usr/local/lib/R/include" -DNDEBUG -I./rlang/  -I/usr/local/include   -fvisibility=hidden -fpic  -g -O2 -fstack-protector-strong -Wformat -Werror=format-security -Wdate-time -D_FORTIFY_SOURCE=2 -g  -c internal.c -o internal.o
In file included from internal/internal.c:32,
                 from internal.c:1:
internal/tests.c: In function ‘ffi_test_Rf_warning’:
internal/tests.c:104:3: error: format not a string literal and no format arguments [-Werror=format-security]
  104 |   Rf_warning(r_chr_get_c_string(msg, 0));
      |   ^~~~~~~~~~
internal/tests.c: In function ‘ffi_test_Rf_error’:
internal/tests.c:108:3: error: format not a string literal and no format arguments [-Werror=format-security]
  108 |   Rf_error(r_chr_get_c_string(msg, 0));
      |   ^~~~~~~~
internal/tests.c: In function ‘ffi_test_Rf_warningcall’:
internal/tests.c:113:3: error: format not a string literal and no format arguments [-Werror=format-security]
  113 |   Rf_warningcall(call, r_chr_get_c_string(msg, 0));
      |   ^~~~~~~~~~~~~~
internal/tests.c: In function ‘ffi_test_Rf_errorcall’:
internal/tests.c:117:3: error: format not a string literal and no format arguments [-Werror=format-security]
  117 |   Rf_errorcall(call, r_chr_get_c_string(msg, 0));
      |   ^~~~~~~~~~~~
cc1: some warnings being treated as errors
make: *** [/usr/local/lib/R/etc/Makeconf:191: internal.o] Error 1
ERROR: compilation failed for package ‘rlang’
* removing ‘/tmp/tmp/built/rlang’
* installing *source* package ‘assertthat’ ...
** package ‘assertthat’ successfully unpacked and MD5 sums checked
** using staged installation
** R
** byte-compile and prepare package for lazy loading
** help
*** installing help indices
** building package indices
** testing if installed package can be loaded from temporary location
** testing if installed package can be loaded from final location
** testing if installed package keeps a record of temporary installation path
* creating tarball
packaged installation of ‘assertthat’ as ‘assertthat_0.2.1_R_x86_64-pc-linux-gnu.tar.gz’
* DONE (assertthat)
* installing *source* package ‘Rcpp’ ...
** package ‘Rcpp’ successfully unpacked and MD5 sums checked
** using staged installation
** libs
using C++ compiler: ‘g++ (Ubuntu 11.4.0-1ubuntu1~22.04) 11.4.0’
g++ -std=gnu++17 -I"/usr/local/lib/R/include" -DNDEBUG -I../inst/include/  -I/usr/local/include    -fpic  -g -O2 -fstack-protector-strong -Wformat -Werror=format-security -Wdate-time -D_FORTIFY_SOURCE=2 -g  -c api.cpp -o api.o
In file included from ../inst/include/Rcpp/routines.h:26,
                 from ../inst/include/RcppCommon.h:128,
                 from ../inst/include/Rcpp.h:27,
                 from api.cpp:26:
../inst/include/Rcpp/iostream/Rstreambuf.h: In member function ‘std::streamsize Rcpp::Rstreambuf<OUTPUT>::xsputn(const char*, std::streamsize) [with bool OUTPUT = true; std::streamsize = long int]’:
../inst/include/Rcpp/iostream/Rstreambuf.h:53:20: warning: field precision specifier ‘.*’ expects argument of type ‘int’, but argument 2 has type ‘std::streamsize’ {aka ‘long int’} [-Wformat=]
   53 |         Rprintf("%.*s", num, s);
      |                  ~~^~   ~~~
      |                    |    |
      |                    int  std::streamsize {aka long int}
../inst/include/Rcpp/iostream/Rstreambuf.h: In member function ‘std::streamsize Rcpp::Rstreambuf<OUTPUT>::xsputn(const char*, std::streamsize) [with bool OUTPUT = false; std::streamsize = long int]’:
../inst/include/Rcpp/iostream/Rstreambuf.h:57:21: warning: field precision specifier ‘.*’ expects argument of type ‘int’, but argument 2 has type ‘std::streamsize’ {aka ‘long int’} [-Wformat=]
   57 |         REprintf("%.*s", num, s);
      |                   ~~^~   ~~~
      |                     |    |
      |                     int  std::streamsize {aka long int}
In file included from ../inst/include/RcppCommon.h:181,
                 from ../inst/include/Rcpp.h:27,
                 from api.cpp:26:
../inst/include/Rcpp/print.h: In function ‘void Rcpp::warningcall(SEXP, const string&)’:
../inst/include/Rcpp/print.h:30:19: error: format not a string literal and no format arguments [-Werror=format-security]
   30 |     Rf_warningcall(call, s.c_str());
      |     ~~~~~~~~~~~~~~^~~~~~~~~~~~~~~~~
cc1plus: some warnings being treated as errors
make: *** [/usr/local/lib/R/etc/Makeconf:200: api.o] Error 1
ERROR: compilation failed for package ‘Rcpp’
* removing ‘/tmp/tmp/built/Rcpp’
* installing *source* package ‘rapidjsonr’ ...
** package ‘rapidjsonr’ successfully unpacked and MD5 sums checked
** using staged installation
** R
** inst
** byte-compile and prepare package for lazy loading
** help
*** installing help indices
** building package indices
** testing if installed package can be loaded from temporary location
** testing if installed package can be loaded from final location
** testing if installed package keeps a record of temporary installation path
* creating tarball
packaged installation of ‘rapidjsonr’ as ‘rapidjsonr_1.2.0_R_x86_64-pc-linux-gnu.tar.gz’
* DONE (rapidjsonr)
* installing *source* package ‘S4Arrays’ ...
** using staged installation
** libs
using C compiler: ‘gcc (Ubuntu 11.4.0-1ubuntu1~22.04) 11.4.0’
gcc -I"/usr/local/lib/R/include" -DNDEBUG  -I'/tmp/tmp/built/S4Vectors/include' -I/usr/local/include    -fpic  -g -O2 -fstack-protector-strong -Wformat -Werror=format-security -Wdate-time -D_FORTIFY_SOURCE=2 -g  -c R_init_S4Arrays.c -o R_init_S4Arrays.o
gcc -I"/usr/local/lib/R/include" -DNDEBUG  -I'/tmp/tmp/built/S4Vectors/include' -I/usr/local/include    -fpic  -g -O2 -fstack-protector-strong -Wformat -Werror=format-security -Wdate-time -D_FORTIFY_SOURCE=2 -g  -c S4Vectors_stubs.c -o S4Vectors_stubs.o
gcc -I"/usr/local/lib/R/include" -DNDEBUG  -I'/tmp/tmp/built/S4Vectors/include' -I/usr/local/include    -fpic  -g -O2 -fstack-protector-strong -Wformat -Werror=format-security -Wdate-time -D_FORTIFY_SOURCE=2 -g  -c abind.c -o abind.o
gcc -I"/usr/local/lib/R/include" -DNDEBUG  -I'/tmp/tmp/built/S4Vectors/include' -I/usr/local/include    -fpic  -g -O2 -fstack-protector-strong -Wformat -Werror=format-security -Wdate-time -D_FORTIFY_SOURCE=2 -g  -c array_selection.c -o array_selection.o
array_selection.c: In function ‘C_Lindex2Mindex’:
array_selection.c:352:17: error: format not a string literal and no format arguments [-Werror=format-security]
  352 |                 error(errmsg_buf());
      |                 ^~~~~
array_selection.c: In function ‘C_Mindex2Lindex’:
array_selection.c:416:17: error: format not a string literal and no format arguments [-Werror=format-security]
  416 |                 error(errmsg_buf());
      |                 ^~~~~
cc1: some warnings being treated as errors
make: *** [/usr/local/lib/R/etc/Makeconf:191: array_selection.o] Error 1
ERROR: compilation failed for package ‘S4Arrays’
* removing ‘/tmp/tmp/built/S4Arrays’
* installing *source* package ‘XVector’ ...
** using staged installation
** libs
using C compiler: ‘gcc (Ubuntu 11.4.0-1ubuntu1~22.04) 11.4.0’
gcc -I"/usr/local/lib/R/include" -DNDEBUG  -I'/tmp/tmp/built/S4Vectors/include' -I'/tmp/tmp/built/IRanges/include' -I/usr/local/include    -fpic  -g -O2 -fstack-protector-strong -Wformat -Werror=format-security -Wdate-time -D_FORTIFY_SOURCE=2 -g  -c IRanges_stubs.c -o IRanges_stubs.o
gcc -I"/usr/local/lib/R/include" -DNDEBUG  -I'/tmp/tmp/built/S4Vectors/include' -I'/tmp/tmp/built/IRanges/include' -I/usr/local/include    -fpic  -g -O2 -fstack-protector-strong -Wformat -Werror=format-security -Wdate-time -D_FORTIFY_SOURCE=2 -g  -c Ocopy_byteblocks.c -o Ocopy_byteblocks.o
gcc -I"/usr/local/lib/R/include" -DNDEBUG  -I'/tmp/tmp/built/S4Vectors/include' -I'/tmp/tmp/built/IRanges/include' -I/usr/local/include    -fpic  -g -O2 -fstack-protector-strong -Wformat -Werror=format-security -Wdate-time -D_FORTIFY_SOURCE=2 -g  -c RDS_random_access.c -o RDS_random_access.o
RDS_random_access.c: In function ‘RDS_read_chars’:
RDS_random_access.c:136:17: error: format not a string literal and no format arguments [-Werror=format-security]
  136 |                 error(errmsg);
      |                 ^~~~~
RDS_random_access.c: In function ‘RDS_read_vector_length’:
RDS_random_access.c:218:17: error: format not a string literal and no format arguments [-Werror=format-security]
  218 |                 error(errmsg);
      |                 ^~~~~
RDS_random_access.c:226:17: error: format not a string literal and no format arguments [-Werror=format-security]
  226 |                 error(errmsg);
      |                 ^~~~~
RDS_random_access.c: In function ‘RDS_read_string’:
RDS_random_access.c:277:17: error: format not a string literal and no format arguments [-Werror=format-security]
  277 |                 error(errmsg);
      |                 ^~~~~
RDS_random_access.c:283:25: error: format not a string literal and no format arguments [-Werror=format-security]
  283 |                         error(errmsg);
      |                         ^~~~~
RDS_random_access.c: In function ‘RDS_read_atomic_vector’:
RDS_random_access.c:360:17: error: format not a string literal and no format arguments [-Werror=format-security]
  360 |                 error(errmsg);
      |                 ^~~~~
RDS_random_access.c: In function ‘RDS_read_attrib_separator’:
RDS_random_access.c:406:17: error: format not a string literal and no format arguments [-Werror=format-security]
  406 |                 error(errmsg);
      |                 ^~~~~
RDS_random_access.c: In function ‘RDS_read_symbol’:
RDS_random_access.c:428:17: error: format not a string literal and no format arguments [-Werror=format-security]
  428 |                 error(errmsg);
      |                 ^~~~~
RDS_random_access.c: In function ‘RDS_read_object’:
RDS_random_access.c:497:17: error: format not a string literal and no format arguments [-Werror=format-security]
  497 |                 error(errmsg);
      |                 ^~~~~
RDS_random_access.c: In function ‘RDS_read_file_header’:
RDS_random_access.c:559:17: error: format not a string literal and no format arguments [-Werror=format-security]
  559 |                 error(errmsg);
      |                 ^~~~~
RDS_random_access.c: In function ‘extract_top_level_object_type’:
RDS_random_access.c:618:17: error: format not a string literal and no format arguments [-Werror=format-security]
  618 |                 error(errmsg);
      |                 ^~~~~
RDS_random_access.c: In function ‘RDS_read_atom_at_offset’:
RDS_random_access.c:675:17: error: format not a string literal and no format arguments [-Werror=format-security]
  675 |                 error(errmsg);
      |                 ^~~~~
RDS_random_access.c:698:17: error: format not a string literal and no format arguments [-Werror=format-security]
  698 |                 error(errmsg);
      |                 ^~~~~
RDS_random_access.c: In function ‘RDS_extract_subvector’:
RDS_random_access.c:772:17: error: format not a string literal and no format arguments [-Werror=format-security]
  772 |                 error(errmsg);
      |                 ^~~~~
cc1: some warnings being treated as errors
make: *** [/usr/local/lib/R/etc/Makeconf:191: RDS_random_access.o] Error 1
ERROR: compilation failed for package ‘XVector’
* removing ‘/tmp/tmp/built/XVector’
* installing *source* package ‘RMySQL’ ...
** package ‘RMySQL’ successfully unpacked and MD5 sums checked
** using staged installation
Found mysql_config cflags and libs!
Using PKG_CFLAGS=-I/usr/include/mysql 
Using PKG_LIBS=-L/usr/lib/x86_64-linux-gnu -lmysqlclient -lzstd -lssl -lcrypto -lresolv -lm
** libs
using C compiler: ‘gcc (Ubuntu 11.4.0-1ubuntu1~22.04) 11.4.0’
rm -f RMySQL.so RMySQL-init.o connection.o db-apply.o driver.o exception.o fields.o result.o utils.o
gcc -I"/usr/local/lib/R/include" -DNDEBUG -I/usr/include/mysql   -I/usr/local/include    -fpic  -g -O2 -fstack-protector-strong -Wformat -Werror=format-security -Wdate-time -D_FORTIFY_SOURCE=2 -g  -c RMySQL-init.c -o RMySQL-init.o
gcc -I"/usr/local/lib/R/include" -DNDEBUG -I/usr/include/mysql   -I/usr/local/include    -fpic  -g -O2 -fstack-protector-strong -Wformat -Werror=format-security -Wdate-time -D_FORTIFY_SOURCE=2 -g  -c connection.c -o connection.o
gcc -I"/usr/local/lib/R/include" -DNDEBUG -I/usr/include/mysql   -I/usr/local/include    -fpic  -g -O2 -fstack-protector-strong -Wformat -Werror=format-security -Wdate-time -D_FORTIFY_SOURCE=2 -g  -c db-apply.c -o db-apply.o
gcc -I"/usr/local/lib/R/include" -DNDEBUG -I/usr/include/mysql   -I/usr/local/include    -fpic  -g -O2 -fstack-protector-strong -Wformat -Werror=format-security -Wdate-time -D_FORTIFY_SOURCE=2 -g  -c driver.c -o driver.o
gcc -I"/usr/local/lib/R/include" -DNDEBUG -I/usr/include/mysql   -I/usr/local/include    -fpic  -g -O2 -fstack-protector-strong -Wformat -Werror=format-security -Wdate-time -D_FORTIFY_SOURCE=2 -g  -c exception.c -o exception.o
gcc -I"/usr/local/lib/R/include" -DNDEBUG -I/usr/include/mysql   -I/usr/local/include    -fpic  -g -O2 -fstack-protector-strong -Wformat -Werror=format-security -Wdate-time -D_FORTIFY_SOURCE=2 -g  -c fields.c -o fields.o
gcc -I"/usr/local/lib/R/include" -DNDEBUG -I/usr/include/mysql   -I/usr/local/include    -fpic  -g -O2 -fstack-protector-strong -Wformat -Werror=format-security -Wdate-time -D_FORTIFY_SOURCE=2 -g  -c result.c -o result.o
gcc -I"/usr/local/lib/R/include" -DNDEBUG -I/usr/include/mysql   -I/usr/local/include    -fpic  -g -O2 -fstack-protector-strong -Wformat -Werror=format-security -Wdate-time -D_FORTIFY_SOURCE=2 -g  -c utils.c -o utils.o
gcc -shared -L/usr/local/lib/R/lib -L/usr/local/lib -o RMySQL.so RMySQL-init.o connection.o db-apply.o driver.o exception.o fields.o result.o utils.o -L/usr/lib/x86_64-linux-gnu -lmysqlclient -lzstd -lssl -lcrypto -lresolv -lm -L/usr/local/lib/R/lib -lR
installing to /tmp/tmp/built/00LOCK-RMySQL/00new/RMySQL/libs
** R
** byte-compile and prepare package for lazy loading
** help
*** installing help indices
** building package indices
** testing if installed package can be loaded from temporary location
** checking absolute paths in shared objects and dynamic libraries
** testing if installed package can be loaded from final location
** testing if installed package keeps a record of temporary installation path
* creating tarball
packaged installation of ‘RMySQL’ as ‘RMySQL_0.10.27_R_x86_64-pc-linux-gnu.tar.gz’
* DONE (RMySQL)
ERROR: dependency ‘rlang’ is not available for package ‘cachem’
* removing ‘/tmp/tmp/built/cachem’
ERROR: dependency ‘rlang’ is not available for package ‘ellipsis’
* removing ‘/tmp/tmp/built/ellipsis’
ERROR: dependency ‘rlang’ is not available for package ‘lifecycle’
* removing ‘/tmp/tmp/built/lifecycle’
ERROR: dependency ‘rlang’ is not available for package ‘pkgload’
* removing ‘/tmp/tmp/built/pkgload’
ERROR: dependencies ‘S4Arrays’, ‘XVector’ are not available for package ‘SparseArray’
* removing ‘/tmp/tmp/built/SparseArray’
ERROR: dependency ‘XVector’ is not available for package ‘GenomicRanges’
* removing ‘/tmp/tmp/built/GenomicRanges’
ERROR: dependencies ‘lifecycle’, ‘rlang’ are not available for package ‘vctrs’
* removing ‘/tmp/tmp/built/vctrs’
ERROR: dependencies ‘rlang’, ‘cachem’ are not available for package ‘memoise’
* removing ‘/tmp/tmp/built/memoise’
ERROR: dependencies ‘lifecycle’, ‘rlang’ are not available for package ‘gargle’
* removing ‘/tmp/tmp/built/gargle’
ERROR: dependencies ‘ellipsis’, ‘rlang’ are not available for package ‘htmltools’
* removing ‘/tmp/tmp/built/htmltools’
ERROR: dependencies ‘S4Arrays’, ‘SparseArray’ are not available for package ‘DelayedArray’
* removing ‘/tmp/tmp/built/DelayedArray’
ERROR: dependencies ‘lifecycle’, ‘rlang’, ‘vctrs’ are not available for package ‘hms’
* removing ‘/tmp/tmp/built/hms’
ERROR: dependencies ‘rlang’, ‘htmltools’ are not available for package ‘sass’
* removing ‘/tmp/tmp/built/sass’
ERROR: dependencies ‘lifecycle’, ‘rlang’, ‘vctrs’ are not available for package ‘pillar’
* removing ‘/tmp/tmp/built/pillar’
ERROR: dependencies ‘lifecycle’, ‘rlang’, ‘vctrs’ are not available for package ‘tidyselect’
* removing ‘/tmp/tmp/built/tidyselect’
ERROR: dependencies ‘rlang’, ‘vctrs’ are not available for package ‘blob’
* removing ‘/tmp/tmp/built/blob’
ERROR: dependencies ‘lifecycle’, ‘rlang’, ‘vctrs’ are not available for package ‘purrr’
* removing ‘/tmp/tmp/built/purrr’
ERROR: dependencies ‘rlang’, ‘htmltools’ are not available for package ‘fontawesome’
* removing ‘/tmp/tmp/built/fontawesome’
ERROR: dependency ‘htmltools’ is not available for package ‘jquerylib’
* removing ‘/tmp/tmp/built/jquerylib’
ERROR: dependencies ‘lifecycle’, ‘rlang’, ‘vctrs’ are not available for package ‘stringr’
* removing ‘/tmp/tmp/built/stringr’
ERROR: dependency ‘hms’ is not available for package ‘progress’
* removing ‘/tmp/tmp/built/progress’
ERROR: dependencies ‘cachem’, ‘htmltools’, ‘jquerylib’, ‘lifecycle’, ‘memoise’, ‘rlang’, ‘sass’ are not available for package ‘bslib’
* removing ‘/tmp/tmp/built/bslib’
ERROR: dependencies ‘blob’, ‘memoise’, ‘rlang’ are not available for package ‘RSQLite’
* removing ‘/tmp/tmp/built/RSQLite’
ERROR: dependencies ‘lifecycle’, ‘pillar’, ‘rlang’, ‘vctrs’ are not available for package ‘tibble’
* removing ‘/tmp/tmp/built/tibble’
ERROR: dependency ‘tibble’ is not available for package ‘rematch2’
* removing ‘/tmp/tmp/built/rematch2’
ERROR: dependencies ‘lifecycle’, ‘pillar’, ‘rlang’, ‘tibble’, ‘tidyselect’, ‘vctrs’ are not available for package ‘dplyr’
* removing ‘/tmp/tmp/built/dplyr’
ERROR: dependencies ‘gargle’, ‘lifecycle’, ‘progress’, ‘Rcpp’, ‘rlang’, ‘tibble’ are not available for package ‘bigrquery’
* removing ‘/tmp/tmp/built/bigrquery’
ERROR: dependencies ‘bslib’, ‘fontawesome’, ‘htmltools’, ‘jquerylib’, ‘stringr’ are not available for package ‘rmarkdown’
* removing ‘/tmp/tmp/built/rmarkdown’
ERROR: dependencies ‘dplyr’, ‘lifecycle’, ‘purrr’, ‘rlang’, ‘stringr’, ‘tibble’, ‘tidyselect’, ‘vctrs’ are not available for package ‘tidyr’
* removing ‘/tmp/tmp/built/tidyr’
ERROR: dependencies ‘rematch2’, ‘rlang’, ‘tibble’ are not available for package ‘waldo’
* removing ‘/tmp/tmp/built/waldo’
ERROR: dependencies ‘blob’, ‘dplyr’, ‘lifecycle’, ‘pillar’, ‘purrr’, ‘rlang’, ‘tibble’, ‘tidyr’, ‘tidyselect’, ‘vctrs’ are not available for package ‘dbplyr’
* removing ‘/tmp/tmp/built/dbplyr’
ERROR: dependencies ‘lifecycle’, ‘pkgload’, ‘rlang’, ‘waldo’ are not available for package ‘testthat’
* removing ‘/tmp/tmp/built/testthat’
ERROR: dependencies ‘dplyr’, ‘dbplyr’, ‘RSQLite’, ‘tibble’ are not available for package ‘SQLDataFrame’
* removing ‘/tmp/tmp/built/SQLDataFrame’

The downloaded source packages are in
	‘/tmp/RtmpVFKTMP/downloaded_packages’
There were 37 warnings (use warnings() to see them)

real	0m33.371s
user	0m23.323s
sys	0m9.967s
