+ Rscript -e 'Sys.setenv(BIOCONDUCTOR_USE_CONTAINER_REPOSITORY=FALSE); p <- .libPaths(); p <- c('\''/tmp/tmp/built'\'', p); .libPaths(p); if(BiocManager::install('\''viper'\'', INSTALL_opts = '\''--build'\'', update = TRUE, quiet = FALSE, dependencies=TRUE, force = TRUE, keep_outputs = TRUE) %in% rownames(installed.packages())) q(status = 0) else q(status = 1)'
'getOption("repos")' replaces Bioconductor standard repositories, see
'help("repositories", package = "BiocManager")' for details.
Replacement repositories:
    CRAN: https://cloud.r-project.org
Bioconductor version 3.19 (BiocManager 1.30.22), R Under development (unstable)
  (2024-01-03 r85769)
Installing package(s) 'viper'
also installing the dependencies ‘cachem’, ‘memoise’, ‘sass’, ‘bslib’, ‘fontawesome’, ‘jquerylib’, ‘gtable’, ‘ellipsis’, ‘rmarkdown’, ‘stringr’, ‘tidyselect’, ‘pillar’, ‘later’, ‘Rcpp’, ‘ggplot2’, ‘htmltools’, ‘htmlwidgets’, ‘tidyr’, ‘dplyr’, ‘vctrs’, ‘tibble’, ‘rlang’, ‘crosstalk’, ‘purrr’, ‘promises’, ‘lifecycle’, ‘kernlab’, ‘plotly’, ‘scales’, ‘segmented’, ‘proxy’, ‘mixtools’, ‘e1071’, ‘bcellViper’

trying URL 'https://cloud.r-project.org/src/contrib/cachem_1.0.8.tar.gz'
Content type 'application/x-gzip' length 26510 bytes (25 KB)
==================================================
downloaded 25 KB

trying URL 'https://cloud.r-project.org/src/contrib/memoise_2.0.1.tar.gz'
Content type 'application/x-gzip' length 17852 bytes (17 KB)
==================================================
downloaded 17 KB

trying URL 'https://cloud.r-project.org/src/contrib/sass_0.4.8.tar.gz'
Content type 'application/x-gzip' length 3025474 bytes (2.9 MB)
==================================================
downloaded 2.9 MB

trying URL 'https://cloud.r-project.org/src/contrib/bslib_0.6.1.tar.gz'
Content type 'application/x-gzip' length 6059587 bytes (5.8 MB)
==================================================
downloaded 5.8 MB

trying URL 'https://cloud.r-project.org/src/contrib/fontawesome_0.5.2.tar.gz'
Content type 'application/x-gzip' length 1281884 bytes (1.2 MB)
==================================================
downloaded 1.2 MB

trying URL 'https://cloud.r-project.org/src/contrib/jquerylib_0.1.4.tar.gz'
Content type 'application/x-gzip' length 520207 bytes (508 KB)
==================================================
downloaded 508 KB

trying URL 'https://cloud.r-project.org/src/contrib/gtable_0.3.4.tar.gz'
Content type 'application/x-gzip' length 130100 bytes (127 KB)
==================================================
downloaded 127 KB

trying URL 'https://cloud.r-project.org/src/contrib/ellipsis_0.3.2.tar.gz'
Content type 'application/x-gzip' length 8066 bytes
==================================================
downloaded 8066 bytes

trying URL 'https://cloud.r-project.org/src/contrib/rmarkdown_2.25.tar.gz'
Content type 'application/x-gzip' length 2188934 bytes (2.1 MB)
==================================================
downloaded 2.1 MB

trying URL 'https://cloud.r-project.org/src/contrib/stringr_1.5.1.tar.gz'
Content type 'application/x-gzip' length 176599 bytes (172 KB)
==================================================
downloaded 172 KB

trying URL 'https://cloud.r-project.org/src/contrib/tidyselect_1.2.0.tar.gz'
Content type 'application/x-gzip' length 101498 bytes (99 KB)
==================================================
downloaded 99 KB

trying URL 'https://cloud.r-project.org/src/contrib/pillar_1.9.0.tar.gz'
Content type 'application/x-gzip' length 444528 bytes (434 KB)
==================================================
downloaded 434 KB

trying URL 'https://cloud.r-project.org/src/contrib/later_1.3.2.tar.gz'
Content type 'application/x-gzip' length 63597 bytes (62 KB)
==================================================
downloaded 62 KB

trying URL 'https://cloud.r-project.org/src/contrib/Rcpp_1.0.11.tar.gz'
Content type 'application/x-gzip' length 2994004 bytes (2.9 MB)
==================================================
downloaded 2.9 MB

trying URL 'https://cloud.r-project.org/src/contrib/ggplot2_3.4.4.tar.gz'
Content type 'application/x-gzip' length 3159578 bytes (3.0 MB)
==================================================
downloaded 3.0 MB

trying URL 'https://cloud.r-project.org/src/contrib/htmltools_0.5.7.tar.gz'
Content type 'application/x-gzip' length 134681 bytes (131 KB)
==================================================
downloaded 131 KB

trying URL 'https://cloud.r-project.org/src/contrib/htmlwidgets_1.6.4.tar.gz'
Content type 'application/x-gzip' length 868895 bytes (848 KB)
==================================================
downloaded 848 KB

trying URL 'https://cloud.r-project.org/src/contrib/tidyr_1.3.0.tar.gz'
Content type 'application/x-gzip' length 823546 bytes (804 KB)
==================================================
downloaded 804 KB

trying URL 'https://cloud.r-project.org/src/contrib/dplyr_1.1.4.tar.gz'
Content type 'application/x-gzip' length 1207521 bytes (1.2 MB)
==================================================
downloaded 1.2 MB

trying URL 'https://cloud.r-project.org/src/contrib/vctrs_0.6.5.tar.gz'
Content type 'application/x-gzip' length 969066 bytes (946 KB)
==================================================
downloaded 946 KB

trying URL 'https://cloud.r-project.org/src/contrib/tibble_3.2.1.tar.gz'
Content type 'application/x-gzip' length 565982 bytes (552 KB)
==================================================
downloaded 552 KB

trying URL 'https://cloud.r-project.org/src/contrib/rlang_1.1.2.tar.gz'
Content type 'application/x-gzip' length 763521 bytes (745 KB)
==================================================
downloaded 745 KB

trying URL 'https://cloud.r-project.org/src/contrib/crosstalk_1.2.1.tar.gz'
Content type 'application/x-gzip' length 297970 bytes (290 KB)
==================================================
downloaded 290 KB

trying URL 'https://cloud.r-project.org/src/contrib/purrr_1.0.2.tar.gz'
Content type 'application/x-gzip' length 220868 bytes (215 KB)
==================================================
downloaded 215 KB

trying URL 'https://cloud.r-project.org/src/contrib/promises_1.2.1.tar.gz'
Content type 'application/x-gzip' length 3151071 bytes (3.0 MB)
==================================================
downloaded 3.0 MB

trying URL 'https://cloud.r-project.org/src/contrib/lifecycle_1.0.4.tar.gz'
Content type 'application/x-gzip' length 107656 bytes (105 KB)
==================================================
downloaded 105 KB

trying URL 'https://cloud.r-project.org/src/contrib/kernlab_0.9-32.tar.gz'
Content type 'application/x-gzip' length 1215773 bytes (1.2 MB)
==================================================
downloaded 1.2 MB

trying URL 'https://cloud.r-project.org/src/contrib/plotly_4.10.3.tar.gz'
Content type 'application/x-gzip' length 3903037 bytes (3.7 MB)
==================================================
downloaded 3.7 MB

trying URL 'https://cloud.r-project.org/src/contrib/scales_1.3.0.tar.gz'
Content type 'application/x-gzip' length 302544 bytes (295 KB)
==================================================
downloaded 295 KB

trying URL 'https://cloud.r-project.org/src/contrib/segmented_2.0-1.tar.gz'
Content type 'application/x-gzip' length 255922 bytes (249 KB)
==================================================
downloaded 249 KB

trying URL 'https://cloud.r-project.org/src/contrib/proxy_0.4-27.tar.gz'
Content type 'application/x-gzip' length 74622 bytes (72 KB)
==================================================
downloaded 72 KB

trying URL 'https://cloud.r-project.org/src/contrib/mixtools_2.0.0.tar.gz'
Content type 'application/x-gzip' length 706288 bytes (689 KB)
==================================================
downloaded 689 KB

trying URL 'https://cloud.r-project.org/src/contrib/e1071_1.7-14.tar.gz'
Content type 'application/x-gzip' length 326383 bytes (318 KB)
==================================================
downloaded 318 KB

trying URL 'https://bioconductor.org/packages/3.19/data/experiment/src/contrib/bcellViper_1.39.0.tar.gz'
Content type 'application/x-gzip' length 11786238 bytes (11.2 MB)
==================================================
downloaded 11.2 MB

trying URL 'https://bioconductor.org/packages/3.19/bioc/src/contrib/viper_1.37.0.tar.gz'
Content type 'application/x-gzip' length 318322 bytes (310 KB)
==================================================
downloaded 310 KB

* installing *source* package ‘Rcpp’ ...
** package ‘Rcpp’ successfully unpacked and MD5 sums checked
** using staged installation
** libs
using C++ compiler: ‘g++ (Ubuntu 11.4.0-1ubuntu1~22.04) 11.4.0’
g++ -std=gnu++17 -I"/usr/local/lib/R/include" -DNDEBUG -I../inst/include/  -I/usr/local/include    -fpic  -g -O2 -fstack-protector-strong -Wformat -Werror=format-security -Wdate-time -D_FORTIFY_SOURCE=2 -g  -c api.cpp -o api.o
In file included from ../inst/include/Rcpp/routines.h:26,
                 from ../inst/include/RcppCommon.h:128,
                 from ../inst/include/Rcpp.h:27,
                 from api.cpp:26:
../inst/include/Rcpp/iostream/Rstreambuf.h: In member function ‘std::streamsize Rcpp::Rstreambuf<OUTPUT>::xsputn(const char*, std::streamsize) [with bool OUTPUT = true; std::streamsize = long int]’:
../inst/include/Rcpp/iostream/Rstreambuf.h:53:20: warning: field precision specifier ‘.*’ expects argument of type ‘int’, but argument 2 has type ‘std::streamsize’ {aka ‘long int’} [-Wformat=]
   53 |         Rprintf("%.*s", num, s);
      |                  ~~^~   ~~~
      |                    |    |
      |                    int  std::streamsize {aka long int}
../inst/include/Rcpp/iostream/Rstreambuf.h: In member function ‘std::streamsize Rcpp::Rstreambuf<OUTPUT>::xsputn(const char*, std::streamsize) [with bool OUTPUT = false; std::streamsize = long int]’:
../inst/include/Rcpp/iostream/Rstreambuf.h:57:21: warning: field precision specifier ‘.*’ expects argument of type ‘int’, but argument 2 has type ‘std::streamsize’ {aka ‘long int’} [-Wformat=]
   57 |         REprintf("%.*s", num, s);
      |                   ~~^~   ~~~
      |                     |    |
      |                     int  std::streamsize {aka long int}
In file included from ../inst/include/RcppCommon.h:181,
                 from ../inst/include/Rcpp.h:27,
                 from api.cpp:26:
../inst/include/Rcpp/print.h: In function ‘void Rcpp::warningcall(SEXP, const string&)’:
../inst/include/Rcpp/print.h:30:19: error: format not a string literal and no format arguments [-Werror=format-security]
   30 |     Rf_warningcall(call, s.c_str());
      |     ~~~~~~~~~~~~~~^~~~~~~~~~~~~~~~~
cc1plus: some warnings being treated as errors
make: *** [/usr/local/lib/R/etc/Makeconf:200: api.o] Error 1
ERROR: compilation failed for package ‘Rcpp’
* removing ‘/tmp/tmp/built/Rcpp’
* installing *source* package ‘rlang’ ...
** package ‘rlang’ successfully unpacked and MD5 sums checked
** using staged installation
** libs
using C compiler: ‘gcc (Ubuntu 11.4.0-1ubuntu1~22.04) 11.4.0’
gcc -I"/usr/local/lib/R/include" -DNDEBUG -I./rlang/  -I/usr/local/include   -fvisibility=hidden -fpic  -g -O2 -fstack-protector-strong -Wformat -Werror=format-security -Wdate-time -D_FORTIFY_SOURCE=2 -g  -c capture.c -o capture.o
gcc -I"/usr/local/lib/R/include" -DNDEBUG -I./rlang/  -I/usr/local/include   -fvisibility=hidden -fpic  -g -O2 -fstack-protector-strong -Wformat -Werror=format-security -Wdate-time -D_FORTIFY_SOURCE=2 -g  -c internal.c -o internal.o
In file included from internal/internal.c:32,
                 from internal.c:1:
internal/tests.c: In function ‘ffi_test_Rf_warning’:
internal/tests.c:104:3: error: format not a string literal and no format arguments [-Werror=format-security]
  104 |   Rf_warning(r_chr_get_c_string(msg, 0));
      |   ^~~~~~~~~~
internal/tests.c: In function ‘ffi_test_Rf_error’:
internal/tests.c:108:3: error: format not a string literal and no format arguments [-Werror=format-security]
  108 |   Rf_error(r_chr_get_c_string(msg, 0));
      |   ^~~~~~~~
internal/tests.c: In function ‘ffi_test_Rf_warningcall’:
internal/tests.c:113:3: error: format not a string literal and no format arguments [-Werror=format-security]
  113 |   Rf_warningcall(call, r_chr_get_c_string(msg, 0));
      |   ^~~~~~~~~~~~~~
internal/tests.c: In function ‘ffi_test_Rf_errorcall’:
internal/tests.c:117:3: error: format not a string literal and no format arguments [-Werror=format-security]
  117 |   Rf_errorcall(call, r_chr_get_c_string(msg, 0));
      |   ^~~~~~~~~~~~
cc1: some warnings being treated as errors
make: *** [/usr/local/lib/R/etc/Makeconf:191: internal.o] Error 1
ERROR: compilation failed for package ‘rlang’
* removing ‘/tmp/tmp/built/rlang’
* installing *source* package ‘kernlab’ ...
** package ‘kernlab’ successfully unpacked and MD5 sums checked
** using staged installation
** libs
using C compiler: ‘gcc (Ubuntu 11.4.0-1ubuntu1~22.04) 11.4.0’
using C++ compiler: ‘g++ (Ubuntu 11.4.0-1ubuntu1~22.04) 11.4.0’
g++ -std=gnu++17 -I"/usr/local/lib/R/include" -DNDEBUG   -I/usr/local/include    -fpic  -g -O2 -fstack-protector-strong -Wformat -Werror=format-security -Wdate-time -D_FORTIFY_SOURCE=2 -g  -c brweight.cpp -o brweight.o
g++ -std=gnu++17 -I"/usr/local/lib/R/include" -DNDEBUG   -I/usr/local/include    -fpic  -g -O2 -fstack-protector-strong -Wformat -Werror=format-security -Wdate-time -D_FORTIFY_SOURCE=2 -g  -c ctable.cpp -o ctable.o
g++ -std=gnu++17 -I"/usr/local/lib/R/include" -DNDEBUG   -I/usr/local/include    -fpic  -g -O2 -fstack-protector-strong -Wformat -Werror=format-security -Wdate-time -D_FORTIFY_SOURCE=2 -g  -c cweight.cpp -o cweight.o
gcc -I"/usr/local/lib/R/include" -DNDEBUG   -I/usr/local/include    -fpic  -g -O2 -fstack-protector-strong -Wformat -Werror=format-security -Wdate-time -D_FORTIFY_SOURCE=2 -g  -c dbreakpt.c -o dbreakpt.o
gcc -I"/usr/local/lib/R/include" -DNDEBUG   -I/usr/local/include    -fpic  -g -O2 -fstack-protector-strong -Wformat -Werror=format-security -Wdate-time -D_FORTIFY_SOURCE=2 -g  -c dcauchy.c -o dcauchy.o
gcc -I"/usr/local/lib/R/include" -DNDEBUG   -I/usr/local/include    -fpic  -g -O2 -fstack-protector-strong -Wformat -Werror=format-security -Wdate-time -D_FORTIFY_SOURCE=2 -g  -c dgpnrm.c -o dgpnrm.o
gcc -I"/usr/local/lib/R/include" -DNDEBUG   -I/usr/local/include    -fpic  -g -O2 -fstack-protector-strong -Wformat -Werror=format-security -Wdate-time -D_FORTIFY_SOURCE=2 -g  -c dgpstep.c -o dgpstep.o
gcc -I"/usr/local/lib/R/include" -DNDEBUG   -I/usr/local/include    -fpic  -g -O2 -fstack-protector-strong -Wformat -Werror=format-security -Wdate-time -D_FORTIFY_SOURCE=2 -g  -c dprecond.c -o dprecond.o
gcc -I"/usr/local/lib/R/include" -DNDEBUG   -I/usr/local/include    -fpic  -g -O2 -fstack-protector-strong -Wformat -Werror=format-security -Wdate-time -D_FORTIFY_SOURCE=2 -g  -c dprsrch.c -o dprsrch.o
gcc -I"/usr/local/lib/R/include" -DNDEBUG   -I/usr/local/include    -fpic  -g -O2 -fstack-protector-strong -Wformat -Werror=format-security -Wdate-time -D_FORTIFY_SOURCE=2 -g  -c dspcg.c -o dspcg.o
gcc -I"/usr/local/lib/R/include" -DNDEBUG   -I/usr/local/include    -fpic  -g -O2 -fstack-protector-strong -Wformat -Werror=format-security -Wdate-time -D_FORTIFY_SOURCE=2 -g  -c dtron.c -o dtron.o
gcc -I"/usr/local/lib/R/include" -DNDEBUG   -I/usr/local/include    -fpic  -g -O2 -fstack-protector-strong -Wformat -Werror=format-security -Wdate-time -D_FORTIFY_SOURCE=2 -g  -c dtrpcg.c -o dtrpcg.o
gcc -I"/usr/local/lib/R/include" -DNDEBUG   -I/usr/local/include    -fpic  -g -O2 -fstack-protector-strong -Wformat -Werror=format-security -Wdate-time -D_FORTIFY_SOURCE=2 -g  -c dtrqsol.c -o dtrqsol.o
g++ -std=gnu++17 -I"/usr/local/lib/R/include" -DNDEBUG   -I/usr/local/include    -fpic  -g -O2 -fstack-protector-strong -Wformat -Werror=format-security -Wdate-time -D_FORTIFY_SOURCE=2 -g  -c esa.cpp -o esa.o
g++ -std=gnu++17 -I"/usr/local/lib/R/include" -DNDEBUG   -I/usr/local/include    -fpic  -g -O2 -fstack-protector-strong -Wformat -Werror=format-security -Wdate-time -D_FORTIFY_SOURCE=2 -g  -c expdecayweight.cpp -o expdecayweight.o
g++ -std=gnu++17 -I"/usr/local/lib/R/include" -DNDEBUG   -I/usr/local/include    -fpic  -g -O2 -fstack-protector-strong -Wformat -Werror=format-security -Wdate-time -D_FORTIFY_SOURCE=2 -g  -c inductionsort.cpp -o inductionsort.o
gcc -I"/usr/local/lib/R/include" -DNDEBUG   -I/usr/local/include    -fpic  -g -O2 -fstack-protector-strong -Wformat -Werror=format-security -Wdate-time -D_FORTIFY_SOURCE=2 -g  -c init.c -o init.o
g++ -std=gnu++17 -I"/usr/local/lib/R/include" -DNDEBUG   -I/usr/local/include    -fpic  -g -O2 -fstack-protector-strong -Wformat -Werror=format-security -Wdate-time -D_FORTIFY_SOURCE=2 -g  -c kspectrumweight.cpp -o kspectrumweight.o
g++ -std=gnu++17 -I"/usr/local/lib/R/include" -DNDEBUG   -I/usr/local/include    -fpic  -g -O2 -fstack-protector-strong -Wformat -Werror=format-security -Wdate-time -D_FORTIFY_SOURCE=2 -g  -c lcp.cpp -o lcp.o
gcc -I"/usr/local/lib/R/include" -DNDEBUG   -I/usr/local/include    -fpic  -g -O2 -fstack-protector-strong -Wformat -Werror=format-security -Wdate-time -D_FORTIFY_SOURCE=2 -g  -c misc.c -o misc.o
g++ -std=gnu++17 -I"/usr/local/lib/R/include" -DNDEBUG   -I/usr/local/include    -fpic  -g -O2 -fstack-protector-strong -Wformat -Werror=format-security -Wdate-time -D_FORTIFY_SOURCE=2 -g  -c msufsort.cpp -o msufsort.o
gcc -I"/usr/local/lib/R/include" -DNDEBUG   -I/usr/local/include    -fpic  -g -O2 -fstack-protector-strong -Wformat -Werror=format-security -Wdate-time -D_FORTIFY_SOURCE=2 -g  -c solvebqp.c -o solvebqp.o
gcc -I"/usr/local/lib/R/include" -DNDEBUG   -I/usr/local/include    -fpic  -g -O2 -fstack-protector-strong -Wformat -Werror=format-security -Wdate-time -D_FORTIFY_SOURCE=2 -g  -c stringk.c -o stringk.o
g++ -std=gnu++17 -I"/usr/local/lib/R/include" -DNDEBUG   -I/usr/local/include    -fpic  -g -O2 -fstack-protector-strong -Wformat -Werror=format-security -Wdate-time -D_FORTIFY_SOURCE=2 -g  -c stringkernel.cpp -o stringkernel.o
g++ -std=gnu++17 -I"/usr/local/lib/R/include" -DNDEBUG   -I/usr/local/include    -fpic  -g -O2 -fstack-protector-strong -Wformat -Werror=format-security -Wdate-time -D_FORTIFY_SOURCE=2 -g  -c svm.cpp -o svm.o
g++ -std=gnu++17 -I"/usr/local/lib/R/include" -DNDEBUG   -I/usr/local/include    -fpic  -g -O2 -fstack-protector-strong -Wformat -Werror=format-security -Wdate-time -D_FORTIFY_SOURCE=2 -g  -c wkasailcp.cpp -o wkasailcp.o
g++ -std=gnu++17 -I"/usr/local/lib/R/include" -DNDEBUG   -I/usr/local/include    -fpic  -g -O2 -fstack-protector-strong -Wformat -Werror=format-security -Wdate-time -D_FORTIFY_SOURCE=2 -g  -c wmsufsort.cpp -o wmsufsort.o
g++ -std=gnu++17 -shared -L/usr/local/lib/R/lib -L/usr/local/lib -o kernlab.so brweight.o ctable.o cweight.o dbreakpt.o dcauchy.o dgpnrm.o dgpstep.o dprecond.o dprsrch.o dspcg.o dtron.o dtrpcg.o dtrqsol.o esa.o expdecayweight.o inductionsort.o init.o kspectrumweight.o lcp.o misc.o msufsort.o solvebqp.o stringk.o stringkernel.o svm.o wkasailcp.o wmsufsort.o -llapack -lblas -lgfortran -lm -lquadmath -L/usr/local/lib/R/lib -lR
installing to /tmp/tmp/built/00LOCK-kernlab/00new/kernlab/libs
** R
** data
** inst
** byte-compile and prepare package for lazy loading
Creating a new generic function for ‘pattern’ in package ‘kernlab’
** help
*** installing help indices
** building package indices
** installing vignettes
** testing if installed package can be loaded from temporary location
** checking absolute paths in shared objects and dynamic libraries
** testing if installed package can be loaded from final location
** testing if installed package keeps a record of temporary installation path
* creating tarball
packaged installation of ‘kernlab’ as ‘kernlab_0.9-32_R_x86_64-pc-linux-gnu.tar.gz’
* DONE (kernlab)
* installing *source* package ‘segmented’ ...
** package ‘segmented’ successfully unpacked and MD5 sums checked
** using staged installation
** R
** data
** inst
** byte-compile and prepare package for lazy loading
** help
*** installing help indices
** building package indices
** testing if installed package can be loaded from temporary location
** testing if installed package can be loaded from final location
** testing if installed package keeps a record of temporary installation path
* creating tarball
packaged installation of ‘segmented’ as ‘segmented_2.0-1_R_x86_64-pc-linux-gnu.tar.gz’
* DONE (segmented)
* installing *source* package ‘proxy’ ...
** package ‘proxy’ successfully unpacked and MD5 sums checked
** using staged installation
** libs
using C compiler: ‘gcc (Ubuntu 11.4.0-1ubuntu1~22.04) 11.4.0’
gcc -I"/usr/local/lib/R/include" -DNDEBUG   -I/usr/local/include    -fpic  -g -O2 -fstack-protector-strong -Wformat -Werror=format-security -Wdate-time -D_FORTIFY_SOURCE=2 -g  -c apply.c -o apply.o
gcc -I"/usr/local/lib/R/include" -DNDEBUG   -I/usr/local/include    -fpic  -g -O2 -fstack-protector-strong -Wformat -Werror=format-security -Wdate-time -D_FORTIFY_SOURCE=2 -g  -c arrayIndex.c -o arrayIndex.o
gcc -I"/usr/local/lib/R/include" -DNDEBUG   -I/usr/local/include    -fpic  -g -O2 -fstack-protector-strong -Wformat -Werror=format-security -Wdate-time -D_FORTIFY_SOURCE=2 -g  -c distance.c -o distance.o
gcc -I"/usr/local/lib/R/include" -DNDEBUG   -I/usr/local/include    -fpic  -g -O2 -fstack-protector-strong -Wformat -Werror=format-security -Wdate-time -D_FORTIFY_SOURCE=2 -g  -c dll.c -o dll.o
gcc -I"/usr/local/lib/R/include" -DNDEBUG   -I/usr/local/include    -fpic  -g -O2 -fstack-protector-strong -Wformat -Werror=format-security -Wdate-time -D_FORTIFY_SOURCE=2 -g  -c util.c -o util.o
gcc -shared -L/usr/local/lib/R/lib -L/usr/local/lib -o proxy.so apply.o arrayIndex.o distance.o dll.o util.o -L/usr/local/lib/R/lib -lR
installing to /tmp/tmp/built/00LOCK-proxy/00new/proxy/libs
** R
** inst
** byte-compile and prepare package for lazy loading
** help
*** installing help indices
** building package indices
** installing vignettes
** testing if installed package can be loaded from temporary location
** checking absolute paths in shared objects and dynamic libraries
** testing if installed package can be loaded from final location
** testing if installed package keeps a record of temporary installation path
* creating tarball
packaged installation of ‘proxy’ as ‘proxy_0.4-27_R_x86_64-pc-linux-gnu.tar.gz’
* DONE (proxy)
* installing *source* package ‘bcellViper’ ...
** using staged installation
** data
** inst
** help
*** installing help indices
** building package indices
** installing vignettes
** testing if installed package can be loaded from temporary location
** testing if installed package can be loaded from final location
** testing if installed package keeps a record of temporary installation path
* creating tarball
packaged installation of ‘bcellViper’ as ‘bcellViper_1.39.0_R_x86_64-pc-linux-gnu.tar.gz’
* DONE (bcellViper)
ERROR: dependency ‘rlang’ is not available for package ‘cachem’
* removing ‘/tmp/tmp/built/cachem’
ERROR: dependency ‘rlang’ is not available for package ‘ellipsis’
* removing ‘/tmp/tmp/built/ellipsis’
ERROR: dependencies ‘Rcpp’, ‘rlang’ are not available for package ‘later’
* removing ‘/tmp/tmp/built/later’
ERROR: dependency ‘rlang’ is not available for package ‘lifecycle’
* removing ‘/tmp/tmp/built/lifecycle’
* installing *source* package ‘e1071’ ...
** package ‘e1071’ successfully unpacked and MD5 sums checked
** using staged installation
** libs
using C compiler: ‘gcc (Ubuntu 11.4.0-1ubuntu1~22.04) 11.4.0’
using C++ compiler: ‘g++ (Ubuntu 11.4.0-1ubuntu1~22.04) 11.4.0’
gcc -I"/usr/local/lib/R/include" -DNDEBUG   -I/usr/local/include    -fpic  -g -O2 -fstack-protector-strong -Wformat -Werror=format-security -Wdate-time -D_FORTIFY_SOURCE=2 -g  -c Rsvm.c -o Rsvm.o
gcc -I"/usr/local/lib/R/include" -DNDEBUG   -I/usr/local/include    -fpic  -g -O2 -fstack-protector-strong -Wformat -Werror=format-security -Wdate-time -D_FORTIFY_SOURCE=2 -g  -c cmeans.c -o cmeans.o
gcc -I"/usr/local/lib/R/include" -DNDEBUG   -I/usr/local/include    -fpic  -g -O2 -fstack-protector-strong -Wformat -Werror=format-security -Wdate-time -D_FORTIFY_SOURCE=2 -g  -c cshell.c -o cshell.o
gcc -I"/usr/local/lib/R/include" -DNDEBUG   -I/usr/local/include    -fpic  -g -O2 -fstack-protector-strong -Wformat -Werror=format-security -Wdate-time -D_FORTIFY_SOURCE=2 -g  -c floyd.c -o floyd.o
gcc -I"/usr/local/lib/R/include" -DNDEBUG   -I/usr/local/include    -fpic  -g -O2 -fstack-protector-strong -Wformat -Werror=format-security -Wdate-time -D_FORTIFY_SOURCE=2 -g  -c init.c -o init.o
g++ -std=gnu++17 -I"/usr/local/lib/R/include" -DNDEBUG   -I/usr/local/include    -fpic  -g -O2 -fstack-protector-strong -Wformat -Werror=format-security -Wdate-time -D_FORTIFY_SOURCE=2 -g  -c svm.cpp -o svm.o
g++ -std=gnu++17 -shared -L/usr/local/lib/R/lib -L/usr/local/lib -o e1071.so Rsvm.o cmeans.o cshell.o floyd.o init.o svm.o -L/usr/local/lib/R/lib -lR
installing to /tmp/tmp/built/00LOCK-e1071/00new/e1071/libs
** R
** inst
** byte-compile and prepare package for lazy loading
** help
*** installing help indices
** building package indices
** installing vignettes
** testing if installed package can be loaded from temporary location
** checking absolute paths in shared objects and dynamic libraries
** testing if installed package can be loaded from final location
** testing if installed package keeps a record of temporary installation path
* creating tarball
packaged installation of ‘e1071’ as ‘e1071_1.7-14_R_x86_64-pc-linux-gnu.tar.gz’
* DONE (e1071)
ERROR: dependencies ‘rlang’, ‘cachem’ are not available for package ‘memoise’
* removing ‘/tmp/tmp/built/memoise’
ERROR: dependencies ‘lifecycle’, ‘rlang’ are not available for package ‘gtable’
* removing ‘/tmp/tmp/built/gtable’
ERROR: dependencies ‘ellipsis’, ‘rlang’ are not available for package ‘htmltools’
* removing ‘/tmp/tmp/built/htmltools’
ERROR: dependencies ‘lifecycle’, ‘rlang’ are not available for package ‘vctrs’
* removing ‘/tmp/tmp/built/vctrs’
ERROR: dependencies ‘later’, ‘Rcpp’, ‘rlang’ are not available for package ‘promises’
* removing ‘/tmp/tmp/built/promises’
ERROR: dependencies ‘lifecycle’, ‘rlang’ are not available for package ‘scales’
* removing ‘/tmp/tmp/built/scales’
ERROR: dependencies ‘rlang’, ‘htmltools’ are not available for package ‘sass’
* removing ‘/tmp/tmp/built/sass’
ERROR: dependencies ‘rlang’, ‘htmltools’ are not available for package ‘fontawesome’
* removing ‘/tmp/tmp/built/fontawesome’
ERROR: dependency ‘htmltools’ is not available for package ‘jquerylib’
* removing ‘/tmp/tmp/built/jquerylib’
ERROR: dependencies ‘lifecycle’, ‘rlang’, ‘vctrs’ are not available for package ‘stringr’
* removing ‘/tmp/tmp/built/stringr’
ERROR: dependencies ‘lifecycle’, ‘rlang’, ‘vctrs’ are not available for package ‘tidyselect’
* removing ‘/tmp/tmp/built/tidyselect’
ERROR: dependencies ‘lifecycle’, ‘rlang’, ‘vctrs’ are not available for package ‘pillar’
* removing ‘/tmp/tmp/built/pillar’
ERROR: dependency ‘htmltools’ is not available for package ‘crosstalk’
* removing ‘/tmp/tmp/built/crosstalk’
ERROR: dependencies ‘lifecycle’, ‘rlang’, ‘vctrs’ are not available for package ‘purrr’
* removing ‘/tmp/tmp/built/purrr’
ERROR: dependencies ‘cachem’, ‘htmltools’, ‘jquerylib’, ‘lifecycle’, ‘memoise’, ‘rlang’, ‘sass’ are not available for package ‘bslib’
* removing ‘/tmp/tmp/built/bslib’
ERROR: dependencies ‘lifecycle’, ‘pillar’, ‘rlang’, ‘vctrs’ are not available for package ‘tibble’
* removing ‘/tmp/tmp/built/tibble’
ERROR: dependencies ‘bslib’, ‘fontawesome’, ‘htmltools’, ‘jquerylib’, ‘stringr’ are not available for package ‘rmarkdown’
* removing ‘/tmp/tmp/built/rmarkdown’
ERROR: dependencies ‘gtable’, ‘lifecycle’, ‘rlang’, ‘scales’, ‘tibble’, ‘vctrs’ are not available for package ‘ggplot2’
* removing ‘/tmp/tmp/built/ggplot2’
ERROR: dependencies ‘lifecycle’, ‘pillar’, ‘rlang’, ‘tibble’, ‘tidyselect’, ‘vctrs’ are not available for package ‘dplyr’
* removing ‘/tmp/tmp/built/dplyr’
ERROR: dependencies ‘htmltools’, ‘rmarkdown’ are not available for package ‘htmlwidgets’
* removing ‘/tmp/tmp/built/htmlwidgets’
ERROR: dependencies ‘dplyr’, ‘lifecycle’, ‘purrr’, ‘rlang’, ‘stringr’, ‘tibble’, ‘tidyselect’, ‘vctrs’ are not available for package ‘tidyr’
* removing ‘/tmp/tmp/built/tidyr’
ERROR: dependencies ‘ggplot2’, ‘scales’, ‘htmltools’, ‘htmlwidgets’, ‘tidyr’, ‘dplyr’, ‘vctrs’, ‘tibble’, ‘rlang’, ‘crosstalk’, ‘purrr’, ‘promises’ are not available for package ‘plotly’
* removing ‘/tmp/tmp/built/plotly’
ERROR: dependencies ‘plotly’, ‘scales’ are not available for package ‘mixtools’
* removing ‘/tmp/tmp/built/mixtools’
ERROR: dependency ‘mixtools’ is not available for package ‘viper’
* removing ‘/tmp/tmp/built/viper’

The downloaded source packages are in
	‘/tmp/RtmpJsZZcj/downloaded_packages’
There were 30 warnings (use warnings() to see them)

real	1m6.394s
user	0m55.115s
sys	0m11.378s
