+ Rscript -e 'Sys.setenv(BIOCONDUCTOR_USE_CONTAINER_REPOSITORY=FALSE); p <- .libPaths(); p <- c('\''/tmp/tmp/built'\'', p); .libPaths(p); if(BiocManager::install('\''GenomeInfoDb'\'', INSTALL_opts = '\''--build'\'', update = TRUE, quiet = FALSE, dependencies=TRUE, force = TRUE, keep_outputs = TRUE) %in% rownames(installed.packages())) q(status = 0) else q(status = 1)'
'getOption("repos")' replaces Bioconductor standard repositories, see
'help("repositories", package = "BiocManager")' for details.
Replacement repositories:
    CRAN: https://cloud.r-project.org
Bioconductor version 3.19 (BiocManager 1.30.22), R Under development (unstable)
  (2024-01-03 r85769)
Installing package(s) 'GenomeInfoDb'
also installing the dependencies ‘pillar’, ‘purrr’, ‘tibble’, ‘tidyr’, ‘tidyselect’, ‘SparseArray’, ‘vctrs’, ‘cachem’, ‘rjson’, ‘hms’, ‘lifecycle’, ‘dbplyr’, ‘dplyr’, ‘filelock’, ‘ellipsis’, ‘sass’, ‘S4Arrays’, ‘DelayedArray’, ‘KEGGREST’, ‘blob’, ‘memoise’, ‘rlang’, ‘restfulr’, ‘progress’, ‘stringr’, ‘BiocFileCache’, ‘xml2’, ‘htmltools’, ‘jquerylib’, ‘bslib’, ‘fontawesome’, ‘R.oo’, ‘R.methodsS3’, ‘XVector’, ‘Biostrings’, ‘SummarizedExperiment’, ‘AnnotationDbi’, ‘RSQLite’, ‘BiocIO’, ‘rtracklayer’, ‘biomaRt’, ‘bookdown’, ‘rmarkdown’, ‘R.utils’, ‘GenomicRanges’, ‘Rsamtools’, ‘GenomicAlignments’, ‘GenomicFeatures’, ‘BSgenome’, ‘TxDb.Dmelanogaster.UCSC.dm3.ensGene’, ‘BSgenome.Scerevisiae.UCSC.sacCer2’, ‘BSgenome.Celegans.UCSC.ce2’, ‘BSgenome.Hsapiens.NCBI.GRCh38’, ‘BiocStyle’

trying URL 'https://cloud.r-project.org/src/contrib/pillar_1.9.0.tar.gz'
Content type 'application/x-gzip' length 444528 bytes (434 KB)
==================================================
downloaded 434 KB

trying URL 'https://cloud.r-project.org/src/contrib/purrr_1.0.2.tar.gz'
Content type 'application/x-gzip' length 220868 bytes (215 KB)
==================================================
downloaded 215 KB

trying URL 'https://cloud.r-project.org/src/contrib/tibble_3.2.1.tar.gz'
Content type 'application/x-gzip' length 565982 bytes (552 KB)
==================================================
downloaded 552 KB

trying URL 'https://cloud.r-project.org/src/contrib/tidyr_1.3.0.tar.gz'
Content type 'application/x-gzip' length 823546 bytes (804 KB)
==================================================
downloaded 804 KB

trying URL 'https://cloud.r-project.org/src/contrib/tidyselect_1.2.0.tar.gz'
Content type 'application/x-gzip' length 101498 bytes (99 KB)
==================================================
downloaded 99 KB

trying URL 'https://bioconductor.org/packages/3.19/bioc/src/contrib/SparseArray_1.3.2.tar.gz'
Content type 'application/x-gzip' length 367708 bytes (359 KB)
==================================================
downloaded 359 KB

trying URL 'https://cloud.r-project.org/src/contrib/vctrs_0.6.5.tar.gz'
Content type 'application/x-gzip' length 969066 bytes (946 KB)
==================================================
downloaded 946 KB

trying URL 'https://cloud.r-project.org/src/contrib/cachem_1.0.8.tar.gz'
Content type 'application/x-gzip' length 26510 bytes (25 KB)
==================================================
downloaded 25 KB

trying URL 'https://cloud.r-project.org/src/contrib/rjson_0.2.21.tar.gz'
Content type 'application/x-gzip' length 116509 bytes (113 KB)
==================================================
downloaded 113 KB

trying URL 'https://cloud.r-project.org/src/contrib/hms_1.1.3.tar.gz'
Content type 'application/x-gzip' length 43379 bytes (42 KB)
==================================================
downloaded 42 KB

trying URL 'https://cloud.r-project.org/src/contrib/lifecycle_1.0.4.tar.gz'
Content type 'application/x-gzip' length 107656 bytes (105 KB)
==================================================
downloaded 105 KB

trying URL 'https://cloud.r-project.org/src/contrib/dbplyr_2.4.0.tar.gz'
Content type 'application/x-gzip' length 760884 bytes (743 KB)
==================================================
downloaded 743 KB

trying URL 'https://cloud.r-project.org/src/contrib/dplyr_1.1.4.tar.gz'
Content type 'application/x-gzip' length 1207521 bytes (1.2 MB)
==================================================
downloaded 1.2 MB

trying URL 'https://cloud.r-project.org/src/contrib/filelock_1.0.3.tar.gz'
Content type 'application/x-gzip' length 15443 bytes (15 KB)
==================================================
downloaded 15 KB

trying URL 'https://cloud.r-project.org/src/contrib/ellipsis_0.3.2.tar.gz'
Content type 'application/x-gzip' length 8066 bytes
==================================================
downloaded 8066 bytes

trying URL 'https://cloud.r-project.org/src/contrib/sass_0.4.8.tar.gz'
Content type 'application/x-gzip' length 3025474 bytes (2.9 MB)
==================================================
downloaded 2.9 MB

trying URL 'https://bioconductor.org/packages/3.19/bioc/src/contrib/S4Arrays_1.3.1.tar.gz'
Content type 'application/x-gzip' length 281076 bytes (274 KB)
==================================================
downloaded 274 KB

trying URL 'https://bioconductor.org/packages/3.19/bioc/src/contrib/DelayedArray_0.29.0.tar.gz'
Content type 'application/x-gzip' length 615068 bytes (600 KB)
==================================================
downloaded 600 KB

trying URL 'https://bioconductor.org/packages/3.19/bioc/src/contrib/KEGGREST_1.43.0.tar.gz'
Content type 'application/x-gzip' length 22616 bytes (22 KB)
==================================================
downloaded 22 KB

trying URL 'https://cloud.r-project.org/src/contrib/blob_1.2.4.tar.gz'
Content type 'application/x-gzip' length 10620 bytes (10 KB)
==================================================
downloaded 10 KB

trying URL 'https://cloud.r-project.org/src/contrib/memoise_2.0.1.tar.gz'
Content type 'application/x-gzip' length 17852 bytes (17 KB)
==================================================
downloaded 17 KB

trying URL 'https://cloud.r-project.org/src/contrib/rlang_1.1.2.tar.gz'
Content type 'application/x-gzip' length 763521 bytes (745 KB)
==================================================
downloaded 745 KB

trying URL 'https://cloud.r-project.org/src/contrib/restfulr_0.0.15.tar.gz'
Content type 'application/x-gzip' length 15033 bytes (14 KB)
==================================================
downloaded 14 KB

trying URL 'https://cloud.r-project.org/src/contrib/progress_1.2.3.tar.gz'
Content type 'application/x-gzip' length 30499 bytes (29 KB)
==================================================
downloaded 29 KB

trying URL 'https://cloud.r-project.org/src/contrib/stringr_1.5.1.tar.gz'
Content type 'application/x-gzip' length 176599 bytes (172 KB)
==================================================
downloaded 172 KB

trying URL 'https://bioconductor.org/packages/3.19/bioc/src/contrib/BiocFileCache_2.11.1.tar.gz'
Content type 'application/x-gzip' length 299452 bytes (292 KB)
==================================================
downloaded 292 KB

trying URL 'https://cloud.r-project.org/src/contrib/xml2_1.3.6.tar.gz'
Content type 'application/x-gzip' length 294715 bytes (287 KB)
==================================================
downloaded 287 KB

trying URL 'https://cloud.r-project.org/src/contrib/htmltools_0.5.7.tar.gz'
Content type 'application/x-gzip' length 134681 bytes (131 KB)
==================================================
downloaded 131 KB

trying URL 'https://cloud.r-project.org/src/contrib/jquerylib_0.1.4.tar.gz'
Content type 'application/x-gzip' length 520207 bytes (508 KB)
==================================================
downloaded 508 KB

trying URL 'https://cloud.r-project.org/src/contrib/bslib_0.6.1.tar.gz'
Content type 'application/x-gzip' length 6059587 bytes (5.8 MB)
==================================================
downloaded 5.8 MB

trying URL 'https://cloud.r-project.org/src/contrib/fontawesome_0.5.2.tar.gz'
Content type 'application/x-gzip' length 1281884 bytes (1.2 MB)
==================================================
downloaded 1.2 MB

trying URL 'https://cloud.r-project.org/src/contrib/R.oo_1.25.0.tar.gz'
Content type 'application/x-gzip' length 384384 bytes (375 KB)
==================================================
downloaded 375 KB

trying URL 'https://cloud.r-project.org/src/contrib/R.methodsS3_1.8.2.tar.gz'
Content type 'application/x-gzip' length 24131 bytes (23 KB)
==================================================
downloaded 23 KB

trying URL 'https://bioconductor.org/packages/3.19/bioc/src/contrib/XVector_0.43.0.tar.gz'
Content type 'application/x-gzip' length 67799 bytes (66 KB)
==================================================
downloaded 66 KB

trying URL 'https://bioconductor.org/packages/3.19/bioc/src/contrib/Biostrings_2.71.1.tar.gz'
Content type 'application/x-gzip' length 12740938 bytes (12.2 MB)
==================================================
downloaded 12.2 MB

trying URL 'https://bioconductor.org/packages/3.19/bioc/src/contrib/SummarizedExperiment_1.33.1.tar.gz'
Content type 'application/x-gzip' length 686061 bytes (669 KB)
==================================================
downloaded 669 KB

trying URL 'https://bioconductor.org/packages/3.19/bioc/src/contrib/AnnotationDbi_1.65.2.tar.gz'
Content type 'application/x-gzip' length 4359585 bytes (4.2 MB)
==================================================
downloaded 4.2 MB

trying URL 'https://cloud.r-project.org/src/contrib/RSQLite_2.3.4.tar.gz'
Content type 'application/x-gzip' length 4223565 bytes (4.0 MB)
==================================================
downloaded 4.0 MB

trying URL 'https://bioconductor.org/packages/3.19/bioc/src/contrib/BiocIO_1.13.0.tar.gz'
Content type 'application/x-gzip' length 230503 bytes (225 KB)
==================================================
downloaded 225 KB

trying URL 'https://bioconductor.org/packages/3.19/bioc/src/contrib/rtracklayer_1.63.0.tar.gz'
Content type 'application/x-gzip' length 4018472 bytes (3.8 MB)
==================================================
downloaded 3.8 MB

trying URL 'https://bioconductor.org/packages/3.19/bioc/src/contrib/biomaRt_2.59.0.tar.gz'
Content type 'application/x-gzip' length 669551 bytes (653 KB)
==================================================
downloaded 653 KB

trying URL 'https://cloud.r-project.org/src/contrib/bookdown_0.37.tar.gz'
Content type 'application/x-gzip' length 858915 bytes (838 KB)
==================================================
downloaded 838 KB

trying URL 'https://cloud.r-project.org/src/contrib/rmarkdown_2.25.tar.gz'
Content type 'application/x-gzip' length 2188934 bytes (2.1 MB)
==================================================
downloaded 2.1 MB

trying URL 'https://cloud.r-project.org/src/contrib/R.utils_2.12.3.tar.gz'
Content type 'application/x-gzip' length 364188 bytes (355 KB)
==================================================
downloaded 355 KB

trying URL 'https://bioconductor.org/packages/3.19/bioc/src/contrib/GenomicRanges_1.55.1.tar.gz'
Content type 'application/x-gzip' length 1140363 bytes (1.1 MB)
==================================================
downloaded 1.1 MB

trying URL 'https://bioconductor.org/packages/3.19/bioc/src/contrib/Rsamtools_2.19.2.tar.gz'
Content type 'application/x-gzip' length 2918497 bytes (2.8 MB)
==================================================
downloaded 2.8 MB

trying URL 'https://bioconductor.org/packages/3.19/bioc/src/contrib/GenomicAlignments_1.39.0.tar.gz'
Content type 'application/x-gzip' length 2268015 bytes (2.2 MB)
==================================================
downloaded 2.2 MB

trying URL 'https://bioconductor.org/packages/3.19/bioc/src/contrib/GenomicFeatures_1.55.1.tar.gz'
Content type 'application/x-gzip' length 1180614 bytes (1.1 MB)
==================================================
downloaded 1.1 MB

trying URL 'https://bioconductor.org/packages/3.19/bioc/src/contrib/BSgenome_1.71.1.tar.gz'
Content type 'application/x-gzip' length 5909258 bytes (5.6 MB)
==================================================
downloaded 5.6 MB

trying URL 'https://bioconductor.org/packages/3.19/data/annotation/src/contrib/TxDb.Dmelanogaster.UCSC.dm3.ensGene_3.2.2.tar.gz'
Content type 'application/x-gzip' length 4588884 bytes (4.4 MB)
==================================================
downloaded 4.4 MB

trying URL 'https://bioconductor.org/packages/3.19/data/annotation/src/contrib/BSgenome.Scerevisiae.UCSC.sacCer2_1.4.0.tar.gz'
Content type 'application/x-gzip' length 2967843 bytes (2.8 MB)
==================================================
downloaded 2.8 MB

trying URL 'https://bioconductor.org/packages/3.19/data/annotation/src/contrib/BSgenome.Celegans.UCSC.ce2_1.4.0.tar.gz'
Content type 'application/x-gzip' length 23653893 bytes (22.6 MB)
==================================================
downloaded 22.6 MB

trying URL 'https://bioconductor.org/packages/3.19/data/annotation/src/contrib/BSgenome.Hsapiens.NCBI.GRCh38_1.3.1000.tar.gz'
Content type 'application/x-gzip' length 845207156 bytes (806.1 MB)
==================================================
downloaded 806.1 MB

trying URL 'https://bioconductor.org/packages/3.19/bioc/src/contrib/BiocStyle_2.31.0.tar.gz'
Content type 'application/x-gzip' length 788268 bytes (769 KB)
==================================================
downloaded 769 KB

trying URL 'https://bioconductor.org/packages/3.19/bioc/src/contrib/GenomeInfoDb_1.39.5.tar.gz'
Content type 'application/x-gzip' length 3581678 bytes (3.4 MB)
==================================================
downloaded 3.4 MB

* installing *source* package ‘rjson’ ...
** package ‘rjson’ successfully unpacked and MD5 sums checked
** using staged installation
** libs
using C compiler: ‘gcc (Ubuntu 11.4.0-1ubuntu1~22.04) 11.4.0’
using C++ compiler: ‘g++ (Ubuntu 11.4.0-1ubuntu1~22.04) 11.4.0’
g++ -std=gnu++17 -I"/usr/local/lib/R/include" -DNDEBUG   -I/usr/local/include    -fpic  -g -O2 -fstack-protector-strong -Wformat -Werror=format-security -Wdate-time -D_FORTIFY_SOURCE=2 -g  -c dump.cpp -o dump.o
gcc -I"/usr/local/lib/R/include" -DNDEBUG   -I/usr/local/include    -fpic  -g -O2 -fstack-protector-strong -Wformat -Werror=format-security -Wdate-time -D_FORTIFY_SOURCE=2 -g  -c parser.c -o parser.o
gcc -I"/usr/local/lib/R/include" -DNDEBUG   -I/usr/local/include    -fpic  -g -O2 -fstack-protector-strong -Wformat -Werror=format-security -Wdate-time -D_FORTIFY_SOURCE=2 -g  -c register.c -o register.o
g++ -std=gnu++17 -shared -L/usr/local/lib/R/lib -L/usr/local/lib -o rjson.so dump.o parser.o register.o -L/usr/local/lib/R/lib -lR
installing to /tmp/tmp/built/00LOCK-rjson/00new/rjson/libs
** R
** inst
** byte-compile and prepare package for lazy loading
** help
*** installing help indices
** building package indices
** installing vignettes
** testing if installed package can be loaded from temporary location
** checking absolute paths in shared objects and dynamic libraries
** testing if installed package can be loaded from final location
** testing if installed package keeps a record of temporary installation path
* creating tarball
packaged installation of ‘rjson’ as ‘rjson_0.2.21_R_x86_64-pc-linux-gnu.tar.gz’
* DONE (rjson)
* installing *source* package ‘filelock’ ...
** package ‘filelock’ successfully unpacked and MD5 sums checked
** using staged installation
** libs
using C compiler: ‘gcc (Ubuntu 11.4.0-1ubuntu1~22.04) 11.4.0’
rm -f filelock.so init.o filelock-unix.o locklist.o
gcc -I"/usr/local/lib/R/include" -DNDEBUG   -I/usr/local/include    -fpic  -g -O2 -fstack-protector-strong -Wformat -Werror=format-security -Wdate-time -D_FORTIFY_SOURCE=2 -g  -c init.c -o init.o
gcc -I"/usr/local/lib/R/include" -DNDEBUG   -I/usr/local/include    -fpic  -g -O2 -fstack-protector-strong -Wformat -Werror=format-security -Wdate-time -D_FORTIFY_SOURCE=2 -g  -c filelock-unix.c -o filelock-unix.o
gcc -I"/usr/local/lib/R/include" -DNDEBUG   -I/usr/local/include    -fpic  -g -O2 -fstack-protector-strong -Wformat -Werror=format-security -Wdate-time -D_FORTIFY_SOURCE=2 -g  -c locklist.c -o locklist.o
gcc -shared -L/usr/local/lib/R/lib -L/usr/local/lib -o filelock.so init.o filelock-unix.o locklist.o -L/usr/local/lib/R/lib -lR
installing to /tmp/tmp/built/00LOCK-filelock/00new/filelock/libs
** R
** inst
** byte-compile and prepare package for lazy loading
** help
*** installing help indices
** building package indices
** testing if installed package can be loaded from temporary location
** checking absolute paths in shared objects and dynamic libraries
** testing if installed package can be loaded from final location
** testing if installed package keeps a record of temporary installation path
* creating tarball
packaged installation of ‘filelock’ as ‘filelock_1.0.3_R_x86_64-pc-linux-gnu.tar.gz’
* DONE (filelock)
* installing *source* package ‘S4Arrays’ ...
** using staged installation
** libs
using C compiler: ‘gcc (Ubuntu 11.4.0-1ubuntu1~22.04) 11.4.0’
gcc -I"/usr/local/lib/R/include" -DNDEBUG  -I'/tmp/tmp/built/S4Vectors/include' -I/usr/local/include    -fpic  -g -O2 -fstack-protector-strong -Wformat -Werror=format-security -Wdate-time -D_FORTIFY_SOURCE=2 -g  -c R_init_S4Arrays.c -o R_init_S4Arrays.o
gcc -I"/usr/local/lib/R/include" -DNDEBUG  -I'/tmp/tmp/built/S4Vectors/include' -I/usr/local/include    -fpic  -g -O2 -fstack-protector-strong -Wformat -Werror=format-security -Wdate-time -D_FORTIFY_SOURCE=2 -g  -c S4Vectors_stubs.c -o S4Vectors_stubs.o
gcc -I"/usr/local/lib/R/include" -DNDEBUG  -I'/tmp/tmp/built/S4Vectors/include' -I/usr/local/include    -fpic  -g -O2 -fstack-protector-strong -Wformat -Werror=format-security -Wdate-time -D_FORTIFY_SOURCE=2 -g  -c abind.c -o abind.o
gcc -I"/usr/local/lib/R/include" -DNDEBUG  -I'/tmp/tmp/built/S4Vectors/include' -I/usr/local/include    -fpic  -g -O2 -fstack-protector-strong -Wformat -Werror=format-security -Wdate-time -D_FORTIFY_SOURCE=2 -g  -c array_selection.c -o array_selection.o
array_selection.c: In function ‘C_Lindex2Mindex’:
array_selection.c:352:17: error: format not a string literal and no format arguments [-Werror=format-security]
  352 |                 error(errmsg_buf());
      |                 ^~~~~
array_selection.c: In function ‘C_Mindex2Lindex’:
array_selection.c:416:17: error: format not a string literal and no format arguments [-Werror=format-security]
  416 |                 error(errmsg_buf());
      |                 ^~~~~
cc1: some warnings being treated as errors
make: *** [/usr/local/lib/R/etc/Makeconf:191: array_selection.o] Error 1
ERROR: compilation failed for package ‘S4Arrays’
* removing ‘/tmp/tmp/built/S4Arrays’
* installing *source* package ‘rlang’ ...
** package ‘rlang’ successfully unpacked and MD5 sums checked
** using staged installation
** libs
using C compiler: ‘gcc (Ubuntu 11.4.0-1ubuntu1~22.04) 11.4.0’
gcc -I"/usr/local/lib/R/include" -DNDEBUG -I./rlang/  -I/usr/local/include   -fvisibility=hidden -fpic  -g -O2 -fstack-protector-strong -Wformat -Werror=format-security -Wdate-time -D_FORTIFY_SOURCE=2 -g  -c capture.c -o capture.o
gcc -I"/usr/local/lib/R/include" -DNDEBUG -I./rlang/  -I/usr/local/include   -fvisibility=hidden -fpic  -g -O2 -fstack-protector-strong -Wformat -Werror=format-security -Wdate-time -D_FORTIFY_SOURCE=2 -g  -c internal.c -o internal.o
In file included from internal/internal.c:32,
                 from internal.c:1:
internal/tests.c: In function ‘ffi_test_Rf_warning’:
internal/tests.c:104:3: error: format not a string literal and no format arguments [-Werror=format-security]
  104 |   Rf_warning(r_chr_get_c_string(msg, 0));
      |   ^~~~~~~~~~
internal/tests.c: In function ‘ffi_test_Rf_error’:
internal/tests.c:108:3: error: format not a string literal and no format arguments [-Werror=format-security]
  108 |   Rf_error(r_chr_get_c_string(msg, 0));
      |   ^~~~~~~~
internal/tests.c: In function ‘ffi_test_Rf_warningcall’:
internal/tests.c:113:3: error: format not a string literal and no format arguments [-Werror=format-security]
  113 |   Rf_warningcall(call, r_chr_get_c_string(msg, 0));
      |   ^~~~~~~~~~~~~~
internal/tests.c: In function ‘ffi_test_Rf_errorcall’:
internal/tests.c:117:3: error: format not a string literal and no format arguments [-Werror=format-security]
  117 |   Rf_errorcall(call, r_chr_get_c_string(msg, 0));
      |   ^~~~~~~~~~~~
cc1: some warnings being treated as errors
make: *** [/usr/local/lib/R/etc/Makeconf:191: internal.o] Error 1
ERROR: compilation failed for package ‘rlang’
* removing ‘/tmp/tmp/built/rlang’
* installing *source* package ‘R.methodsS3’ ...
** package ‘R.methodsS3’ successfully unpacked and MD5 sums checked
** using staged installation
** R
** inst
** byte-compile and prepare package for lazy loading
** help
*** installing help indices
** building package indices
** testing if installed package can be loaded from temporary location
** testing if installed package can be loaded from final location
** testing if installed package keeps a record of temporary installation path
* creating tarball
packaged installation of ‘R.methodsS3’ as ‘R.methodsS3_1.8.2_R_x86_64-pc-linux-gnu.tar.gz’
* DONE (R.methodsS3)
* installing *source* package ‘XVector’ ...
** using staged installation
** libs
using C compiler: ‘gcc (Ubuntu 11.4.0-1ubuntu1~22.04) 11.4.0’
gcc -I"/usr/local/lib/R/include" -DNDEBUG  -I'/tmp/tmp/built/S4Vectors/include' -I'/tmp/tmp/built/IRanges/include' -I/usr/local/include    -fpic  -g -O2 -fstack-protector-strong -Wformat -Werror=format-security -Wdate-time -D_FORTIFY_SOURCE=2 -g  -c IRanges_stubs.c -o IRanges_stubs.o
gcc -I"/usr/local/lib/R/include" -DNDEBUG  -I'/tmp/tmp/built/S4Vectors/include' -I'/tmp/tmp/built/IRanges/include' -I/usr/local/include    -fpic  -g -O2 -fstack-protector-strong -Wformat -Werror=format-security -Wdate-time -D_FORTIFY_SOURCE=2 -g  -c Ocopy_byteblocks.c -o Ocopy_byteblocks.o
gcc -I"/usr/local/lib/R/include" -DNDEBUG  -I'/tmp/tmp/built/S4Vectors/include' -I'/tmp/tmp/built/IRanges/include' -I/usr/local/include    -fpic  -g -O2 -fstack-protector-strong -Wformat -Werror=format-security -Wdate-time -D_FORTIFY_SOURCE=2 -g  -c RDS_random_access.c -o RDS_random_access.o
RDS_random_access.c: In function ‘RDS_read_chars’:
RDS_random_access.c:136:17: error: format not a string literal and no format arguments [-Werror=format-security]
  136 |                 error(errmsg);
      |                 ^~~~~
RDS_random_access.c: In function ‘RDS_read_vector_length’:
RDS_random_access.c:218:17: error: format not a string literal and no format arguments [-Werror=format-security]
  218 |                 error(errmsg);
      |                 ^~~~~
RDS_random_access.c:226:17: error: format not a string literal and no format arguments [-Werror=format-security]
  226 |                 error(errmsg);
      |                 ^~~~~
RDS_random_access.c: In function ‘RDS_read_string’:
RDS_random_access.c:277:17: error: format not a string literal and no format arguments [-Werror=format-security]
  277 |                 error(errmsg);
      |                 ^~~~~
RDS_random_access.c:283:25: error: format not a string literal and no format arguments [-Werror=format-security]
  283 |                         error(errmsg);
      |                         ^~~~~
RDS_random_access.c: In function ‘RDS_read_atomic_vector’:
RDS_random_access.c:360:17: error: format not a string literal and no format arguments [-Werror=format-security]
  360 |                 error(errmsg);
      |                 ^~~~~
RDS_random_access.c: In function ‘RDS_read_attrib_separator’:
RDS_random_access.c:406:17: error: format not a string literal and no format arguments [-Werror=format-security]
  406 |                 error(errmsg);
      |                 ^~~~~
RDS_random_access.c: In function ‘RDS_read_symbol’:
RDS_random_access.c:428:17: error: format not a string literal and no format arguments [-Werror=format-security]
  428 |                 error(errmsg);
      |                 ^~~~~
RDS_random_access.c: In function ‘RDS_read_object’:
RDS_random_access.c:497:17: error: format not a string literal and no format arguments [-Werror=format-security]
  497 |                 error(errmsg);
      |                 ^~~~~
RDS_random_access.c: In function ‘RDS_read_file_header’:
RDS_random_access.c:559:17: error: format not a string literal and no format arguments [-Werror=format-security]
  559 |                 error(errmsg);
      |                 ^~~~~
RDS_random_access.c: In function ‘extract_top_level_object_type’:
RDS_random_access.c:618:17: error: format not a string literal and no format arguments [-Werror=format-security]
  618 |                 error(errmsg);
      |                 ^~~~~
RDS_random_access.c: In function ‘RDS_read_atom_at_offset’:
RDS_random_access.c:675:17: error: format not a string literal and no format arguments [-Werror=format-security]
  675 |                 error(errmsg);
      |                 ^~~~~
RDS_random_access.c:698:17: error: format not a string literal and no format arguments [-Werror=format-security]
  698 |                 error(errmsg);
      |                 ^~~~~
RDS_random_access.c: In function ‘RDS_extract_subvector’:
RDS_random_access.c:772:17: error: format not a string literal and no format arguments [-Werror=format-security]
  772 |                 error(errmsg);
      |                 ^~~~~
cc1: some warnings being treated as errors
make: *** [/usr/local/lib/R/etc/Makeconf:191: RDS_random_access.o] Error 1
ERROR: compilation failed for package ‘XVector’
* removing ‘/tmp/tmp/built/XVector’
* installing *source* package ‘BiocIO’ ...
** using staged installation
** R
** inst
** byte-compile and prepare package for lazy loading
** help
*** installing help indices
** building package indices
** installing vignettes
** testing if installed package can be loaded from temporary location
** testing if installed package can be loaded from final location
** testing if installed package keeps a record of temporary installation path
* creating tarball
packaged installation of ‘BiocIO’ as ‘BiocIO_1.13.0_R_x86_64-pc-linux-gnu.tar.gz’
* DONE (BiocIO)
* installing *source* package ‘GenomeInfoDb’ ...
** using staged installation
** R
** inst
** byte-compile and prepare package for lazy loading
** help
*** installing help indices
** building package indices
** installing vignettes
** testing if installed package can be loaded from temporary location
** testing if installed package can be loaded from final location
** testing if installed package keeps a record of temporary installation path
* creating tarball
packaged installation of ‘GenomeInfoDb’ as ‘GenomeInfoDb_1.39.5_R_x86_64-pc-linux-gnu.tar.gz’
* DONE (GenomeInfoDb)
ERROR: dependencies ‘S4Arrays’, ‘XVector’ are not available for package ‘SparseArray’
* removing ‘/tmp/tmp/built/SparseArray’
ERROR: dependency ‘rlang’ is not available for package ‘cachem’
* removing ‘/tmp/tmp/built/cachem’
ERROR: dependency ‘rlang’ is not available for package ‘lifecycle’
* removing ‘/tmp/tmp/built/lifecycle’
ERROR: dependency ‘rlang’ is not available for package ‘ellipsis’
* removing ‘/tmp/tmp/built/ellipsis’
* installing *source* package ‘restfulr’ ...
** package ‘restfulr’ successfully unpacked and MD5 sums checked
** using staged installation
** libs
using C compiler: ‘gcc (Ubuntu 11.4.0-1ubuntu1~22.04) 11.4.0’
gcc -I"/usr/local/lib/R/include" -DNDEBUG   -I/usr/local/include    -fpic  -g -O2 -fstack-protector-strong -Wformat -Werror=format-security -Wdate-time -D_FORTIFY_SOURCE=2 -g  -c init.c -o init.o
gcc -I"/usr/local/lib/R/include" -DNDEBUG   -I/usr/local/include    -fpic  -g -O2 -fstack-protector-strong -Wformat -Werror=format-security -Wdate-time -D_FORTIFY_SOURCE=2 -g  -c raggedListToDF.c -o raggedListToDF.o
gcc -shared -L/usr/local/lib/R/lib -L/usr/local/lib -o restfulr.so init.o raggedListToDF.o -L/usr/local/lib/R/lib -lR
installing to /tmp/tmp/built/00LOCK-restfulr/00new/restfulr/libs
** R
** inst
** byte-compile and prepare package for lazy loading
Creating a new generic function for ‘assign’ in package ‘restfulr’
** help
*** installing help indices
** building package indices
** testing if installed package can be loaded from temporary location
** checking absolute paths in shared objects and dynamic libraries
** testing if installed package can be loaded from final location
** testing if installed package keeps a record of temporary installation path
* creating tarball
packaged installation of ‘restfulr’ as ‘restfulr_0.0.15_R_x86_64-pc-linux-gnu.tar.gz’
* DONE (restfulr)
ERROR: dependency ‘rlang’ is not available for package ‘xml2’
* removing ‘/tmp/tmp/built/xml2’
* installing *source* package ‘R.oo’ ...
** package ‘R.oo’ successfully unpacked and MD5 sums checked
** using staged installation
** R
** inst
** byte-compile and prepare package for lazy loading
Warning in setGenericS3.default(name, export = exportGeneric, envir = envir,  :
  Renamed the preexisting function getMethods to getMethods.default, which was defined in environment R.oo.
Warning in setGenericS3.default(name, export = exportGeneric, envir = envir,  :
  Renamed the preexisting function getClasses to getClasses.default, which was defined in environment R.oo.
** help
*** installing help indices
** building package indices
** testing if installed package can be loaded from temporary location
** testing if installed package can be loaded from final location
** testing if installed package keeps a record of temporary installation path
* creating tarball
packaged installation of ‘R.oo’ as ‘R.oo_1.25.0_R_x86_64-pc-linux-gnu.tar.gz’
* DONE (R.oo)
ERROR: dependency ‘XVector’ is not available for package ‘Biostrings’
* removing ‘/tmp/tmp/built/Biostrings’
ERROR: dependency ‘XVector’ is not available for package ‘GenomicRanges’
* removing ‘/tmp/tmp/built/GenomicRanges’
ERROR: dependencies ‘lifecycle’, ‘rlang’ are not available for package ‘vctrs’
* removing ‘/tmp/tmp/built/vctrs’
ERROR: dependencies ‘S4Arrays’, ‘SparseArray’ are not available for package ‘DelayedArray’
* removing ‘/tmp/tmp/built/DelayedArray’
ERROR: dependency ‘Biostrings’ is not available for package ‘KEGGREST’
* removing ‘/tmp/tmp/built/KEGGREST’
ERROR: dependencies ‘rlang’, ‘cachem’ are not available for package ‘memoise’
* removing ‘/tmp/tmp/built/memoise’
ERROR: dependencies ‘ellipsis’, ‘rlang’ are not available for package ‘htmltools’
* removing ‘/tmp/tmp/built/htmltools’
* installing *source* package ‘R.utils’ ...
** package ‘R.utils’ successfully unpacked and MD5 sums checked
** using staged installation
** R
** inst
** byte-compile and prepare package for lazy loading
Warning in setGenericS3.default(name, export = exportGeneric, envir = envir,  :
  Renamed the preexisting function warnings to warnings.default, which was defined in environment R.utils.
Warning in setGenericS3.default("use") :
  Renamed the preexisting function use to use.default, which was defined in environment R.utils.
Warning in setMethodS3.default("use", "default", function(pkg = "R.utils",  :
  Method already existed and was overwritten: use.default
** help
*** installing help indices
** building package indices
** testing if installed package can be loaded from temporary location
** testing if installed package can be loaded from final location
** testing if installed package keeps a record of temporary installation path
* creating tarball
packaged installation of ‘R.utils’ as ‘R.utils_2.12.3_R_x86_64-pc-linux-gnu.tar.gz’
* DONE (R.utils)
ERROR: dependencies ‘GenomicRanges’, ‘Biostrings’, ‘XVector’ are not available for package ‘Rsamtools’
* removing ‘/tmp/tmp/built/Rsamtools’
ERROR: dependencies ‘lifecycle’, ‘rlang’, ‘vctrs’ are not available for package ‘pillar’
* removing ‘/tmp/tmp/built/pillar’
ERROR: dependencies ‘lifecycle’, ‘rlang’, ‘vctrs’ are not available for package ‘purrr’
* removing ‘/tmp/tmp/built/purrr’
ERROR: dependencies ‘lifecycle’, ‘rlang’, ‘vctrs’ are not available for package ‘tidyselect’
* removing ‘/tmp/tmp/built/tidyselect’
ERROR: dependencies ‘lifecycle’, ‘rlang’, ‘vctrs’ are not available for package ‘hms’
* removing ‘/tmp/tmp/built/hms’
ERROR: dependencies ‘rlang’, ‘htmltools’ are not available for package ‘sass’
* removing ‘/tmp/tmp/built/sass’
ERROR: dependencies ‘rlang’, ‘vctrs’ are not available for package ‘blob’
* removing ‘/tmp/tmp/built/blob’
ERROR: dependencies ‘lifecycle’, ‘rlang’, ‘vctrs’ are not available for package ‘stringr’
* removing ‘/tmp/tmp/built/stringr’
ERROR: dependency ‘htmltools’ is not available for package ‘jquerylib’
* removing ‘/tmp/tmp/built/jquerylib’
ERROR: dependencies ‘rlang’, ‘htmltools’ are not available for package ‘fontawesome’
* removing ‘/tmp/tmp/built/fontawesome’
ERROR: dependencies ‘GenomicRanges’, ‘S4Arrays’, ‘DelayedArray’ are not available for package ‘SummarizedExperiment’
* removing ‘/tmp/tmp/built/SummarizedExperiment’
ERROR: dependencies ‘lifecycle’, ‘pillar’, ‘rlang’, ‘vctrs’ are not available for package ‘tibble’
* removing ‘/tmp/tmp/built/tibble’
ERROR: dependency ‘hms’ is not available for package ‘progress’
* removing ‘/tmp/tmp/built/progress’
ERROR: dependencies ‘cachem’, ‘htmltools’, ‘jquerylib’, ‘lifecycle’, ‘memoise’, ‘rlang’, ‘sass’ are not available for package ‘bslib’
* removing ‘/tmp/tmp/built/bslib’
ERROR: dependencies ‘blob’, ‘memoise’, ‘rlang’ are not available for package ‘RSQLite’
* removing ‘/tmp/tmp/built/RSQLite’
ERROR: dependencies ‘GenomicRanges’, ‘SummarizedExperiment’, ‘Biostrings’, ‘Rsamtools’ are not available for package ‘GenomicAlignments’
* removing ‘/tmp/tmp/built/GenomicAlignments’
ERROR: dependencies ‘lifecycle’, ‘pillar’, ‘rlang’, ‘tibble’, ‘tidyselect’, ‘vctrs’ are not available for package ‘dplyr’
* removing ‘/tmp/tmp/built/dplyr’
ERROR: dependencies ‘RSQLite’, ‘KEGGREST’ are not available for package ‘AnnotationDbi’
* removing ‘/tmp/tmp/built/AnnotationDbi’
ERROR: dependencies ‘GenomicRanges’, ‘XVector’, ‘Biostrings’, ‘Rsamtools’, ‘GenomicAlignments’ are not available for package ‘rtracklayer’
* removing ‘/tmp/tmp/built/rtracklayer’
ERROR: dependencies ‘bslib’, ‘fontawesome’, ‘htmltools’, ‘jquerylib’, ‘stringr’ are not available for package ‘rmarkdown’
* removing ‘/tmp/tmp/built/rmarkdown’
ERROR: dependencies ‘dplyr’, ‘lifecycle’, ‘purrr’, ‘rlang’, ‘stringr’, ‘tibble’, ‘tidyselect’, ‘vctrs’ are not available for package ‘tidyr’
* removing ‘/tmp/tmp/built/tidyr’
ERROR: dependencies ‘htmltools’, ‘rmarkdown’, ‘jquerylib’ are not available for package ‘bookdown’
* removing ‘/tmp/tmp/built/bookdown’
ERROR: dependencies ‘GenomicRanges’, ‘Biostrings’, ‘rtracklayer’, ‘XVector’, ‘Rsamtools’ are not available for package ‘BSgenome’
* removing ‘/tmp/tmp/built/BSgenome’
ERROR: dependencies ‘blob’, ‘dplyr’, ‘lifecycle’, ‘pillar’, ‘purrr’, ‘rlang’, ‘tibble’, ‘tidyr’, ‘tidyselect’, ‘vctrs’ are not available for package ‘dbplyr’
* removing ‘/tmp/tmp/built/dbplyr’
ERROR: dependency ‘BSgenome’ is not available for package ‘BSgenome.Scerevisiae.UCSC.sacCer2’
* removing ‘/tmp/tmp/built/BSgenome.Scerevisiae.UCSC.sacCer2’
ERROR: dependency ‘BSgenome’ is not available for package ‘BSgenome.Celegans.UCSC.ce2’
* removing ‘/tmp/tmp/built/BSgenome.Celegans.UCSC.ce2’
ERROR: dependency ‘BSgenome’ is not available for package ‘BSgenome.Hsapiens.NCBI.GRCh38’
* removing ‘/tmp/tmp/built/BSgenome.Hsapiens.NCBI.GRCh38’
ERROR: dependencies ‘bookdown’, ‘rmarkdown’ are not available for package ‘BiocStyle’
* removing ‘/tmp/tmp/built/BiocStyle’
ERROR: dependencies ‘dbplyr’, ‘dplyr’, ‘RSQLite’ are not available for package ‘BiocFileCache’
* removing ‘/tmp/tmp/built/BiocFileCache’
ERROR: dependencies ‘AnnotationDbi’, ‘progress’, ‘stringr’, ‘BiocFileCache’, ‘xml2’ are not available for package ‘biomaRt’
* removing ‘/tmp/tmp/built/biomaRt’
ERROR: dependencies ‘GenomicRanges’, ‘AnnotationDbi’, ‘RSQLite’, ‘XVector’, ‘Biostrings’, ‘rtracklayer’, ‘biomaRt’ are not available for package ‘GenomicFeatures’
* removing ‘/tmp/tmp/built/GenomicFeatures’
ERROR: dependencies ‘GenomicFeatures’, ‘AnnotationDbi’ are not available for package ‘TxDb.Dmelanogaster.UCSC.dm3.ensGene’
* removing ‘/tmp/tmp/built/TxDb.Dmelanogaster.UCSC.dm3.ensGene’

The downloaded source packages are in
	‘/tmp/RtmpGs5xBS/downloaded_packages’
There were 47 warnings (use warnings() to see them)

real	1m40.924s
user	1m9.813s
sys	0m19.778s
* installing *source* package ‘S4Arrays’ ...
** using staged installation
** libs
using C compiler: ‘gcc (Ubuntu 11.4.0-1ubuntu1~22.04) 11.4.0’
gcc -I"/usr/local/lib/R/include" -DNDEBUG  -I'/tmp/tmp/built/S4Vectors/include' -I/usr/local/include    -fpic  -g -O2 -fstack-protector-strong -Wformat -Werror=format-security -Wdate-time -D_FORTIFY_SOURCE=2 -g  -c R_init_S4Arrays.c -o R_init_S4Arrays.o
gcc -I"/usr/local/lib/R/include" -DNDEBUG  -I'/tmp/tmp/built/S4Vectors/include' -I/usr/local/include    -fpic  -g -O2 -fstack-protector-strong -Wformat -Werror=format-security -Wdate-time -D_FORTIFY_SOURCE=2 -g  -c S4Vectors_stubs.c -o S4Vectors_stubs.o
gcc -I"/usr/local/lib/R/include" -DNDEBUG  -I'/tmp/tmp/built/S4Vectors/include' -I/usr/local/include    -fpic  -g -O2 -fstack-protector-strong -Wformat -Werror=format-security -Wdate-time -D_FORTIFY_SOURCE=2 -g  -c abind.c -o abind.o
gcc -I"/usr/local/lib/R/include" -DNDEBUG  -I'/tmp/tmp/built/S4Vectors/include' -I/usr/local/include    -fpic  -g -O2 -fstack-protector-strong -Wformat -Werror=format-security -Wdate-time -D_FORTIFY_SOURCE=2 -g  -c array_selection.c -o array_selection.o
array_selection.c: In function ‘C_Lindex2Mindex’:
array_selection.c:352:17: error: format not a string literal and no format arguments [-Werror=format-security]
  352 |                 error(errmsg_buf());
      |                 ^~~~~
array_selection.c: In function ‘C_Mindex2Lindex’:
array_selection.c:416:17: error: format not a string literal and no format arguments [-Werror=format-security]
  416 |                 error(errmsg_buf());
      |                 ^~~~~
cc1: some warnings being treated as errors
make: *** [/usr/local/lib/R/etc/Makeconf:191: array_selection.o] Error 1
ERROR: compilation failed for package ‘S4Arrays’
* removing ‘/tmp/tmp/built/S4Arrays’
* installing *source* package ‘XVector’ ...
** using staged installation
** libs
using C compiler: ‘gcc (Ubuntu 11.4.0-1ubuntu1~22.04) 11.4.0’
gcc -I"/usr/local/lib/R/include" -DNDEBUG  -I'/tmp/tmp/built/S4Vectors/include' -I'/tmp/tmp/built/IRanges/include' -I/usr/local/include    -fpic  -g -O2 -fstack-protector-strong -Wformat -Werror=format-security -Wdate-time -D_FORTIFY_SOURCE=2 -g  -c IRanges_stubs.c -o IRanges_stubs.o
gcc -I"/usr/local/lib/R/include" -DNDEBUG  -I'/tmp/tmp/built/S4Vectors/include' -I'/tmp/tmp/built/IRanges/include' -I/usr/local/include    -fpic  -g -O2 -fstack-protector-strong -Wformat -Werror=format-security -Wdate-time -D_FORTIFY_SOURCE=2 -g  -c Ocopy_byteblocks.c -o Ocopy_byteblocks.o
gcc -I"/usr/local/lib/R/include" -DNDEBUG  -I'/tmp/tmp/built/S4Vectors/include' -I'/tmp/tmp/built/IRanges/include' -I/usr/local/include    -fpic  -g -O2 -fstack-protector-strong -Wformat -Werror=format-security -Wdate-time -D_FORTIFY_SOURCE=2 -g  -c RDS_random_access.c -o RDS_random_access.o
RDS_random_access.c: In function ‘RDS_read_chars’:
RDS_random_access.c:136:17: error: format not a string literal and no format arguments [-Werror=format-security]
  136 |                 error(errmsg);
      |                 ^~~~~
RDS_random_access.c: In function ‘RDS_read_vector_length’:
RDS_random_access.c:218:17: error: format not a string literal and no format arguments [-Werror=format-security]
  218 |                 error(errmsg);
      |                 ^~~~~
RDS_random_access.c:226:17: error: format not a string literal and no format arguments [-Werror=format-security]
  226 |                 error(errmsg);
      |                 ^~~~~
RDS_random_access.c: In function ‘RDS_read_string’:
RDS_random_access.c:277:17: error: format not a string literal and no format arguments [-Werror=format-security]
  277 |                 error(errmsg);
      |                 ^~~~~
RDS_random_access.c:283:25: error: format not a string literal and no format arguments [-Werror=format-security]
  283 |                         error(errmsg);
      |                         ^~~~~
RDS_random_access.c: In function ‘RDS_read_atomic_vector’:
RDS_random_access.c:360:17: error: format not a string literal and no format arguments [-Werror=format-security]
  360 |                 error(errmsg);
      |                 ^~~~~
RDS_random_access.c: In function ‘RDS_read_attrib_separator’:
RDS_random_access.c:406:17: error: format not a string literal and no format arguments [-Werror=format-security]
  406 |                 error(errmsg);
      |                 ^~~~~
RDS_random_access.c: In function ‘RDS_read_symbol’:
RDS_random_access.c:428:17: error: format not a string literal and no format arguments [-Werror=format-security]
  428 |                 error(errmsg);
      |                 ^~~~~
RDS_random_access.c: In function ‘RDS_read_object’:
RDS_random_access.c:497:17: error: format not a string literal and no format arguments [-Werror=format-security]
  497 |                 error(errmsg);
      |                 ^~~~~
RDS_random_access.c: In function ‘RDS_read_file_header’:
RDS_random_access.c:559:17: error: format not a string literal and no format arguments [-Werror=format-security]
  559 |                 error(errmsg);
      |                 ^~~~~
RDS_random_access.c: In function ‘extract_top_level_object_type’:
RDS_random_access.c:618:17: error: format not a string literal and no format arguments [-Werror=format-security]
  618 |                 error(errmsg);
      |                 ^~~~~
RDS_random_access.c: In function ‘RDS_read_atom_at_offset’:
RDS_random_access.c:675:17: error: format not a string literal and no format arguments [-Werror=format-security]
  675 |                 error(errmsg);
      |                 ^~~~~
RDS_random_access.c:698:17: error: format not a string literal and no format arguments [-Werror=format-security]
  698 |                 error(errmsg);
      |                 ^~~~~
RDS_random_access.c: In function ‘RDS_extract_subvector’:
RDS_random_access.c:772:17: error: format not a string literal and no format arguments [-Werror=format-security]
  772 |                 error(errmsg);
      |                 ^~~~~
cc1: some warnings being treated as errors
make: *** [/usr/local/lib/R/etc/Makeconf:191: RDS_random_access.o] Error 1
ERROR: compilation failed for package ‘XVector’
* removing ‘/tmp/tmp/built/XVector’
ERROR: dependencies ‘S4Arrays’, ‘XVector’ are not available for package ‘SparseArray’
* removing ‘/tmp/tmp/built/SparseArray’
ERROR: dependency ‘XVector’ is not available for package ‘GenomicRanges’
* removing ‘/tmp/tmp/built/GenomicRanges’
ERROR: dependency ‘XVector’ is not available for package ‘Biostrings’
* removing ‘/tmp/tmp/built/Biostrings’
ERROR: dependencies ‘S4Arrays’, ‘SparseArray’ are not available for package ‘DelayedArray’
* removing ‘/tmp/tmp/built/DelayedArray’
ERROR: dependencies ‘GenomicRanges’, ‘Biostrings’, ‘XVector’ are not available for package ‘Rsamtools’
* removing ‘/tmp/tmp/built/Rsamtools’
ERROR: dependencies ‘GenomicRanges’, ‘S4Arrays’, ‘DelayedArray’ are not available for package ‘SummarizedExperiment’
* removing ‘/tmp/tmp/built/SummarizedExperiment’
ERROR: dependencies ‘GenomicRanges’, ‘SummarizedExperiment’, ‘Biostrings’, ‘Rsamtools’ are not available for package ‘GenomicAlignments’
* removing ‘/tmp/tmp/built/GenomicAlignments’
ERROR: dependencies ‘GenomicRanges’, ‘XVector’, ‘Biostrings’, ‘Rsamtools’, ‘GenomicAlignments’ are not available for package ‘rtracklayer’
* removing ‘/tmp/tmp/built/rtracklayer’
ERROR: dependencies ‘GenomicRanges’, ‘Biostrings’, ‘rtracklayer’, ‘XVector’, ‘Rsamtools’ are not available for package ‘BSgenome’
* removing ‘/tmp/tmp/built/BSgenome’
ERROR: dependency ‘BSgenome’ is not available for package ‘BSgenome.Scerevisiae.UCSC.sacCer2’
* removing ‘/tmp/tmp/built/BSgenome.Scerevisiae.UCSC.sacCer2’
