+ Rscript -e 'Sys.setenv(BIOCONDUCTOR_USE_CONTAINER_REPOSITORY=FALSE); p <- .libPaths(); p <- c('\''/tmp/tmp/built'\'', p); .libPaths(p); if(BiocManager::install('\''IHW'\'', INSTALL_opts = '\''--build'\'', update = TRUE, quiet = FALSE, dependencies=TRUE, force = TRUE, keep_outputs = TRUE) %in% rownames(installed.packages())) q(status = 0) else q(status = 1)'
'getOption("repos")' replaces Bioconductor standard repositories, see
'help("repositories", package = "BiocManager")' for details.
Replacement repositories:
    CRAN: https://cloud.r-project.org
Bioconductor version 3.19 (BiocManager 1.30.22), R Under development (unstable)
  (2024-01-03 r85769)
Installing package(s) 'IHW'
also installing the dependencies ‘SparseArray’, ‘httr2’, ‘httpuv’, ‘later’, ‘promises’, ‘XVector’, ‘S4Arrays’, ‘DelayedArray’, ‘rematch2’, ‘cachem’, ‘sass’, ‘gh’, ‘purrr’, ‘shiny’, ‘downlit’, ‘xml2’, ‘htmlwidgets’, ‘gtable’, ‘lifecycle’, ‘rlang’, ‘tibble’, ‘vctrs’, ‘pillar’, ‘tidyselect’, ‘GenomicRanges’, ‘SummarizedExperiment’, ‘Rcpp’, ‘RcppArmadillo’, ‘pkgload’, ‘waldo’, ‘bookdown’, ‘bslib’, ‘fontawesome’, ‘htmltools’, ‘jquerylib’, ‘stringr’, ‘usethis’, ‘ellipsis’, ‘memoise’, ‘miniUI’, ‘pkgdown’, ‘profvis’, ‘roxygen2’, ‘rversions’, ‘urlchecker’, ‘slam’, ‘fdrtool’, ‘ggplot2’, ‘dplyr’, ‘gridExtra’, ‘scales’, ‘DESeq2’, ‘airway’, ‘testthat’, ‘BiocStyle’, ‘rmarkdown’, ‘devtools’

trying URL 'https://bioconductor.org/packages/3.19/bioc/src/contrib/SparseArray_1.3.2.tar.gz'
Content type 'application/x-gzip' length 367708 bytes (359 KB)
==================================================
downloaded 359 KB

trying URL 'https://cloud.r-project.org/src/contrib/httr2_1.0.0.tar.gz'
Content type 'application/x-gzip' length 212032 bytes (207 KB)
==================================================
downloaded 207 KB

trying URL 'https://cloud.r-project.org/src/contrib/httpuv_1.6.13.tar.gz'
Content type 'application/x-gzip' length 1879156 bytes (1.8 MB)
==================================================
downloaded 1.8 MB

trying URL 'https://cloud.r-project.org/src/contrib/later_1.3.2.tar.gz'
Content type 'application/x-gzip' length 63597 bytes (62 KB)
==================================================
downloaded 62 KB

trying URL 'https://cloud.r-project.org/src/contrib/promises_1.2.1.tar.gz'
Content type 'application/x-gzip' length 3151071 bytes (3.0 MB)
==================================================
downloaded 3.0 MB

trying URL 'https://bioconductor.org/packages/3.19/bioc/src/contrib/XVector_0.43.0.tar.gz'
Content type 'application/x-gzip' length 67799 bytes (66 KB)
==================================================
downloaded 66 KB

trying URL 'https://bioconductor.org/packages/3.19/bioc/src/contrib/S4Arrays_1.3.1.tar.gz'
Content type 'application/x-gzip' length 281076 bytes (274 KB)
==================================================
downloaded 274 KB

trying URL 'https://bioconductor.org/packages/3.19/bioc/src/contrib/DelayedArray_0.29.0.tar.gz'
Content type 'application/x-gzip' length 615068 bytes (600 KB)
==================================================
downloaded 600 KB

trying URL 'https://cloud.r-project.org/src/contrib/rematch2_2.1.2.tar.gz'
Content type 'application/x-gzip' length 13366 bytes (13 KB)
==================================================
downloaded 13 KB

trying URL 'https://cloud.r-project.org/src/contrib/cachem_1.0.8.tar.gz'
Content type 'application/x-gzip' length 26510 bytes (25 KB)
==================================================
downloaded 25 KB

trying URL 'https://cloud.r-project.org/src/contrib/sass_0.4.8.tar.gz'
Content type 'application/x-gzip' length 3025474 bytes (2.9 MB)
==================================================
downloaded 2.9 MB

trying URL 'https://cloud.r-project.org/src/contrib/gh_1.4.0.tar.gz'
Content type 'application/x-gzip' length 41214 bytes (40 KB)
==================================================
downloaded 40 KB

trying URL 'https://cloud.r-project.org/src/contrib/purrr_1.0.2.tar.gz'
Content type 'application/x-gzip' length 220868 bytes (215 KB)
==================================================
downloaded 215 KB

trying URL 'https://cloud.r-project.org/src/contrib/shiny_1.8.0.tar.gz'
Content type 'application/x-gzip' length 2826485 bytes (2.7 MB)
==================================================
downloaded 2.7 MB

trying URL 'https://cloud.r-project.org/src/contrib/downlit_0.4.3.tar.gz'
Content type 'application/x-gzip' length 36888 bytes (36 KB)
==================================================
downloaded 36 KB

trying URL 'https://cloud.r-project.org/src/contrib/xml2_1.3.6.tar.gz'
Content type 'application/x-gzip' length 294715 bytes (287 KB)
==================================================
downloaded 287 KB

trying URL 'https://cloud.r-project.org/src/contrib/htmlwidgets_1.6.4.tar.gz'
Content type 'application/x-gzip' length 868895 bytes (848 KB)
==================================================
downloaded 848 KB

trying URL 'https://cloud.r-project.org/src/contrib/gtable_0.3.4.tar.gz'
Content type 'application/x-gzip' length 130100 bytes (127 KB)
==================================================
downloaded 127 KB

trying URL 'https://cloud.r-project.org/src/contrib/lifecycle_1.0.4.tar.gz'
Content type 'application/x-gzip' length 107656 bytes (105 KB)
==================================================
downloaded 105 KB

trying URL 'https://cloud.r-project.org/src/contrib/rlang_1.1.2.tar.gz'
Content type 'application/x-gzip' length 763521 bytes (745 KB)
==================================================
downloaded 745 KB

trying URL 'https://cloud.r-project.org/src/contrib/tibble_3.2.1.tar.gz'
Content type 'application/x-gzip' length 565982 bytes (552 KB)
==================================================
downloaded 552 KB

trying URL 'https://cloud.r-project.org/src/contrib/vctrs_0.6.5.tar.gz'
Content type 'application/x-gzip' length 969066 bytes (946 KB)
==================================================
downloaded 946 KB

trying URL 'https://cloud.r-project.org/src/contrib/pillar_1.9.0.tar.gz'
Content type 'application/x-gzip' length 444528 bytes (434 KB)
==================================================
downloaded 434 KB

trying URL 'https://cloud.r-project.org/src/contrib/tidyselect_1.2.0.tar.gz'
Content type 'application/x-gzip' length 101498 bytes (99 KB)
==================================================
downloaded 99 KB

trying URL 'https://bioconductor.org/packages/3.19/bioc/src/contrib/GenomicRanges_1.55.1.tar.gz'
Content type 'application/x-gzip' length 1140363 bytes (1.1 MB)
==================================================
downloaded 1.1 MB

trying URL 'https://bioconductor.org/packages/3.19/bioc/src/contrib/SummarizedExperiment_1.33.1.tar.gz'
Content type 'application/x-gzip' length 686061 bytes (669 KB)
==================================================
downloaded 669 KB

trying URL 'https://cloud.r-project.org/src/contrib/Rcpp_1.0.11.tar.gz'
Content type 'application/x-gzip' length 2994004 bytes (2.9 MB)
==================================================
downloaded 2.9 MB

trying URL 'https://cloud.r-project.org/src/contrib/RcppArmadillo_0.12.6.6.1.tar.gz'
Content type 'application/x-gzip' length 1403301 bytes (1.3 MB)
==================================================
downloaded 1.3 MB

trying URL 'https://cloud.r-project.org/src/contrib/pkgload_1.3.3.tar.gz'
Content type 'application/x-gzip' length 77929 bytes (76 KB)
==================================================
downloaded 76 KB

trying URL 'https://cloud.r-project.org/src/contrib/waldo_0.5.2.tar.gz'
Content type 'application/x-gzip' length 39711 bytes (38 KB)
==================================================
downloaded 38 KB

trying URL 'https://cloud.r-project.org/src/contrib/bookdown_0.37.tar.gz'
Content type 'application/x-gzip' length 858915 bytes (838 KB)
==================================================
downloaded 838 KB

trying URL 'https://cloud.r-project.org/src/contrib/bslib_0.6.1.tar.gz'
Content type 'application/x-gzip' length 6059587 bytes (5.8 MB)
==================================================
downloaded 5.8 MB

trying URL 'https://cloud.r-project.org/src/contrib/fontawesome_0.5.2.tar.gz'
Content type 'application/x-gzip' length 1281884 bytes (1.2 MB)
==================================================
downloaded 1.2 MB

trying URL 'https://cloud.r-project.org/src/contrib/htmltools_0.5.7.tar.gz'
Content type 'application/x-gzip' length 134681 bytes (131 KB)
==================================================
downloaded 131 KB

trying URL 'https://cloud.r-project.org/src/contrib/jquerylib_0.1.4.tar.gz'
Content type 'application/x-gzip' length 520207 bytes (508 KB)
==================================================
downloaded 508 KB

trying URL 'https://cloud.r-project.org/src/contrib/stringr_1.5.1.tar.gz'
Content type 'application/x-gzip' length 176599 bytes (172 KB)
==================================================
downloaded 172 KB

trying URL 'https://cloud.r-project.org/src/contrib/usethis_2.2.2.tar.gz'
Content type 'application/x-gzip' length 371065 bytes (362 KB)
==================================================
downloaded 362 KB

trying URL 'https://cloud.r-project.org/src/contrib/ellipsis_0.3.2.tar.gz'
Content type 'application/x-gzip' length 8066 bytes
==================================================
downloaded 8066 bytes

trying URL 'https://cloud.r-project.org/src/contrib/memoise_2.0.1.tar.gz'
Content type 'application/x-gzip' length 17852 bytes (17 KB)
==================================================
downloaded 17 KB

trying URL 'https://cloud.r-project.org/src/contrib/miniUI_0.1.1.1.tar.gz'
Content type 'application/x-gzip' length 97958 bytes (95 KB)
==================================================
downloaded 95 KB

trying URL 'https://cloud.r-project.org/src/contrib/pkgdown_2.0.7.tar.gz'
Content type 'application/x-gzip' length 871465 bytes (851 KB)
==================================================
downloaded 851 KB

trying URL 'https://cloud.r-project.org/src/contrib/profvis_0.3.8.tar.gz'
Content type 'application/x-gzip' length 149012 bytes (145 KB)
==================================================
downloaded 145 KB

trying URL 'https://cloud.r-project.org/src/contrib/roxygen2_7.2.3.tar.gz'
Content type 'application/x-gzip' length 279442 bytes (272 KB)
==================================================
downloaded 272 KB

trying URL 'https://cloud.r-project.org/src/contrib/rversions_2.1.2.tar.gz'
Content type 'application/x-gzip' length 42135 bytes (41 KB)
==================================================
downloaded 41 KB

trying URL 'https://cloud.r-project.org/src/contrib/urlchecker_1.0.1.tar.gz'
Content type 'application/x-gzip' length 13340 bytes (13 KB)
==================================================
downloaded 13 KB

trying URL 'https://cloud.r-project.org/src/contrib/slam_0.1-50.tar.gz'
Content type 'application/x-gzip' length 53641 bytes (52 KB)
==================================================
downloaded 52 KB

trying URL 'https://cloud.r-project.org/src/contrib/fdrtool_1.2.17.tar.gz'
Content type 'application/x-gzip' length 57645 bytes (56 KB)
==================================================
downloaded 56 KB

trying URL 'https://cloud.r-project.org/src/contrib/ggplot2_3.4.4.tar.gz'
Content type 'application/x-gzip' length 3159578 bytes (3.0 MB)
==================================================
downloaded 3.0 MB

trying URL 'https://cloud.r-project.org/src/contrib/dplyr_1.1.4.tar.gz'
Content type 'application/x-gzip' length 1207521 bytes (1.2 MB)
==================================================
downloaded 1.2 MB

trying URL 'https://cloud.r-project.org/src/contrib/gridExtra_2.3.tar.gz'
Content type 'application/x-gzip' length 1062844 bytes (1.0 MB)
==================================================
downloaded 1.0 MB

trying URL 'https://cloud.r-project.org/src/contrib/scales_1.3.0.tar.gz'
Content type 'application/x-gzip' length 302544 bytes (295 KB)
==================================================
downloaded 295 KB

trying URL 'https://bioconductor.org/packages/3.19/bioc/src/contrib/DESeq2_1.43.1.tar.gz'
Content type 'application/x-gzip' length 2097918 bytes (2.0 MB)
==================================================
downloaded 2.0 MB

trying URL 'https://bioconductor.org/packages/3.19/data/experiment/src/contrib/airway_1.23.0.tar.gz'
Content type 'application/x-gzip' length 24755619 bytes (23.6 MB)
==================================================
downloaded 23.6 MB

trying URL 'https://cloud.r-project.org/src/contrib/testthat_3.2.1.tar.gz'
Content type 'application/x-gzip' length 739745 bytes (722 KB)
==================================================
downloaded 722 KB

trying URL 'https://bioconductor.org/packages/3.19/bioc/src/contrib/BiocStyle_2.31.0.tar.gz'
Content type 'application/x-gzip' length 788268 bytes (769 KB)
==================================================
downloaded 769 KB

trying URL 'https://cloud.r-project.org/src/contrib/rmarkdown_2.25.tar.gz'
Content type 'application/x-gzip' length 2188934 bytes (2.1 MB)
==================================================
downloaded 2.1 MB

trying URL 'https://cloud.r-project.org/src/contrib/devtools_2.4.5.tar.gz'
Content type 'application/x-gzip' length 374718 bytes (365 KB)
==================================================
downloaded 365 KB

trying URL 'https://bioconductor.org/packages/3.19/bioc/src/contrib/IHW_1.31.0.tar.gz'
Content type 'application/x-gzip' length 3862206 bytes (3.7 MB)
==================================================
downloaded 3.7 MB

* installing *source* package ‘XVector’ ...
** using staged installation
** libs
using C compiler: ‘gcc (Ubuntu 11.4.0-1ubuntu1~22.04) 11.4.0’
gcc -I"/usr/local/lib/R/include" -DNDEBUG  -I'/tmp/tmp/built/S4Vectors/include' -I'/tmp/tmp/built/IRanges/include' -I/usr/local/include    -fpic  -g -O2 -fstack-protector-strong -Wformat -Werror=format-security -Wdate-time -D_FORTIFY_SOURCE=2 -g  -c IRanges_stubs.c -o IRanges_stubs.o
gcc -I"/usr/local/lib/R/include" -DNDEBUG  -I'/tmp/tmp/built/S4Vectors/include' -I'/tmp/tmp/built/IRanges/include' -I/usr/local/include    -fpic  -g -O2 -fstack-protector-strong -Wformat -Werror=format-security -Wdate-time -D_FORTIFY_SOURCE=2 -g  -c Ocopy_byteblocks.c -o Ocopy_byteblocks.o
gcc -I"/usr/local/lib/R/include" -DNDEBUG  -I'/tmp/tmp/built/S4Vectors/include' -I'/tmp/tmp/built/IRanges/include' -I/usr/local/include    -fpic  -g -O2 -fstack-protector-strong -Wformat -Werror=format-security -Wdate-time -D_FORTIFY_SOURCE=2 -g  -c RDS_random_access.c -o RDS_random_access.o
RDS_random_access.c: In function ‘RDS_read_chars’:
RDS_random_access.c:136:17: error: format not a string literal and no format arguments [-Werror=format-security]
  136 |                 error(errmsg);
      |                 ^~~~~
RDS_random_access.c: In function ‘RDS_read_vector_length’:
RDS_random_access.c:218:17: error: format not a string literal and no format arguments [-Werror=format-security]
  218 |                 error(errmsg);
      |                 ^~~~~
RDS_random_access.c:226:17: error: format not a string literal and no format arguments [-Werror=format-security]
  226 |                 error(errmsg);
      |                 ^~~~~
RDS_random_access.c: In function ‘RDS_read_string’:
RDS_random_access.c:277:17: error: format not a string literal and no format arguments [-Werror=format-security]
  277 |                 error(errmsg);
      |                 ^~~~~
RDS_random_access.c:283:25: error: format not a string literal and no format arguments [-Werror=format-security]
  283 |                         error(errmsg);
      |                         ^~~~~
RDS_random_access.c: In function ‘RDS_read_atomic_vector’:
RDS_random_access.c:360:17: error: format not a string literal and no format arguments [-Werror=format-security]
  360 |                 error(errmsg);
      |                 ^~~~~
RDS_random_access.c: In function ‘RDS_read_attrib_separator’:
RDS_random_access.c:406:17: error: format not a string literal and no format arguments [-Werror=format-security]
  406 |                 error(errmsg);
      |                 ^~~~~
RDS_random_access.c: In function ‘RDS_read_symbol’:
RDS_random_access.c:428:17: error: format not a string literal and no format arguments [-Werror=format-security]
  428 |                 error(errmsg);
      |                 ^~~~~
RDS_random_access.c: In function ‘RDS_read_object’:
RDS_random_access.c:497:17: error: format not a string literal and no format arguments [-Werror=format-security]
  497 |                 error(errmsg);
      |                 ^~~~~
RDS_random_access.c: In function ‘RDS_read_file_header’:
RDS_random_access.c:559:17: error: format not a string literal and no format arguments [-Werror=format-security]
  559 |                 error(errmsg);
      |                 ^~~~~
RDS_random_access.c: In function ‘extract_top_level_object_type’:
RDS_random_access.c:618:17: error: format not a string literal and no format arguments [-Werror=format-security]
  618 |                 error(errmsg);
      |                 ^~~~~
RDS_random_access.c: In function ‘RDS_read_atom_at_offset’:
RDS_random_access.c:675:17: error: format not a string literal and no format arguments [-Werror=format-security]
  675 |                 error(errmsg);
      |                 ^~~~~
RDS_random_access.c:698:17: error: format not a string literal and no format arguments [-Werror=format-security]
  698 |                 error(errmsg);
      |                 ^~~~~
RDS_random_access.c: In function ‘RDS_extract_subvector’:
RDS_random_access.c:772:17: error: format not a string literal and no format arguments [-Werror=format-security]
  772 |                 error(errmsg);
      |                 ^~~~~
cc1: some warnings being treated as errors
make: *** [/usr/local/lib/R/etc/Makeconf:191: RDS_random_access.o] Error 1
ERROR: compilation failed for package ‘XVector’
* removing ‘/tmp/tmp/built/XVector’
* installing *source* package ‘S4Arrays’ ...
** using staged installation
** libs
using C compiler: ‘gcc (Ubuntu 11.4.0-1ubuntu1~22.04) 11.4.0’
gcc -I"/usr/local/lib/R/include" -DNDEBUG  -I'/tmp/tmp/built/S4Vectors/include' -I/usr/local/include    -fpic  -g -O2 -fstack-protector-strong -Wformat -Werror=format-security -Wdate-time -D_FORTIFY_SOURCE=2 -g  -c R_init_S4Arrays.c -o R_init_S4Arrays.o
gcc -I"/usr/local/lib/R/include" -DNDEBUG  -I'/tmp/tmp/built/S4Vectors/include' -I/usr/local/include    -fpic  -g -O2 -fstack-protector-strong -Wformat -Werror=format-security -Wdate-time -D_FORTIFY_SOURCE=2 -g  -c S4Vectors_stubs.c -o S4Vectors_stubs.o
gcc -I"/usr/local/lib/R/include" -DNDEBUG  -I'/tmp/tmp/built/S4Vectors/include' -I/usr/local/include    -fpic  -g -O2 -fstack-protector-strong -Wformat -Werror=format-security -Wdate-time -D_FORTIFY_SOURCE=2 -g  -c abind.c -o abind.o
gcc -I"/usr/local/lib/R/include" -DNDEBUG  -I'/tmp/tmp/built/S4Vectors/include' -I/usr/local/include    -fpic  -g -O2 -fstack-protector-strong -Wformat -Werror=format-security -Wdate-time -D_FORTIFY_SOURCE=2 -g  -c array_selection.c -o array_selection.o
array_selection.c: In function ‘C_Lindex2Mindex’:
array_selection.c:352:17: error: format not a string literal and no format arguments [-Werror=format-security]
  352 |                 error(errmsg_buf());
      |                 ^~~~~
array_selection.c: In function ‘C_Mindex2Lindex’:
array_selection.c:416:17: error: format not a string literal and no format arguments [-Werror=format-security]
  416 |                 error(errmsg_buf());
      |                 ^~~~~
cc1: some warnings being treated as errors
make: *** [/usr/local/lib/R/etc/Makeconf:191: array_selection.o] Error 1
ERROR: compilation failed for package ‘S4Arrays’
* removing ‘/tmp/tmp/built/S4Arrays’
* installing *source* package ‘rlang’ ...
** package ‘rlang’ successfully unpacked and MD5 sums checked
** using staged installation
** libs
using C compiler: ‘gcc (Ubuntu 11.4.0-1ubuntu1~22.04) 11.4.0’
gcc -I"/usr/local/lib/R/include" -DNDEBUG -I./rlang/  -I/usr/local/include   -fvisibility=hidden -fpic  -g -O2 -fstack-protector-strong -Wformat -Werror=format-security -Wdate-time -D_FORTIFY_SOURCE=2 -g  -c capture.c -o capture.o
gcc -I"/usr/local/lib/R/include" -DNDEBUG -I./rlang/  -I/usr/local/include   -fvisibility=hidden -fpic  -g -O2 -fstack-protector-strong -Wformat -Werror=format-security -Wdate-time -D_FORTIFY_SOURCE=2 -g  -c internal.c -o internal.o
In file included from internal/internal.c:32,
                 from internal.c:1:
internal/tests.c: In function ‘ffi_test_Rf_warning’:
internal/tests.c:104:3: error: format not a string literal and no format arguments [-Werror=format-security]
  104 |   Rf_warning(r_chr_get_c_string(msg, 0));
      |   ^~~~~~~~~~
internal/tests.c: In function ‘ffi_test_Rf_error’:
internal/tests.c:108:3: error: format not a string literal and no format arguments [-Werror=format-security]
  108 |   Rf_error(r_chr_get_c_string(msg, 0));
      |   ^~~~~~~~
internal/tests.c: In function ‘ffi_test_Rf_warningcall’:
internal/tests.c:113:3: error: format not a string literal and no format arguments [-Werror=format-security]
  113 |   Rf_warningcall(call, r_chr_get_c_string(msg, 0));
      |   ^~~~~~~~~~~~~~
internal/tests.c: In function ‘ffi_test_Rf_errorcall’:
internal/tests.c:117:3: error: format not a string literal and no format arguments [-Werror=format-security]
  117 |   Rf_errorcall(call, r_chr_get_c_string(msg, 0));
      |   ^~~~~~~~~~~~
cc1: some warnings being treated as errors
make: *** [/usr/local/lib/R/etc/Makeconf:191: internal.o] Error 1
ERROR: compilation failed for package ‘rlang’
* removing ‘/tmp/tmp/built/rlang’
* installing *source* package ‘Rcpp’ ...
** package ‘Rcpp’ successfully unpacked and MD5 sums checked
** using staged installation
** libs
using C++ compiler: ‘g++ (Ubuntu 11.4.0-1ubuntu1~22.04) 11.4.0’
g++ -std=gnu++17 -I"/usr/local/lib/R/include" -DNDEBUG -I../inst/include/  -I/usr/local/include    -fpic  -g -O2 -fstack-protector-strong -Wformat -Werror=format-security -Wdate-time -D_FORTIFY_SOURCE=2 -g  -c api.cpp -o api.o
In file included from ../inst/include/Rcpp/routines.h:26,
                 from ../inst/include/RcppCommon.h:128,
                 from ../inst/include/Rcpp.h:27,
                 from api.cpp:26:
../inst/include/Rcpp/iostream/Rstreambuf.h: In member function ‘std::streamsize Rcpp::Rstreambuf<OUTPUT>::xsputn(const char*, std::streamsize) [with bool OUTPUT = true; std::streamsize = long int]’:
../inst/include/Rcpp/iostream/Rstreambuf.h:53:20: warning: field precision specifier ‘.*’ expects argument of type ‘int’, but argument 2 has type ‘std::streamsize’ {aka ‘long int’} [-Wformat=]
   53 |         Rprintf("%.*s", num, s);
      |                  ~~^~   ~~~
      |                    |    |
      |                    int  std::streamsize {aka long int}
../inst/include/Rcpp/iostream/Rstreambuf.h: In member function ‘std::streamsize Rcpp::Rstreambuf<OUTPUT>::xsputn(const char*, std::streamsize) [with bool OUTPUT = false; std::streamsize = long int]’:
../inst/include/Rcpp/iostream/Rstreambuf.h:57:21: warning: field precision specifier ‘.*’ expects argument of type ‘int’, but argument 2 has type ‘std::streamsize’ {aka ‘long int’} [-Wformat=]
   57 |         REprintf("%.*s", num, s);
      |                   ~~^~   ~~~
      |                     |    |
      |                     int  std::streamsize {aka long int}
In file included from ../inst/include/RcppCommon.h:181,
                 from ../inst/include/Rcpp.h:27,
                 from api.cpp:26:
../inst/include/Rcpp/print.h: In function ‘void Rcpp::warningcall(SEXP, const string&)’:
../inst/include/Rcpp/print.h:30:19: error: format not a string literal and no format arguments [-Werror=format-security]
   30 |     Rf_warningcall(call, s.c_str());
      |     ~~~~~~~~~~~~~~^~~~~~~~~~~~~~~~~
cc1plus: some warnings being treated as errors
make: *** [/usr/local/lib/R/etc/Makeconf:200: api.o] Error 1
ERROR: compilation failed for package ‘Rcpp’
* removing ‘/tmp/tmp/built/Rcpp’
* installing *source* package ‘slam’ ...
** package ‘slam’ successfully unpacked and MD5 sums checked
** using staged installation
** libs
using C compiler: ‘gcc (Ubuntu 11.4.0-1ubuntu1~22.04) 11.4.0’
gcc -I"/usr/local/lib/R/include" -DNDEBUG   -I/usr/local/include    -fpic  -g -O2 -fstack-protector-strong -Wformat -Werror=format-security -Wdate-time -D_FORTIFY_SOURCE=2 -g  -c apply.c -o apply.o
gcc -I"/usr/local/lib/R/include" -DNDEBUG   -I/usr/local/include    -fpic  -g -O2 -fstack-protector-strong -Wformat -Werror=format-security -Wdate-time -D_FORTIFY_SOURCE=2 -g  -c dll.c -o dll.o
gcc -I"/usr/local/lib/R/include" -DNDEBUG   -I/usr/local/include    -fpic  -g -O2 -fstack-protector-strong -Wformat -Werror=format-security -Wdate-time -D_FORTIFY_SOURCE=2 -g  -c grouped.c -o grouped.o
gcc -I"/usr/local/lib/R/include" -DNDEBUG   -I/usr/local/include    -fpic  -g -O2 -fstack-protector-strong -Wformat -Werror=format-security -Wdate-time -D_FORTIFY_SOURCE=2 -g  -c sparse.c -o sparse.o
gcc -I"/usr/local/lib/R/include" -DNDEBUG   -I/usr/local/include    -fpic  -g -O2 -fstack-protector-strong -Wformat -Werror=format-security -Wdate-time -D_FORTIFY_SOURCE=2 -g  -c util.c -o util.o
gcc -shared -L/usr/local/lib/R/lib -L/usr/local/lib -o slam.so apply.o dll.o grouped.o sparse.o util.o -lblas -lgfortran -lm -lquadmath -L/usr/local/lib/R/lib -lR
installing to /tmp/tmp/built/00LOCK-slam/00new/slam/libs
** R
** inst
** byte-compile and prepare package for lazy loading
** help
*** installing help indices
** building package indices
** testing if installed package can be loaded from temporary location
** checking absolute paths in shared objects and dynamic libraries
** testing if installed package can be loaded from final location
** testing if installed package keeps a record of temporary installation path
* creating tarball
packaged installation of ‘slam’ as ‘slam_0.1-50_R_x86_64-pc-linux-gnu.tar.gz’
* DONE (slam)
* installing *source* package ‘fdrtool’ ...
** package ‘fdrtool’ successfully unpacked and MD5 sums checked
** using staged installation
** libs
using C compiler: ‘gcc (Ubuntu 11.4.0-1ubuntu1~22.04) 11.4.0’
gcc -I"/usr/local/lib/R/include" -DNDEBUG   -I/usr/local/include    -fpic  -g -O2 -fstack-protector-strong -Wformat -Werror=format-security -Wdate-time -D_FORTIFY_SOURCE=2 -g  -c fdrtool_init.c -o fdrtool_init.o
gcc -I"/usr/local/lib/R/include" -DNDEBUG   -I/usr/local/include    -fpic  -g -O2 -fstack-protector-strong -Wformat -Werror=format-security -Wdate-time -D_FORTIFY_SOURCE=2 -g  -c isomean.c -o isomean.o
gcc -shared -L/usr/local/lib/R/lib -L/usr/local/lib -o fdrtool.so fdrtool_init.o isomean.o -L/usr/local/lib/R/lib -lR
installing to /tmp/tmp/built/00LOCK-fdrtool/00new/fdrtool/libs
** R
** data
** byte-compile and prepare package for lazy loading
** help
*** installing help indices
** building package indices
** testing if installed package can be loaded from temporary location
** checking absolute paths in shared objects and dynamic libraries
** testing if installed package can be loaded from final location
** testing if installed package keeps a record of temporary installation path
* creating tarball
packaged installation of ‘fdrtool’ as ‘fdrtool_1.2.17_R_x86_64-pc-linux-gnu.tar.gz’
* DONE (fdrtool)
ERROR: dependencies ‘S4Arrays’, ‘XVector’ are not available for package ‘SparseArray’
* removing ‘/tmp/tmp/built/SparseArray’
ERROR: dependencies ‘Rcpp’, ‘rlang’ are not available for package ‘later’
* removing ‘/tmp/tmp/built/later’
ERROR: dependency ‘rlang’ is not available for package ‘cachem’
* removing ‘/tmp/tmp/built/cachem’
ERROR: dependency ‘rlang’ is not available for package ‘xml2’
* removing ‘/tmp/tmp/built/xml2’
ERROR: dependency ‘rlang’ is not available for package ‘lifecycle’
* removing ‘/tmp/tmp/built/lifecycle’
ERROR: dependency ‘XVector’ is not available for package ‘GenomicRanges’
* removing ‘/tmp/tmp/built/GenomicRanges’
ERROR: dependency ‘Rcpp’ is not available for package ‘RcppArmadillo’
* removing ‘/tmp/tmp/built/RcppArmadillo’
ERROR: dependency ‘rlang’ is not available for package ‘pkgload’
* removing ‘/tmp/tmp/built/pkgload’
ERROR: dependency ‘rlang’ is not available for package ‘ellipsis’
* removing ‘/tmp/tmp/built/ellipsis’
* installing *source* package ‘IHW’ ...
** using staged installation
** R
** inst
** byte-compile and prepare package for lazy loading
Creating a generic function for ‘nrow’ from package ‘base’ in package ‘IHW’
** help
*** installing help indices
** building package indices
** installing vignettes
** testing if installed package can be loaded from temporary location
** testing if installed package can be loaded from final location
** testing if installed package keeps a record of temporary installation path
* creating tarball
packaged installation of ‘IHW’ as ‘IHW_1.31.0_R_x86_64-pc-linux-gnu.tar.gz’
* DONE (IHW)
ERROR: dependencies ‘later’, ‘Rcpp’, ‘rlang’ are not available for package ‘promises’
* removing ‘/tmp/tmp/built/promises’
ERROR: dependencies ‘S4Arrays’, ‘SparseArray’ are not available for package ‘DelayedArray’
* removing ‘/tmp/tmp/built/DelayedArray’
ERROR: dependencies ‘lifecycle’, ‘rlang’ are not available for package ‘gtable’
* removing ‘/tmp/tmp/built/gtable’
ERROR: dependencies ‘lifecycle’, ‘rlang’ are not available for package ‘vctrs’
* removing ‘/tmp/tmp/built/vctrs’
ERROR: dependencies ‘ellipsis’, ‘rlang’ are not available for package ‘htmltools’
* removing ‘/tmp/tmp/built/htmltools’
ERROR: dependencies ‘rlang’, ‘cachem’ are not available for package ‘memoise’
* removing ‘/tmp/tmp/built/memoise’
ERROR: dependency ‘xml2’ is not available for package ‘rversions’
* removing ‘/tmp/tmp/built/rversions’
ERROR: dependency ‘xml2’ is not available for package ‘urlchecker’
* removing ‘/tmp/tmp/built/urlchecker’
ERROR: dependencies ‘lifecycle’, ‘rlang’ are not available for package ‘scales’
* removing ‘/tmp/tmp/built/scales’
ERROR: dependencies ‘lifecycle’, ‘rlang’, ‘vctrs’ are not available for package ‘httr2’
* removing ‘/tmp/tmp/built/httr2’
ERROR: dependencies ‘later’, ‘promises’, ‘Rcpp’ are not available for package ‘httpuv’
* removing ‘/tmp/tmp/built/httpuv’
ERROR: dependencies ‘rlang’, ‘htmltools’ are not available for package ‘sass’
* removing ‘/tmp/tmp/built/sass’
ERROR: dependencies ‘lifecycle’, ‘rlang’, ‘vctrs’ are not available for package ‘purrr’
* removing ‘/tmp/tmp/built/purrr’
ERROR: dependencies ‘memoise’, ‘rlang’, ‘vctrs’ are not available for package ‘downlit’
* removing ‘/tmp/tmp/built/downlit’
ERROR: dependencies ‘lifecycle’, ‘rlang’, ‘vctrs’ are not available for package ‘pillar’
* removing ‘/tmp/tmp/built/pillar’
ERROR: dependencies ‘lifecycle’, ‘rlang’, ‘vctrs’ are not available for package ‘tidyselect’
* removing ‘/tmp/tmp/built/tidyselect’
ERROR: dependencies ‘GenomicRanges’, ‘S4Arrays’, ‘DelayedArray’ are not available for package ‘SummarizedExperiment’
* removing ‘/tmp/tmp/built/SummarizedExperiment’
ERROR: dependencies ‘rlang’, ‘htmltools’ are not available for package ‘fontawesome’
* removing ‘/tmp/tmp/built/fontawesome’
ERROR: dependency ‘htmltools’ is not available for package ‘jquerylib’
* removing ‘/tmp/tmp/built/jquerylib’
ERROR: dependencies ‘lifecycle’, ‘rlang’, ‘vctrs’ are not available for package ‘stringr’
* removing ‘/tmp/tmp/built/stringr’
ERROR: dependency ‘gtable’ is not available for package ‘gridExtra’
* removing ‘/tmp/tmp/built/gridExtra’
ERROR: dependencies ‘httr2’, ‘rlang’ are not available for package ‘gh’
* removing ‘/tmp/tmp/built/gh’
ERROR: dependencies ‘lifecycle’, ‘pillar’, ‘rlang’, ‘vctrs’ are not available for package ‘tibble’
* removing ‘/tmp/tmp/built/tibble’
ERROR: dependencies ‘cachem’, ‘htmltools’, ‘jquerylib’, ‘lifecycle’, ‘memoise’, ‘rlang’, ‘sass’ are not available for package ‘bslib’
* removing ‘/tmp/tmp/built/bslib’
ERROR: dependencies ‘pkgload’, ‘purrr’, ‘rlang’, ‘stringr’, ‘xml2’ are not available for package ‘roxygen2’
* removing ‘/tmp/tmp/built/roxygen2’
ERROR: dependency ‘SummarizedExperiment’ is not available for package ‘airway’
* removing ‘/tmp/tmp/built/airway’
ERROR: dependency ‘tibble’ is not available for package ‘rematch2’
* removing ‘/tmp/tmp/built/rematch2’
ERROR: dependencies ‘httpuv’, ‘fontawesome’, ‘htmltools’, ‘later’, ‘promises’, ‘rlang’, ‘bslib’, ‘cachem’, ‘ellipsis’, ‘lifecycle’ are not available for package ‘shiny’
* removing ‘/tmp/tmp/built/shiny’
ERROR: dependencies ‘gh’, ‘lifecycle’, ‘purrr’, ‘rlang’ are not available for package ‘usethis’
* removing ‘/tmp/tmp/built/usethis’
ERROR: dependencies ‘gtable’, ‘lifecycle’, ‘rlang’, ‘scales’, ‘tibble’, ‘vctrs’ are not available for package ‘ggplot2’
* removing ‘/tmp/tmp/built/ggplot2’
ERROR: dependencies ‘lifecycle’, ‘pillar’, ‘rlang’, ‘tibble’, ‘tidyselect’, ‘vctrs’ are not available for package ‘dplyr’
* removing ‘/tmp/tmp/built/dplyr’
ERROR: dependencies ‘bslib’, ‘fontawesome’, ‘htmltools’, ‘jquerylib’, ‘stringr’ are not available for package ‘rmarkdown’
* removing ‘/tmp/tmp/built/rmarkdown’
ERROR: dependencies ‘htmltools’, ‘rmarkdown’ are not available for package ‘htmlwidgets’
* removing ‘/tmp/tmp/built/htmlwidgets’
ERROR: dependencies ‘rematch2’, ‘rlang’, ‘tibble’ are not available for package ‘waldo’
* removing ‘/tmp/tmp/built/waldo’
ERROR: dependencies ‘htmltools’, ‘rmarkdown’, ‘jquerylib’ are not available for package ‘bookdown’
* removing ‘/tmp/tmp/built/bookdown’
ERROR: dependencies ‘shiny’, ‘htmltools’ are not available for package ‘miniUI’
* removing ‘/tmp/tmp/built/miniUI’
ERROR: dependencies ‘bslib’, ‘downlit’, ‘memoise’, ‘purrr’, ‘rlang’, ‘rmarkdown’, ‘tibble’, ‘xml2’ are not available for package ‘pkgdown’
* removing ‘/tmp/tmp/built/pkgdown’
ERROR: dependencies ‘GenomicRanges’, ‘SummarizedExperiment’, ‘ggplot2’, ‘Rcpp’, ‘RcppArmadillo’ are not available for package ‘DESeq2’
* removing ‘/tmp/tmp/built/DESeq2’
ERROR: dependencies ‘htmlwidgets’, ‘purrr’, ‘rlang’, ‘stringr’, ‘vctrs’ are not available for package ‘profvis’
* removing ‘/tmp/tmp/built/profvis’
ERROR: dependencies ‘lifecycle’, ‘pkgload’, ‘rlang’, ‘waldo’ are not available for package ‘testthat’
* removing ‘/tmp/tmp/built/testthat’
ERROR: dependencies ‘bookdown’, ‘rmarkdown’ are not available for package ‘BiocStyle’
* removing ‘/tmp/tmp/built/BiocStyle’
ERROR: dependencies ‘usethis’, ‘ellipsis’, ‘lifecycle’, ‘memoise’, ‘miniUI’, ‘pkgdown’, ‘pkgload’, ‘profvis’, ‘rlang’, ‘roxygen2’, ‘rversions’, ‘testthat’, ‘urlchecker’ are not available for package ‘devtools’
* removing ‘/tmp/tmp/built/devtools’

The downloaded source packages are in
	‘/tmp/RtmpujOyDu/downloaded_packages’
There were 50 or more warnings (use warnings() to see the first 50)

real	0m44.067s
user	0m30.418s
sys	0m12.779s
